[1.000s] Invoking command in '/home/omar/code/robotics_project/ros2_ws/build/peg_in_hole_description': PYTHONPATH=/home/omar/code/robotics_project/ros2_ws/build/peg_in_hole_description/prefix_override:/usr/lib/python3/dist-packages/colcon_core/task/python/colcon_distutils_commands:/home/omar/code/robotics_project/ros2_ws/install/peg_in_hole_description/lib/python3.12/site-packages:${PYTHONPATH} /usr/bin/python3 -W ignore:setup.py install is deprecated -W ignore:easy_install command is deprecated setup.py develop --editable --build-directory /home/omar/code/robotics_project/ros2_ws/build/peg_in_hole_description/build --no-deps symlink_data --force
[1.306s] running develop
[1.502s] running egg_info
[1.524s] writing peg_in_hole_description.egg-info/PKG-INFO
[1.525s] writing dependency_links to peg_in_hole_description.egg-info/dependency_links.txt
[1.525s] writing requirements to peg_in_hole_description.egg-info/requires.txt
[1.525s] writing top-level names to peg_in_hole_description.egg-info/top_level.txt
[1.568s] reading manifest file 'peg_in_hole_description.egg-info/SOURCES.txt'
[1.569s] writing manifest file 'peg_in_hole_description.egg-info/SOURCES.txt'
[1.591s] running build_ext
[1.615s] Creating /home/omar/code/robotics_project/ros2_ws/install/peg_in_hole_description/lib/python3.12/site-packages/peg-in-hole-description.egg-link (link to .)
[1.617s] 
[1.618s] Installed /home/omar/code/robotics_project/ros2_ws/build/peg_in_hole_description
[1.618s] running symlink_data
[1.619s] symbolically linking /home/omar/code/robotics_project/ros2_ws/build/peg_in_hole_description/resource/peg_in_hole_description -> /home/omar/code/robotics_project/ros2_ws/install/peg_in_hole_description/share/ament_index/resource_index/packages
[1.622s] symbolically linking /home/omar/code/robotics_project/ros2_ws/build/peg_in_hole_description/package.xml -> /home/omar/code/robotics_project/ros2_ws/install/peg_in_hole_description/share/peg_in_hole_description
[1.623s] symbolically linking /home/omar/code/robotics_project/ros2_ws/build/peg_in_hole_description/README.md -> /home/omar/code/robotics_project/ros2_ws/install/peg_in_hole_description/share/peg_in_hole_description
[1.626s] symbolically linking /home/omar/code/robotics_project/ros2_ws/build/peg_in_hole_description/launch/peg_in_hole_scene.launch.py -> /home/omar/code/robotics_project/ros2_ws/install/peg_in_hole_description/share/peg_in_hole_description/launch
[1.626s] symbolically linking /home/omar/code/robotics_project/ros2_ws/build/peg_in_hole_description/config/task_geometry.yaml -> /home/omar/code/robotics_project/ros2_ws/install/peg_in_hole_description/share/peg_in_hole_description/config
[1.629s] symbolically linking /home/omar/code/robotics_project/ros2_ws/build/peg_in_hole_description/urdf/lbr_iisy6_r1300_moveit_diagnostic.urdf.xacro -> /home/omar/code/robotics_project/ros2_ws/install/peg_in_hole_description/share/peg_in_hole_description/urdf
[1.630s] symbolically linking /home/omar/code/robotics_project/ros2_ws/build/peg_in_hole_description/urdf/peg_in_hole_task.urdf.xacro -> /home/omar/code/robotics_project/ros2_ws/install/peg_in_hole_description/share/peg_in_hole_description/urdf
[1.636s] symbolically linking /home/omar/code/robotics_project/ros2_ws/build/peg_in_hole_description/urdf/lbr_iisy3_r760_research_gripper.urdf.xacro -> /home/omar/code/robotics_project/ros2_ws/install/peg_in_hole_description/share/peg_in_hole_description/urdf
[1.637s] symbolically linking /home/omar/code/robotics_project/ros2_ws/build/peg_in_hole_description/urdf/research_parallel_gripper.xacro -> /home/omar/code/robotics_project/ros2_ws/install/peg_in_hole_description/share/peg_in_hole_description/urdf
[1.637s] symbolically linking /home/omar/code/robotics_project/ros2_ws/build/peg_in_hole_description/worlds/peg_in_hole_robot_contact_validation_world.sdf -> /home/omar/code/robotics_project/ros2_ws/install/peg_in_hole_description/share/peg_in_hole_description/worlds
[1.637s] symbolically linking /home/omar/code/robotics_project/ros2_ws/build/peg_in_hole_description/worlds/peg_in_hole_world.sdf -> /home/omar/code/robotics_project/ros2_ws/install/peg_in_hole_description/share/peg_in_hole_description/worlds
[1.638s] symbolically linking /home/omar/code/robotics_project/ros2_ws/build/peg_in_hole_description/worlds/peg_in_hole_contact_validation_world.sdf -> /home/omar/code/robotics_project/ros2_ws/install/peg_in_hole_description/share/peg_in_hole_description/worlds
[1.638s] symbolically linking /home/omar/code/robotics_project/ros2_ws/build/peg_in_hole_description/worlds/minimal_contact_validation_world.sdf -> /home/omar/code/robotics_project/ros2_ws/install/peg_in_hole_description/share/peg_in_hole_description/worlds
[1.638s] symbolically linking /home/omar/code/robotics_project/ros2_ws/build/peg_in_hole_description/worlds/peg_in_hole_insertion_validation_world.sdf -> /home/omar/code/robotics_project/ros2_ws/install/peg_in_hole_description/share/peg_in_hole_description/worlds
[1.642s] symbolically linking /home/omar/code/robotics_project/ros2_ws/build/peg_in_hole_description/models/hole_fixture/model.sdf -> /home/omar/code/robotics_project/ros2_ws/install/peg_in_hole_description/share/peg_in_hole_description/models/hole_fixture
[1.642s] symbolically linking /home/omar/code/robotics_project/ros2_ws/build/peg_in_hole_description/models/hole_fixture/model.config -> /home/omar/code/robotics_project/ros2_ws/install/peg_in_hole_description/share/peg_in_hole_description/models/hole_fixture
[1.642s] symbolically linking /home/omar/code/robotics_project/ros2_ws/build/peg_in_hole_description/models/work_table/model.sdf -> /home/omar/code/robotics_project/ros2_ws/install/peg_in_hole_description/share/peg_in_hole_description/models/work_table
[1.643s] symbolically linking /home/omar/code/robotics_project/ros2_ws/build/peg_in_hole_description/models/work_table/model.config -> /home/omar/code/robotics_project/ros2_ws/install/peg_in_hole_description/share/peg_in_hole_description/models/work_table
[1.643s] symbolically linking /home/omar/code/robotics_project/ros2_ws/build/peg_in_hole_description/models/contact_validation_pad/model.sdf -> /home/omar/code/robotics_project/ros2_ws/install/peg_in_hole_description/share/peg_in_hole_description/models/contact_validation_pad
[1.643s] symbolically linking /home/omar/code/robotics_project/ros2_ws/build/peg_in_hole_description/models/contact_validation_pad/model.config -> /home/omar/code/robotics_project/ros2_ws/install/peg_in_hole_description/share/peg_in_hole_description/models/contact_validation_pad
[1.643s] symbolically linking /home/omar/code/robotics_project/ros2_ws/build/peg_in_hole_description/models/target_plate/model.sdf -> /home/omar/code/robotics_project/ros2_ws/install/peg_in_hole_description/share/peg_in_hole_description/models/target_plate
[1.643s] symbolically linking /home/omar/code/robotics_project/ros2_ws/build/peg_in_hole_description/models/target_plate/model.config -> /home/omar/code/robotics_project/ros2_ws/install/peg_in_hole_description/share/peg_in_hole_description/models/target_plate
[1.644s] symbolically linking /home/omar/code/robotics_project/ros2_ws/build/peg_in_hole_description/models/robot_pedestal/model.sdf -> /home/omar/code/robotics_project/ros2_ws/install/peg_in_hole_description/share/peg_in_hole_description/models/robot_pedestal
[1.644s] symbolically linking /home/omar/code/robotics_project/ros2_ws/build/peg_in_hole_description/models/robot_pedestal/model.config -> /home/omar/code/robotics_project/ros2_ws/install/peg_in_hole_description/share/peg_in_hole_description/models/robot_pedestal
[1.644s] symbolically linking /home/omar/code/robotics_project/ros2_ws/build/peg_in_hole_description/models/cylindrical_peg/model.sdf -> /home/omar/code/robotics_project/ros2_ws/install/peg_in_hole_description/share/peg_in_hole_description/models/cylindrical_peg
[1.644s] symbolically linking /home/omar/code/robotics_project/ros2_ws/build/peg_in_hole_description/models/cylindrical_peg/model.config -> /home/omar/code/robotics_project/ros2_ws/install/peg_in_hole_description/share/peg_in_hole_description/models/cylindrical_peg
[1.704s] Invoked command in '/home/omar/code/robotics_project/ros2_ws/build/peg_in_hole_description' returned '0': PYTHONPATH=/home/omar/code/robotics_project/ros2_ws/build/peg_in_hole_description/prefix_override:/usr/lib/python3/dist-packages/colcon_core/task/python/colcon_distutils_commands:/home/omar/code/robotics_project/ros2_ws/install/peg_in_hole_description/lib/python3.12/site-packages:${PYTHONPATH} /usr/bin/python3 -W ignore:setup.py install is deprecated -W ignore:easy_install command is deprecated setup.py develop --editable --build-directory /home/omar/code/robotics_project/ros2_ws/build/peg_in_hole_description/build --no-deps symlink_data --force
