[0.153s] Invoking command in '/home/omar/code/robotics_project/ros2_ws/build/kuka_agilus_support': AMENT_PREFIX_PATH=/home/omar/code/robotics_project/ros2_ws/install/kuka_resources:${AMENT_PREFIX_PATH} CMAKE_PREFIX_PATH=/home/omar/code/robotics_project/ros2_ws/install/kuka_resources:/opt/ros/jazzy/opt/gz_sim_vendor:/opt/ros/jazzy/opt/gz_sensors_vendor:/opt/ros/jazzy/opt/gz_physics_vendor:/opt/ros/jazzy/opt/sdformat_vendor:/opt/ros/jazzy/opt/gz_gui_vendor:/opt/ros/jazzy/opt/gz_transport_vendor:/opt/ros/jazzy/opt/gz_rendering_vendor:/opt/ros/jazzy/opt/gz_plugin_vendor:/opt/ros/jazzy/opt/gz_fuel_tools_vendor:/opt/ros/jazzy/opt/gz_msgs_vendor:/opt/ros/jazzy/opt/gz_common_vendor:/opt/ros/jazzy/opt/gz_math_vendor:/opt/ros/jazzy/opt/gz_utils_vendor:/opt/ros/jazzy/opt/gz_tools_vendor:/opt/ros/jazzy/opt/gz_ogre_next_vendor:/opt/ros/jazzy/opt/gz_dartsim_vendor:/opt/ros/jazzy/opt/gz_cmake_vendor:/opt/ros/jazzy /usr/bin/cmake --build /home/omar/code/robotics_project/ros2_ws/build/kuka_agilus_support -- -j8 -l8
[0.244s] Invoked command in '/home/omar/code/robotics_project/ros2_ws/build/kuka_agilus_support' returned '0': AMENT_PREFIX_PATH=/home/omar/code/robotics_project/ros2_ws/install/kuka_resources:${AMENT_PREFIX_PATH} CMAKE_PREFIX_PATH=/home/omar/code/robotics_project/ros2_ws/install/kuka_resources:/opt/ros/jazzy/opt/gz_sim_vendor:/opt/ros/jazzy/opt/gz_sensors_vendor:/opt/ros/jazzy/opt/gz_physics_vendor:/opt/ros/jazzy/opt/sdformat_vendor:/opt/ros/jazzy/opt/gz_gui_vendor:/opt/ros/jazzy/opt/gz_transport_vendor:/opt/ros/jazzy/opt/gz_rendering_vendor:/opt/ros/jazzy/opt/gz_plugin_vendor:/opt/ros/jazzy/opt/gz_fuel_tools_vendor:/opt/ros/jazzy/opt/gz_msgs_vendor:/opt/ros/jazzy/opt/gz_common_vendor:/opt/ros/jazzy/opt/gz_math_vendor:/opt/ros/jazzy/opt/gz_utils_vendor:/opt/ros/jazzy/opt/gz_tools_vendor:/opt/ros/jazzy/opt/gz_ogre_next_vendor:/opt/ros/jazzy/opt/gz_dartsim_vendor:/opt/ros/jazzy/opt/gz_cmake_vendor:/opt/ros/jazzy /usr/bin/cmake --build /home/omar/code/robotics_project/ros2_ws/build/kuka_agilus_support -- -j8 -l8
[0.277s] Invoking command in '/home/omar/code/robotics_project/ros2_ws/build/kuka_agilus_support': AMENT_PREFIX_PATH=/home/omar/code/robotics_project/ros2_ws/install/kuka_resources:${AMENT_PREFIX_PATH} CMAKE_PREFIX_PATH=/home/omar/code/robotics_project/ros2_ws/install/kuka_resources:/opt/ros/jazzy/opt/gz_sim_vendor:/opt/ros/jazzy/opt/gz_sensors_vendor:/opt/ros/jazzy/opt/gz_physics_vendor:/opt/ros/jazzy/opt/sdformat_vendor:/opt/ros/jazzy/opt/gz_gui_vendor:/opt/ros/jazzy/opt/gz_transport_vendor:/opt/ros/jazzy/opt/gz_rendering_vendor:/opt/ros/jazzy/opt/gz_plugin_vendor:/opt/ros/jazzy/opt/gz_fuel_tools_vendor:/opt/ros/jazzy/opt/gz_msgs_vendor:/opt/ros/jazzy/opt/gz_common_vendor:/opt/ros/jazzy/opt/gz_math_vendor:/opt/ros/jazzy/opt/gz_utils_vendor:/opt/ros/jazzy/opt/gz_tools_vendor:/opt/ros/jazzy/opt/gz_ogre_next_vendor:/opt/ros/jazzy/opt/gz_dartsim_vendor:/opt/ros/jazzy/opt/gz_cmake_vendor:/opt/ros/jazzy /usr/bin/cmake --install /home/omar/code/robotics_project/ros2_ws/build/kuka_agilus_support
[0.283s] -- Install configuration: ""
[0.283s] -- Up-to-date: /home/omar/code/robotics_project/ros2_ws/install/kuka_agilus_support/share/kuka_agilus_support/config
[0.289s] -- Up-to-date: /home/omar/code/robotics_project/ros2_ws/install/kuka_agilus_support/share/kuka_agilus_support/config/opw_kinematics_kr6r700sixx.yaml
[0.289s] -- Up-to-date: /home/omar/code/robotics_project/ros2_ws/install/kuka_agilus_support/share/kuka_agilus_support/config/kr10_r900_2_joint_limits.yaml
[0.289s] -- Up-to-date: /home/omar/code/robotics_project/ros2_ws/install/kuka_agilus_support/share/kuka_agilus_support/config/kr6_r900_sixx_joint_limits.yaml
[0.289s] -- Up-to-date: /home/omar/code/robotics_project/ros2_ws/install/kuka_agilus_support/share/kuka_agilus_support/config/kr10_r1100_2_joint_limits.yaml
[0.289s] -- Up-to-date: /home/omar/code/robotics_project/ros2_ws/install/kuka_agilus_support/share/kuka_agilus_support/config/opw_parameters_kr6r900_2.yaml
[0.289s] -- Up-to-date: /home/omar/code/robotics_project/ros2_ws/install/kuka_agilus_support/share/kuka_agilus_support/config/kr6_r700_sixx_joint_limits.yaml
[0.289s] -- Up-to-date: /home/omar/code/robotics_project/ros2_ws/install/kuka_agilus_support/share/kuka_agilus_support/config/kr6_r900_2_joint_limits.yaml
[0.289s] -- Up-to-date: /home/omar/code/robotics_project/ros2_ws/install/kuka_agilus_support/share/kuka_agilus_support/config/kr6_r700_2_joint_limits.yaml
[0.290s] -- Up-to-date: /home/omar/code/robotics_project/ros2_ws/install/kuka_agilus_support/share/kuka_agilus_support/config/kr4_r600_joint_limits.yaml
[0.290s] -- Up-to-date: /home/omar/code/robotics_project/ros2_ws/install/kuka_agilus_support/share/kuka_agilus_support/launch
[0.309s] -- Up-to-date: /home/omar/code/robotics_project/ros2_ws/install/kuka_agilus_support/share/kuka_agilus_support/launch/test_kr10_r900_2.launch.py
[0.310s] -- Up-to-date: /home/omar/code/robotics_project/ros2_ws/install/kuka_agilus_support/share/kuka_agilus_support/launch/test_kr6_r700_2.launch.py
[0.310s] -- Up-to-date: /home/omar/code/robotics_project/ros2_ws/install/kuka_agilus_support/share/kuka_agilus_support/launch/test_kr4_r600.launch.py
[0.310s] -- Up-to-date: /home/omar/code/robotics_project/ros2_ws/install/kuka_agilus_support/share/kuka_agilus_support/launch/test_kr6_r900_sixx.launch.py
[0.310s] -- Up-to-date: /home/omar/code/robotics_project/ros2_ws/install/kuka_agilus_support/share/kuka_agilus_support/launch/test_kr6_r700_sixx.launch.py
[0.310s] -- Up-to-date: /home/omar/code/robotics_project/ros2_ws/install/kuka_agilus_support/share/kuka_agilus_support/launch/test_kr6_r900_2.launch.py
[0.310s] -- Up-to-date: /home/omar/code/robotics_project/ros2_ws/install/kuka_agilus_support/share/kuka_agilus_support/launch/test_kr10_r1100_2.launch.py
[0.310s] -- Up-to-date: /home/omar/code/robotics_project/ros2_ws/install/kuka_agilus_support/share/kuka_agilus_support/meshes
[0.322s] -- Up-to-date: /home/omar/code/robotics_project/ros2_ws/install/kuka_agilus_support/share/kuka_agilus_support/meshes/kr4_r600
[0.332s] -- Up-to-date: /home/omar/code/robotics_project/ros2_ws/install/kuka_agilus_support/share/kuka_agilus_support/meshes/kr4_r600/visual
[0.372s] -- Up-to-date: /home/omar/code/robotics_project/ros2_ws/install/kuka_agilus_support/share/kuka_agilus_support/meshes/kr4_r600/visual/link_5.dae
[0.372s] -- Up-to-date: /home/omar/code/robotics_project/ros2_ws/install/kuka_agilus_support/share/kuka_agilus_support/meshes/kr4_r600/visual/link_1.dae
[0.373s] -- Up-to-date: /home/omar/code/robotics_project/ros2_ws/install/kuka_agilus_support/share/kuka_agilus_support/meshes/kr4_r600/visual/link_4.dae
[0.373s] -- Up-to-date: /home/omar/code/robotics_project/ros2_ws/install/kuka_agilus_support/share/kuka_agilus_support/meshes/kr4_r600/visual/base_link.dae
[0.373s] -- Up-to-date: /home/omar/code/robotics_project/ros2_ws/install/kuka_agilus_support/share/kuka_agilus_support/meshes/kr4_r600/visual/link_3.dae
[0.373s] -- Up-to-date: /home/omar/code/robotics_project/ros2_ws/install/kuka_agilus_support/share/kuka_agilus_support/meshes/kr4_r600/visual/link_2.dae
[0.373s] -- Up-to-date: /home/omar/code/robotics_project/ros2_ws/install/kuka_agilus_support/share/kuka_agilus_support/meshes/kr4_r600/visual/link_6.dae
[0.374s] -- Up-to-date: /home/omar/code/robotics_project/ros2_ws/install/kuka_agilus_support/share/kuka_agilus_support/meshes/kr4_r600/collision
[0.377s] -- Up-to-date: /home/omar/code/robotics_project/ros2_ws/install/kuka_agilus_support/share/kuka_agilus_support/meshes/kr4_r600/collision/link_5.stl
[0.377s] -- Up-to-date: /home/omar/code/robotics_project/ros2_ws/install/kuka_agilus_support/share/kuka_agilus_support/meshes/kr4_r600/collision/link_4.stl
[0.377s] -- Up-to-date: /home/omar/code/robotics_project/ros2_ws/install/kuka_agilus_support/share/kuka_agilus_support/meshes/kr4_r600/collision/link_2.stl
[0.377s] -- Up-to-date: /home/omar/code/robotics_project/ros2_ws/install/kuka_agilus_support/share/kuka_agilus_support/meshes/kr4_r600/collision/base_link.stl
[0.377s] -- Up-to-date: /home/omar/code/robotics_project/ros2_ws/install/kuka_agilus_support/share/kuka_agilus_support/meshes/kr4_r600/collision/link_6.stl
[0.378s] -- Up-to-date: /home/omar/code/robotics_project/ros2_ws/install/kuka_agilus_support/share/kuka_agilus_support/meshes/kr4_r600/collision/link_3.stl
[0.378s] -- Up-to-date: /home/omar/code/robotics_project/ros2_ws/install/kuka_agilus_support/share/kuka_agilus_support/meshes/kr4_r600/collision/link_1.stl
[0.378s] -- Up-to-date: /home/omar/code/robotics_project/ros2_ws/install/kuka_agilus_support/share/kuka_agilus_support/meshes/kr6_r700_2
[0.386s] -- Up-to-date: /home/omar/code/robotics_project/ros2_ws/install/kuka_agilus_support/share/kuka_agilus_support/meshes/kr6_r700_2/visual
[0.399s] -- Up-to-date: /home/omar/code/robotics_project/ros2_ws/install/kuka_agilus_support/share/kuka_agilus_support/meshes/kr6_r700_2/visual/link_5.dae
[0.399s] -- Up-to-date: /home/omar/code/robotics_project/ros2_ws/install/kuka_agilus_support/share/kuka_agilus_support/meshes/kr6_r700_2/visual/link_1.dae
[0.399s] -- Up-to-date: /home/omar/code/robotics_project/ros2_ws/install/kuka_agilus_support/share/kuka_agilus_support/meshes/kr6_r700_2/visual/link_4.dae
[0.399s] -- Up-to-date: /home/omar/code/robotics_project/ros2_ws/install/kuka_agilus_support/share/kuka_agilus_support/meshes/kr6_r700_2/visual/base_link.dae
[0.399s] -- Up-to-date: /home/omar/code/robotics_project/ros2_ws/install/kuka_agilus_support/share/kuka_agilus_support/meshes/kr6_r700_2/visual/link_3.dae
[0.399s] -- Up-to-date: /home/omar/code/robotics_project/ros2_ws/install/kuka_agilus_support/share/kuka_agilus_support/meshes/kr6_r700_2/visual/link_2.dae
[0.399s] -- Up-to-date: /home/omar/code/robotics_project/ros2_ws/install/kuka_agilus_support/share/kuka_agilus_support/meshes/kr6_r700_2/visual/link_6.dae
[0.399s] -- Up-to-date: /home/omar/code/robotics_project/ros2_ws/install/kuka_agilus_support/share/kuka_agilus_support/meshes/kr6_r700_2/collision
[0.409s] -- Up-to-date: /home/omar/code/robotics_project/ros2_ws/install/kuka_agilus_support/share/kuka_agilus_support/meshes/kr6_r700_2/collision/link_5.stl
[0.409s] -- Up-to-date: /home/omar/code/robotics_project/ros2_ws/install/kuka_agilus_support/share/kuka_agilus_support/meshes/kr6_r700_2/collision/link_4.stl
[0.409s] -- Up-to-date: /home/omar/code/robotics_project/ros2_ws/install/kuka_agilus_support/share/kuka_agilus_support/meshes/kr6_r700_2/collision/link_2.stl
[0.409s] -- Up-to-date: /home/omar/code/robotics_project/ros2_ws/install/kuka_agilus_support/share/kuka_agilus_support/meshes/kr6_r700_2/collision/base_link.stl
[0.410s] -- Up-to-date: /home/omar/code/robotics_project/ros2_ws/install/kuka_agilus_support/share/kuka_agilus_support/meshes/kr6_r700_2/collision/link_6.stl
[0.410s] -- Up-to-date: /home/omar/code/robotics_project/ros2_ws/install/kuka_agilus_support/share/kuka_agilus_support/meshes/kr6_r700_2/collision/link_3.stl
[0.410s] -- Up-to-date: /home/omar/code/robotics_project/ros2_ws/install/kuka_agilus_support/share/kuka_agilus_support/meshes/kr6_r700_2/collision/link_1.stl
[0.410s] -- Up-to-date: /home/omar/code/robotics_project/ros2_ws/install/kuka_agilus_support/share/kuka_agilus_support/meshes/kr10_r900_2
[0.427s] -- Up-to-date: /home/omar/code/robotics_project/ros2_ws/install/kuka_agilus_support/share/kuka_agilus_support/meshes/kr10_r900_2/visual
[0.443s] -- Up-to-date: /home/omar/code/robotics_project/ros2_ws/install/kuka_agilus_support/share/kuka_agilus_support/meshes/kr10_r900_2/visual/link_5.dae
[0.443s] -- Up-to-date: /home/omar/code/robotics_project/ros2_ws/install/kuka_agilus_support/share/kuka_agilus_support/meshes/kr10_r900_2/visual/link_1.dae
[0.444s] -- Up-to-date: /home/omar/code/robotics_project/ros2_ws/install/kuka_agilus_support/share/kuka_agilus_support/meshes/kr10_r900_2/visual/link_4.dae
[0.445s] -- Up-to-date: /home/omar/code/robotics_project/ros2_ws/install/kuka_agilus_support/share/kuka_agilus_support/meshes/kr10_r900_2/visual/base_link.dae
[0.446s] -- Up-to-date: /home/omar/code/robotics_project/ros2_ws/install/kuka_agilus_support/share/kuka_agilus_support/meshes/kr10_r900_2/visual/link_3.dae
[0.446s] -- Up-to-date: /home/omar/code/robotics_project/ros2_ws/install/kuka_agilus_support/share/kuka_agilus_support/meshes/kr10_r900_2/visual/link_2.dae
[0.448s] -- Up-to-date: /home/omar/code/robotics_project/ros2_ws/install/kuka_agilus_support/share/kuka_agilus_support/meshes/kr10_r900_2/visual/link_6.dae
[0.448s] -- Up-to-date: /home/omar/code/robotics_project/ros2_ws/install/kuka_agilus_support/share/kuka_agilus_support/meshes/kr10_r900_2/collision
[0.457s] -- Up-to-date: /home/omar/code/robotics_project/ros2_ws/install/kuka_agilus_support/share/kuka_agilus_support/meshes/kr10_r900_2/collision/link_5.stl
[0.457s] -- Up-to-date: /home/omar/code/robotics_project/ros2_ws/install/kuka_agilus_support/share/kuka_agilus_support/meshes/kr10_r900_2/collision/link_4.stl
[0.457s] -- Up-to-date: /home/omar/code/robotics_project/ros2_ws/install/kuka_agilus_support/share/kuka_agilus_support/meshes/kr10_r900_2/collision/link_2.stl
[0.458s] -- Up-to-date: /home/omar/code/robotics_project/ros2_ws/install/kuka_agilus_support/share/kuka_agilus_support/meshes/kr10_r900_2/collision/base_link.stl
[0.458s] -- Up-to-date: /home/omar/code/robotics_project/ros2_ws/install/kuka_agilus_support/share/kuka_agilus_support/meshes/kr10_r900_2/collision/link_6.stl
[0.458s] -- Up-to-date: /home/omar/code/robotics_project/ros2_ws/install/kuka_agilus_support/share/kuka_agilus_support/meshes/kr10_r900_2/collision/link_3.stl
[0.458s] -- Up-to-date: /home/omar/code/robotics_project/ros2_ws/install/kuka_agilus_support/share/kuka_agilus_support/meshes/kr10_r900_2/collision/link_1.stl
[0.459s] -- Up-to-date: /home/omar/code/robotics_project/ros2_ws/install/kuka_agilus_support/share/kuka_agilus_support/meshes/kr6_r900_2
[0.485s] -- Up-to-date: /home/omar/code/robotics_project/ros2_ws/install/kuka_agilus_support/share/kuka_agilus_support/meshes/kr6_r900_2/visual
[0.498s] -- Up-to-date: /home/omar/code/robotics_project/ros2_ws/install/kuka_agilus_support/share/kuka_agilus_support/meshes/kr6_r900_2/visual/link_5.dae
[0.498s] -- Up-to-date: /home/omar/code/robotics_project/ros2_ws/install/kuka_agilus_support/share/kuka_agilus_support/meshes/kr6_r900_2/visual/link_1.dae
[0.498s] -- Up-to-date: /home/omar/code/robotics_project/ros2_ws/install/kuka_agilus_support/share/kuka_agilus_support/meshes/kr6_r900_2/visual/link_4.dae
[0.499s] -- Up-to-date: /home/omar/code/robotics_project/ros2_ws/install/kuka_agilus_support/share/kuka_agilus_support/meshes/kr6_r900_2/visual/base_link.dae
[0.499s] -- Up-to-date: /home/omar/code/robotics_project/ros2_ws/install/kuka_agilus_support/share/kuka_agilus_support/meshes/kr6_r900_2/visual/link_3.dae
[0.499s] -- Up-to-date: /home/omar/code/robotics_project/ros2_ws/install/kuka_agilus_support/share/kuka_agilus_support/meshes/kr6_r900_2/visual/link_2.dae
[0.499s] -- Up-to-date: /home/omar/code/robotics_project/ros2_ws/install/kuka_agilus_support/share/kuka_agilus_support/meshes/kr6_r900_2/visual/link_6.dae
[0.499s] -- Up-to-date: /home/omar/code/robotics_project/ros2_ws/install/kuka_agilus_support/share/kuka_agilus_support/meshes/kr6_r900_2/collision
[0.517s] -- Up-to-date: /home/omar/code/robotics_project/ros2_ws/install/kuka_agilus_support/share/kuka_agilus_support/meshes/kr6_r900_2/collision/link_5.stl
[0.517s] -- Up-to-date: /home/omar/code/robotics_project/ros2_ws/install/kuka_agilus_support/share/kuka_agilus_support/meshes/kr6_r900_2/collision/link_4.stl
[0.517s] -- Up-to-date: /home/omar/code/robotics_project/ros2_ws/install/kuka_agilus_support/share/kuka_agilus_support/meshes/kr6_r900_2/collision/link_2.stl
[0.517s] -- Up-to-date: /home/omar/code/robotics_project/ros2_ws/install/kuka_agilus_support/share/kuka_agilus_support/meshes/kr6_r900_2/collision/base_link.stl
[0.517s] -- Up-to-date: /home/omar/code/robotics_project/ros2_ws/install/kuka_agilus_support/share/kuka_agilus_support/meshes/kr6_r900_2/collision/link_6.stl
[0.518s] -- Up-to-date: /home/omar/code/robotics_project/ros2_ws/install/kuka_agilus_support/share/kuka_agilus_support/meshes/kr6_r900_2/collision/link_3.stl
[0.518s] -- Up-to-date: /home/omar/code/robotics_project/ros2_ws/install/kuka_agilus_support/share/kuka_agilus_support/meshes/kr6_r900_2/collision/link_1.stl
[0.518s] -- Up-to-date: /home/omar/code/robotics_project/ros2_ws/install/kuka_agilus_support/share/kuka_agilus_support/meshes/kr6_r700_sixx
[0.521s] -- Up-to-date: /home/omar/code/robotics_project/ros2_ws/install/kuka_agilus_support/share/kuka_agilus_support/meshes/kr6_r700_sixx/visual
[0.534s] -- Up-to-date: /home/omar/code/robotics_project/ros2_ws/install/kuka_agilus_support/share/kuka_agilus_support/meshes/kr6_r700_sixx/visual/link_5.dae
[0.535s] -- Up-to-date: /home/omar/code/robotics_project/ros2_ws/install/kuka_agilus_support/share/kuka_agilus_support/meshes/kr6_r700_sixx/visual/link_1.dae
[0.535s] -- Up-to-date: /home/omar/code/robotics_project/ros2_ws/install/kuka_agilus_support/share/kuka_agilus_support/meshes/kr6_r700_sixx/visual/link_4.dae
[0.535s] -- Up-to-date: /home/omar/code/robotics_project/ros2_ws/install/kuka_agilus_support/share/kuka_agilus_support/meshes/kr6_r700_sixx/visual/base_link.dae
[0.535s] -- Up-to-date: /home/omar/code/robotics_project/ros2_ws/install/kuka_agilus_support/share/kuka_agilus_support/meshes/kr6_r700_sixx/visual/link_3.dae
[0.535s] -- Up-to-date: /home/omar/code/robotics_project/ros2_ws/install/kuka_agilus_support/share/kuka_agilus_support/meshes/kr6_r700_sixx/visual/link_2.dae
[0.535s] -- Up-to-date: /home/omar/code/robotics_project/ros2_ws/install/kuka_agilus_support/share/kuka_agilus_support/meshes/kr6_r700_sixx/visual/link_6.dae
[0.535s] -- Up-to-date: /home/omar/code/robotics_project/ros2_ws/install/kuka_agilus_support/share/kuka_agilus_support/meshes/kr6_r700_sixx/collision
[0.558s] -- Up-to-date: /home/omar/code/robotics_project/ros2_ws/install/kuka_agilus_support/share/kuka_agilus_support/meshes/kr6_r700_sixx/collision/link_5.stl
[0.559s] -- Up-to-date: /home/omar/code/robotics_project/ros2_ws/install/kuka_agilus_support/share/kuka_agilus_support/meshes/kr6_r700_sixx/collision/link_4.stl
[0.559s] -- Up-to-date: /home/omar/code/robotics_project/ros2_ws/install/kuka_agilus_support/share/kuka_agilus_support/meshes/kr6_r700_sixx/collision/link_2.stl
[0.559s] -- Up-to-date: /home/omar/code/robotics_project/ros2_ws/install/kuka_agilus_support/share/kuka_agilus_support/meshes/kr6_r700_sixx/collision/base_link.stl
[0.559s] -- Up-to-date: /home/omar/code/robotics_project/ros2_ws/install/kuka_agilus_support/share/kuka_agilus_support/meshes/kr6_r700_sixx/collision/link_6.stl
[0.559s] -- Up-to-date: /home/omar/code/robotics_project/ros2_ws/install/kuka_agilus_support/share/kuka_agilus_support/meshes/kr6_r700_sixx/collision/link_3.stl
[0.560s] -- Up-to-date: /home/omar/code/robotics_project/ros2_ws/install/kuka_agilus_support/share/kuka_agilus_support/meshes/kr6_r700_sixx/collision/link_1.stl
[0.560s] -- Up-to-date: /home/omar/code/robotics_project/ros2_ws/install/kuka_agilus_support/share/kuka_agilus_support/meshes/kr10_r1100_2
[0.565s] -- Up-to-date: /home/omar/code/robotics_project/ros2_ws/install/kuka_agilus_support/share/kuka_agilus_support/meshes/kr10_r1100_2/visual
[0.623s] -- Up-to-date: /home/omar/code/robotics_project/ros2_ws/install/kuka_agilus_support/share/kuka_agilus_support/meshes/kr10_r1100_2/visual/link_5.stl
[0.623s] -- Up-to-date: /home/omar/code/robotics_project/ros2_ws/install/kuka_agilus_support/share/kuka_agilus_support/meshes/kr10_r1100_2/visual/link_5.dae
[0.623s] -- Up-to-date: /home/omar/code/robotics_project/ros2_ws/install/kuka_agilus_support/share/kuka_agilus_support/meshes/kr10_r1100_2/visual/link_4.stl
[0.623s] -- Up-to-date: /home/omar/code/robotics_project/ros2_ws/install/kuka_agilus_support/share/kuka_agilus_support/meshes/kr10_r1100_2/visual/link_2.stl
[0.623s] -- Up-to-date: /home/omar/code/robotics_project/ros2_ws/install/kuka_agilus_support/share/kuka_agilus_support/meshes/kr10_r1100_2/visual/link_1.dae
[0.623s] -- Up-to-date: /home/omar/code/robotics_project/ros2_ws/install/kuka_agilus_support/share/kuka_agilus_support/meshes/kr10_r1100_2/visual/base_link.stl
[0.623s] -- Up-to-date: /home/omar/code/robotics_project/ros2_ws/install/kuka_agilus_support/share/kuka_agilus_support/meshes/kr10_r1100_2/visual/link_4.dae
[0.623s] -- Up-to-date: /home/omar/code/robotics_project/ros2_ws/install/kuka_agilus_support/share/kuka_agilus_support/meshes/kr10_r1100_2/visual/base_link.dae
[0.624s] -- Up-to-date: /home/omar/code/robotics_project/ros2_ws/install/kuka_agilus_support/share/kuka_agilus_support/meshes/kr10_r1100_2/visual/link_3.dae
[0.624s] -- Up-to-date: /home/omar/code/robotics_project/ros2_ws/install/kuka_agilus_support/share/kuka_agilus_support/meshes/kr10_r1100_2/visual/link_2.dae
[0.624s] -- Up-to-date: /home/omar/code/robotics_project/ros2_ws/install/kuka_agilus_support/share/kuka_agilus_support/meshes/kr10_r1100_2/visual/link_6.stl
[0.624s] -- Up-to-date: /home/omar/code/robotics_project/ros2_ws/install/kuka_agilus_support/share/kuka_agilus_support/meshes/kr10_r1100_2/visual/link_3.stl
[0.624s] -- Up-to-date: /home/omar/code/robotics_project/ros2_ws/install/kuka_agilus_support/share/kuka_agilus_support/meshes/kr10_r1100_2/visual/link_6.dae
[0.624s] -- Up-to-date: /home/omar/code/robotics_project/ros2_ws/install/kuka_agilus_support/share/kuka_agilus_support/meshes/kr10_r1100_2/visual/link_1.stl
[0.624s] -- Up-to-date: /home/omar/code/robotics_project/ros2_ws/install/kuka_agilus_support/share/kuka_agilus_support/meshes/kr10_r1100_2/collision
[0.652s] -- Up-to-date: /home/omar/code/robotics_project/ros2_ws/install/kuka_agilus_support/share/kuka_agilus_support/meshes/kr10_r1100_2/collision/link_5.stl
[0.652s] -- Up-to-date: /home/omar/code/robotics_project/ros2_ws/install/kuka_agilus_support/share/kuka_agilus_support/meshes/kr10_r1100_2/collision/link_4.stl
[0.653s] -- Up-to-date: /home/omar/code/robotics_project/ros2_ws/install/kuka_agilus_support/share/kuka_agilus_support/meshes/kr10_r1100_2/collision/link_2.stl
[0.653s] -- Up-to-date: /home/omar/code/robotics_project/ros2_ws/install/kuka_agilus_support/share/kuka_agilus_support/meshes/kr10_r1100_2/collision/base_link.stl
[0.653s] -- Up-to-date: /home/omar/code/robotics_project/ros2_ws/install/kuka_agilus_support/share/kuka_agilus_support/meshes/kr10_r1100_2/collision/link_6.stl
[0.653s] -- Up-to-date: /home/omar/code/robotics_project/ros2_ws/install/kuka_agilus_support/share/kuka_agilus_support/meshes/kr10_r1100_2/collision/link_3.stl
[0.653s] -- Up-to-date: /home/omar/code/robotics_project/ros2_ws/install/kuka_agilus_support/share/kuka_agilus_support/meshes/kr10_r1100_2/collision/link_1.stl
[0.653s] -- Up-to-date: /home/omar/code/robotics_project/ros2_ws/install/kuka_agilus_support/share/kuka_agilus_support/meshes/kr6_r900_sixx
[0.653s] -- Up-to-date: /home/omar/code/robotics_project/ros2_ws/install/kuka_agilus_support/share/kuka_agilus_support/meshes/kr6_r900_sixx/visual
[0.663s] -- Up-to-date: /home/omar/code/robotics_project/ros2_ws/install/kuka_agilus_support/share/kuka_agilus_support/meshes/kr6_r900_sixx/visual/link_5.dae
[0.664s] -- Up-to-date: /home/omar/code/robotics_project/ros2_ws/install/kuka_agilus_support/share/kuka_agilus_support/meshes/kr6_r900_sixx/visual/link_1.dae
[0.664s] -- Up-to-date: /home/omar/code/robotics_project/ros2_ws/install/kuka_agilus_support/share/kuka_agilus_support/meshes/kr6_r900_sixx/visual/link_4.dae
[0.664s] -- Up-to-date: /home/omar/code/robotics_project/ros2_ws/install/kuka_agilus_support/share/kuka_agilus_support/meshes/kr6_r900_sixx/visual/base_link.dae
[0.664s] -- Up-to-date: /home/omar/code/robotics_project/ros2_ws/install/kuka_agilus_support/share/kuka_agilus_support/meshes/kr6_r900_sixx/visual/link_3.dae
[0.664s] -- Up-to-date: /home/omar/code/robotics_project/ros2_ws/install/kuka_agilus_support/share/kuka_agilus_support/meshes/kr6_r900_sixx/visual/link_2.dae
[0.664s] -- Up-to-date: /home/omar/code/robotics_project/ros2_ws/install/kuka_agilus_support/share/kuka_agilus_support/meshes/kr6_r900_sixx/visual/link_6.dae
[0.664s] -- Up-to-date: /home/omar/code/robotics_project/ros2_ws/install/kuka_agilus_support/share/kuka_agilus_support/meshes/kr6_r900_sixx/collision
[0.679s] -- Up-to-date: /home/omar/code/robotics_project/ros2_ws/install/kuka_agilus_support/share/kuka_agilus_support/meshes/kr6_r900_sixx/collision/link_5.stl
[0.680s] -- Up-to-date: /home/omar/code/robotics_project/ros2_ws/install/kuka_agilus_support/share/kuka_agilus_support/meshes/kr6_r900_sixx/collision/link_4.stl
[0.680s] -- Up-to-date: /home/omar/code/robotics_project/ros2_ws/install/kuka_agilus_support/share/kuka_agilus_support/meshes/kr6_r900_sixx/collision/link_2.stl
[0.680s] -- Up-to-date: /home/omar/code/robotics_project/ros2_ws/install/kuka_agilus_support/share/kuka_agilus_support/meshes/kr6_r900_sixx/collision/base_link.stl
[0.680s] -- Up-to-date: /home/omar/code/robotics_project/ros2_ws/install/kuka_agilus_support/share/kuka_agilus_support/meshes/kr6_r900_sixx/collision/link_6.stl
[0.680s] -- Up-to-date: /home/omar/code/robotics_project/ros2_ws/install/kuka_agilus_support/share/kuka_agilus_support/meshes/kr6_r900_sixx/collision/link_3.stl
[0.680s] -- Up-to-date: /home/omar/code/robotics_project/ros2_ws/install/kuka_agilus_support/share/kuka_agilus_support/meshes/kr6_r900_sixx/collision/link_1.stl
[0.680s] -- Up-to-date: /home/omar/code/robotics_project/ros2_ws/install/kuka_agilus_support/share/kuka_agilus_support/urdf
[0.729s] -- Up-to-date: /home/omar/code/robotics_project/ros2_ws/install/kuka_agilus_support/share/kuka_agilus_support/urdf/kr10_r900_2_macro.xacro
[0.729s] -- Up-to-date: /home/omar/code/robotics_project/ros2_ws/install/kuka_agilus_support/share/kuka_agilus_support/urdf/kr10_r1100_2_macro.xacro
[0.730s] -- Up-to-date: /home/omar/code/robotics_project/ros2_ws/install/kuka_agilus_support/share/kuka_agilus_support/urdf/kr10_r1100_2.urdf.xacro
[0.731s] -- Up-to-date: /home/omar/code/robotics_project/ros2_ws/install/kuka_agilus_support/share/kuka_agilus_support/urdf/kr10_r900_2.urdf.xacro
[0.731s] -- Up-to-date: /home/omar/code/robotics_project/ros2_ws/install/kuka_agilus_support/share/kuka_agilus_support/urdf/kr4_r600.urdf.xacro
[0.732s] -- Up-to-date: /home/omar/code/robotics_project/ros2_ws/install/kuka_agilus_support/share/kuka_agilus_support/urdf/kr6_r700_sixx_macro.xacro
[0.732s] -- Up-to-date: /home/omar/code/robotics_project/ros2_ws/install/kuka_agilus_support/share/kuka_agilus_support/urdf/kr6_r900_sixx.urdf.xacro
[0.732s] -- Up-to-date: /home/omar/code/robotics_project/ros2_ws/install/kuka_agilus_support/share/kuka_agilus_support/urdf/kr_agilus_ros2_control_macro.xacro
[0.733s] -- Up-to-date: /home/omar/code/robotics_project/ros2_ws/install/kuka_agilus_support/share/kuka_agilus_support/urdf/kr6_r700_2_macro.xacro
[0.733s] -- Up-to-date: /home/omar/code/robotics_project/ros2_ws/install/kuka_agilus_support/share/kuka_agilus_support/urdf/kr6_r900_2_macro.xacro
[0.733s] -- Up-to-date: /home/omar/code/robotics_project/ros2_ws/install/kuka_agilus_support/share/kuka_agilus_support/urdf/kr6_r900_sixx_macro.xacro
[0.733s] -- Up-to-date: /home/omar/code/robotics_project/ros2_ws/install/kuka_agilus_support/share/kuka_agilus_support/urdf/kr4_r600_macro.xacro
[0.734s] -- Up-to-date: /home/omar/code/robotics_project/ros2_ws/install/kuka_agilus_support/share/kuka_agilus_support/urdf/kr6_r700_sixx.urdf.xacro
[0.735s] -- Up-to-date: /home/omar/code/robotics_project/ros2_ws/install/kuka_agilus_support/share/kuka_agilus_support/urdf/kr6_r700_2.urdf.xacro
[0.735s] -- Up-to-date: /home/omar/code/robotics_project/ros2_ws/install/kuka_agilus_support/share/kuka_agilus_support/urdf/kr6_r900_2.urdf.xacro
[0.736s] -- Up-to-date: /home/omar/code/robotics_project/ros2_ws/install/kuka_agilus_support/share/kuka_agilus_support/environment/kuka_agilus_support.dsv
[0.736s] -- Up-to-date: /home/omar/code/robotics_project/ros2_ws/install/kuka_agilus_support/share/ament_index/resource_index/package_run_dependencies/kuka_agilus_support
[0.737s] -- Up-to-date: /home/omar/code/robotics_project/ros2_ws/install/kuka_agilus_support/share/ament_index/resource_index/parent_prefix_path/kuka_agilus_support
[0.739s] -- Up-to-date: /home/omar/code/robotics_project/ros2_ws/install/kuka_agilus_support/share/kuka_agilus_support/environment/ament_prefix_path.sh
[0.739s] -- Up-to-date: /home/omar/code/robotics_project/ros2_ws/install/kuka_agilus_support/share/kuka_agilus_support/environment/ament_prefix_path.dsv
[0.739s] -- Up-to-date: /home/omar/code/robotics_project/ros2_ws/install/kuka_agilus_support/share/kuka_agilus_support/environment/path.sh
[0.740s] -- Up-to-date: /home/omar/code/robotics_project/ros2_ws/install/kuka_agilus_support/share/kuka_agilus_support/environment/path.dsv
[0.740s] -- Up-to-date: /home/omar/code/robotics_project/ros2_ws/install/kuka_agilus_support/share/kuka_agilus_support/local_setup.bash
[0.741s] -- Up-to-date: /home/omar/code/robotics_project/ros2_ws/install/kuka_agilus_support/share/kuka_agilus_support/local_setup.sh
[0.741s] -- Up-to-date: /home/omar/code/robotics_project/ros2_ws/install/kuka_agilus_support/share/kuka_agilus_support/local_setup.zsh
[0.742s] -- Up-to-date: /home/omar/code/robotics_project/ros2_ws/install/kuka_agilus_support/share/kuka_agilus_support/local_setup.dsv
[0.742s] -- Installing: /home/omar/code/robotics_project/ros2_ws/install/kuka_agilus_support/share/kuka_agilus_support/package.dsv
[0.744s] -- Up-to-date: /home/omar/code/robotics_project/ros2_ws/install/kuka_agilus_support/share/ament_index/resource_index/packages/kuka_agilus_support
[0.744s] -- Up-to-date: /home/omar/code/robotics_project/ros2_ws/install/kuka_agilus_support/share/kuka_agilus_support/cmake/kuka_agilus_supportConfig.cmake
[0.744s] -- Up-to-date: /home/omar/code/robotics_project/ros2_ws/install/kuka_agilus_support/share/kuka_agilus_support/cmake/kuka_agilus_supportConfig-version.cmake
[0.745s] -- Up-to-date: /home/omar/code/robotics_project/ros2_ws/install/kuka_agilus_support/share/kuka_agilus_support/package.xml
[0.940s] Invoked command in '/home/omar/code/robotics_project/ros2_ws/build/kuka_agilus_support' returned '0': AMENT_PREFIX_PATH=/home/omar/code/robotics_project/ros2_ws/install/kuka_resources:${AMENT_PREFIX_PATH} CMAKE_PREFIX_PATH=/home/omar/code/robotics_project/ros2_ws/install/kuka_resources:/opt/ros/jazzy/opt/gz_sim_vendor:/opt/ros/jazzy/opt/gz_sensors_vendor:/opt/ros/jazzy/opt/gz_physics_vendor:/opt/ros/jazzy/opt/sdformat_vendor:/opt/ros/jazzy/opt/gz_gui_vendor:/opt/ros/jazzy/opt/gz_transport_vendor:/opt/ros/jazzy/opt/gz_rendering_vendor:/opt/ros/jazzy/opt/gz_plugin_vendor:/opt/ros/jazzy/opt/gz_fuel_tools_vendor:/opt/ros/jazzy/opt/gz_msgs_vendor:/opt/ros/jazzy/opt/gz_common_vendor:/opt/ros/jazzy/opt/gz_math_vendor:/opt/ros/jazzy/opt/gz_utils_vendor:/opt/ros/jazzy/opt/gz_tools_vendor:/opt/ros/jazzy/opt/gz_ogre_next_vendor:/opt/ros/jazzy/opt/gz_dartsim_vendor:/opt/ros/jazzy/opt/gz_cmake_vendor:/opt/ros/jazzy /usr/bin/cmake --install /home/omar/code/robotics_project/ros2_ws/build/kuka_agilus_support
