running egg_info
writing ../../build/thesis_bringup/thesis_bringup.egg-info/PKG-INFO
writing dependency_links to ../../build/thesis_bringup/thesis_bringup.egg-info/dependency_links.txt
writing entry points to ../../build/thesis_bringup/thesis_bringup.egg-info/entry_points.txt
writing requirements to ../../build/thesis_bringup/thesis_bringup.egg-info/requires.txt
writing top-level names to ../../build/thesis_bringup/thesis_bringup.egg-info/top_level.txt
reading manifest file '../../build/thesis_bringup/thesis_bringup.egg-info/SOURCES.txt'
writing manifest file '../../build/thesis_bringup/thesis_bringup.egg-info/SOURCES.txt'
running build
running build_py
running install
running install_lib
running install_data
copying launch/run_move_group_ik_diagnostic.launch.py -> /home/omar/code/robotics_project/ros2_ws/install/thesis_bringup/share/thesis_bringup/launch
copying launch/run_moveit_ik_diagnostic.launch.py -> /home/omar/code/robotics_project/ros2_ws/install/thesis_bringup/share/thesis_bringup/launch
copying launch/run_full_cartesian_insertion_diagnostics.launch.py -> /home/omar/code/robotics_project/ros2_ws/install/thesis_bringup/share/thesis_bringup/launch
running install_egg_info
removing '/home/omar/code/robotics_project/ros2_ws/install/thesis_bringup/lib/python3.12/site-packages/thesis_bringup-0.1.0-py3.12.egg-info' (and everything under it)
Copying ../../build/thesis_bringup/thesis_bringup.egg-info to /home/omar/code/robotics_project/ros2_ws/install/thesis_bringup/lib/python3.12/site-packages/thesis_bringup-0.1.0-py3.12.egg-info
running install_scripts
Installing controller_readiness_gate script to /home/omar/code/robotics_project/ros2_ws/install/thesis_bringup/lib/thesis_bringup
writing list of installed files to '/home/omar/code/robotics_project/ros2_ws/build/thesis_bringup/install.log'
