[6.498s] Invoking command in '/home/omar/code/robotics_project/ros2_ws/src/safety_layer': PYTHONPATH=/home/omar/code/robotics_project/ros2_ws/build/safety_layer/prefix_override:/usr/lib/python3/dist-packages/colcon_core/task/python/colcon_distutils_commands:/home/omar/code/robotics_project/ros2_ws/install/safety_layer/lib/python3.12/site-packages:${PYTHONPATH} /usr/bin/python3 -W ignore:setup.py install is deprecated -W ignore:easy_install command is deprecated setup.py egg_info --egg-base ../../build/safety_layer build --build-base /home/omar/code/robotics_project/ros2_ws/build/safety_layer/build install --record /home/omar/code/robotics_project/ros2_ws/build/safety_layer/install.log --single-version-externally-managed install_data
[6.790s] running egg_info
[6.791s] creating ../../build/safety_layer/safety_layer.egg-info
[6.812s] writing ../../build/safety_layer/safety_layer.egg-info/PKG-INFO
[6.812s] writing dependency_links to ../../build/safety_layer/safety_layer.egg-info/dependency_links.txt
[6.812s] writing entry points to ../../build/safety_layer/safety_layer.egg-info/entry_points.txt
[6.812s] writing requirements to ../../build/safety_layer/safety_layer.egg-info/requires.txt
[6.813s] writing top-level names to ../../build/safety_layer/safety_layer.egg-info/top_level.txt
[6.813s] writing manifest file '../../build/safety_layer/safety_layer.egg-info/SOURCES.txt'
[6.859s] reading manifest file '../../build/safety_layer/safety_layer.egg-info/SOURCES.txt'
[6.860s] writing manifest file '../../build/safety_layer/safety_layer.egg-info/SOURCES.txt'
[6.860s] running build
[6.860s] running build_py
[6.860s] creating /home/omar/code/robotics_project/ros2_ws/build/safety_layer/build
[6.860s] creating /home/omar/code/robotics_project/ros2_ws/build/safety_layer/build/lib
[6.861s] creating /home/omar/code/robotics_project/ros2_ws/build/safety_layer/build/lib/safety_layer
[6.861s] copying safety_layer/__init__.py -> /home/omar/code/robotics_project/ros2_ws/build/safety_layer/build/lib/safety_layer
[6.872s] copying safety_layer/safety_monitor.py -> /home/omar/code/robotics_project/ros2_ws/build/safety_layer/build/lib/safety_layer
[6.885s] running install
[6.896s] running install_lib
[6.919s] creating /home/omar/code/robotics_project/ros2_ws/install/safety_layer/lib/python3.12/site-packages/safety_layer
[6.919s] copying /home/omar/code/robotics_project/ros2_ws/build/safety_layer/build/lib/safety_layer/__init__.py -> /home/omar/code/robotics_project/ros2_ws/install/safety_layer/lib/python3.12/site-packages/safety_layer
[6.919s] copying /home/omar/code/robotics_project/ros2_ws/build/safety_layer/build/lib/safety_layer/safety_monitor.py -> /home/omar/code/robotics_project/ros2_ws/install/safety_layer/lib/python3.12/site-packages/safety_layer
[6.919s] byte-compiling /home/omar/code/robotics_project/ros2_ws/install/safety_layer/lib/python3.12/site-packages/safety_layer/__init__.py to __init__.cpython-312.pyc
[6.920s] byte-compiling /home/omar/code/robotics_project/ros2_ws/install/safety_layer/lib/python3.12/site-packages/safety_layer/safety_monitor.py to safety_monitor.cpython-312.pyc
[6.922s] running install_data
[6.922s] creating /home/omar/code/robotics_project/ros2_ws/install/safety_layer/share/ament_index
[6.923s] creating /home/omar/code/robotics_project/ros2_ws/install/safety_layer/share/ament_index/resource_index
[6.923s] creating /home/omar/code/robotics_project/ros2_ws/install/safety_layer/share/ament_index/resource_index/packages
[6.923s] copying resource/safety_layer -> /home/omar/code/robotics_project/ros2_ws/install/safety_layer/share/ament_index/resource_index/packages
[6.923s] copying package.xml -> /home/omar/code/robotics_project/ros2_ws/install/safety_layer/share/safety_layer
[6.923s] copying README.md -> /home/omar/code/robotics_project/ros2_ws/install/safety_layer/share/safety_layer
[6.927s] creating /home/omar/code/robotics_project/ros2_ws/install/safety_layer/share/safety_layer/launch
[6.927s] copying launch/safety_layer.launch.py -> /home/omar/code/robotics_project/ros2_ws/install/safety_layer/share/safety_layer/launch
[6.928s] copying launch/safety_monitor.launch.py -> /home/omar/code/robotics_project/ros2_ws/install/safety_layer/share/safety_layer/launch
[6.932s] creating /home/omar/code/robotics_project/ros2_ws/install/safety_layer/share/safety_layer/config
[6.932s] copying config/safety_limits.yaml -> /home/omar/code/robotics_project/ros2_ws/install/safety_layer/share/safety_layer/config
[6.933s] running install_egg_info
[6.957s] Copying ../../build/safety_layer/safety_layer.egg-info to /home/omar/code/robotics_project/ros2_ws/install/safety_layer/lib/python3.12/site-packages/safety_layer-0.1.0-py3.12.egg-info
[6.958s] running install_scripts
[7.087s] Installing safety_monitor script to /home/omar/code/robotics_project/ros2_ws/install/safety_layer/lib/safety_layer
[7.088s] writing list of installed files to '/home/omar/code/robotics_project/ros2_ws/build/safety_layer/install.log'
[7.305s] Invoked command in '/home/omar/code/robotics_project/ros2_ws/src/safety_layer' returned '0': PYTHONPATH=/home/omar/code/robotics_project/ros2_ws/build/safety_layer/prefix_override:/usr/lib/python3/dist-packages/colcon_core/task/python/colcon_distutils_commands:/home/omar/code/robotics_project/ros2_ws/install/safety_layer/lib/python3.12/site-packages:${PYTHONPATH} /usr/bin/python3 -W ignore:setup.py install is deprecated -W ignore:easy_install command is deprecated setup.py egg_info --egg-base ../../build/safety_layer build --build-base /home/omar/code/robotics_project/ros2_ws/build/safety_layer/build install --record /home/omar/code/robotics_project/ros2_ws/build/safety_layer/install.log --single-version-externally-managed install_data
