[1.868s] Invoking command in '/home/omar/code/robotics_project/ros2_ws/build/thesis_bringup': AMENT_PREFIX_PATH=/home/omar/code/robotics_project/ros2_ws/install/safety_layer:/home/omar/code/robotics_project/ros2_ws/install/peg_in_hole_metrics:/home/omar/code/robotics_project/ros2_ws/install/peg_in_hole_description:/home/omar/code/robotics_project/ros2_ws/install/kuka_task_control:/home/omar/code/robotics_project/ros2_ws/install/kuka_gazebo:/home/omar/code/robotics_project/ros2_ws/install/experiment_manager:${AMENT_PREFIX_PATH} CMAKE_PREFIX_PATH=/home/omar/code/robotics_project/ros2_ws/install/kuka_gazebo:${CMAKE_PREFIX_PATH} PYTHONPATH=/home/omar/code/robotics_project/ros2_ws/build/thesis_bringup/prefix_override:/usr/lib/python3/dist-packages/colcon_core/task/python/colcon_distutils_commands:/home/omar/code/robotics_project/ros2_ws/install/thesis_bringup/lib/python3.12/site-packages:/home/omar/code/robotics_project/ros2_ws/install/safety_layer/lib/python3.12/site-packages:/home/omar/code/robotics_project/ros2_ws/install/peg_in_hole_metrics/lib/python3.12/site-packages:/home/omar/code/robotics_project/ros2_ws/build/peg_in_hole_description:/home/omar/code/robotics_project/ros2_ws/install/peg_in_hole_description/lib/python3.12/site-packages:/home/omar/code/robotics_project/ros2_ws/build/kuka_task_control:/home/omar/code/robotics_project/ros2_ws/install/kuka_task_control/lib/python3.12/site-packages:/home/omar/code/robotics_project/ros2_ws/install/experiment_manager/lib/python3.12/site-packages:${PYTHONPATH} /usr/bin/python3 -W ignore:setup.py install is deprecated -W ignore:easy_install command is deprecated setup.py develop --editable --build-directory /home/omar/code/robotics_project/ros2_ws/build/thesis_bringup/build --no-deps symlink_data --force
[2.181s] running develop
[2.380s] running egg_info
[2.400s] writing thesis_bringup.egg-info/PKG-INFO
[2.401s] writing dependency_links to thesis_bringup.egg-info/dependency_links.txt
[2.401s] writing entry points to thesis_bringup.egg-info/entry_points.txt
[2.401s] writing requirements to thesis_bringup.egg-info/requires.txt
[2.401s] writing top-level names to thesis_bringup.egg-info/top_level.txt
[2.443s] reading manifest file 'thesis_bringup.egg-info/SOURCES.txt'
[2.443s] writing manifest file 'thesis_bringup.egg-info/SOURCES.txt'
[2.465s] running build_ext
[2.465s] Creating /home/omar/code/robotics_project/ros2_ws/install/thesis_bringup/lib/python3.12/site-packages/thesis-bringup.egg-link (link to .)
[2.465s] Installing controller_readiness_gate script to /home/omar/code/robotics_project/ros2_ws/install/thesis_bringup/lib/thesis_bringup
[2.466s] 
[2.466s] Installed /home/omar/code/robotics_project/ros2_ws/build/thesis_bringup
[2.466s] running symlink_data
[2.466s] symbolically linking /home/omar/code/robotics_project/ros2_ws/build/thesis_bringup/resource/thesis_bringup -> /home/omar/code/robotics_project/ros2_ws/install/thesis_bringup/share/ament_index/resource_index/packages
[2.466s] symbolically linking /home/omar/code/robotics_project/ros2_ws/build/thesis_bringup/package.xml -> /home/omar/code/robotics_project/ros2_ws/install/thesis_bringup/share/thesis_bringup
[2.466s] symbolically linking /home/omar/code/robotics_project/ros2_ws/build/thesis_bringup/README.md -> /home/omar/code/robotics_project/ros2_ws/install/thesis_bringup/share/thesis_bringup
[2.466s] symbolically linking /home/omar/code/robotics_project/ros2_ws/build/thesis_bringup/launch/run_full_robot_contact_validation_trial.launch.py -> /home/omar/code/robotics_project/ros2_ws/install/thesis_bringup/share/thesis_bringup/launch
[2.467s] symbolically linking /home/omar/code/robotics_project/ros2_ws/build/thesis_bringup/launch/run_move_group_ik_diagnostic.launch.py -> /home/omar/code/robotics_project/ros2_ws/install/thesis_bringup/share/thesis_bringup/launch
[2.467s] symbolically linking /home/omar/code/robotics_project/ros2_ws/build/thesis_bringup/launch/run_contact_probe_validation_trial.launch.py -> /home/omar/code/robotics_project/ros2_ws/install/thesis_bringup/share/thesis_bringup/launch
[2.467s] symbolically linking /home/omar/code/robotics_project/ros2_ws/build/thesis_bringup/launch/run_moveit_ik_diagnostic.launch.py -> /home/omar/code/robotics_project/ros2_ws/install/thesis_bringup/share/thesis_bringup/launch
[2.467s] symbolically linking /home/omar/code/robotics_project/ros2_ws/build/thesis_bringup/launch/run_full_cartesian_insertion_diagnostics.launch.py -> /home/omar/code/robotics_project/ros2_ws/install/thesis_bringup/share/thesis_bringup/launch
[2.467s] symbolically linking /home/omar/code/robotics_project/ros2_ws/build/thesis_bringup/launch/research_baseline.launch.py -> /home/omar/code/robotics_project/ros2_ws/install/thesis_bringup/share/thesis_bringup/launch
[2.468s] symbolically linking /home/omar/code/robotics_project/ros2_ws/build/thesis_bringup/launch/run_full_segmented_guarded_contact_trial.launch.py -> /home/omar/code/robotics_project/ros2_ws/install/thesis_bringup/share/thesis_bringup/launch
[2.468s] symbolically linking /home/omar/code/robotics_project/ros2_ws/build/thesis_bringup/launch/run_full_segmented_robot_contact_trial.launch.py -> /home/omar/code/robotics_project/ros2_ws/install/thesis_bringup/share/thesis_bringup/launch
[2.468s] symbolically linking /home/omar/code/robotics_project/ros2_ws/build/thesis_bringup/launch/run_full_contact_validation_trial.launch.py -> /home/omar/code/robotics_project/ros2_ws/install/thesis_bringup/share/thesis_bringup/launch
[2.468s] symbolically linking /home/omar/code/robotics_project/ros2_ws/build/thesis_bringup/launch/run_full_peg_hole_insertion_validation_trial.launch.py -> /home/omar/code/robotics_project/ros2_ws/install/thesis_bringup/share/thesis_bringup/launch
[2.469s] symbolically linking /home/omar/code/robotics_project/ros2_ws/build/thesis_bringup/launch/run_research_trial.launch.py -> /home/omar/code/robotics_project/ros2_ws/install/thesis_bringup/share/thesis_bringup/launch
[2.469s] symbolically linking /home/omar/code/robotics_project/ros2_ws/build/thesis_bringup/launch/run_full_research_trial.launch.py -> /home/omar/code/robotics_project/ros2_ws/install/thesis_bringup/share/thesis_bringup/launch
[2.469s] symbolically linking /home/omar/code/robotics_project/ros2_ws/build/thesis_bringup/launch/run_minimal_contact_validation.launch.py -> /home/omar/code/robotics_project/ros2_ws/install/thesis_bringup/share/thesis_bringup/launch
[2.469s] symbolically linking /home/omar/code/robotics_project/ros2_ws/build/thesis_bringup/config/contact_validation_bridge.yaml -> /home/omar/code/robotics_project/ros2_ws/install/thesis_bringup/share/thesis_bringup/config
[2.469s] symbolically linking /home/omar/code/robotics_project/ros2_ws/build/thesis_bringup/config/research_baseline.yaml -> /home/omar/code/robotics_project/ros2_ws/install/thesis_bringup/share/thesis_bringup/config
[2.469s] symbolically linking /home/omar/code/robotics_project/ros2_ws/build/thesis_bringup/config/contact_bridge.yaml -> /home/omar/code/robotics_project/ros2_ws/install/thesis_bringup/share/thesis_bringup/config
[2.497s] Invoked command in '/home/omar/code/robotics_project/ros2_ws/build/thesis_bringup' returned '0': AMENT_PREFIX_PATH=/home/omar/code/robotics_project/ros2_ws/install/safety_layer:/home/omar/code/robotics_project/ros2_ws/install/peg_in_hole_metrics:/home/omar/code/robotics_project/ros2_ws/install/peg_in_hole_description:/home/omar/code/robotics_project/ros2_ws/install/kuka_task_control:/home/omar/code/robotics_project/ros2_ws/install/kuka_gazebo:/home/omar/code/robotics_project/ros2_ws/install/experiment_manager:${AMENT_PREFIX_PATH} CMAKE_PREFIX_PATH=/home/omar/code/robotics_project/ros2_ws/install/kuka_gazebo:${CMAKE_PREFIX_PATH} PYTHONPATH=/home/omar/code/robotics_project/ros2_ws/build/thesis_bringup/prefix_override:/usr/lib/python3/dist-packages/colcon_core/task/python/colcon_distutils_commands:/home/omar/code/robotics_project/ros2_ws/install/thesis_bringup/lib/python3.12/site-packages:/home/omar/code/robotics_project/ros2_ws/install/safety_layer/lib/python3.12/site-packages:/home/omar/code/robotics_project/ros2_ws/install/peg_in_hole_metrics/lib/python3.12/site-packages:/home/omar/code/robotics_project/ros2_ws/build/peg_in_hole_description:/home/omar/code/robotics_project/ros2_ws/install/peg_in_hole_description/lib/python3.12/site-packages:/home/omar/code/robotics_project/ros2_ws/build/kuka_task_control:/home/omar/code/robotics_project/ros2_ws/install/kuka_task_control/lib/python3.12/site-packages:/home/omar/code/robotics_project/ros2_ws/install/experiment_manager/lib/python3.12/site-packages:${PYTHONPATH} /usr/bin/python3 -W ignore:setup.py install is deprecated -W ignore:easy_install command is deprecated setup.py develop --editable --build-directory /home/omar/code/robotics_project/ros2_ws/build/thesis_bringup/build --no-deps symlink_data --force
