[7.039s] Invoking command in '/home/omar/code/robotics_project/ros2_ws/build/safety_layer': PYTHONPATH=/home/omar/code/robotics_project/ros2_ws/build/safety_layer/prefix_override:/usr/lib/python3/dist-packages/colcon_core/task/python/colcon_distutils_commands:/home/omar/code/robotics_project/ros2_ws/install/safety_layer/lib/python3.12/site-packages:${PYTHONPATH} /usr/bin/python3 -W ignore:setup.py install is deprecated -W ignore:easy_install command is deprecated setup.py develop --editable --build-directory /home/omar/code/robotics_project/ros2_ws/build/safety_layer/build --no-deps symlink_data --force
[7.380s] running develop
[7.606s] running egg_info
[7.628s] writing safety_layer.egg-info/PKG-INFO
[7.628s] writing dependency_links to safety_layer.egg-info/dependency_links.txt
[7.628s] writing entry points to safety_layer.egg-info/entry_points.txt
[7.629s] writing requirements to safety_layer.egg-info/requires.txt
[7.629s] writing top-level names to safety_layer.egg-info/top_level.txt
[7.674s] reading manifest file 'safety_layer.egg-info/SOURCES.txt'
[7.698s] writing manifest file 'safety_layer.egg-info/SOURCES.txt'
[7.722s] running build_ext
[7.722s] Creating /home/omar/code/robotics_project/ros2_ws/install/safety_layer/lib/python3.12/site-packages/safety-layer.egg-link (link to .)
[7.722s] Installing safety_monitor script to /home/omar/code/robotics_project/ros2_ws/install/safety_layer/lib/safety_layer
[7.722s] 
[7.723s] Installed /home/omar/code/robotics_project/ros2_ws/build/safety_layer
[7.723s] running symlink_data
[7.725s] symbolically linking /home/omar/code/robotics_project/ros2_ws/build/safety_layer/resource/safety_layer -> /home/omar/code/robotics_project/ros2_ws/install/safety_layer/share/ament_index/resource_index/packages
[7.732s] symbolically linking /home/omar/code/robotics_project/ros2_ws/build/safety_layer/package.xml -> /home/omar/code/robotics_project/ros2_ws/install/safety_layer/share/safety_layer
[7.733s] symbolically linking /home/omar/code/robotics_project/ros2_ws/build/safety_layer/README.md -> /home/omar/code/robotics_project/ros2_ws/install/safety_layer/share/safety_layer
[7.733s] symbolically linking /home/omar/code/robotics_project/ros2_ws/build/safety_layer/launch/safety_layer.launch.py -> /home/omar/code/robotics_project/ros2_ws/install/safety_layer/share/safety_layer/launch
[7.734s] symbolically linking /home/omar/code/robotics_project/ros2_ws/build/safety_layer/launch/safety_monitor.launch.py -> /home/omar/code/robotics_project/ros2_ws/install/safety_layer/share/safety_layer/launch
[7.742s] symbolically linking /home/omar/code/robotics_project/ros2_ws/build/safety_layer/config/safety_limits.yaml -> /home/omar/code/robotics_project/ros2_ws/install/safety_layer/share/safety_layer/config
[7.777s] Invoked command in '/home/omar/code/robotics_project/ros2_ws/build/safety_layer' returned '0': PYTHONPATH=/home/omar/code/robotics_project/ros2_ws/build/safety_layer/prefix_override:/usr/lib/python3/dist-packages/colcon_core/task/python/colcon_distutils_commands:/home/omar/code/robotics_project/ros2_ws/install/safety_layer/lib/python3.12/site-packages:${PYTHONPATH} /usr/bin/python3 -W ignore:setup.py install is deprecated -W ignore:easy_install command is deprecated setup.py develop --editable --build-directory /home/omar/code/robotics_project/ros2_ws/build/safety_layer/build --no-deps symlink_data --force
