[0.195s] Invoking command in '/home/omar/code/robotics_project/ros2_ws/build/kuka_resources': CMAKE_PREFIX_PATH=${CMAKE_PREFIX_PATH}:/home/omar/code/robotics_project/ros2_ws/install/thesis_bringup:/home/omar/code/robotics_project/ros2_ws/install/safety_layer:/home/omar/code/robotics_project/ros2_ws/install/robot_simulation:/home/omar/code/robotics_project/ros2_ws/install/robot_description:/home/omar/code/robotics_project/ros2_ws/install/perception_pipeline:/home/omar/code/robotics_project/ros2_ws/install/peg_in_hole_metrics:/home/omar/code/robotics_project/ros2_ws/install/peg_in_hole_description:/home/omar/code/robotics_project/ros2_ws/install/learning_interface:/home/omar/code/robotics_project/ros2_ws/install/kuka_task_control:/home/omar/code/robotics_project/ros2_ws/install/kuka_description:/home/omar/code/robotics_project/ros2_ws/install/first_robot_demo:/home/omar/code/robotics_project/ros2_ws/install/experiment_manager:/opt/ros/jazzy /usr/bin/cmake --build /home/omar/code/robotics_project/ros2_ws/build/kuka_resources -- -j8 -l8
[1.650s] Invoked command in '/home/omar/code/robotics_project/ros2_ws/build/kuka_resources' returned '0': CMAKE_PREFIX_PATH=${CMAKE_PREFIX_PATH}:/home/omar/code/robotics_project/ros2_ws/install/thesis_bringup:/home/omar/code/robotics_project/ros2_ws/install/safety_layer:/home/omar/code/robotics_project/ros2_ws/install/robot_simulation:/home/omar/code/robotics_project/ros2_ws/install/robot_description:/home/omar/code/robotics_project/ros2_ws/install/perception_pipeline:/home/omar/code/robotics_project/ros2_ws/install/peg_in_hole_metrics:/home/omar/code/robotics_project/ros2_ws/install/peg_in_hole_description:/home/omar/code/robotics_project/ros2_ws/install/learning_interface:/home/omar/code/robotics_project/ros2_ws/install/kuka_task_control:/home/omar/code/robotics_project/ros2_ws/install/kuka_description:/home/omar/code/robotics_project/ros2_ws/install/first_robot_demo:/home/omar/code/robotics_project/ros2_ws/install/experiment_manager:/opt/ros/jazzy /usr/bin/cmake --build /home/omar/code/robotics_project/ros2_ws/build/kuka_resources -- -j8 -l8
[1.671s] Invoking command in '/home/omar/code/robotics_project/ros2_ws/build/kuka_resources': CMAKE_PREFIX_PATH=${CMAKE_PREFIX_PATH}:/home/omar/code/robotics_project/ros2_ws/install/thesis_bringup:/home/omar/code/robotics_project/ros2_ws/install/safety_layer:/home/omar/code/robotics_project/ros2_ws/install/robot_simulation:/home/omar/code/robotics_project/ros2_ws/install/robot_description:/home/omar/code/robotics_project/ros2_ws/install/perception_pipeline:/home/omar/code/robotics_project/ros2_ws/install/peg_in_hole_metrics:/home/omar/code/robotics_project/ros2_ws/install/peg_in_hole_description:/home/omar/code/robotics_project/ros2_ws/install/learning_interface:/home/omar/code/robotics_project/ros2_ws/install/kuka_task_control:/home/omar/code/robotics_project/ros2_ws/install/kuka_description:/home/omar/code/robotics_project/ros2_ws/install/first_robot_demo:/home/omar/code/robotics_project/ros2_ws/install/experiment_manager:/opt/ros/jazzy /usr/bin/cmake --install /home/omar/code/robotics_project/ros2_ws/build/kuka_resources
[1.718s] -- Install configuration: ""
[1.718s] -- Up-to-date: /home/omar/code/robotics_project/ros2_ws/install/kuka_resources/share/kuka_resources/urdf
[1.719s] -- Up-to-date: /home/omar/code/robotics_project/ros2_ws/install/kuka_resources/share/kuka_resources/urdf/common_constants.xacro
[1.719s] -- Up-to-date: /home/omar/code/robotics_project/ros2_ws/install/kuka_resources/share/kuka_resources/urdf/common_colours.xacro
[1.719s] -- Up-to-date: /home/omar/code/robotics_project/ros2_ws/install/kuka_resources/share/kuka_resources/urdf/common_materials.xacro
[1.720s] -- Up-to-date: /home/omar/code/robotics_project/ros2_ws/install/kuka_resources/share/kuka_resources/config
[1.721s] -- Up-to-date: /home/omar/code/robotics_project/ros2_ws/install/kuka_resources/share/kuka_resources/config/planning_7_axis.rviz
[1.722s] -- Up-to-date: /home/omar/code/robotics_project/ros2_ws/install/kuka_resources/share/kuka_resources/config/view_7_axis_planning_scene.rviz
[1.722s] -- Up-to-date: /home/omar/code/robotics_project/ros2_ws/install/kuka_resources/share/kuka_resources/config/view_6_axis_planning_scene.rviz
[1.722s] -- Up-to-date: /home/omar/code/robotics_project/ros2_ws/install/kuka_resources/share/kuka_resources/config/fake_hardware_config_7_axis.yaml
[1.722s] -- Up-to-date: /home/omar/code/robotics_project/ros2_ws/install/kuka_resources/share/kuka_resources/config/planning_6_axis.rviz
[1.722s] -- Up-to-date: /home/omar/code/robotics_project/ros2_ws/install/kuka_resources/share/kuka_resources/config/fake_hardware_config_6_axis.yaml
[1.722s] -- Up-to-date: /home/omar/code/robotics_project/ros2_ws/install/kuka_resources/share/kuka_resources/config/view_7_axis_urdf.rviz
[1.722s] -- Up-to-date: /home/omar/code/robotics_project/ros2_ws/install/kuka_resources/share/kuka_resources/config/view_6_axis_urdf.rviz
[1.722s] -- Up-to-date: /home/omar/code/robotics_project/ros2_ws/install/kuka_resources/share/kuka_resources/launch
[1.749s] -- Up-to-date: /home/omar/code/robotics_project/ros2_ws/install/kuka_resources/share/kuka_resources/launch/moveit_server_template.launch.py
[1.750s] -- Up-to-date: /home/omar/code/robotics_project/ros2_ws/install/kuka_resources/share/kuka_resources/launch/fake_hardware_planning_template.launch.py
[1.750s] -- Up-to-date: /home/omar/code/robotics_project/ros2_ws/install/kuka_resources/share/ament_index/resource_index/package_run_dependencies/kuka_resources
[1.750s] -- Up-to-date: /home/omar/code/robotics_project/ros2_ws/install/kuka_resources/share/ament_index/resource_index/parent_prefix_path/kuka_resources
[1.750s] -- Up-to-date: /home/omar/code/robotics_project/ros2_ws/install/kuka_resources/share/kuka_resources/environment/ament_prefix_path.sh
[1.750s] -- Up-to-date: /home/omar/code/robotics_project/ros2_ws/install/kuka_resources/share/kuka_resources/environment/ament_prefix_path.dsv
[1.750s] -- Up-to-date: /home/omar/code/robotics_project/ros2_ws/install/kuka_resources/share/kuka_resources/environment/path.sh
[1.751s] -- Up-to-date: /home/omar/code/robotics_project/ros2_ws/install/kuka_resources/share/kuka_resources/environment/path.dsv
[1.751s] -- Up-to-date: /home/omar/code/robotics_project/ros2_ws/install/kuka_resources/share/kuka_resources/local_setup.bash
[1.751s] -- Up-to-date: /home/omar/code/robotics_project/ros2_ws/install/kuka_resources/share/kuka_resources/local_setup.sh
[1.751s] -- Up-to-date: /home/omar/code/robotics_project/ros2_ws/install/kuka_resources/share/kuka_resources/local_setup.zsh
[1.751s] -- Up-to-date: /home/omar/code/robotics_project/ros2_ws/install/kuka_resources/share/kuka_resources/local_setup.dsv
[1.751s] -- Installing: /home/omar/code/robotics_project/ros2_ws/install/kuka_resources/share/kuka_resources/package.dsv
[1.822s] -- Up-to-date: /home/omar/code/robotics_project/ros2_ws/install/kuka_resources/share/ament_index/resource_index/packages/kuka_resources
[1.822s] -- Up-to-date: /home/omar/code/robotics_project/ros2_ws/install/kuka_resources/share/kuka_resources/cmake/kuka_resourcesConfig.cmake
[1.822s] -- Up-to-date: /home/omar/code/robotics_project/ros2_ws/install/kuka_resources/share/kuka_resources/cmake/kuka_resourcesConfig-version.cmake
[1.823s] -- Up-to-date: /home/omar/code/robotics_project/ros2_ws/install/kuka_resources/share/kuka_resources/package.xml
[1.825s] Invoked command in '/home/omar/code/robotics_project/ros2_ws/build/kuka_resources' returned '0': CMAKE_PREFIX_PATH=${CMAKE_PREFIX_PATH}:/home/omar/code/robotics_project/ros2_ws/install/thesis_bringup:/home/omar/code/robotics_project/ros2_ws/install/safety_layer:/home/omar/code/robotics_project/ros2_ws/install/robot_simulation:/home/omar/code/robotics_project/ros2_ws/install/robot_description:/home/omar/code/robotics_project/ros2_ws/install/perception_pipeline:/home/omar/code/robotics_project/ros2_ws/install/peg_in_hole_metrics:/home/omar/code/robotics_project/ros2_ws/install/peg_in_hole_description:/home/omar/code/robotics_project/ros2_ws/install/learning_interface:/home/omar/code/robotics_project/ros2_ws/install/kuka_task_control:/home/omar/code/robotics_project/ros2_ws/install/kuka_description:/home/omar/code/robotics_project/ros2_ws/install/first_robot_demo:/home/omar/code/robotics_project/ros2_ws/install/experiment_manager:/opt/ros/jazzy /usr/bin/cmake --install /home/omar/code/robotics_project/ros2_ws/build/kuka_resources
