[2.011s] Invoking command in '/home/omar/code/robotics_project/ros2_ws/src/thesis_bringup': AMENT_PREFIX_PATH=/home/omar/code/robotics_project/ros2_ws/install/safety_layer:/home/omar/code/robotics_project/ros2_ws/install/peg_in_hole_metrics:/home/omar/code/robotics_project/ros2_ws/install/peg_in_hole_description:/home/omar/code/robotics_project/ros2_ws/install/kuka_task_control:/home/omar/code/robotics_project/ros2_ws/install/kuka_gazebo:/home/omar/code/robotics_project/ros2_ws/install/experiment_manager:${AMENT_PREFIX_PATH} CMAKE_PREFIX_PATH=/home/omar/code/robotics_project/ros2_ws/install/kuka_gazebo:${CMAKE_PREFIX_PATH} PYTHONPATH=/home/omar/code/robotics_project/ros2_ws/build/thesis_bringup/prefix_override:/usr/lib/python3/dist-packages/colcon_core/task/python/colcon_distutils_commands:/home/omar/code/robotics_project/ros2_ws/install/thesis_bringup/lib/python3.12/site-packages:/home/omar/code/robotics_project/ros2_ws/install/safety_layer/lib/python3.12/site-packages:/home/omar/code/robotics_project/ros2_ws/install/peg_in_hole_metrics/lib/python3.12/site-packages:/home/omar/code/robotics_project/ros2_ws/install/peg_in_hole_description/lib/python3.12/site-packages:/home/omar/code/robotics_project/ros2_ws/install/kuka_task_control/lib/python3.12/site-packages:/home/omar/code/robotics_project/ros2_ws/build/experiment_manager:/home/omar/code/robotics_project/ros2_ws/install/experiment_manager/lib/python3.12/site-packages:${PYTHONPATH} /usr/bin/python3 -W ignore:setup.py install is deprecated -W ignore:easy_install command is deprecated setup.py egg_info --egg-base ../../build/thesis_bringup build --build-base /home/omar/code/robotics_project/ros2_ws/build/thesis_bringup/build install --record /home/omar/code/robotics_project/ros2_ws/build/thesis_bringup/install.log --single-version-externally-managed install_data
[2.293s] running egg_info
[2.330s] writing ../../build/thesis_bringup/thesis_bringup.egg-info/PKG-INFO
[2.330s] writing dependency_links to ../../build/thesis_bringup/thesis_bringup.egg-info/dependency_links.txt
[2.330s] writing entry points to ../../build/thesis_bringup/thesis_bringup.egg-info/entry_points.txt
[2.330s] writing requirements to ../../build/thesis_bringup/thesis_bringup.egg-info/requires.txt
[2.330s] writing top-level names to ../../build/thesis_bringup/thesis_bringup.egg-info/top_level.txt
[2.377s] reading manifest file '../../build/thesis_bringup/thesis_bringup.egg-info/SOURCES.txt'
[2.390s] writing manifest file '../../build/thesis_bringup/thesis_bringup.egg-info/SOURCES.txt'
[2.390s] running build
[2.390s] running build_py
[2.391s] copying thesis_bringup/proposal_simulation_cell_v1_8_control_scaffold_node.py -> /home/omar/code/robotics_project/ros2_ws/build/thesis_bringup/build/lib/thesis_bringup
[2.391s] running install
[2.397s] running install_lib
[2.421s] copying /home/omar/code/robotics_project/ros2_ws/build/thesis_bringup/build/lib/thesis_bringup/proposal_simulation_cell_v1_8_control_scaffold_node.py -> /home/omar/code/robotics_project/ros2_ws/install/thesis_bringup/lib/python3.12/site-packages/thesis_bringup
[2.421s] byte-compiling /home/omar/code/robotics_project/ros2_ws/install/thesis_bringup/lib/python3.12/site-packages/thesis_bringup/proposal_simulation_cell_v1_8_control_scaffold_node.py to proposal_simulation_cell_v1_8_control_scaffold_node.cpython-312.pyc
[2.427s] running install_data
[2.427s] copying launch/proposal_simulation_cell_v1_8_control_development_scaffold.launch.py -> /home/omar/code/robotics_project/ros2_ws/install/thesis_bringup/share/thesis_bringup/launch
[2.428s] copying config/proposal_simulation_cell_v1_8.yaml -> /home/omar/code/robotics_project/ros2_ws/install/thesis_bringup/share/thesis_bringup/config
[2.428s] running install_egg_info
[2.451s] removing '/home/omar/code/robotics_project/ros2_ws/install/thesis_bringup/lib/python3.12/site-packages/thesis_bringup-0.1.0-py3.12.egg-info' (and everything under it)
[2.451s] Copying ../../build/thesis_bringup/thesis_bringup.egg-info to /home/omar/code/robotics_project/ros2_ws/install/thesis_bringup/lib/python3.12/site-packages/thesis_bringup-0.1.0-py3.12.egg-info
[2.459s] running install_scripts
[2.596s] Installing controller_readiness_gate script to /home/omar/code/robotics_project/ros2_ws/install/thesis_bringup/lib/thesis_bringup
[2.597s] Installing proposal_simulation_cell_monitor script to /home/omar/code/robotics_project/ros2_ws/install/thesis_bringup/lib/thesis_bringup
[2.597s] Installing proposal_simulation_cell_v1_1_validator script to /home/omar/code/robotics_project/ros2_ws/install/thesis_bringup/lib/thesis_bringup
[2.597s] Installing proposal_simulation_cell_v1_2_rgbd_validator script to /home/omar/code/robotics_project/ros2_ws/install/thesis_bringup/lib/thesis_bringup
[2.597s] Installing proposal_simulation_cell_v1_3_contact_validator script to /home/omar/code/robotics_project/ros2_ws/install/thesis_bringup/lib/thesis_bringup
[2.597s] Installing proposal_simulation_cell_v1_5_safety_virtual_force_node script to /home/omar/code/robotics_project/ros2_ws/install/thesis_bringup/lib/thesis_bringup
[2.597s] Installing proposal_simulation_cell_v1_6_readiness_gate_node script to /home/omar/code/robotics_project/ros2_ws/install/thesis_bringup/lib/thesis_bringup
[2.597s] Installing proposal_simulation_cell_v1_7_pre_control_contract_node script to /home/omar/code/robotics_project/ros2_ws/install/thesis_bringup/lib/thesis_bringup
[2.597s] Installing proposal_simulation_cell_v1_8_control_scaffold_node script to /home/omar/code/robotics_project/ros2_ws/install/thesis_bringup/lib/thesis_bringup
[2.598s] writing list of installed files to '/home/omar/code/robotics_project/ros2_ws/build/thesis_bringup/install.log'
[2.624s] Invoked command in '/home/omar/code/robotics_project/ros2_ws/src/thesis_bringup' returned '0': AMENT_PREFIX_PATH=/home/omar/code/robotics_project/ros2_ws/install/safety_layer:/home/omar/code/robotics_project/ros2_ws/install/peg_in_hole_metrics:/home/omar/code/robotics_project/ros2_ws/install/peg_in_hole_description:/home/omar/code/robotics_project/ros2_ws/install/kuka_task_control:/home/omar/code/robotics_project/ros2_ws/install/kuka_gazebo:/home/omar/code/robotics_project/ros2_ws/install/experiment_manager:${AMENT_PREFIX_PATH} CMAKE_PREFIX_PATH=/home/omar/code/robotics_project/ros2_ws/install/kuka_gazebo:${CMAKE_PREFIX_PATH} PYTHONPATH=/home/omar/code/robotics_project/ros2_ws/build/thesis_bringup/prefix_override:/usr/lib/python3/dist-packages/colcon_core/task/python/colcon_distutils_commands:/home/omar/code/robotics_project/ros2_ws/install/thesis_bringup/lib/python3.12/site-packages:/home/omar/code/robotics_project/ros2_ws/install/safety_layer/lib/python3.12/site-packages:/home/omar/code/robotics_project/ros2_ws/install/peg_in_hole_metrics/lib/python3.12/site-packages:/home/omar/code/robotics_project/ros2_ws/install/peg_in_hole_description/lib/python3.12/site-packages:/home/omar/code/robotics_project/ros2_ws/install/kuka_task_control/lib/python3.12/site-packages:/home/omar/code/robotics_project/ros2_ws/build/experiment_manager:/home/omar/code/robotics_project/ros2_ws/install/experiment_manager/lib/python3.12/site-packages:${PYTHONPATH} /usr/bin/python3 -W ignore:setup.py install is deprecated -W ignore:easy_install command is deprecated setup.py egg_info --egg-base ../../build/thesis_bringup build --build-base /home/omar/code/robotics_project/ros2_ws/build/thesis_bringup/build install --record /home/omar/code/robotics_project/ros2_ws/build/thesis_bringup/install.log --single-version-externally-managed install_data
