[7.235s] Invoking command in '/home/omar/code/robotics_project/ros2_ws/src/kuka_task_control': PYTHONPATH=/home/omar/code/robotics_project/ros2_ws/build/kuka_task_control/prefix_override:/usr/lib/python3/dist-packages/colcon_core/task/python/colcon_distutils_commands:/home/omar/code/robotics_project/ros2_ws/install/kuka_task_control/lib/python3.12/site-packages:${PYTHONPATH} /usr/bin/python3 -W ignore:setup.py install is deprecated -W ignore:easy_install command is deprecated setup.py egg_info --egg-base ../../build/kuka_task_control build --build-base /home/omar/code/robotics_project/ros2_ws/build/kuka_task_control/build install --record /home/omar/code/robotics_project/ros2_ws/build/kuka_task_control/install.log --single-version-externally-managed install_data
[7.508s] running egg_info
[7.529s] writing ../../build/kuka_task_control/kuka_task_control.egg-info/PKG-INFO
[7.529s] writing dependency_links to ../../build/kuka_task_control/kuka_task_control.egg-info/dependency_links.txt
[7.530s] writing entry points to ../../build/kuka_task_control/kuka_task_control.egg-info/entry_points.txt
[7.530s] writing requirements to ../../build/kuka_task_control/kuka_task_control.egg-info/requires.txt
[7.530s] writing top-level names to ../../build/kuka_task_control/kuka_task_control.egg-info/top_level.txt
[7.572s] reading manifest file '../../build/kuka_task_control/kuka_task_control.egg-info/SOURCES.txt'
[7.597s] writing manifest file '../../build/kuka_task_control/kuka_task_control.egg-info/SOURCES.txt'
[7.597s] running build
[7.597s] running build_py
[7.603s] copying kuka_task_control/robot_description_semantic_diagnostics.py -> /home/omar/code/robotics_project/ros2_ws/build/kuka_task_control/build/lib/kuka_task_control
[7.633s] copying kuka_task_control/moveit_launch_readiness_audit.py -> /home/omar/code/robotics_project/ros2_ws/build/kuka_task_control/build/lib/kuka_task_control
[7.649s] running install
[7.655s] running install_lib
[7.701s] copying /home/omar/code/robotics_project/ros2_ws/build/kuka_task_control/build/lib/kuka_task_control/robot_description_semantic_diagnostics.py -> /home/omar/code/robotics_project/ros2_ws/install/kuka_task_control/lib/python3.12/site-packages/kuka_task_control
[7.702s] copying /home/omar/code/robotics_project/ros2_ws/build/kuka_task_control/build/lib/kuka_task_control/moveit_launch_readiness_audit.py -> /home/omar/code/robotics_project/ros2_ws/install/kuka_task_control/lib/python3.12/site-packages/kuka_task_control
[7.798s] byte-compiling /home/omar/code/robotics_project/ros2_ws/install/kuka_task_control/lib/python3.12/site-packages/kuka_task_control/robot_description_semantic_diagnostics.py to robot_description_semantic_diagnostics.cpython-312.pyc
[7.803s] byte-compiling /home/omar/code/robotics_project/ros2_ws/install/kuka_task_control/lib/python3.12/site-packages/kuka_task_control/moveit_launch_readiness_audit.py to moveit_launch_readiness_audit.cpython-312.pyc
[7.814s] running install_data
[7.815s] running install_egg_info
[7.847s] removing '/home/omar/code/robotics_project/ros2_ws/install/kuka_task_control/lib/python3.12/site-packages/kuka_task_control-0.1.0-py3.12.egg-info' (and everything under it)
[7.859s] Copying ../../build/kuka_task_control/kuka_task_control.egg-info to /home/omar/code/robotics_project/ros2_ws/install/kuka_task_control/lib/python3.12/site-packages/kuka_task_control-0.1.0-py3.12.egg-info
[7.874s] running install_scripts
[8.014s] Installing baseline_joint_sequence_executor script to /home/omar/code/robotics_project/ros2_ws/install/kuka_task_control/lib/kuka_task_control
[8.015s] Installing baseline_trajectory_client script to /home/omar/code/robotics_project/ros2_ws/install/kuka_task_control/lib/kuka_task_control
[8.015s] Installing cartesian_insertion_diagnostics script to /home/omar/code/robotics_project/ros2_ws/install/kuka_task_control/lib/kuka_task_control
[8.023s] Installing cartesian_insertion_dry_run_planner script to /home/omar/code/robotics_project/ros2_ws/install/kuka_task_control/lib/kuka_task_control
[8.023s] Installing cartesian_orientation_target_calculator script to /home/omar/code/robotics_project/ros2_ws/install/kuka_task_control/lib/kuka_task_control
[8.024s] Installing execution_gate_monitor script to /home/omar/code/robotics_project/ros2_ws/install/kuka_task_control/lib/kuka_task_control
[8.024s] Installing ik_backend_audit script to /home/omar/code/robotics_project/ros2_ws/install/kuka_task_control/lib/kuka_task_control
[8.024s] Installing ik_feasibility_diagnostics script to /home/omar/code/robotics_project/ros2_ws/install/kuka_task_control/lib/kuka_task_control
[8.025s] Installing moveit_config_audit script to /home/omar/code/robotics_project/ros2_ws/install/kuka_task_control/lib/kuka_task_control
[8.025s] Installing moveit_launch_readiness_audit script to /home/omar/code/robotics_project/ros2_ws/install/kuka_task_control/lib/kuka_task_control
[8.025s] Installing peg_hole_frame_publisher script to /home/omar/code/robotics_project/ros2_ws/install/kuka_task_control/lib/kuka_task_control
[8.025s] Installing robot_description_semantic_diagnostics script to /home/omar/code/robotics_project/ros2_ws/install/kuka_task_control/lib/kuka_task_control
[8.046s] Installing segmented_contact_executor script to /home/omar/code/robotics_project/ros2_ws/install/kuka_task_control/lib/kuka_task_control
[8.047s] Installing segmented_guarded_contact_executor script to /home/omar/code/robotics_project/ros2_ws/install/kuka_task_control/lib/kuka_task_control
[8.047s] Installing semantic_model_validator script to /home/omar/code/robotics_project/ros2_ws/install/kuka_task_control/lib/kuka_task_control
[8.064s] Installing task_trajectory_executor script to /home/omar/code/robotics_project/ros2_ws/install/kuka_task_control/lib/kuka_task_control
[8.066s] Installing tool_axis_audit script to /home/omar/code/robotics_project/ros2_ws/install/kuka_task_control/lib/kuka_task_control
[8.067s] writing list of installed files to '/home/omar/code/robotics_project/ros2_ws/build/kuka_task_control/install.log'
[8.684s] Invoked command in '/home/omar/code/robotics_project/ros2_ws/src/kuka_task_control' returned '0': PYTHONPATH=/home/omar/code/robotics_project/ros2_ws/build/kuka_task_control/prefix_override:/usr/lib/python3/dist-packages/colcon_core/task/python/colcon_distutils_commands:/home/omar/code/robotics_project/ros2_ws/install/kuka_task_control/lib/python3.12/site-packages:${PYTHONPATH} /usr/bin/python3 -W ignore:setup.py install is deprecated -W ignore:easy_install command is deprecated setup.py egg_info --egg-base ../../build/kuka_task_control build --build-base /home/omar/code/robotics_project/ros2_ws/build/kuka_task_control/build install --record /home/omar/code/robotics_project/ros2_ws/build/kuka_task_control/install.log --single-version-externally-managed install_data
