running egg_info
creating ../../build/thesis_bringup/thesis_bringup.egg-info
writing ../../build/thesis_bringup/thesis_bringup.egg-info/PKG-INFO
writing dependency_links to ../../build/thesis_bringup/thesis_bringup.egg-info/dependency_links.txt
writing entry points to ../../build/thesis_bringup/thesis_bringup.egg-info/entry_points.txt
writing requirements to ../../build/thesis_bringup/thesis_bringup.egg-info/requires.txt
writing top-level names to ../../build/thesis_bringup/thesis_bringup.egg-info/top_level.txt
writing manifest file '../../build/thesis_bringup/thesis_bringup.egg-info/SOURCES.txt'
reading manifest file '../../build/thesis_bringup/thesis_bringup.egg-info/SOURCES.txt'
writing manifest file '../../build/thesis_bringup/thesis_bringup.egg-info/SOURCES.txt'
running build
running build_py
creating /home/omar/code/robotics_project/ros2_ws/build/thesis_bringup/build
creating /home/omar/code/robotics_project/ros2_ws/build/thesis_bringup/build/lib
creating /home/omar/code/robotics_project/ros2_ws/build/thesis_bringup/build/lib/thesis_bringup
copying thesis_bringup/__init__.py -> /home/omar/code/robotics_project/ros2_ws/build/thesis_bringup/build/lib/thesis_bringup
copying thesis_bringup/controller_readiness_gate.py -> /home/omar/code/robotics_project/ros2_ws/build/thesis_bringup/build/lib/thesis_bringup
running install
running install_lib
creating /home/omar/code/robotics_project/ros2_ws/install/thesis_bringup/lib/python3.12/site-packages/thesis_bringup
copying /home/omar/code/robotics_project/ros2_ws/build/thesis_bringup/build/lib/thesis_bringup/__init__.py -> /home/omar/code/robotics_project/ros2_ws/install/thesis_bringup/lib/python3.12/site-packages/thesis_bringup
copying /home/omar/code/robotics_project/ros2_ws/build/thesis_bringup/build/lib/thesis_bringup/controller_readiness_gate.py -> /home/omar/code/robotics_project/ros2_ws/install/thesis_bringup/lib/python3.12/site-packages/thesis_bringup
byte-compiling /home/omar/code/robotics_project/ros2_ws/install/thesis_bringup/lib/python3.12/site-packages/thesis_bringup/__init__.py to __init__.cpython-312.pyc
byte-compiling /home/omar/code/robotics_project/ros2_ws/install/thesis_bringup/lib/python3.12/site-packages/thesis_bringup/controller_readiness_gate.py to controller_readiness_gate.cpython-312.pyc
running install_data
creating /home/omar/code/robotics_project/ros2_ws/install/thesis_bringup/share/ament_index
creating /home/omar/code/robotics_project/ros2_ws/install/thesis_bringup/share/ament_index/resource_index
creating /home/omar/code/robotics_project/ros2_ws/install/thesis_bringup/share/ament_index/resource_index/packages
copying resource/thesis_bringup -> /home/omar/code/robotics_project/ros2_ws/install/thesis_bringup/share/ament_index/resource_index/packages
copying package.xml -> /home/omar/code/robotics_project/ros2_ws/install/thesis_bringup/share/thesis_bringup
copying README.md -> /home/omar/code/robotics_project/ros2_ws/install/thesis_bringup/share/thesis_bringup
creating /home/omar/code/robotics_project/ros2_ws/install/thesis_bringup/share/thesis_bringup/launch
copying launch/research_baseline.launch.py -> /home/omar/code/robotics_project/ros2_ws/install/thesis_bringup/share/thesis_bringup/launch
copying launch/run_research_trial.launch.py -> /home/omar/code/robotics_project/ros2_ws/install/thesis_bringup/share/thesis_bringup/launch
copying launch/run_full_research_trial.launch.py -> /home/omar/code/robotics_project/ros2_ws/install/thesis_bringup/share/thesis_bringup/launch
creating /home/omar/code/robotics_project/ros2_ws/install/thesis_bringup/share/thesis_bringup/config
copying config/research_baseline.yaml -> /home/omar/code/robotics_project/ros2_ws/install/thesis_bringup/share/thesis_bringup/config
copying config/contact_bridge.yaml -> /home/omar/code/robotics_project/ros2_ws/install/thesis_bringup/share/thesis_bringup/config
running install_egg_info
Copying ../../build/thesis_bringup/thesis_bringup.egg-info to /home/omar/code/robotics_project/ros2_ws/install/thesis_bringup/lib/python3.12/site-packages/thesis_bringup-0.1.0-py3.12.egg-info
running install_scripts
Installing controller_readiness_gate script to /home/omar/code/robotics_project/ros2_ws/install/thesis_bringup/bin
writing list of installed files to '/home/omar/code/robotics_project/ros2_ws/build/thesis_bringup/install.log'
