[2.077s] Invoking command in '/home/omar/code/robotics_project/ros2_ws/build/thesis_bringup': AMENT_PREFIX_PATH=/home/omar/code/robotics_project/ros2_ws/install/safety_layer:/home/omar/code/robotics_project/ros2_ws/install/peg_in_hole_metrics:/home/omar/code/robotics_project/ros2_ws/install/peg_in_hole_description:/home/omar/code/robotics_project/ros2_ws/install/kuka_task_control:/home/omar/code/robotics_project/ros2_ws/install/kuka_gazebo:/home/omar/code/robotics_project/ros2_ws/install/experiment_manager:${AMENT_PREFIX_PATH} CMAKE_PREFIX_PATH=/home/omar/code/robotics_project/ros2_ws/install/kuka_gazebo:${CMAKE_PREFIX_PATH} PYTHONPATH=/home/omar/code/robotics_project/ros2_ws/build/thesis_bringup/prefix_override:/usr/lib/python3/dist-packages/colcon_core/task/python/colcon_distutils_commands:/home/omar/code/robotics_project/ros2_ws/install/thesis_bringup/lib/python3.12/site-packages:/home/omar/code/robotics_project/ros2_ws/build/safety_layer:/home/omar/code/robotics_project/ros2_ws/install/safety_layer/lib/python3.12/site-packages:/home/omar/code/robotics_project/ros2_ws/install/peg_in_hole_metrics/lib/python3.12/site-packages:/home/omar/code/robotics_project/ros2_ws/build/peg_in_hole_description:/home/omar/code/robotics_project/ros2_ws/install/peg_in_hole_description/lib/python3.12/site-packages:/home/omar/code/robotics_project/ros2_ws/build/kuka_task_control:/home/omar/code/robotics_project/ros2_ws/install/kuka_task_control/lib/python3.12/site-packages:/home/omar/code/robotics_project/ros2_ws/build/experiment_manager:/home/omar/code/robotics_project/ros2_ws/install/experiment_manager/lib/python3.12/site-packages:${PYTHONPATH} /usr/bin/python3 -W ignore:setup.py install is deprecated -W ignore:easy_install command is deprecated setup.py develop --editable --build-directory /home/omar/code/robotics_project/ros2_ws/build/thesis_bringup/build --no-deps symlink_data
[2.422s] running develop
[2.647s] running egg_info
[2.670s] writing thesis_bringup.egg-info/PKG-INFO
[2.670s] writing dependency_links to thesis_bringup.egg-info/dependency_links.txt
[2.670s] writing entry points to thesis_bringup.egg-info/entry_points.txt
[2.671s] writing requirements to thesis_bringup.egg-info/requires.txt
[2.671s] writing top-level names to thesis_bringup.egg-info/top_level.txt
[2.719s] reading manifest file 'thesis_bringup.egg-info/SOURCES.txt'
[2.720s] writing manifest file 'thesis_bringup.egg-info/SOURCES.txt'
[2.746s] running build_ext
[2.746s] Creating /home/omar/code/robotics_project/ros2_ws/install/thesis_bringup/lib/python3.12/site-packages/thesis-bringup.egg-link (link to .)
[2.747s] Installing controller_readiness_gate script to /home/omar/code/robotics_project/ros2_ws/install/thesis_bringup/lib/thesis_bringup
[2.747s] Installing proposal_simulation_cell_monitor script to /home/omar/code/robotics_project/ros2_ws/install/thesis_bringup/lib/thesis_bringup
[2.747s] Installing proposal_simulation_cell_v1_10_experiment_matrix_node script to /home/omar/code/robotics_project/ros2_ws/install/thesis_bringup/lib/thesis_bringup
[2.748s] Installing proposal_simulation_cell_v1_1_validator script to /home/omar/code/robotics_project/ros2_ws/install/thesis_bringup/lib/thesis_bringup
[2.748s] Installing proposal_simulation_cell_v1_2_rgbd_validator script to /home/omar/code/robotics_project/ros2_ws/install/thesis_bringup/lib/thesis_bringup
[2.748s] Installing proposal_simulation_cell_v1_3_contact_validator script to /home/omar/code/robotics_project/ros2_ws/install/thesis_bringup/lib/thesis_bringup
[2.749s] Installing proposal_simulation_cell_v1_5_safety_virtual_force_node script to /home/omar/code/robotics_project/ros2_ws/install/thesis_bringup/lib/thesis_bringup
[2.749s] Installing proposal_simulation_cell_v1_6_readiness_gate_node script to /home/omar/code/robotics_project/ros2_ws/install/thesis_bringup/lib/thesis_bringup
[2.749s] Installing proposal_simulation_cell_v1_7_pre_control_contract_node script to /home/omar/code/robotics_project/ros2_ws/install/thesis_bringup/lib/thesis_bringup
[2.749s] Installing proposal_simulation_cell_v1_8_control_scaffold_node script to /home/omar/code/robotics_project/ros2_ws/install/thesis_bringup/lib/thesis_bringup
[2.749s] Installing proposal_simulation_cell_v1_9_control_law_dry_run_node script to /home/omar/code/robotics_project/ros2_ws/install/thesis_bringup/lib/thesis_bringup
[2.749s] 
[2.749s] Installed /home/omar/code/robotics_project/ros2_ws/build/thesis_bringup
[2.749s] running symlink_data
[2.750s] symbolically linking /home/omar/code/robotics_project/ros2_ws/build/thesis_bringup/launch/proposal_simulation_cell_v1_10_experiment_configuration_matrix.launch.py -> /home/omar/code/robotics_project/ros2_ws/install/thesis_bringup/share/thesis_bringup/launch
[2.750s] symbolically linking /home/omar/code/robotics_project/ros2_ws/build/thesis_bringup/config/proposal_simulation_cell_v1_10.yaml -> /home/omar/code/robotics_project/ros2_ws/install/thesis_bringup/share/thesis_bringup/config
[2.781s] Invoked command in '/home/omar/code/robotics_project/ros2_ws/build/thesis_bringup' returned '0': AMENT_PREFIX_PATH=/home/omar/code/robotics_project/ros2_ws/install/safety_layer:/home/omar/code/robotics_project/ros2_ws/install/peg_in_hole_metrics:/home/omar/code/robotics_project/ros2_ws/install/peg_in_hole_description:/home/omar/code/robotics_project/ros2_ws/install/kuka_task_control:/home/omar/code/robotics_project/ros2_ws/install/kuka_gazebo:/home/omar/code/robotics_project/ros2_ws/install/experiment_manager:${AMENT_PREFIX_PATH} CMAKE_PREFIX_PATH=/home/omar/code/robotics_project/ros2_ws/install/kuka_gazebo:${CMAKE_PREFIX_PATH} PYTHONPATH=/home/omar/code/robotics_project/ros2_ws/build/thesis_bringup/prefix_override:/usr/lib/python3/dist-packages/colcon_core/task/python/colcon_distutils_commands:/home/omar/code/robotics_project/ros2_ws/install/thesis_bringup/lib/python3.12/site-packages:/home/omar/code/robotics_project/ros2_ws/build/safety_layer:/home/omar/code/robotics_project/ros2_ws/install/safety_layer/lib/python3.12/site-packages:/home/omar/code/robotics_project/ros2_ws/install/peg_in_hole_metrics/lib/python3.12/site-packages:/home/omar/code/robotics_project/ros2_ws/build/peg_in_hole_description:/home/omar/code/robotics_project/ros2_ws/install/peg_in_hole_description/lib/python3.12/site-packages:/home/omar/code/robotics_project/ros2_ws/build/kuka_task_control:/home/omar/code/robotics_project/ros2_ws/install/kuka_task_control/lib/python3.12/site-packages:/home/omar/code/robotics_project/ros2_ws/build/experiment_manager:/home/omar/code/robotics_project/ros2_ws/install/experiment_manager/lib/python3.12/site-packages:${PYTHONPATH} /usr/bin/python3 -W ignore:setup.py install is deprecated -W ignore:easy_install command is deprecated setup.py develop --editable --build-directory /home/omar/code/robotics_project/ros2_ws/build/thesis_bringup/build --no-deps symlink_data
