[5.643s] Invoking command in '/home/omar/code/robotics_project/ros2_ws/build/safety_layer': PYTHONPATH=/home/omar/code/robotics_project/ros2_ws/build/safety_layer/prefix_override:/usr/lib/python3/dist-packages/colcon_core/task/python/colcon_distutils_commands:/home/omar/code/robotics_project/ros2_ws/install/safety_layer/lib/python3.12/site-packages:${PYTHONPATH} /usr/bin/python3 -W ignore:setup.py install is deprecated -W ignore:easy_install command is deprecated setup.py develop --editable --build-directory /home/omar/code/robotics_project/ros2_ws/build/safety_layer/build --no-deps symlink_data --force
[5.994s] running develop
[6.218s] running egg_info
[6.239s] writing safety_layer.egg-info/PKG-INFO
[6.239s] writing dependency_links to safety_layer.egg-info/dependency_links.txt
[6.240s] writing entry points to safety_layer.egg-info/entry_points.txt
[6.240s] writing requirements to safety_layer.egg-info/requires.txt
[6.240s] writing top-level names to safety_layer.egg-info/top_level.txt
[6.285s] reading manifest file 'safety_layer.egg-info/SOURCES.txt'
[6.291s] writing manifest file 'safety_layer.egg-info/SOURCES.txt'
[6.314s] running build_ext
[6.314s] Creating /home/omar/code/robotics_project/ros2_ws/install/safety_layer/lib/python3.12/site-packages/safety-layer.egg-link (link to .)
[6.315s] Installing safety_monitor script to /home/omar/code/robotics_project/ros2_ws/install/safety_layer/lib/safety_layer
[6.315s] 
[6.315s] Installed /home/omar/code/robotics_project/ros2_ws/build/safety_layer
[6.315s] running symlink_data
[6.321s] symbolically linking /home/omar/code/robotics_project/ros2_ws/build/safety_layer/resource/safety_layer -> /home/omar/code/robotics_project/ros2_ws/install/safety_layer/share/ament_index/resource_index/packages
[6.328s] symbolically linking /home/omar/code/robotics_project/ros2_ws/build/safety_layer/package.xml -> /home/omar/code/robotics_project/ros2_ws/install/safety_layer/share/safety_layer
[6.328s] symbolically linking /home/omar/code/robotics_project/ros2_ws/build/safety_layer/README.md -> /home/omar/code/robotics_project/ros2_ws/install/safety_layer/share/safety_layer
[6.329s] symbolically linking /home/omar/code/robotics_project/ros2_ws/build/safety_layer/launch/safety_layer.launch.py -> /home/omar/code/robotics_project/ros2_ws/install/safety_layer/share/safety_layer/launch
[6.329s] symbolically linking /home/omar/code/robotics_project/ros2_ws/build/safety_layer/launch/safety_monitor.launch.py -> /home/omar/code/robotics_project/ros2_ws/install/safety_layer/share/safety_layer/launch
[6.338s] symbolically linking /home/omar/code/robotics_project/ros2_ws/build/safety_layer/config/safety_limits.yaml -> /home/omar/code/robotics_project/ros2_ws/install/safety_layer/share/safety_layer/config
[6.377s] Invoked command in '/home/omar/code/robotics_project/ros2_ws/build/safety_layer' returned '0': PYTHONPATH=/home/omar/code/robotics_project/ros2_ws/build/safety_layer/prefix_override:/usr/lib/python3/dist-packages/colcon_core/task/python/colcon_distutils_commands:/home/omar/code/robotics_project/ros2_ws/install/safety_layer/lib/python3.12/site-packages:${PYTHONPATH} /usr/bin/python3 -W ignore:setup.py install is deprecated -W ignore:easy_install command is deprecated setup.py develop --editable --build-directory /home/omar/code/robotics_project/ros2_ws/build/safety_layer/build --no-deps symlink_data --force
