-- Install configuration: ""
-- Up-to-date: /home/omar/code/robotics_project/ros2_ws/install/kuka_lbr_iisy_support/share/kuka_lbr_iisy_support/launch
-- Up-to-date: /home/omar/code/robotics_project/ros2_ws/install/kuka_lbr_iisy_support/share/kuka_lbr_iisy_support/launch/test_lbr_iisy3_r760.launch.py
-- Up-to-date: /home/omar/code/robotics_project/ros2_ws/install/kuka_lbr_iisy_support/share/kuka_lbr_iisy_support/launch/test_lbr_iisy15_r930.launch.py
-- Up-to-date: /home/omar/code/robotics_project/ros2_ws/install/kuka_lbr_iisy_support/share/kuka_lbr_iisy_support/launch/test_lbr_iisy11_r1300.launch.py
-- Up-to-date: /home/omar/code/robotics_project/ros2_ws/install/kuka_lbr_iisy_support/share/kuka_lbr_iisy_support/meshes
-- Up-to-date: /home/omar/code/robotics_project/ros2_ws/install/kuka_lbr_iisy_support/share/kuka_lbr_iisy_support/meshes/lbr_iisy3_r760
-- Up-to-date: /home/omar/code/robotics_project/ros2_ws/install/kuka_lbr_iisy_support/share/kuka_lbr_iisy_support/meshes/lbr_iisy3_r760/visual
-- Up-to-date: /home/omar/code/robotics_project/ros2_ws/install/kuka_lbr_iisy_support/share/kuka_lbr_iisy_support/meshes/lbr_iisy3_r760/visual/link_5.stl
-- Up-to-date: /home/omar/code/robotics_project/ros2_ws/install/kuka_lbr_iisy_support/share/kuka_lbr_iisy_support/meshes/lbr_iisy3_r760/visual/link_4.stl
-- Up-to-date: /home/omar/code/robotics_project/ros2_ws/install/kuka_lbr_iisy_support/share/kuka_lbr_iisy_support/meshes/lbr_iisy3_r760/visual/link_2.stl
-- Up-to-date: /home/omar/code/robotics_project/ros2_ws/install/kuka_lbr_iisy_support/share/kuka_lbr_iisy_support/meshes/lbr_iisy3_r760/visual/base_link.stl
-- Up-to-date: /home/omar/code/robotics_project/ros2_ws/install/kuka_lbr_iisy_support/share/kuka_lbr_iisy_support/meshes/lbr_iisy3_r760/visual/link_6.stl
-- Up-to-date: /home/omar/code/robotics_project/ros2_ws/install/kuka_lbr_iisy_support/share/kuka_lbr_iisy_support/meshes/lbr_iisy3_r760/visual/link_3.stl
-- Up-to-date: /home/omar/code/robotics_project/ros2_ws/install/kuka_lbr_iisy_support/share/kuka_lbr_iisy_support/meshes/lbr_iisy3_r760/visual/link_1.stl
-- Up-to-date: /home/omar/code/robotics_project/ros2_ws/install/kuka_lbr_iisy_support/share/kuka_lbr_iisy_support/meshes/lbr_iisy3_r760/collision
-- Up-to-date: /home/omar/code/robotics_project/ros2_ws/install/kuka_lbr_iisy_support/share/kuka_lbr_iisy_support/meshes/lbr_iisy3_r760/collision/link_5.stl
-- Up-to-date: /home/omar/code/robotics_project/ros2_ws/install/kuka_lbr_iisy_support/share/kuka_lbr_iisy_support/meshes/lbr_iisy3_r760/collision/link_4.stl
-- Up-to-date: /home/omar/code/robotics_project/ros2_ws/install/kuka_lbr_iisy_support/share/kuka_lbr_iisy_support/meshes/lbr_iisy3_r760/collision/link_2.stl
-- Up-to-date: /home/omar/code/robotics_project/ros2_ws/install/kuka_lbr_iisy_support/share/kuka_lbr_iisy_support/meshes/lbr_iisy3_r760/collision/base_link.stl
-- Up-to-date: /home/omar/code/robotics_project/ros2_ws/install/kuka_lbr_iisy_support/share/kuka_lbr_iisy_support/meshes/lbr_iisy3_r760/collision/link_6.stl
-- Up-to-date: /home/omar/code/robotics_project/ros2_ws/install/kuka_lbr_iisy_support/share/kuka_lbr_iisy_support/meshes/lbr_iisy3_r760/collision/link_3.stl
-- Up-to-date: /home/omar/code/robotics_project/ros2_ws/install/kuka_lbr_iisy_support/share/kuka_lbr_iisy_support/meshes/lbr_iisy3_r760/collision/link_1.stl
-- Up-to-date: /home/omar/code/robotics_project/ros2_ws/install/kuka_lbr_iisy_support/share/kuka_lbr_iisy_support/meshes/lbr_iisy15_r930
-- Up-to-date: /home/omar/code/robotics_project/ros2_ws/install/kuka_lbr_iisy_support/share/kuka_lbr_iisy_support/meshes/lbr_iisy15_r930/visual
-- Up-to-date: /home/omar/code/robotics_project/ros2_ws/install/kuka_lbr_iisy_support/share/kuka_lbr_iisy_support/meshes/lbr_iisy15_r930/visual/link_5.stl
-- Up-to-date: /home/omar/code/robotics_project/ros2_ws/install/kuka_lbr_iisy_support/share/kuka_lbr_iisy_support/meshes/lbr_iisy15_r930/visual/link_4.stl
-- Up-to-date: /home/omar/code/robotics_project/ros2_ws/install/kuka_lbr_iisy_support/share/kuka_lbr_iisy_support/meshes/lbr_iisy15_r930/visual/link_2.stl
-- Up-to-date: /home/omar/code/robotics_project/ros2_ws/install/kuka_lbr_iisy_support/share/kuka_lbr_iisy_support/meshes/lbr_iisy15_r930/visual/base_link.stl
-- Up-to-date: /home/omar/code/robotics_project/ros2_ws/install/kuka_lbr_iisy_support/share/kuka_lbr_iisy_support/meshes/lbr_iisy15_r930/visual/link_6.stl
-- Up-to-date: /home/omar/code/robotics_project/ros2_ws/install/kuka_lbr_iisy_support/share/kuka_lbr_iisy_support/meshes/lbr_iisy15_r930/visual/link_3.stl
-- Up-to-date: /home/omar/code/robotics_project/ros2_ws/install/kuka_lbr_iisy_support/share/kuka_lbr_iisy_support/meshes/lbr_iisy15_r930/visual/link_1.stl
-- Up-to-date: /home/omar/code/robotics_project/ros2_ws/install/kuka_lbr_iisy_support/share/kuka_lbr_iisy_support/meshes/lbr_iisy15_r930/collision
-- Up-to-date: /home/omar/code/robotics_project/ros2_ws/install/kuka_lbr_iisy_support/share/kuka_lbr_iisy_support/meshes/lbr_iisy15_r930/collision/link_5.stl
-- Up-to-date: /home/omar/code/robotics_project/ros2_ws/install/kuka_lbr_iisy_support/share/kuka_lbr_iisy_support/meshes/lbr_iisy15_r930/collision/link_4.stl
-- Up-to-date: /home/omar/code/robotics_project/ros2_ws/install/kuka_lbr_iisy_support/share/kuka_lbr_iisy_support/meshes/lbr_iisy15_r930/collision/link_2.stl
-- Up-to-date: /home/omar/code/robotics_project/ros2_ws/install/kuka_lbr_iisy_support/share/kuka_lbr_iisy_support/meshes/lbr_iisy15_r930/collision/base_link.stl
-- Up-to-date: /home/omar/code/robotics_project/ros2_ws/install/kuka_lbr_iisy_support/share/kuka_lbr_iisy_support/meshes/lbr_iisy15_r930/collision/link_6.stl
-- Up-to-date: /home/omar/code/robotics_project/ros2_ws/install/kuka_lbr_iisy_support/share/kuka_lbr_iisy_support/meshes/lbr_iisy15_r930/collision/link_3.stl
-- Up-to-date: /home/omar/code/robotics_project/ros2_ws/install/kuka_lbr_iisy_support/share/kuka_lbr_iisy_support/meshes/lbr_iisy15_r930/collision/link_1.stl
-- Up-to-date: /home/omar/code/robotics_project/ros2_ws/install/kuka_lbr_iisy_support/share/kuka_lbr_iisy_support/meshes/lbr_iisy11_r1300
-- Up-to-date: /home/omar/code/robotics_project/ros2_ws/install/kuka_lbr_iisy_support/share/kuka_lbr_iisy_support/meshes/lbr_iisy11_r1300/visual
-- Up-to-date: /home/omar/code/robotics_project/ros2_ws/install/kuka_lbr_iisy_support/share/kuka_lbr_iisy_support/meshes/lbr_iisy11_r1300/visual/link_5.stl
-- Up-to-date: /home/omar/code/robotics_project/ros2_ws/install/kuka_lbr_iisy_support/share/kuka_lbr_iisy_support/meshes/lbr_iisy11_r1300/visual/link_4.stl
-- Up-to-date: /home/omar/code/robotics_project/ros2_ws/install/kuka_lbr_iisy_support/share/kuka_lbr_iisy_support/meshes/lbr_iisy11_r1300/visual/link_2.stl
-- Up-to-date: /home/omar/code/robotics_project/ros2_ws/install/kuka_lbr_iisy_support/share/kuka_lbr_iisy_support/meshes/lbr_iisy11_r1300/visual/base_link.stl
-- Up-to-date: /home/omar/code/robotics_project/ros2_ws/install/kuka_lbr_iisy_support/share/kuka_lbr_iisy_support/meshes/lbr_iisy11_r1300/visual/link_6.stl
-- Up-to-date: /home/omar/code/robotics_project/ros2_ws/install/kuka_lbr_iisy_support/share/kuka_lbr_iisy_support/meshes/lbr_iisy11_r1300/visual/link_3.stl
-- Up-to-date: /home/omar/code/robotics_project/ros2_ws/install/kuka_lbr_iisy_support/share/kuka_lbr_iisy_support/meshes/lbr_iisy11_r1300/visual/link_1.stl
-- Up-to-date: /home/omar/code/robotics_project/ros2_ws/install/kuka_lbr_iisy_support/share/kuka_lbr_iisy_support/meshes/lbr_iisy11_r1300/collision
-- Up-to-date: /home/omar/code/robotics_project/ros2_ws/install/kuka_lbr_iisy_support/share/kuka_lbr_iisy_support/meshes/lbr_iisy11_r1300/collision/link_5.stl
-- Up-to-date: /home/omar/code/robotics_project/ros2_ws/install/kuka_lbr_iisy_support/share/kuka_lbr_iisy_support/meshes/lbr_iisy11_r1300/collision/link_4.stl
-- Up-to-date: /home/omar/code/robotics_project/ros2_ws/install/kuka_lbr_iisy_support/share/kuka_lbr_iisy_support/meshes/lbr_iisy11_r1300/collision/link_2.stl
-- Up-to-date: /home/omar/code/robotics_project/ros2_ws/install/kuka_lbr_iisy_support/share/kuka_lbr_iisy_support/meshes/lbr_iisy11_r1300/collision/base_link.stl
-- Up-to-date: /home/omar/code/robotics_project/ros2_ws/install/kuka_lbr_iisy_support/share/kuka_lbr_iisy_support/meshes/lbr_iisy11_r1300/collision/link_6.stl
-- Up-to-date: /home/omar/code/robotics_project/ros2_ws/install/kuka_lbr_iisy_support/share/kuka_lbr_iisy_support/meshes/lbr_iisy11_r1300/collision/link_3.stl
-- Up-to-date: /home/omar/code/robotics_project/ros2_ws/install/kuka_lbr_iisy_support/share/kuka_lbr_iisy_support/meshes/lbr_iisy11_r1300/collision/link_1.stl
-- Up-to-date: /home/omar/code/robotics_project/ros2_ws/install/kuka_lbr_iisy_support/share/kuka_lbr_iisy_support/urdf
-- Up-to-date: /home/omar/code/robotics_project/ros2_ws/install/kuka_lbr_iisy_support/share/kuka_lbr_iisy_support/urdf/lbr_iisy_ros2_control_macro.xacro
-- Up-to-date: /home/omar/code/robotics_project/ros2_ws/install/kuka_lbr_iisy_support/share/kuka_lbr_iisy_support/urdf/lbr_iisy11_r1300_macro.xacro
-- Up-to-date: /home/omar/code/robotics_project/ros2_ws/install/kuka_lbr_iisy_support/share/kuka_lbr_iisy_support/urdf/lbr_iisy15_r930_macro.xacro
-- Up-to-date: /home/omar/code/robotics_project/ros2_ws/install/kuka_lbr_iisy_support/share/kuka_lbr_iisy_support/urdf/lbr_iisy15_r930.urdf.xacro
-- Up-to-date: /home/omar/code/robotics_project/ros2_ws/install/kuka_lbr_iisy_support/share/kuka_lbr_iisy_support/urdf/lbr_iisy3_r760_macro.xacro
-- Up-to-date: /home/omar/code/robotics_project/ros2_ws/install/kuka_lbr_iisy_support/share/kuka_lbr_iisy_support/urdf/lbr_iisy3_r760.urdf.xacro
-- Up-to-date: /home/omar/code/robotics_project/ros2_ws/install/kuka_lbr_iisy_support/share/kuka_lbr_iisy_support/urdf/lbr_iisy11_r1300.urdf.xacro
-- Up-to-date: /home/omar/code/robotics_project/ros2_ws/install/kuka_lbr_iisy_support/share/kuka_lbr_iisy_support/config
-- Up-to-date: /home/omar/code/robotics_project/ros2_ws/install/kuka_lbr_iisy_support/share/kuka_lbr_iisy_support/config/lbr_iisy15_r930_joint_limits.yaml
-- Up-to-date: /home/omar/code/robotics_project/ros2_ws/install/kuka_lbr_iisy_support/share/kuka_lbr_iisy_support/config/lbr_iisy11_r1300_joint_limits.yaml
-- Up-to-date: /home/omar/code/robotics_project/ros2_ws/install/kuka_lbr_iisy_support/share/kuka_lbr_iisy_support/config/lbr_iisy3_r760_joint_limits.yaml
-- Up-to-date: /home/omar/code/robotics_project/ros2_ws/install/kuka_lbr_iisy_support/share/kuka_lbr_iisy_support/environment/kuka_lbr_iisy_support.dsv
-- Up-to-date: /home/omar/code/robotics_project/ros2_ws/install/kuka_lbr_iisy_support/share/ament_index/resource_index/package_run_dependencies/kuka_lbr_iisy_support
-- Up-to-date: /home/omar/code/robotics_project/ros2_ws/install/kuka_lbr_iisy_support/share/ament_index/resource_index/parent_prefix_path/kuka_lbr_iisy_support
-- Up-to-date: /home/omar/code/robotics_project/ros2_ws/install/kuka_lbr_iisy_support/share/kuka_lbr_iisy_support/environment/ament_prefix_path.sh
-- Up-to-date: /home/omar/code/robotics_project/ros2_ws/install/kuka_lbr_iisy_support/share/kuka_lbr_iisy_support/environment/ament_prefix_path.dsv
-- Up-to-date: /home/omar/code/robotics_project/ros2_ws/install/kuka_lbr_iisy_support/share/kuka_lbr_iisy_support/environment/path.sh
-- Up-to-date: /home/omar/code/robotics_project/ros2_ws/install/kuka_lbr_iisy_support/share/kuka_lbr_iisy_support/environment/path.dsv
-- Up-to-date: /home/omar/code/robotics_project/ros2_ws/install/kuka_lbr_iisy_support/share/kuka_lbr_iisy_support/local_setup.bash
-- Up-to-date: /home/omar/code/robotics_project/ros2_ws/install/kuka_lbr_iisy_support/share/kuka_lbr_iisy_support/local_setup.sh
-- Up-to-date: /home/omar/code/robotics_project/ros2_ws/install/kuka_lbr_iisy_support/share/kuka_lbr_iisy_support/local_setup.zsh
-- Up-to-date: /home/omar/code/robotics_project/ros2_ws/install/kuka_lbr_iisy_support/share/kuka_lbr_iisy_support/local_setup.dsv
-- Installing: /home/omar/code/robotics_project/ros2_ws/install/kuka_lbr_iisy_support/share/kuka_lbr_iisy_support/package.dsv
-- Up-to-date: /home/omar/code/robotics_project/ros2_ws/install/kuka_lbr_iisy_support/share/ament_index/resource_index/packages/kuka_lbr_iisy_support
-- Up-to-date: /home/omar/code/robotics_project/ros2_ws/install/kuka_lbr_iisy_support/share/kuka_lbr_iisy_support/cmake/kuka_lbr_iisy_supportConfig.cmake
-- Up-to-date: /home/omar/code/robotics_project/ros2_ws/install/kuka_lbr_iisy_support/share/kuka_lbr_iisy_support/cmake/kuka_lbr_iisy_supportConfig-version.cmake
-- Up-to-date: /home/omar/code/robotics_project/ros2_ws/install/kuka_lbr_iisy_support/share/kuka_lbr_iisy_support/package.xml
