running egg_info
writing ../../build/peg_in_hole_description/peg_in_hole_description.egg-info/PKG-INFO
writing dependency_links to ../../build/peg_in_hole_description/peg_in_hole_description.egg-info/dependency_links.txt
writing requirements to ../../build/peg_in_hole_description/peg_in_hole_description.egg-info/requires.txt
writing top-level names to ../../build/peg_in_hole_description/peg_in_hole_description.egg-info/top_level.txt
reading manifest file '../../build/peg_in_hole_description/peg_in_hole_description.egg-info/SOURCES.txt'
writing manifest file '../../build/peg_in_hole_description/peg_in_hole_description.egg-info/SOURCES.txt'
running build
running build_py
running install
running install_lib
running install_data
copying worlds/peg_in_hole_contact_validation_world.sdf -> /home/omar/code/robotics_project/ros2_ws/install/peg_in_hole_description/share/peg_in_hole_description/worlds
creating /home/omar/code/robotics_project/ros2_ws/install/peg_in_hole_description/share/peg_in_hole_description/models/contact_validation_pad
copying models/contact_validation_pad/model.sdf -> /home/omar/code/robotics_project/ros2_ws/install/peg_in_hole_description/share/peg_in_hole_description/models/contact_validation_pad
copying models/contact_validation_pad/model.config -> /home/omar/code/robotics_project/ros2_ws/install/peg_in_hole_description/share/peg_in_hole_description/models/contact_validation_pad
running install_egg_info
removing '/home/omar/code/robotics_project/ros2_ws/install/peg_in_hole_description/lib/python3.12/site-packages/peg_in_hole_description-0.1.0-py3.12.egg-info' (and everything under it)
Copying ../../build/peg_in_hole_description/peg_in_hole_description.egg-info to /home/omar/code/robotics_project/ros2_ws/install/peg_in_hole_description/lib/python3.12/site-packages/peg_in_hole_description-0.1.0-py3.12.egg-info
running install_scripts
writing list of installed files to '/home/omar/code/robotics_project/ros2_ws/build/peg_in_hole_description/install.log'
