[3.323s] Invoking command in '/home/omar/code/robotics_project/ros2_ws/src/safety_layer': PYTHONPATH=/home/omar/code/robotics_project/ros2_ws/build/safety_layer/prefix_override:/usr/lib/python3/dist-packages/colcon_core/task/python/colcon_distutils_commands:/home/omar/code/robotics_project/ros2_ws/install/safety_layer/lib/python3.12/site-packages:${PYTHONPATH} /usr/bin/python3 -W ignore:setup.py install is deprecated -W ignore:easy_install command is deprecated setup.py egg_info --egg-base ../../build/safety_layer build --build-base /home/omar/code/robotics_project/ros2_ws/build/safety_layer/build install --record /home/omar/code/robotics_project/ros2_ws/build/safety_layer/install.log --single-version-externally-managed install_data
[3.885s] running egg_info
[3.917s] writing ../../build/safety_layer/safety_layer.egg-info/PKG-INFO
[3.917s] writing dependency_links to ../../build/safety_layer/safety_layer.egg-info/dependency_links.txt
[3.917s] writing entry points to ../../build/safety_layer/safety_layer.egg-info/entry_points.txt
[3.917s] writing requirements to ../../build/safety_layer/safety_layer.egg-info/requires.txt
[3.917s] writing top-level names to ../../build/safety_layer/safety_layer.egg-info/top_level.txt
[4.012s] reading manifest file '../../build/safety_layer/safety_layer.egg-info/SOURCES.txt'
[4.013s] writing manifest file '../../build/safety_layer/safety_layer.egg-info/SOURCES.txt'
[4.013s] running build
[4.013s] running build_py
[4.013s] copying safety_layer/safety_monitor.py -> /home/omar/code/robotics_project/ros2_ws/build/safety_layer/build/lib/safety_layer
[4.013s] running install
[4.041s] running install_lib
[4.073s] copying /home/omar/code/robotics_project/ros2_ws/build/safety_layer/build/lib/safety_layer/safety_monitor.py -> /home/omar/code/robotics_project/ros2_ws/install/safety_layer/lib/python3.12/site-packages/safety_layer
[4.074s] byte-compiling /home/omar/code/robotics_project/ros2_ws/install/safety_layer/lib/python3.12/site-packages/safety_layer/safety_monitor.py to safety_monitor.cpython-312.pyc
[4.091s] running install_data
[4.092s] running install_egg_info
[4.128s] removing '/home/omar/code/robotics_project/ros2_ws/install/safety_layer/lib/python3.12/site-packages/safety_layer-0.1.0-py3.12.egg-info' (and everything under it)
[4.129s] Copying ../../build/safety_layer/safety_layer.egg-info to /home/omar/code/robotics_project/ros2_ws/install/safety_layer/lib/python3.12/site-packages/safety_layer-0.1.0-py3.12.egg-info
[4.130s] running install_scripts
[4.381s] Installing safety_monitor script to /home/omar/code/robotics_project/ros2_ws/install/safety_layer/lib/safety_layer
[4.381s] writing list of installed files to '/home/omar/code/robotics_project/ros2_ws/build/safety_layer/install.log'
[4.482s] Invoked command in '/home/omar/code/robotics_project/ros2_ws/src/safety_layer' returned '0': PYTHONPATH=/home/omar/code/robotics_project/ros2_ws/build/safety_layer/prefix_override:/usr/lib/python3/dist-packages/colcon_core/task/python/colcon_distutils_commands:/home/omar/code/robotics_project/ros2_ws/install/safety_layer/lib/python3.12/site-packages:${PYTHONPATH} /usr/bin/python3 -W ignore:setup.py install is deprecated -W ignore:easy_install command is deprecated setup.py egg_info --egg-base ../../build/safety_layer build --build-base /home/omar/code/robotics_project/ros2_ws/build/safety_layer/build install --record /home/omar/code/robotics_project/ros2_ws/build/safety_layer/install.log --single-version-externally-managed install_data
