running egg_info
creating ../../build/peg_in_hole_metrics/peg_in_hole_metrics.egg-info
writing ../../build/peg_in_hole_metrics/peg_in_hole_metrics.egg-info/PKG-INFO
writing dependency_links to ../../build/peg_in_hole_metrics/peg_in_hole_metrics.egg-info/dependency_links.txt
writing entry points to ../../build/peg_in_hole_metrics/peg_in_hole_metrics.egg-info/entry_points.txt
writing requirements to ../../build/peg_in_hole_metrics/peg_in_hole_metrics.egg-info/requires.txt
writing top-level names to ../../build/peg_in_hole_metrics/peg_in_hole_metrics.egg-info/top_level.txt
writing manifest file '../../build/peg_in_hole_metrics/peg_in_hole_metrics.egg-info/SOURCES.txt'
reading manifest file '../../build/peg_in_hole_metrics/peg_in_hole_metrics.egg-info/SOURCES.txt'
writing manifest file '../../build/peg_in_hole_metrics/peg_in_hole_metrics.egg-info/SOURCES.txt'
running build
running build_py
creating /home/omar/code/robotics_project/ros2_ws/build/peg_in_hole_metrics/build
creating /home/omar/code/robotics_project/ros2_ws/build/peg_in_hole_metrics/build/lib
creating /home/omar/code/robotics_project/ros2_ws/build/peg_in_hole_metrics/build/lib/peg_in_hole_metrics
copying peg_in_hole_metrics/__init__.py -> /home/omar/code/robotics_project/ros2_ws/build/peg_in_hole_metrics/build/lib/peg_in_hole_metrics
copying peg_in_hole_metrics/contact_metrics_node.py -> /home/omar/code/robotics_project/ros2_ws/build/peg_in_hole_metrics/build/lib/peg_in_hole_metrics
running install
running install_lib
creating /home/omar/code/robotics_project/ros2_ws/install/peg_in_hole_metrics/lib/python3.12/site-packages/peg_in_hole_metrics
copying /home/omar/code/robotics_project/ros2_ws/build/peg_in_hole_metrics/build/lib/peg_in_hole_metrics/__init__.py -> /home/omar/code/robotics_project/ros2_ws/install/peg_in_hole_metrics/lib/python3.12/site-packages/peg_in_hole_metrics
copying /home/omar/code/robotics_project/ros2_ws/build/peg_in_hole_metrics/build/lib/peg_in_hole_metrics/contact_metrics_node.py -> /home/omar/code/robotics_project/ros2_ws/install/peg_in_hole_metrics/lib/python3.12/site-packages/peg_in_hole_metrics
byte-compiling /home/omar/code/robotics_project/ros2_ws/install/peg_in_hole_metrics/lib/python3.12/site-packages/peg_in_hole_metrics/__init__.py to __init__.cpython-312.pyc
byte-compiling /home/omar/code/robotics_project/ros2_ws/install/peg_in_hole_metrics/lib/python3.12/site-packages/peg_in_hole_metrics/contact_metrics_node.py to contact_metrics_node.cpython-312.pyc
running install_data
creating /home/omar/code/robotics_project/ros2_ws/install/peg_in_hole_metrics/share/ament_index
creating /home/omar/code/robotics_project/ros2_ws/install/peg_in_hole_metrics/share/ament_index/resource_index
creating /home/omar/code/robotics_project/ros2_ws/install/peg_in_hole_metrics/share/ament_index/resource_index/packages
copying resource/peg_in_hole_metrics -> /home/omar/code/robotics_project/ros2_ws/install/peg_in_hole_metrics/share/ament_index/resource_index/packages
copying package.xml -> /home/omar/code/robotics_project/ros2_ws/install/peg_in_hole_metrics/share/peg_in_hole_metrics
creating /home/omar/code/robotics_project/ros2_ws/install/peg_in_hole_metrics/share/peg_in_hole_metrics/config
copying config/contact_metrics.yaml -> /home/omar/code/robotics_project/ros2_ws/install/peg_in_hole_metrics/share/peg_in_hole_metrics/config
creating /home/omar/code/robotics_project/ros2_ws/install/peg_in_hole_metrics/share/peg_in_hole_metrics/launch
copying launch/contact_metrics.launch.py -> /home/omar/code/robotics_project/ros2_ws/install/peg_in_hole_metrics/share/peg_in_hole_metrics/launch
running install_egg_info
Copying ../../build/peg_in_hole_metrics/peg_in_hole_metrics.egg-info to /home/omar/code/robotics_project/ros2_ws/install/peg_in_hole_metrics/lib/python3.12/site-packages/peg_in_hole_metrics-0.1.0-py3.12.egg-info
running install_scripts
Installing contact_metrics_node script to /home/omar/code/robotics_project/ros2_ws/install/peg_in_hole_metrics/lib/peg_in_hole_metrics
writing list of installed files to '/home/omar/code/robotics_project/ros2_ws/build/peg_in_hole_metrics/install.log'
