[2.014s] Invoking command in '/home/omar/code/robotics_project/ros2_ws/src/peg_in_hole_metrics': PYTHONPATH=/home/omar/code/robotics_project/ros2_ws/build/peg_in_hole_metrics/prefix_override:/usr/lib/python3/dist-packages/colcon_core/task/python/colcon_distutils_commands:/home/omar/code/robotics_project/ros2_ws/install/peg_in_hole_metrics/lib/python3.12/site-packages:${PYTHONPATH} /usr/bin/python3 -W ignore:setup.py install is deprecated -W ignore:easy_install command is deprecated setup.py egg_info --egg-base ../../build/peg_in_hole_metrics build --build-base /home/omar/code/robotics_project/ros2_ws/build/peg_in_hole_metrics/build install --record /home/omar/code/robotics_project/ros2_ws/build/peg_in_hole_metrics/install.log --single-version-externally-managed install_data
[2.346s] running egg_info
[2.346s] creating ../../build/peg_in_hole_metrics/peg_in_hole_metrics.egg-info
[2.368s] writing ../../build/peg_in_hole_metrics/peg_in_hole_metrics.egg-info/PKG-INFO
[2.368s] writing dependency_links to ../../build/peg_in_hole_metrics/peg_in_hole_metrics.egg-info/dependency_links.txt
[2.368s] writing entry points to ../../build/peg_in_hole_metrics/peg_in_hole_metrics.egg-info/entry_points.txt
[2.369s] writing requirements to ../../build/peg_in_hole_metrics/peg_in_hole_metrics.egg-info/requires.txt
[2.369s] writing top-level names to ../../build/peg_in_hole_metrics/peg_in_hole_metrics.egg-info/top_level.txt
[2.369s] writing manifest file '../../build/peg_in_hole_metrics/peg_in_hole_metrics.egg-info/SOURCES.txt'
[2.416s] reading manifest file '../../build/peg_in_hole_metrics/peg_in_hole_metrics.egg-info/SOURCES.txt'
[2.416s] writing manifest file '../../build/peg_in_hole_metrics/peg_in_hole_metrics.egg-info/SOURCES.txt'
[2.416s] running build
[2.416s] running build_py
[2.417s] creating /home/omar/code/robotics_project/ros2_ws/build/peg_in_hole_metrics/build
[2.417s] creating /home/omar/code/robotics_project/ros2_ws/build/peg_in_hole_metrics/build/lib
[2.417s] creating /home/omar/code/robotics_project/ros2_ws/build/peg_in_hole_metrics/build/lib/peg_in_hole_metrics
[2.417s] copying peg_in_hole_metrics/__init__.py -> /home/omar/code/robotics_project/ros2_ws/build/peg_in_hole_metrics/build/lib/peg_in_hole_metrics
[2.417s] copying peg_in_hole_metrics/contact_metrics_node.py -> /home/omar/code/robotics_project/ros2_ws/build/peg_in_hole_metrics/build/lib/peg_in_hole_metrics
[2.418s] running install
[2.424s] running install_lib
[2.450s] creating /home/omar/code/robotics_project/ros2_ws/install/peg_in_hole_metrics/lib/python3.12/site-packages/peg_in_hole_metrics
[2.450s] copying /home/omar/code/robotics_project/ros2_ws/build/peg_in_hole_metrics/build/lib/peg_in_hole_metrics/__init__.py -> /home/omar/code/robotics_project/ros2_ws/install/peg_in_hole_metrics/lib/python3.12/site-packages/peg_in_hole_metrics
[2.450s] copying /home/omar/code/robotics_project/ros2_ws/build/peg_in_hole_metrics/build/lib/peg_in_hole_metrics/contact_metrics_node.py -> /home/omar/code/robotics_project/ros2_ws/install/peg_in_hole_metrics/lib/python3.12/site-packages/peg_in_hole_metrics
[2.451s] byte-compiling /home/omar/code/robotics_project/ros2_ws/install/peg_in_hole_metrics/lib/python3.12/site-packages/peg_in_hole_metrics/__init__.py to __init__.cpython-312.pyc
[2.452s] byte-compiling /home/omar/code/robotics_project/ros2_ws/install/peg_in_hole_metrics/lib/python3.12/site-packages/peg_in_hole_metrics/contact_metrics_node.py to contact_metrics_node.cpython-312.pyc
[2.454s] running install_data
[2.454s] creating /home/omar/code/robotics_project/ros2_ws/install/peg_in_hole_metrics/share/ament_index
[2.455s] creating /home/omar/code/robotics_project/ros2_ws/install/peg_in_hole_metrics/share/ament_index/resource_index
[2.455s] creating /home/omar/code/robotics_project/ros2_ws/install/peg_in_hole_metrics/share/ament_index/resource_index/packages
[2.455s] copying resource/peg_in_hole_metrics -> /home/omar/code/robotics_project/ros2_ws/install/peg_in_hole_metrics/share/ament_index/resource_index/packages
[2.456s] copying package.xml -> /home/omar/code/robotics_project/ros2_ws/install/peg_in_hole_metrics/share/peg_in_hole_metrics
[2.456s] creating /home/omar/code/robotics_project/ros2_ws/install/peg_in_hole_metrics/share/peg_in_hole_metrics/config
[2.457s] copying config/contact_metrics.yaml -> /home/omar/code/robotics_project/ros2_ws/install/peg_in_hole_metrics/share/peg_in_hole_metrics/config
[2.457s] creating /home/omar/code/robotics_project/ros2_ws/install/peg_in_hole_metrics/share/peg_in_hole_metrics/launch
[2.457s] copying launch/contact_metrics.launch.py -> /home/omar/code/robotics_project/ros2_ws/install/peg_in_hole_metrics/share/peg_in_hole_metrics/launch
[2.457s] running install_egg_info
[2.495s] Copying ../../build/peg_in_hole_metrics/peg_in_hole_metrics.egg-info to /home/omar/code/robotics_project/ros2_ws/install/peg_in_hole_metrics/lib/python3.12/site-packages/peg_in_hole_metrics-0.1.0-py3.12.egg-info
[2.496s] running install_scripts
[2.650s] Installing contact_metrics_node script to /home/omar/code/robotics_project/ros2_ws/install/peg_in_hole_metrics/lib/peg_in_hole_metrics
[2.651s] writing list of installed files to '/home/omar/code/robotics_project/ros2_ws/build/peg_in_hole_metrics/install.log'
[2.863s] Invoked command in '/home/omar/code/robotics_project/ros2_ws/src/peg_in_hole_metrics' returned '0': PYTHONPATH=/home/omar/code/robotics_project/ros2_ws/build/peg_in_hole_metrics/prefix_override:/usr/lib/python3/dist-packages/colcon_core/task/python/colcon_distutils_commands:/home/omar/code/robotics_project/ros2_ws/install/peg_in_hole_metrics/lib/python3.12/site-packages:${PYTHONPATH} /usr/bin/python3 -W ignore:setup.py install is deprecated -W ignore:easy_install command is deprecated setup.py egg_info --egg-base ../../build/peg_in_hole_metrics build --build-base /home/omar/code/robotics_project/ros2_ws/build/peg_in_hole_metrics/build install --record /home/omar/code/robotics_project/ros2_ws/build/peg_in_hole_metrics/install.log --single-version-externally-managed install_data
