[2.283s] Invoking command in '/home/omar/code/robotics_project/ros2_ws/src/thesis_bringup': AMENT_PREFIX_PATH=/home/omar/code/robotics_project/ros2_ws/install/safety_layer:/home/omar/code/robotics_project/ros2_ws/install/peg_in_hole_metrics:/home/omar/code/robotics_project/ros2_ws/install/peg_in_hole_description:/home/omar/code/robotics_project/ros2_ws/install/kuka_task_control:/home/omar/code/robotics_project/ros2_ws/install/kuka_gazebo:/home/omar/code/robotics_project/ros2_ws/install/experiment_manager:${AMENT_PREFIX_PATH} CMAKE_PREFIX_PATH=/home/omar/code/robotics_project/ros2_ws/install/kuka_gazebo:${CMAKE_PREFIX_PATH} PYTHONPATH=/home/omar/code/robotics_project/ros2_ws/build/thesis_bringup/prefix_override:/usr/lib/python3/dist-packages/colcon_core/task/python/colcon_distutils_commands:/home/omar/code/robotics_project/ros2_ws/install/thesis_bringup/lib/python3.12/site-packages:/home/omar/code/robotics_project/ros2_ws/install/safety_layer/lib/python3.12/site-packages:/home/omar/code/robotics_project/ros2_ws/install/peg_in_hole_metrics/lib/python3.12/site-packages:/home/omar/code/robotics_project/ros2_ws/install/peg_in_hole_description/lib/python3.12/site-packages:/home/omar/code/robotics_project/ros2_ws/install/kuka_task_control/lib/python3.12/site-packages:/home/omar/code/robotics_project/ros2_ws/install/experiment_manager/lib/python3.12/site-packages:${PYTHONPATH} /usr/bin/python3 -W ignore:setup.py install is deprecated -W ignore:easy_install command is deprecated setup.py egg_info --egg-base ../../build/thesis_bringup build --build-base /home/omar/code/robotics_project/ros2_ws/build/thesis_bringup/build install --record /home/omar/code/robotics_project/ros2_ws/build/thesis_bringup/install.log --single-version-externally-managed install_data
[2.611s] running egg_info
[2.635s] writing ../../build/thesis_bringup/thesis_bringup.egg-info/PKG-INFO
[2.635s] writing dependency_links to ../../build/thesis_bringup/thesis_bringup.egg-info/dependency_links.txt
[2.636s] writing entry points to ../../build/thesis_bringup/thesis_bringup.egg-info/entry_points.txt
[2.636s] writing requirements to ../../build/thesis_bringup/thesis_bringup.egg-info/requires.txt
[2.636s] writing top-level names to ../../build/thesis_bringup/thesis_bringup.egg-info/top_level.txt
[2.687s] reading manifest file '../../build/thesis_bringup/thesis_bringup.egg-info/SOURCES.txt'
[2.688s] writing manifest file '../../build/thesis_bringup/thesis_bringup.egg-info/SOURCES.txt'
[2.688s] running build
[2.688s] running build_py
[2.688s] running install
[2.695s] running install_lib
[2.723s] running install_data
[2.723s] copying launch/run_full_peg_hole_insertion_validation_trial.launch.py -> /home/omar/code/robotics_project/ros2_ws/install/thesis_bringup/share/thesis_bringup/launch
[2.723s] running install_egg_info
[2.750s] removing '/home/omar/code/robotics_project/ros2_ws/install/thesis_bringup/lib/python3.12/site-packages/thesis_bringup-0.1.0-py3.12.egg-info' (and everything under it)
[2.751s] Copying ../../build/thesis_bringup/thesis_bringup.egg-info to /home/omar/code/robotics_project/ros2_ws/install/thesis_bringup/lib/python3.12/site-packages/thesis_bringup-0.1.0-py3.12.egg-info
[2.752s] running install_scripts
[2.907s] Installing controller_readiness_gate script to /home/omar/code/robotics_project/ros2_ws/install/thesis_bringup/lib/thesis_bringup
[2.907s] writing list of installed files to '/home/omar/code/robotics_project/ros2_ws/build/thesis_bringup/install.log'
[2.961s] Invoked command in '/home/omar/code/robotics_project/ros2_ws/src/thesis_bringup' returned '0': AMENT_PREFIX_PATH=/home/omar/code/robotics_project/ros2_ws/install/safety_layer:/home/omar/code/robotics_project/ros2_ws/install/peg_in_hole_metrics:/home/omar/code/robotics_project/ros2_ws/install/peg_in_hole_description:/home/omar/code/robotics_project/ros2_ws/install/kuka_task_control:/home/omar/code/robotics_project/ros2_ws/install/kuka_gazebo:/home/omar/code/robotics_project/ros2_ws/install/experiment_manager:${AMENT_PREFIX_PATH} CMAKE_PREFIX_PATH=/home/omar/code/robotics_project/ros2_ws/install/kuka_gazebo:${CMAKE_PREFIX_PATH} PYTHONPATH=/home/omar/code/robotics_project/ros2_ws/build/thesis_bringup/prefix_override:/usr/lib/python3/dist-packages/colcon_core/task/python/colcon_distutils_commands:/home/omar/code/robotics_project/ros2_ws/install/thesis_bringup/lib/python3.12/site-packages:/home/omar/code/robotics_project/ros2_ws/install/safety_layer/lib/python3.12/site-packages:/home/omar/code/robotics_project/ros2_ws/install/peg_in_hole_metrics/lib/python3.12/site-packages:/home/omar/code/robotics_project/ros2_ws/install/peg_in_hole_description/lib/python3.12/site-packages:/home/omar/code/robotics_project/ros2_ws/install/kuka_task_control/lib/python3.12/site-packages:/home/omar/code/robotics_project/ros2_ws/install/experiment_manager/lib/python3.12/site-packages:${PYTHONPATH} /usr/bin/python3 -W ignore:setup.py install is deprecated -W ignore:easy_install command is deprecated setup.py egg_info --egg-base ../../build/thesis_bringup build --build-base /home/omar/code/robotics_project/ros2_ws/build/thesis_bringup/build install --record /home/omar/code/robotics_project/ros2_ws/build/thesis_bringup/install.log --single-version-externally-managed install_data
