[7.489s] Invoking command in '/home/omar/code/robotics_project/ros2_ws/src/experiment_manager': PYTHONPATH=/home/omar/code/robotics_project/ros2_ws/build/experiment_manager/prefix_override:/usr/lib/python3/dist-packages/colcon_core/task/python/colcon_distutils_commands:/home/omar/code/robotics_project/ros2_ws/install/experiment_manager/lib/python3.12/site-packages:${PYTHONPATH} /usr/bin/python3 -W ignore:setup.py install is deprecated -W ignore:easy_install command is deprecated setup.py egg_info --egg-base ../../build/experiment_manager build --build-base /home/omar/code/robotics_project/ros2_ws/build/experiment_manager/build install --record /home/omar/code/robotics_project/ros2_ws/build/experiment_manager/install.log --single-version-externally-managed install_data
[7.758s] running egg_info
[7.779s] writing ../../build/experiment_manager/experiment_manager.egg-info/PKG-INFO
[7.780s] writing dependency_links to ../../build/experiment_manager/experiment_manager.egg-info/dependency_links.txt
[7.780s] writing entry points to ../../build/experiment_manager/experiment_manager.egg-info/entry_points.txt
[7.780s] writing requirements to ../../build/experiment_manager/experiment_manager.egg-info/requires.txt
[7.780s] writing top-level names to ../../build/experiment_manager/experiment_manager.egg-info/top_level.txt
[7.837s] reading manifest file '../../build/experiment_manager/experiment_manager.egg-info/SOURCES.txt'
[7.858s] writing manifest file '../../build/experiment_manager/experiment_manager.egg-info/SOURCES.txt'
[7.858s] running build
[7.858s] running build_py
[7.858s] running install
[7.864s] running install_lib
[7.901s] running install_data
[7.902s] running install_egg_info
[7.924s] removing '/home/omar/code/robotics_project/ros2_ws/install/experiment_manager/lib/python3.12/site-packages/experiment_manager-0.1.0-py3.12.egg-info' (and everything under it)
[7.939s] Copying ../../build/experiment_manager/experiment_manager.egg-info to /home/omar/code/robotics_project/ros2_ws/install/experiment_manager/lib/python3.12/site-packages/experiment_manager-0.1.0-py3.12.egg-info
[7.955s] running install_scripts
[8.094s] Installing baseline_trial_manager script to /home/omar/code/robotics_project/ros2_ws/install/experiment_manager/lib/experiment_manager
[8.094s] writing list of installed files to '/home/omar/code/robotics_project/ros2_ws/build/experiment_manager/install.log'
[8.644s] Invoked command in '/home/omar/code/robotics_project/ros2_ws/src/experiment_manager' returned '0': PYTHONPATH=/home/omar/code/robotics_project/ros2_ws/build/experiment_manager/prefix_override:/usr/lib/python3/dist-packages/colcon_core/task/python/colcon_distutils_commands:/home/omar/code/robotics_project/ros2_ws/install/experiment_manager/lib/python3.12/site-packages:${PYTHONPATH} /usr/bin/python3 -W ignore:setup.py install is deprecated -W ignore:easy_install command is deprecated setup.py egg_info --egg-base ../../build/experiment_manager build --build-base /home/omar/code/robotics_project/ros2_ws/build/experiment_manager/build install --record /home/omar/code/robotics_project/ros2_ws/build/experiment_manager/install.log --single-version-externally-managed install_data
