running egg_info
creating ../../build/experiment_manager/experiment_manager.egg-info
writing ../../build/experiment_manager/experiment_manager.egg-info/PKG-INFO
writing dependency_links to ../../build/experiment_manager/experiment_manager.egg-info/dependency_links.txt
writing entry points to ../../build/experiment_manager/experiment_manager.egg-info/entry_points.txt
writing requirements to ../../build/experiment_manager/experiment_manager.egg-info/requires.txt
writing top-level names to ../../build/experiment_manager/experiment_manager.egg-info/top_level.txt
writing manifest file '../../build/experiment_manager/experiment_manager.egg-info/SOURCES.txt'
reading manifest file '../../build/experiment_manager/experiment_manager.egg-info/SOURCES.txt'
writing manifest file '../../build/experiment_manager/experiment_manager.egg-info/SOURCES.txt'
running build
running build_py
creating /home/omar/code/robotics_project/ros2_ws/build/experiment_manager/build
creating /home/omar/code/robotics_project/ros2_ws/build/experiment_manager/build/lib
creating /home/omar/code/robotics_project/ros2_ws/build/experiment_manager/build/lib/experiment_manager
copying experiment_manager/__init__.py -> /home/omar/code/robotics_project/ros2_ws/build/experiment_manager/build/lib/experiment_manager
copying experiment_manager/baseline_trial_manager.py -> /home/omar/code/robotics_project/ros2_ws/build/experiment_manager/build/lib/experiment_manager
running install
running install_lib
creating /home/omar/code/robotics_project/ros2_ws/install/experiment_manager/lib/python3.12/site-packages/experiment_manager
copying /home/omar/code/robotics_project/ros2_ws/build/experiment_manager/build/lib/experiment_manager/__init__.py -> /home/omar/code/robotics_project/ros2_ws/install/experiment_manager/lib/python3.12/site-packages/experiment_manager
copying /home/omar/code/robotics_project/ros2_ws/build/experiment_manager/build/lib/experiment_manager/baseline_trial_manager.py -> /home/omar/code/robotics_project/ros2_ws/install/experiment_manager/lib/python3.12/site-packages/experiment_manager
byte-compiling /home/omar/code/robotics_project/ros2_ws/install/experiment_manager/lib/python3.12/site-packages/experiment_manager/__init__.py to __init__.cpython-312.pyc
byte-compiling /home/omar/code/robotics_project/ros2_ws/install/experiment_manager/lib/python3.12/site-packages/experiment_manager/baseline_trial_manager.py to baseline_trial_manager.cpython-312.pyc
running install_data
creating /home/omar/code/robotics_project/ros2_ws/install/experiment_manager/share/ament_index
creating /home/omar/code/robotics_project/ros2_ws/install/experiment_manager/share/ament_index/resource_index
creating /home/omar/code/robotics_project/ros2_ws/install/experiment_manager/share/ament_index/resource_index/packages
copying resource/experiment_manager -> /home/omar/code/robotics_project/ros2_ws/install/experiment_manager/share/ament_index/resource_index/packages
copying package.xml -> /home/omar/code/robotics_project/ros2_ws/install/experiment_manager/share/experiment_manager
copying README.md -> /home/omar/code/robotics_project/ros2_ws/install/experiment_manager/share/experiment_manager
creating /home/omar/code/robotics_project/ros2_ws/install/experiment_manager/share/experiment_manager/launch
copying launch/experiment_manager.launch.py -> /home/omar/code/robotics_project/ros2_ws/install/experiment_manager/share/experiment_manager/launch
copying launch/run_baseline_logging.launch.py -> /home/omar/code/robotics_project/ros2_ws/install/experiment_manager/share/experiment_manager/launch
creating /home/omar/code/robotics_project/ros2_ws/install/experiment_manager/share/experiment_manager/config
copying config/logging.yaml -> /home/omar/code/robotics_project/ros2_ws/install/experiment_manager/share/experiment_manager/config
creating /home/omar/code/robotics_project/ros2_ws/install/experiment_manager/share/experiment_manager/experiments
copying experiments/baseline_trials.yaml -> /home/omar/code/robotics_project/ros2_ws/install/experiment_manager/share/experiment_manager/experiments
running install_egg_info
Copying ../../build/experiment_manager/experiment_manager.egg-info to /home/omar/code/robotics_project/ros2_ws/install/experiment_manager/lib/python3.12/site-packages/experiment_manager-0.1.0-py3.12.egg-info
running install_scripts
Installing baseline_trial_manager script to /home/omar/code/robotics_project/ros2_ws/install/experiment_manager/lib/experiment_manager
writing list of installed files to '/home/omar/code/robotics_project/ros2_ws/build/experiment_manager/install.log'
