[  3%] Built target kuka_kr_moveit_config_kr6_r700_sixx
[  6%] Built target kuka_kr_moveit_config_kr6_r900_sixx
[ 10%] Built target kuka_kr_moveit_config_kr4_r600
[ 13%] Built target kuka_kr_moveit_config_kr6_r900_2
[ 16%] Built target kuka_kr_moveit_config_kr8_r1440_2_arc_hw
[ 20%] Built target kuka_kr_moveit_config_kr6_r700_2
[ 23%] Built target kuka_kr_moveit_config_kr10_r900_2
[ 26%] Built target kuka_kr_moveit_config_kr12_r1450_3_hw
[ 30%] Built target kuka_kr_moveit_config_kr16_r1610_2
[ 33%] Built target kuka_kr_moveit_config_kr20_r1810_2
[ 40%] Built target kuka_kr_moveit_config_kr8_r2100_2_arc_hw
[ 40%] Built target kuka_kr_moveit_config_kr16_r2010_2
[ 43%] Built target kuka_kr_moveit_config_kr10_r1100_2
[ 46%] Built target kuka_kr_moveit_config_kr30_r2100
[ 50%] Built target kuka_kr_moveit_config_kr20_r3100
[ 53%] Built target kuka_kr_moveit_config_kr70_r2100
[ 56%] Built target kuka_kr_moveit_config_kr50_r2500
[ 60%] Built target kuka_kr_moveit_config_kr210_r2700_2
[ 63%] Built target kuka_kr_moveit_config_kr210_r3100_2
[ 66%] Built target kuka_kr_moveit_config_kr150_r3100_2
[ 70%] Built target kuka_kr_moveit_config_kr210_r3300_2_k
[ 73%] Built target kuka_kr_moveit_config_kr240_r2900_2
[ 76%] Built target kuka_kr_moveit_config_kr210_r3100_ultra
[ 80%] Built target kuka_kr_moveit_config_kr300_r2700_2
[ 83%] Built target kuka_kr_moveit_config_kr240_r3330
[ 86%] Built target kuka_kr_moveit_config_kr300_r2800_2_mt
[ 90%] Built target kuka_kr_moveit_config_kr500_r2800_2
[ 93%] Built target kuka_kr_moveit_config_kr360_r2830
[ 96%] Built target kuka_kr_moveit_config_kr560_r3100_2
[100%] Built target kuka_kr_moveit_config_kr800_r2800_2
-- Install configuration: ""
-- Up-to-date: /home/omar/code/robotics_project/ros2_ws/install/kuka_kr_moveit_config/share/kuka_kr_moveit_config/urdf/kr4_r600.srdf
-- Up-to-date: /home/omar/code/robotics_project/ros2_ws/install/kuka_kr_moveit_config/share/kuka_kr_moveit_config/urdf/kr6_r700_sixx.srdf
-- Up-to-date: /home/omar/code/robotics_project/ros2_ws/install/kuka_kr_moveit_config/share/kuka_kr_moveit_config/urdf/kr6_r700_2.srdf
-- Up-to-date: /home/omar/code/robotics_project/ros2_ws/install/kuka_kr_moveit_config/share/kuka_kr_moveit_config/urdf/kr6_r900_sixx.srdf
-- Up-to-date: /home/omar/code/robotics_project/ros2_ws/install/kuka_kr_moveit_config/share/kuka_kr_moveit_config/urdf/kr6_r900_2.srdf
-- Up-to-date: /home/omar/code/robotics_project/ros2_ws/install/kuka_kr_moveit_config/share/kuka_kr_moveit_config/urdf/kr8_r1440_2_arc_hw.srdf
-- Up-to-date: /home/omar/code/robotics_project/ros2_ws/install/kuka_kr_moveit_config/share/kuka_kr_moveit_config/urdf/kr8_r2100_2_arc_hw.srdf
-- Up-to-date: /home/omar/code/robotics_project/ros2_ws/install/kuka_kr_moveit_config/share/kuka_kr_moveit_config/urdf/kr10_r900_2.srdf
-- Up-to-date: /home/omar/code/robotics_project/ros2_ws/install/kuka_kr_moveit_config/share/kuka_kr_moveit_config/urdf/kr10_r1100_2.srdf
-- Up-to-date: /home/omar/code/robotics_project/ros2_ws/install/kuka_kr_moveit_config/share/kuka_kr_moveit_config/urdf/kr12_r1450_3_hw.srdf
-- Up-to-date: /home/omar/code/robotics_project/ros2_ws/install/kuka_kr_moveit_config/share/kuka_kr_moveit_config/urdf/kr16_r1610_2.srdf
-- Up-to-date: /home/omar/code/robotics_project/ros2_ws/install/kuka_kr_moveit_config/share/kuka_kr_moveit_config/urdf/kr16_r2010_2.srdf
-- Up-to-date: /home/omar/code/robotics_project/ros2_ws/install/kuka_kr_moveit_config/share/kuka_kr_moveit_config/urdf/kr20_r1810_2.srdf
-- Up-to-date: /home/omar/code/robotics_project/ros2_ws/install/kuka_kr_moveit_config/share/kuka_kr_moveit_config/urdf/kr20_r3100.srdf
-- Up-to-date: /home/omar/code/robotics_project/ros2_ws/install/kuka_kr_moveit_config/share/kuka_kr_moveit_config/urdf/kr30_r2100.srdf
-- Up-to-date: /home/omar/code/robotics_project/ros2_ws/install/kuka_kr_moveit_config/share/kuka_kr_moveit_config/urdf/kr50_r2500.srdf
-- Up-to-date: /home/omar/code/robotics_project/ros2_ws/install/kuka_kr_moveit_config/share/kuka_kr_moveit_config/urdf/kr70_r2100.srdf
-- Up-to-date: /home/omar/code/robotics_project/ros2_ws/install/kuka_kr_moveit_config/share/kuka_kr_moveit_config/urdf/kr150_r3100_2.srdf
-- Up-to-date: /home/omar/code/robotics_project/ros2_ws/install/kuka_kr_moveit_config/share/kuka_kr_moveit_config/urdf/kr210_r2700_2.srdf
-- Up-to-date: /home/omar/code/robotics_project/ros2_ws/install/kuka_kr_moveit_config/share/kuka_kr_moveit_config/urdf/kr210_r3100_2.srdf
-- Up-to-date: /home/omar/code/robotics_project/ros2_ws/install/kuka_kr_moveit_config/share/kuka_kr_moveit_config/urdf/kr210_r3100_ultra.srdf
-- Up-to-date: /home/omar/code/robotics_project/ros2_ws/install/kuka_kr_moveit_config/share/kuka_kr_moveit_config/urdf/kr210_r3300_2_k.srdf
-- Up-to-date: /home/omar/code/robotics_project/ros2_ws/install/kuka_kr_moveit_config/share/kuka_kr_moveit_config/urdf/kr240_r2900_2.srdf
-- Up-to-date: /home/omar/code/robotics_project/ros2_ws/install/kuka_kr_moveit_config/share/kuka_kr_moveit_config/urdf/kr240_r3330.srdf
-- Up-to-date: /home/omar/code/robotics_project/ros2_ws/install/kuka_kr_moveit_config/share/kuka_kr_moveit_config/urdf/kr300_r2700_2.srdf
-- Up-to-date: /home/omar/code/robotics_project/ros2_ws/install/kuka_kr_moveit_config/share/kuka_kr_moveit_config/urdf/kr300_r2800_2_mt.srdf
-- Up-to-date: /home/omar/code/robotics_project/ros2_ws/install/kuka_kr_moveit_config/share/kuka_kr_moveit_config/urdf/kr360_r2830.srdf
-- Up-to-date: /home/omar/code/robotics_project/ros2_ws/install/kuka_kr_moveit_config/share/kuka_kr_moveit_config/urdf/kr500_r2800_2.srdf
-- Up-to-date: /home/omar/code/robotics_project/ros2_ws/install/kuka_kr_moveit_config/share/kuka_kr_moveit_config/urdf/kr560_r3100_2.srdf
-- Up-to-date: /home/omar/code/robotics_project/ros2_ws/install/kuka_kr_moveit_config/share/kuka_kr_moveit_config/urdf/kr800_r2800_2.srdf
-- Up-to-date: /home/omar/code/robotics_project/ros2_ws/install/kuka_kr_moveit_config/share/kuka_kr_moveit_config/config
-- Up-to-date: /home/omar/code/robotics_project/ros2_ws/install/kuka_kr_moveit_config/share/kuka_kr_moveit_config/config/chomp_planning.yaml
-- Up-to-date: /home/omar/code/robotics_project/ros2_ws/install/kuka_kr_moveit_config/share/kuka_kr_moveit_config/config/kinematics.yaml
-- Up-to-date: /home/omar/code/robotics_project/ros2_ws/install/kuka_kr_moveit_config/share/kuka_kr_moveit_config/config/pilz_cartesian_limits.yaml
-- Up-to-date: /home/omar/code/robotics_project/ros2_ws/install/kuka_kr_moveit_config/share/kuka_kr_moveit_config/config/ompl_planning.yaml
-- Up-to-date: /home/omar/code/robotics_project/ros2_ws/install/kuka_kr_moveit_config/share/kuka_kr_moveit_config/config/moveit_controllers.yaml
-- Up-to-date: /home/omar/code/robotics_project/ros2_ws/install/kuka_kr_moveit_config/share/kuka_kr_moveit_config/config/stomp_planning.yaml
-- Up-to-date: /home/omar/code/robotics_project/ros2_ws/install/kuka_kr_moveit_config/share/kuka_kr_moveit_config/srdf
-- Up-to-date: /home/omar/code/robotics_project/ros2_ws/install/kuka_kr_moveit_config/share/kuka_kr_moveit_config/srdf/kr_arm_macro.xacro
-- Up-to-date: /home/omar/code/robotics_project/ros2_ws/install/kuka_kr_moveit_config/share/kuka_kr_moveit_config/srdf/kr_arm.srdf.xacro
-- Up-to-date: /home/omar/code/robotics_project/ros2_ws/install/kuka_kr_moveit_config/share/kuka_kr_moveit_config/launch
-- Up-to-date: /home/omar/code/robotics_project/ros2_ws/install/kuka_kr_moveit_config/share/kuka_kr_moveit_config/launch/moveit_planning_fake_hardware.launch.py
-- Up-to-date: /home/omar/code/robotics_project/ros2_ws/install/kuka_kr_moveit_config/share/kuka_kr_moveit_config/launch/moveit_server.launch.py
-- Up-to-date: /home/omar/code/robotics_project/ros2_ws/install/kuka_kr_moveit_config/share/ament_index/resource_index/package_run_dependencies/kuka_kr_moveit_config
-- Up-to-date: /home/omar/code/robotics_project/ros2_ws/install/kuka_kr_moveit_config/share/ament_index/resource_index/parent_prefix_path/kuka_kr_moveit_config
-- Up-to-date: /home/omar/code/robotics_project/ros2_ws/install/kuka_kr_moveit_config/share/kuka_kr_moveit_config/environment/ament_prefix_path.sh
-- Up-to-date: /home/omar/code/robotics_project/ros2_ws/install/kuka_kr_moveit_config/share/kuka_kr_moveit_config/environment/ament_prefix_path.dsv
-- Up-to-date: /home/omar/code/robotics_project/ros2_ws/install/kuka_kr_moveit_config/share/kuka_kr_moveit_config/environment/path.sh
-- Up-to-date: /home/omar/code/robotics_project/ros2_ws/install/kuka_kr_moveit_config/share/kuka_kr_moveit_config/environment/path.dsv
-- Up-to-date: /home/omar/code/robotics_project/ros2_ws/install/kuka_kr_moveit_config/share/kuka_kr_moveit_config/local_setup.bash
-- Up-to-date: /home/omar/code/robotics_project/ros2_ws/install/kuka_kr_moveit_config/share/kuka_kr_moveit_config/local_setup.sh
-- Up-to-date: /home/omar/code/robotics_project/ros2_ws/install/kuka_kr_moveit_config/share/kuka_kr_moveit_config/local_setup.zsh
-- Up-to-date: /home/omar/code/robotics_project/ros2_ws/install/kuka_kr_moveit_config/share/kuka_kr_moveit_config/local_setup.dsv
-- Installing: /home/omar/code/robotics_project/ros2_ws/install/kuka_kr_moveit_config/share/kuka_kr_moveit_config/package.dsv
-- Up-to-date: /home/omar/code/robotics_project/ros2_ws/install/kuka_kr_moveit_config/share/ament_index/resource_index/packages/kuka_kr_moveit_config
-- Up-to-date: /home/omar/code/robotics_project/ros2_ws/install/kuka_kr_moveit_config/share/kuka_kr_moveit_config/cmake/kuka_kr_moveit_configConfig.cmake
-- Up-to-date: /home/omar/code/robotics_project/ros2_ws/install/kuka_kr_moveit_config/share/kuka_kr_moveit_config/cmake/kuka_kr_moveit_configConfig-version.cmake
-- Up-to-date: /home/omar/code/robotics_project/ros2_ws/install/kuka_kr_moveit_config/share/kuka_kr_moveit_config/package.xml
