[0.036s] Invoking command in '/home/omar/code/robotics_project/ros2_ws/build/kuka_resources': CMAKE_PREFIX_PATH=${CMAKE_PREFIX_PATH}:/opt/ros/jazzy /usr/bin/cmake --build /home/omar/code/robotics_project/ros2_ws/build/kuka_resources -- -j8 -l8
[1.108s] Invoked command in '/home/omar/code/robotics_project/ros2_ws/build/kuka_resources' returned '0': CMAKE_PREFIX_PATH=${CMAKE_PREFIX_PATH}:/opt/ros/jazzy /usr/bin/cmake --build /home/omar/code/robotics_project/ros2_ws/build/kuka_resources -- -j8 -l8
[1.116s] Invoking command in '/home/omar/code/robotics_project/ros2_ws/build/kuka_resources': CMAKE_PREFIX_PATH=${CMAKE_PREFIX_PATH}:/opt/ros/jazzy /usr/bin/cmake --install /home/omar/code/robotics_project/ros2_ws/build/kuka_resources
[1.122s] -- Install configuration: ""
[1.123s] -- Up-to-date: /home/omar/code/robotics_project/ros2_ws/install/kuka_resources/share/kuka_resources/urdf
[1.124s] -- Up-to-date: /home/omar/code/robotics_project/ros2_ws/install/kuka_resources/share/kuka_resources/urdf/common_constants.xacro
[1.124s] -- Up-to-date: /home/omar/code/robotics_project/ros2_ws/install/kuka_resources/share/kuka_resources/urdf/common_colours.xacro
[1.125s] -- Up-to-date: /home/omar/code/robotics_project/ros2_ws/install/kuka_resources/share/kuka_resources/urdf/common_materials.xacro
[1.125s] -- Up-to-date: /home/omar/code/robotics_project/ros2_ws/install/kuka_resources/share/kuka_resources/config
[1.126s] -- Up-to-date: /home/omar/code/robotics_project/ros2_ws/install/kuka_resources/share/kuka_resources/config/planning_7_axis.rviz
[1.126s] -- Up-to-date: /home/omar/code/robotics_project/ros2_ws/install/kuka_resources/share/kuka_resources/config/view_7_axis_planning_scene.rviz
[1.126s] -- Up-to-date: /home/omar/code/robotics_project/ros2_ws/install/kuka_resources/share/kuka_resources/config/view_6_axis_planning_scene.rviz
[1.126s] -- Up-to-date: /home/omar/code/robotics_project/ros2_ws/install/kuka_resources/share/kuka_resources/config/fake_hardware_config_7_axis.yaml
[1.127s] -- Up-to-date: /home/omar/code/robotics_project/ros2_ws/install/kuka_resources/share/kuka_resources/config/planning_6_axis.rviz
[1.127s] -- Up-to-date: /home/omar/code/robotics_project/ros2_ws/install/kuka_resources/share/kuka_resources/config/fake_hardware_config_6_axis.yaml
[1.127s] -- Up-to-date: /home/omar/code/robotics_project/ros2_ws/install/kuka_resources/share/kuka_resources/config/view_7_axis_urdf.rviz
[1.127s] -- Up-to-date: /home/omar/code/robotics_project/ros2_ws/install/kuka_resources/share/kuka_resources/config/view_6_axis_urdf.rviz
[1.127s] -- Up-to-date: /home/omar/code/robotics_project/ros2_ws/install/kuka_resources/share/kuka_resources/launch
[1.127s] -- Up-to-date: /home/omar/code/robotics_project/ros2_ws/install/kuka_resources/share/kuka_resources/launch/moveit_server_template.launch.py
[1.128s] -- Up-to-date: /home/omar/code/robotics_project/ros2_ws/install/kuka_resources/share/kuka_resources/launch/fake_hardware_planning_template.launch.py
[1.128s] -- Up-to-date: /home/omar/code/robotics_project/ros2_ws/install/kuka_resources/share/ament_index/resource_index/package_run_dependencies/kuka_resources
[1.128s] -- Up-to-date: /home/omar/code/robotics_project/ros2_ws/install/kuka_resources/share/ament_index/resource_index/parent_prefix_path/kuka_resources
[1.128s] -- Up-to-date: /home/omar/code/robotics_project/ros2_ws/install/kuka_resources/share/kuka_resources/environment/ament_prefix_path.sh
[1.129s] -- Up-to-date: /home/omar/code/robotics_project/ros2_ws/install/kuka_resources/share/kuka_resources/environment/ament_prefix_path.dsv
[1.130s] -- Up-to-date: /home/omar/code/robotics_project/ros2_ws/install/kuka_resources/share/kuka_resources/environment/path.sh
[1.130s] -- Up-to-date: /home/omar/code/robotics_project/ros2_ws/install/kuka_resources/share/kuka_resources/environment/path.dsv
[1.130s] -- Up-to-date: /home/omar/code/robotics_project/ros2_ws/install/kuka_resources/share/kuka_resources/local_setup.bash
[1.131s] -- Up-to-date: /home/omar/code/robotics_project/ros2_ws/install/kuka_resources/share/kuka_resources/local_setup.sh
[1.131s] -- Up-to-date: /home/omar/code/robotics_project/ros2_ws/install/kuka_resources/share/kuka_resources/local_setup.zsh
[1.131s] -- Up-to-date: /home/omar/code/robotics_project/ros2_ws/install/kuka_resources/share/kuka_resources/local_setup.dsv
[1.132s] -- Installing: /home/omar/code/robotics_project/ros2_ws/install/kuka_resources/share/kuka_resources/package.dsv
[1.132s] -- Up-to-date: /home/omar/code/robotics_project/ros2_ws/install/kuka_resources/share/ament_index/resource_index/packages/kuka_resources
[1.132s] -- Up-to-date: /home/omar/code/robotics_project/ros2_ws/install/kuka_resources/share/kuka_resources/cmake/kuka_resourcesConfig.cmake
[1.132s] -- Up-to-date: /home/omar/code/robotics_project/ros2_ws/install/kuka_resources/share/kuka_resources/cmake/kuka_resourcesConfig-version.cmake
[1.132s] -- Up-to-date: /home/omar/code/robotics_project/ros2_ws/install/kuka_resources/share/kuka_resources/package.xml
[1.191s] Invoked command in '/home/omar/code/robotics_project/ros2_ws/build/kuka_resources' returned '0': CMAKE_PREFIX_PATH=${CMAKE_PREFIX_PATH}:/opt/ros/jazzy /usr/bin/cmake --install /home/omar/code/robotics_project/ros2_ws/build/kuka_resources
