[1.888s] Invoking command in '/home/omar/code/robotics_project/ros2_ws/src/peg_in_hole_description': PYTHONPATH=/home/omar/code/robotics_project/ros2_ws/build/peg_in_hole_description/prefix_override:/usr/lib/python3/dist-packages/colcon_core/task/python/colcon_distutils_commands:/home/omar/code/robotics_project/ros2_ws/install/peg_in_hole_description/lib/python3.12/site-packages:${PYTHONPATH} /usr/bin/python3 -W ignore:setup.py install is deprecated -W ignore:easy_install command is deprecated setup.py egg_info --egg-base ../../build/peg_in_hole_description build --build-base /home/omar/code/robotics_project/ros2_ws/build/peg_in_hole_description/build install --record /home/omar/code/robotics_project/ros2_ws/build/peg_in_hole_description/install.log --single-version-externally-managed install_data
[2.173s] running egg_info
[2.194s] writing ../../build/peg_in_hole_description/peg_in_hole_description.egg-info/PKG-INFO
[2.194s] writing dependency_links to ../../build/peg_in_hole_description/peg_in_hole_description.egg-info/dependency_links.txt
[2.194s] writing requirements to ../../build/peg_in_hole_description/peg_in_hole_description.egg-info/requires.txt
[2.195s] writing top-level names to ../../build/peg_in_hole_description/peg_in_hole_description.egg-info/top_level.txt
[2.238s] reading manifest file '../../build/peg_in_hole_description/peg_in_hole_description.egg-info/SOURCES.txt'
[2.239s] writing manifest file '../../build/peg_in_hole_description/peg_in_hole_description.egg-info/SOURCES.txt'
[2.239s] running build
[2.240s] running build_py
[2.240s] running install
[2.247s] running install_lib
[2.267s] running install_data
[2.267s] copying worlds/peg_in_hole_insertion_validation_world.sdf -> /home/omar/code/robotics_project/ros2_ws/install/peg_in_hole_description/share/peg_in_hole_description/worlds
[2.268s] running install_egg_info
[2.290s] removing '/home/omar/code/robotics_project/ros2_ws/install/peg_in_hole_description/lib/python3.12/site-packages/peg_in_hole_description-0.1.0-py3.12.egg-info' (and everything under it)
[2.291s] Copying ../../build/peg_in_hole_description/peg_in_hole_description.egg-info to /home/omar/code/robotics_project/ros2_ws/install/peg_in_hole_description/lib/python3.12/site-packages/peg_in_hole_description-0.1.0-py3.12.egg-info
[2.292s] running install_scripts
[2.425s] writing list of installed files to '/home/omar/code/robotics_project/ros2_ws/build/peg_in_hole_description/install.log'
[2.476s] Invoked command in '/home/omar/code/robotics_project/ros2_ws/src/peg_in_hole_description' returned '0': PYTHONPATH=/home/omar/code/robotics_project/ros2_ws/build/peg_in_hole_description/prefix_override:/usr/lib/python3/dist-packages/colcon_core/task/python/colcon_distutils_commands:/home/omar/code/robotics_project/ros2_ws/install/peg_in_hole_description/lib/python3.12/site-packages:${PYTHONPATH} /usr/bin/python3 -W ignore:setup.py install is deprecated -W ignore:easy_install command is deprecated setup.py egg_info --egg-base ../../build/peg_in_hole_description build --build-base /home/omar/code/robotics_project/ros2_ws/build/peg_in_hole_description/build install --record /home/omar/code/robotics_project/ros2_ws/build/peg_in_hole_description/install.log --single-version-externally-managed install_data
