[2.767s] Invoking command in '/home/omar/code/robotics_project/ros2_ws/src/safety_layer': PYTHONPATH=/home/omar/code/robotics_project/ros2_ws/build/safety_layer/prefix_override:/usr/lib/python3/dist-packages/colcon_core/task/python/colcon_distutils_commands:/home/omar/code/robotics_project/ros2_ws/install/safety_layer/lib/python3.12/site-packages:${PYTHONPATH} /usr/bin/python3 -W ignore:setup.py install is deprecated -W ignore:easy_install command is deprecated setup.py egg_info --egg-base ../../build/safety_layer build --build-base /home/omar/code/robotics_project/ros2_ws/build/safety_layer/build install --record /home/omar/code/robotics_project/ros2_ws/build/safety_layer/install.log --single-version-externally-managed install_data
[3.164s] running egg_info
[3.193s] writing ../../build/safety_layer/safety_layer.egg-info/PKG-INFO
[3.193s] writing dependency_links to ../../build/safety_layer/safety_layer.egg-info/dependency_links.txt
[3.194s] writing entry points to ../../build/safety_layer/safety_layer.egg-info/entry_points.txt
[3.195s] writing requirements to ../../build/safety_layer/safety_layer.egg-info/requires.txt
[3.195s] writing top-level names to ../../build/safety_layer/safety_layer.egg-info/top_level.txt
[3.266s] reading manifest file '../../build/safety_layer/safety_layer.egg-info/SOURCES.txt'
[3.267s] writing manifest file '../../build/safety_layer/safety_layer.egg-info/SOURCES.txt'
[3.268s] running build
[3.268s] running build_py
[3.268s] running install
[3.276s] running install_lib
[3.317s] running install_data
[3.317s] running install_egg_info
[3.368s] removing '/home/omar/code/robotics_project/ros2_ws/install/safety_layer/lib/python3.12/site-packages/safety_layer-0.1.0-py3.12.egg-info' (and everything under it)
[3.369s] Copying ../../build/safety_layer/safety_layer.egg-info to /home/omar/code/robotics_project/ros2_ws/install/safety_layer/lib/python3.12/site-packages/safety_layer-0.1.0-py3.12.egg-info
[3.370s] running install_scripts
[3.577s] Installing safety_monitor script to /home/omar/code/robotics_project/ros2_ws/install/safety_layer/lib/safety_layer
[3.578s] writing list of installed files to '/home/omar/code/robotics_project/ros2_ws/build/safety_layer/install.log'
[3.669s] Invoked command in '/home/omar/code/robotics_project/ros2_ws/src/safety_layer' returned '0': PYTHONPATH=/home/omar/code/robotics_project/ros2_ws/build/safety_layer/prefix_override:/usr/lib/python3/dist-packages/colcon_core/task/python/colcon_distutils_commands:/home/omar/code/robotics_project/ros2_ws/install/safety_layer/lib/python3.12/site-packages:${PYTHONPATH} /usr/bin/python3 -W ignore:setup.py install is deprecated -W ignore:easy_install command is deprecated setup.py egg_info --egg-base ../../build/safety_layer build --build-base /home/omar/code/robotics_project/ros2_ws/build/safety_layer/build install --record /home/omar/code/robotics_project/ros2_ws/build/safety_layer/install.log --single-version-externally-managed install_data
