[7.598s] Invoking command in '/home/omar/code/robotics_project/ros2_ws/src/experiment_manager': PYTHONPATH=/home/omar/code/robotics_project/ros2_ws/build/experiment_manager/prefix_override:/usr/lib/python3/dist-packages/colcon_core/task/python/colcon_distutils_commands:/home/omar/code/robotics_project/ros2_ws/install/experiment_manager/lib/python3.12/site-packages:${PYTHONPATH} /usr/bin/python3 -W ignore:setup.py install is deprecated -W ignore:easy_install command is deprecated setup.py egg_info --egg-base ../../build/experiment_manager build --build-base /home/omar/code/robotics_project/ros2_ws/build/experiment_manager/build install --record /home/omar/code/robotics_project/ros2_ws/build/experiment_manager/install.log --single-version-externally-managed install_data
[7.882s] running egg_info
[7.903s] writing ../../build/experiment_manager/experiment_manager.egg-info/PKG-INFO
[7.903s] writing dependency_links to ../../build/experiment_manager/experiment_manager.egg-info/dependency_links.txt
[7.903s] writing entry points to ../../build/experiment_manager/experiment_manager.egg-info/entry_points.txt
[7.904s] writing requirements to ../../build/experiment_manager/experiment_manager.egg-info/requires.txt
[7.904s] writing top-level names to ../../build/experiment_manager/experiment_manager.egg-info/top_level.txt
[7.960s] reading manifest file '../../build/experiment_manager/experiment_manager.egg-info/SOURCES.txt'
[7.985s] writing manifest file '../../build/experiment_manager/experiment_manager.egg-info/SOURCES.txt'
[7.986s] running build
[7.987s] running build_py
[7.988s] copying experiment_manager/baseline_trial_manager.py -> /home/omar/code/robotics_project/ros2_ws/build/experiment_manager/build/lib/experiment_manager
[8.038s] running install
[8.045s] running install_lib
[8.077s] copying /home/omar/code/robotics_project/ros2_ws/build/experiment_manager/build/lib/experiment_manager/baseline_trial_manager.py -> /home/omar/code/robotics_project/ros2_ws/install/experiment_manager/lib/python3.12/site-packages/experiment_manager
[8.097s] byte-compiling /home/omar/code/robotics_project/ros2_ws/install/experiment_manager/lib/python3.12/site-packages/experiment_manager/baseline_trial_manager.py to baseline_trial_manager.cpython-312.pyc
[8.142s] running install_data
[8.143s] running install_egg_info
[8.187s] removing '/home/omar/code/robotics_project/ros2_ws/install/experiment_manager/lib/python3.12/site-packages/experiment_manager-0.1.0-py3.12.egg-info' (and everything under it)
[8.187s] Copying ../../build/experiment_manager/experiment_manager.egg-info to /home/omar/code/robotics_project/ros2_ws/install/experiment_manager/lib/python3.12/site-packages/experiment_manager-0.1.0-py3.12.egg-info
[8.236s] running install_scripts
[8.371s] Installing baseline_trial_manager script to /home/omar/code/robotics_project/ros2_ws/install/experiment_manager/lib/experiment_manager
[8.371s] writing list of installed files to '/home/omar/code/robotics_project/ros2_ws/build/experiment_manager/install.log'
[8.614s] Invoked command in '/home/omar/code/robotics_project/ros2_ws/src/experiment_manager' returned '0': PYTHONPATH=/home/omar/code/robotics_project/ros2_ws/build/experiment_manager/prefix_override:/usr/lib/python3/dist-packages/colcon_core/task/python/colcon_distutils_commands:/home/omar/code/robotics_project/ros2_ws/install/experiment_manager/lib/python3.12/site-packages:${PYTHONPATH} /usr/bin/python3 -W ignore:setup.py install is deprecated -W ignore:easy_install command is deprecated setup.py egg_info --egg-base ../../build/experiment_manager build --build-base /home/omar/code/robotics_project/ros2_ws/build/experiment_manager/build install --record /home/omar/code/robotics_project/ros2_ws/build/experiment_manager/install.log --single-version-externally-managed install_data
