[0.315s] Invoking command in '/home/omar/code/robotics_project/ros2_ws/build/kuka_quantec_support': AMENT_PREFIX_PATH=/home/omar/code/robotics_project/ros2_ws/install/kuka_resources:/home/omar/code/robotics_project/ros2_ws/install/kuka_gazebo:${AMENT_PREFIX_PATH} CMAKE_PREFIX_PATH=/home/omar/code/robotics_project/ros2_ws/install/kuka_resources:/home/omar/code/robotics_project/ros2_ws/install/kuka_gazebo:/opt/ros/jazzy/opt/gz_sim_vendor:/opt/ros/jazzy/opt/gz_sensors_vendor:/opt/ros/jazzy/opt/gz_physics_vendor:/opt/ros/jazzy/opt/sdformat_vendor:/opt/ros/jazzy/opt/gz_gui_vendor:/opt/ros/jazzy/opt/gz_transport_vendor:/opt/ros/jazzy/opt/gz_rendering_vendor:/opt/ros/jazzy/opt/gz_plugin_vendor:/opt/ros/jazzy/opt/gz_fuel_tools_vendor:/opt/ros/jazzy/opt/gz_msgs_vendor:/opt/ros/jazzy/opt/gz_common_vendor:/opt/ros/jazzy/opt/gz_math_vendor:/opt/ros/jazzy/opt/gz_utils_vendor:/opt/ros/jazzy/opt/gz_tools_vendor:/opt/ros/jazzy/opt/gz_ogre_next_vendor:/opt/ros/jazzy/opt/gz_dartsim_vendor:/opt/ros/jazzy/opt/gz_cmake_vendor:/opt/ros/jazzy /usr/bin/cmake --build /home/omar/code/robotics_project/ros2_ws/build/kuka_quantec_support -- -j8 -l8
[0.351s] Invoked command in '/home/omar/code/robotics_project/ros2_ws/build/kuka_quantec_support' returned '0': AMENT_PREFIX_PATH=/home/omar/code/robotics_project/ros2_ws/install/kuka_resources:/home/omar/code/robotics_project/ros2_ws/install/kuka_gazebo:${AMENT_PREFIX_PATH} CMAKE_PREFIX_PATH=/home/omar/code/robotics_project/ros2_ws/install/kuka_resources:/home/omar/code/robotics_project/ros2_ws/install/kuka_gazebo:/opt/ros/jazzy/opt/gz_sim_vendor:/opt/ros/jazzy/opt/gz_sensors_vendor:/opt/ros/jazzy/opt/gz_physics_vendor:/opt/ros/jazzy/opt/sdformat_vendor:/opt/ros/jazzy/opt/gz_gui_vendor:/opt/ros/jazzy/opt/gz_transport_vendor:/opt/ros/jazzy/opt/gz_rendering_vendor:/opt/ros/jazzy/opt/gz_plugin_vendor:/opt/ros/jazzy/opt/gz_fuel_tools_vendor:/opt/ros/jazzy/opt/gz_msgs_vendor:/opt/ros/jazzy/opt/gz_common_vendor:/opt/ros/jazzy/opt/gz_math_vendor:/opt/ros/jazzy/opt/gz_utils_vendor:/opt/ros/jazzy/opt/gz_tools_vendor:/opt/ros/jazzy/opt/gz_ogre_next_vendor:/opt/ros/jazzy/opt/gz_dartsim_vendor:/opt/ros/jazzy/opt/gz_cmake_vendor:/opt/ros/jazzy /usr/bin/cmake --build /home/omar/code/robotics_project/ros2_ws/build/kuka_quantec_support -- -j8 -l8
[0.351s] Invoking command in '/home/omar/code/robotics_project/ros2_ws/build/kuka_quantec_support': AMENT_PREFIX_PATH=/home/omar/code/robotics_project/ros2_ws/install/kuka_resources:/home/omar/code/robotics_project/ros2_ws/install/kuka_gazebo:${AMENT_PREFIX_PATH} CMAKE_PREFIX_PATH=/home/omar/code/robotics_project/ros2_ws/install/kuka_resources:/home/omar/code/robotics_project/ros2_ws/install/kuka_gazebo:/opt/ros/jazzy/opt/gz_sim_vendor:/opt/ros/jazzy/opt/gz_sensors_vendor:/opt/ros/jazzy/opt/gz_physics_vendor:/opt/ros/jazzy/opt/sdformat_vendor:/opt/ros/jazzy/opt/gz_gui_vendor:/opt/ros/jazzy/opt/gz_transport_vendor:/opt/ros/jazzy/opt/gz_rendering_vendor:/opt/ros/jazzy/opt/gz_plugin_vendor:/opt/ros/jazzy/opt/gz_fuel_tools_vendor:/opt/ros/jazzy/opt/gz_msgs_vendor:/opt/ros/jazzy/opt/gz_common_vendor:/opt/ros/jazzy/opt/gz_math_vendor:/opt/ros/jazzy/opt/gz_utils_vendor:/opt/ros/jazzy/opt/gz_tools_vendor:/opt/ros/jazzy/opt/gz_ogre_next_vendor:/opt/ros/jazzy/opt/gz_dartsim_vendor:/opt/ros/jazzy/opt/gz_cmake_vendor:/opt/ros/jazzy /usr/bin/cmake --install /home/omar/code/robotics_project/ros2_ws/build/kuka_quantec_support
[0.405s] -- Install configuration: ""
[0.406s] -- Up-to-date: /home/omar/code/robotics_project/ros2_ws/install/kuka_quantec_support/share/kuka_quantec_support/config
[0.406s] -- Up-to-date: /home/omar/code/robotics_project/ros2_ws/install/kuka_quantec_support/share/kuka_quantec_support/config/kr210_r2700_2_joint_limits.yaml
[0.406s] -- Up-to-date: /home/omar/code/robotics_project/ros2_ws/install/kuka_quantec_support/share/kuka_quantec_support/config/kr150_r3100_2_joint_limits.yaml
[0.406s] -- Up-to-date: /home/omar/code/robotics_project/ros2_ws/install/kuka_quantec_support/share/kuka_quantec_support/config/kr240_r2900_2_joint_limits.yaml
[0.406s] -- Up-to-date: /home/omar/code/robotics_project/ros2_ws/install/kuka_quantec_support/share/kuka_quantec_support/config/kr210_r3300_2_k_joint_limits.yaml
[0.406s] -- Up-to-date: /home/omar/code/robotics_project/ros2_ws/install/kuka_quantec_support/share/kuka_quantec_support/config/kr300_r2700_2_joint_limits.yaml
[0.406s] -- Up-to-date: /home/omar/code/robotics_project/ros2_ws/install/kuka_quantec_support/share/kuka_quantec_support/config/kr210_r3100_2_joint_limits.yaml
[0.406s] -- Up-to-date: /home/omar/code/robotics_project/ros2_ws/install/kuka_quantec_support/share/kuka_quantec_support/config/kr210_r3100_ultra_joint_limits.yaml
[0.406s] -- Up-to-date: /home/omar/code/robotics_project/ros2_ws/install/kuka_quantec_support/share/kuka_quantec_support/launch
[0.406s] -- Up-to-date: /home/omar/code/robotics_project/ros2_ws/install/kuka_quantec_support/share/kuka_quantec_support/launch/test_kr210_r2700_2.launch.py
[0.407s] -- Up-to-date: /home/omar/code/robotics_project/ros2_ws/install/kuka_quantec_support/share/kuka_quantec_support/launch/test_kr210_r3100_2.launch.py
[0.407s] -- Up-to-date: /home/omar/code/robotics_project/ros2_ws/install/kuka_quantec_support/share/kuka_quantec_support/launch/test_kr210_r3100_ultra.launch.py
[0.407s] -- Up-to-date: /home/omar/code/robotics_project/ros2_ws/install/kuka_quantec_support/share/kuka_quantec_support/launch/test_kr240_r2900_2.launch.py
[0.407s] -- Up-to-date: /home/omar/code/robotics_project/ros2_ws/install/kuka_quantec_support/share/kuka_quantec_support/launch/test_kr210_r3300_2_k.launch.py
[0.407s] -- Up-to-date: /home/omar/code/robotics_project/ros2_ws/install/kuka_quantec_support/share/kuka_quantec_support/launch/test_kr150_r3100_2.launch.py
[0.407s] -- Up-to-date: /home/omar/code/robotics_project/ros2_ws/install/kuka_quantec_support/share/kuka_quantec_support/launch/test_kr300_r2700_2.launch.py
[0.407s] -- Up-to-date: /home/omar/code/robotics_project/ros2_ws/install/kuka_quantec_support/share/kuka_quantec_support/meshes
[0.407s] -- Up-to-date: /home/omar/code/robotics_project/ros2_ws/install/kuka_quantec_support/share/kuka_quantec_support/meshes/kr210_r2700_2
[0.407s] -- Up-to-date: /home/omar/code/robotics_project/ros2_ws/install/kuka_quantec_support/share/kuka_quantec_support/meshes/kr210_r2700_2/visual
[0.407s] -- Up-to-date: /home/omar/code/robotics_project/ros2_ws/install/kuka_quantec_support/share/kuka_quantec_support/meshes/kr210_r2700_2/visual/link_5.stl
[0.407s] -- Up-to-date: /home/omar/code/robotics_project/ros2_ws/install/kuka_quantec_support/share/kuka_quantec_support/meshes/kr210_r2700_2/visual/link_4.stl
[0.408s] -- Up-to-date: /home/omar/code/robotics_project/ros2_ws/install/kuka_quantec_support/share/kuka_quantec_support/meshes/kr210_r2700_2/visual/link_2.stl
[0.408s] -- Up-to-date: /home/omar/code/robotics_project/ros2_ws/install/kuka_quantec_support/share/kuka_quantec_support/meshes/kr210_r2700_2/visual/base_link.stl
[0.408s] -- Up-to-date: /home/omar/code/robotics_project/ros2_ws/install/kuka_quantec_support/share/kuka_quantec_support/meshes/kr210_r2700_2/visual/link_6.stl
[0.408s] -- Up-to-date: /home/omar/code/robotics_project/ros2_ws/install/kuka_quantec_support/share/kuka_quantec_support/meshes/kr210_r2700_2/visual/link_3.stl
[0.408s] -- Up-to-date: /home/omar/code/robotics_project/ros2_ws/install/kuka_quantec_support/share/kuka_quantec_support/meshes/kr210_r2700_2/visual/link_1.stl
[0.408s] -- Up-to-date: /home/omar/code/robotics_project/ros2_ws/install/kuka_quantec_support/share/kuka_quantec_support/meshes/kr210_r2700_2/collision
[0.408s] -- Up-to-date: /home/omar/code/robotics_project/ros2_ws/install/kuka_quantec_support/share/kuka_quantec_support/meshes/kr210_r2700_2/collision/link_5.stl
[0.408s] -- Up-to-date: /home/omar/code/robotics_project/ros2_ws/install/kuka_quantec_support/share/kuka_quantec_support/meshes/kr210_r2700_2/collision/link_4.stl
[0.408s] -- Up-to-date: /home/omar/code/robotics_project/ros2_ws/install/kuka_quantec_support/share/kuka_quantec_support/meshes/kr210_r2700_2/collision/link_2.stl
[0.408s] -- Up-to-date: /home/omar/code/robotics_project/ros2_ws/install/kuka_quantec_support/share/kuka_quantec_support/meshes/kr210_r2700_2/collision/base_link.stl
[0.408s] -- Up-to-date: /home/omar/code/robotics_project/ros2_ws/install/kuka_quantec_support/share/kuka_quantec_support/meshes/kr210_r2700_2/collision/link_6.stl
[0.408s] -- Up-to-date: /home/omar/code/robotics_project/ros2_ws/install/kuka_quantec_support/share/kuka_quantec_support/meshes/kr210_r2700_2/collision/link_3.stl
[0.408s] -- Up-to-date: /home/omar/code/robotics_project/ros2_ws/install/kuka_quantec_support/share/kuka_quantec_support/meshes/kr210_r2700_2/collision/link_1.stl
[0.408s] -- Up-to-date: /home/omar/code/robotics_project/ros2_ws/install/kuka_quantec_support/share/kuka_quantec_support/meshes/kr210_r3100_2
[0.408s] -- Up-to-date: /home/omar/code/robotics_project/ros2_ws/install/kuka_quantec_support/share/kuka_quantec_support/meshes/kr210_r3100_2/visual
[0.408s] -- Up-to-date: /home/omar/code/robotics_project/ros2_ws/install/kuka_quantec_support/share/kuka_quantec_support/meshes/kr210_r3100_2/visual/link_5.stl
[0.409s] -- Up-to-date: /home/omar/code/robotics_project/ros2_ws/install/kuka_quantec_support/share/kuka_quantec_support/meshes/kr210_r3100_2/visual/link_4.stl
[0.409s] -- Up-to-date: /home/omar/code/robotics_project/ros2_ws/install/kuka_quantec_support/share/kuka_quantec_support/meshes/kr210_r3100_2/visual/link_2.stl
[0.409s] -- Up-to-date: /home/omar/code/robotics_project/ros2_ws/install/kuka_quantec_support/share/kuka_quantec_support/meshes/kr210_r3100_2/visual/base_link.stl
[0.409s] -- Up-to-date: /home/omar/code/robotics_project/ros2_ws/install/kuka_quantec_support/share/kuka_quantec_support/meshes/kr210_r3100_2/visual/link_6.stl
[0.409s] -- Up-to-date: /home/omar/code/robotics_project/ros2_ws/install/kuka_quantec_support/share/kuka_quantec_support/meshes/kr210_r3100_2/visual/link_3.stl
[0.409s] -- Up-to-date: /home/omar/code/robotics_project/ros2_ws/install/kuka_quantec_support/share/kuka_quantec_support/meshes/kr210_r3100_2/visual/link_1.stl
[0.409s] -- Up-to-date: /home/omar/code/robotics_project/ros2_ws/install/kuka_quantec_support/share/kuka_quantec_support/meshes/kr210_r3100_2/collision
[0.409s] -- Up-to-date: /home/omar/code/robotics_project/ros2_ws/install/kuka_quantec_support/share/kuka_quantec_support/meshes/kr210_r3100_2/collision/link_5.stl
[0.409s] -- Up-to-date: /home/omar/code/robotics_project/ros2_ws/install/kuka_quantec_support/share/kuka_quantec_support/meshes/kr210_r3100_2/collision/link_4.stl
[0.409s] -- Up-to-date: /home/omar/code/robotics_project/ros2_ws/install/kuka_quantec_support/share/kuka_quantec_support/meshes/kr210_r3100_2/collision/link_2.stl
[0.409s] -- Up-to-date: /home/omar/code/robotics_project/ros2_ws/install/kuka_quantec_support/share/kuka_quantec_support/meshes/kr210_r3100_2/collision/base_link.stl
[0.409s] -- Up-to-date: /home/omar/code/robotics_project/ros2_ws/install/kuka_quantec_support/share/kuka_quantec_support/meshes/kr210_r3100_2/collision/link_6.stl
[0.409s] -- Up-to-date: /home/omar/code/robotics_project/ros2_ws/install/kuka_quantec_support/share/kuka_quantec_support/meshes/kr210_r3100_2/collision/link_3.stl
[0.409s] -- Up-to-date: /home/omar/code/robotics_project/ros2_ws/install/kuka_quantec_support/share/kuka_quantec_support/meshes/kr210_r3100_2/collision/link_1.stl
[0.409s] -- Up-to-date: /home/omar/code/robotics_project/ros2_ws/install/kuka_quantec_support/share/kuka_quantec_support/meshes/kr240_r2900_2
[0.409s] -- Up-to-date: /home/omar/code/robotics_project/ros2_ws/install/kuka_quantec_support/share/kuka_quantec_support/meshes/kr240_r2900_2/visual
[0.410s] -- Up-to-date: /home/omar/code/robotics_project/ros2_ws/install/kuka_quantec_support/share/kuka_quantec_support/meshes/kr240_r2900_2/visual/link_5.dae
[0.410s] -- Up-to-date: /home/omar/code/robotics_project/ros2_ws/install/kuka_quantec_support/share/kuka_quantec_support/meshes/kr240_r2900_2/visual/link_1.dae
[0.410s] -- Up-to-date: /home/omar/code/robotics_project/ros2_ws/install/kuka_quantec_support/share/kuka_quantec_support/meshes/kr240_r2900_2/visual/link_4.dae
[0.410s] -- Up-to-date: /home/omar/code/robotics_project/ros2_ws/install/kuka_quantec_support/share/kuka_quantec_support/meshes/kr240_r2900_2/visual/base_link.dae
[0.410s] -- Up-to-date: /home/omar/code/robotics_project/ros2_ws/install/kuka_quantec_support/share/kuka_quantec_support/meshes/kr240_r2900_2/visual/link_3.dae
[0.410s] -- Up-to-date: /home/omar/code/robotics_project/ros2_ws/install/kuka_quantec_support/share/kuka_quantec_support/meshes/kr240_r2900_2/visual/link_2.dae
[0.410s] -- Up-to-date: /home/omar/code/robotics_project/ros2_ws/install/kuka_quantec_support/share/kuka_quantec_support/meshes/kr240_r2900_2/visual/link_6.dae
[0.410s] -- Up-to-date: /home/omar/code/robotics_project/ros2_ws/install/kuka_quantec_support/share/kuka_quantec_support/meshes/kr240_r2900_2/collision
[0.410s] -- Up-to-date: /home/omar/code/robotics_project/ros2_ws/install/kuka_quantec_support/share/kuka_quantec_support/meshes/kr240_r2900_2/collision/link_5.stl
[0.410s] -- Up-to-date: /home/omar/code/robotics_project/ros2_ws/install/kuka_quantec_support/share/kuka_quantec_support/meshes/kr240_r2900_2/collision/link_4.stl
[0.410s] -- Up-to-date: /home/omar/code/robotics_project/ros2_ws/install/kuka_quantec_support/share/kuka_quantec_support/meshes/kr240_r2900_2/collision/link_2.stl
[0.410s] -- Up-to-date: /home/omar/code/robotics_project/ros2_ws/install/kuka_quantec_support/share/kuka_quantec_support/meshes/kr240_r2900_2/collision/base_link.stl
[0.411s] -- Up-to-date: /home/omar/code/robotics_project/ros2_ws/install/kuka_quantec_support/share/kuka_quantec_support/meshes/kr240_r2900_2/collision/link_6.stl
[0.411s] -- Up-to-date: /home/omar/code/robotics_project/ros2_ws/install/kuka_quantec_support/share/kuka_quantec_support/meshes/kr240_r2900_2/collision/link_3.stl
[0.414s] -- Up-to-date: /home/omar/code/robotics_project/ros2_ws/install/kuka_quantec_support/share/kuka_quantec_support/meshes/kr240_r2900_2/collision/link_1.stl
[0.414s] -- Up-to-date: /home/omar/code/robotics_project/ros2_ws/install/kuka_quantec_support/share/kuka_quantec_support/meshes/kr300_r2700_2
[0.414s] -- Up-to-date: /home/omar/code/robotics_project/ros2_ws/install/kuka_quantec_support/share/kuka_quantec_support/meshes/kr300_r2700_2/visual
[0.414s] -- Up-to-date: /home/omar/code/robotics_project/ros2_ws/install/kuka_quantec_support/share/kuka_quantec_support/meshes/kr300_r2700_2/visual/link_5.dae
[0.415s] -- Up-to-date: /home/omar/code/robotics_project/ros2_ws/install/kuka_quantec_support/share/kuka_quantec_support/meshes/kr300_r2700_2/visual/link_1.dae
[0.415s] -- Up-to-date: /home/omar/code/robotics_project/ros2_ws/install/kuka_quantec_support/share/kuka_quantec_support/meshes/kr300_r2700_2/visual/link_4.dae
[0.415s] -- Up-to-date: /home/omar/code/robotics_project/ros2_ws/install/kuka_quantec_support/share/kuka_quantec_support/meshes/kr300_r2700_2/visual/base_link.dae
[0.416s] -- Up-to-date: /home/omar/code/robotics_project/ros2_ws/install/kuka_quantec_support/share/kuka_quantec_support/meshes/kr300_r2700_2/visual/link_3.dae
[0.416s] -- Up-to-date: /home/omar/code/robotics_project/ros2_ws/install/kuka_quantec_support/share/kuka_quantec_support/meshes/kr300_r2700_2/visual/link_2.dae
[0.416s] -- Up-to-date: /home/omar/code/robotics_project/ros2_ws/install/kuka_quantec_support/share/kuka_quantec_support/meshes/kr300_r2700_2/visual/link_6.dae
[0.416s] -- Up-to-date: /home/omar/code/robotics_project/ros2_ws/install/kuka_quantec_support/share/kuka_quantec_support/meshes/kr300_r2700_2/collision
[0.417s] -- Up-to-date: /home/omar/code/robotics_project/ros2_ws/install/kuka_quantec_support/share/kuka_quantec_support/meshes/kr300_r2700_2/collision/link_5.stl
[0.417s] -- Up-to-date: /home/omar/code/robotics_project/ros2_ws/install/kuka_quantec_support/share/kuka_quantec_support/meshes/kr300_r2700_2/collision/link_4.stl
[0.418s] -- Up-to-date: /home/omar/code/robotics_project/ros2_ws/install/kuka_quantec_support/share/kuka_quantec_support/meshes/kr300_r2700_2/collision/link_2.stl
[0.418s] -- Up-to-date: /home/omar/code/robotics_project/ros2_ws/install/kuka_quantec_support/share/kuka_quantec_support/meshes/kr300_r2700_2/collision/base_link.stl
[0.418s] -- Up-to-date: /home/omar/code/robotics_project/ros2_ws/install/kuka_quantec_support/share/kuka_quantec_support/meshes/kr300_r2700_2/collision/link_6.stl
[0.418s] -- Up-to-date: /home/omar/code/robotics_project/ros2_ws/install/kuka_quantec_support/share/kuka_quantec_support/meshes/kr300_r2700_2/collision/link_3.stl
[0.419s] -- Up-to-date: /home/omar/code/robotics_project/ros2_ws/install/kuka_quantec_support/share/kuka_quantec_support/meshes/kr300_r2700_2/collision/link_1.stl
[0.419s] -- Up-to-date: /home/omar/code/robotics_project/ros2_ws/install/kuka_quantec_support/share/kuka_quantec_support/meshes/kr210_r3100_ultra
[0.423s] -- Up-to-date: /home/omar/code/robotics_project/ros2_ws/install/kuka_quantec_support/share/kuka_quantec_support/meshes/kr210_r3100_ultra/visual
[0.424s] -- Up-to-date: /home/omar/code/robotics_project/ros2_ws/install/kuka_quantec_support/share/kuka_quantec_support/meshes/kr210_r3100_ultra/visual/link_5.dae
[0.424s] -- Up-to-date: /home/omar/code/robotics_project/ros2_ws/install/kuka_quantec_support/share/kuka_quantec_support/meshes/kr210_r3100_ultra/visual/link_1.dae
[0.424s] -- Up-to-date: /home/omar/code/robotics_project/ros2_ws/install/kuka_quantec_support/share/kuka_quantec_support/meshes/kr210_r3100_ultra/visual/link_4.dae
[0.424s] -- Up-to-date: /home/omar/code/robotics_project/ros2_ws/install/kuka_quantec_support/share/kuka_quantec_support/meshes/kr210_r3100_ultra/visual/base_link.dae
[0.424s] -- Up-to-date: /home/omar/code/robotics_project/ros2_ws/install/kuka_quantec_support/share/kuka_quantec_support/meshes/kr210_r3100_ultra/visual/link_3.dae
[0.424s] -- Up-to-date: /home/omar/code/robotics_project/ros2_ws/install/kuka_quantec_support/share/kuka_quantec_support/meshes/kr210_r3100_ultra/visual/link_2.dae
[0.424s] -- Up-to-date: /home/omar/code/robotics_project/ros2_ws/install/kuka_quantec_support/share/kuka_quantec_support/meshes/kr210_r3100_ultra/visual/link_6.dae
[0.424s] -- Up-to-date: /home/omar/code/robotics_project/ros2_ws/install/kuka_quantec_support/share/kuka_quantec_support/meshes/kr210_r3100_ultra/collision
[0.424s] -- Up-to-date: /home/omar/code/robotics_project/ros2_ws/install/kuka_quantec_support/share/kuka_quantec_support/meshes/kr210_r3100_ultra/collision/link_5.stl
[0.424s] -- Up-to-date: /home/omar/code/robotics_project/ros2_ws/install/kuka_quantec_support/share/kuka_quantec_support/meshes/kr210_r3100_ultra/collision/link_4.stl
[0.425s] -- Up-to-date: /home/omar/code/robotics_project/ros2_ws/install/kuka_quantec_support/share/kuka_quantec_support/meshes/kr210_r3100_ultra/collision/link_2.stl
[0.425s] -- Up-to-date: /home/omar/code/robotics_project/ros2_ws/install/kuka_quantec_support/share/kuka_quantec_support/meshes/kr210_r3100_ultra/collision/base_link.stl
[0.425s] -- Up-to-date: /home/omar/code/robotics_project/ros2_ws/install/kuka_quantec_support/share/kuka_quantec_support/meshes/kr210_r3100_ultra/collision/link_6.stl
[0.425s] -- Up-to-date: /home/omar/code/robotics_project/ros2_ws/install/kuka_quantec_support/share/kuka_quantec_support/meshes/kr210_r3100_ultra/collision/link_3.stl
[0.425s] -- Up-to-date: /home/omar/code/robotics_project/ros2_ws/install/kuka_quantec_support/share/kuka_quantec_support/meshes/kr210_r3100_ultra/collision/link_1.stl
[0.425s] -- Up-to-date: /home/omar/code/robotics_project/ros2_ws/install/kuka_quantec_support/share/kuka_quantec_support/meshes/kr150_r3100_2
[0.425s] -- Up-to-date: /home/omar/code/robotics_project/ros2_ws/install/kuka_quantec_support/share/kuka_quantec_support/meshes/kr150_r3100_2/visual
[0.425s] -- Up-to-date: /home/omar/code/robotics_project/ros2_ws/install/kuka_quantec_support/share/kuka_quantec_support/meshes/kr150_r3100_2/visual/link_5.dae
[0.425s] -- Up-to-date: /home/omar/code/robotics_project/ros2_ws/install/kuka_quantec_support/share/kuka_quantec_support/meshes/kr150_r3100_2/visual/link_1.dae
[0.425s] -- Up-to-date: /home/omar/code/robotics_project/ros2_ws/install/kuka_quantec_support/share/kuka_quantec_support/meshes/kr150_r3100_2/visual/link_4.dae
[0.425s] -- Up-to-date: /home/omar/code/robotics_project/ros2_ws/install/kuka_quantec_support/share/kuka_quantec_support/meshes/kr150_r3100_2/visual/base_link.dae
[0.425s] -- Up-to-date: /home/omar/code/robotics_project/ros2_ws/install/kuka_quantec_support/share/kuka_quantec_support/meshes/kr150_r3100_2/visual/link_3.dae
[0.426s] -- Up-to-date: /home/omar/code/robotics_project/ros2_ws/install/kuka_quantec_support/share/kuka_quantec_support/meshes/kr150_r3100_2/visual/link_2.dae
[0.426s] -- Up-to-date: /home/omar/code/robotics_project/ros2_ws/install/kuka_quantec_support/share/kuka_quantec_support/meshes/kr150_r3100_2/visual/link_6.dae
[0.426s] -- Up-to-date: /home/omar/code/robotics_project/ros2_ws/install/kuka_quantec_support/share/kuka_quantec_support/meshes/kr150_r3100_2/collision
[0.428s] -- Up-to-date: /home/omar/code/robotics_project/ros2_ws/install/kuka_quantec_support/share/kuka_quantec_support/meshes/kr150_r3100_2/collision/link_5.stl
[0.429s] -- Up-to-date: /home/omar/code/robotics_project/ros2_ws/install/kuka_quantec_support/share/kuka_quantec_support/meshes/kr150_r3100_2/collision/link_4.stl
[0.429s] -- Up-to-date: /home/omar/code/robotics_project/ros2_ws/install/kuka_quantec_support/share/kuka_quantec_support/meshes/kr150_r3100_2/collision/link_2.stl
[0.430s] -- Up-to-date: /home/omar/code/robotics_project/ros2_ws/install/kuka_quantec_support/share/kuka_quantec_support/meshes/kr150_r3100_2/collision/base_link.stl
[0.430s] -- Up-to-date: /home/omar/code/robotics_project/ros2_ws/install/kuka_quantec_support/share/kuka_quantec_support/meshes/kr150_r3100_2/collision/link_6.stl
[0.430s] -- Up-to-date: /home/omar/code/robotics_project/ros2_ws/install/kuka_quantec_support/share/kuka_quantec_support/meshes/kr150_r3100_2/collision/link_3.stl
[0.431s] -- Up-to-date: /home/omar/code/robotics_project/ros2_ws/install/kuka_quantec_support/share/kuka_quantec_support/meshes/kr150_r3100_2/collision/link_1.stl
[0.431s] -- Up-to-date: /home/omar/code/robotics_project/ros2_ws/install/kuka_quantec_support/share/kuka_quantec_support/meshes/kr210_r3300_2_k
[0.431s] -- Up-to-date: /home/omar/code/robotics_project/ros2_ws/install/kuka_quantec_support/share/kuka_quantec_support/meshes/kr210_r3300_2_k/visual
[0.431s] -- Up-to-date: /home/omar/code/robotics_project/ros2_ws/install/kuka_quantec_support/share/kuka_quantec_support/meshes/kr210_r3300_2_k/visual/link_5.dae
[0.431s] -- Up-to-date: /home/omar/code/robotics_project/ros2_ws/install/kuka_quantec_support/share/kuka_quantec_support/meshes/kr210_r3300_2_k/visual/link_1.dae
[0.432s] -- Up-to-date: /home/omar/code/robotics_project/ros2_ws/install/kuka_quantec_support/share/kuka_quantec_support/meshes/kr210_r3300_2_k/visual/link_4.dae
[0.432s] -- Up-to-date: /home/omar/code/robotics_project/ros2_ws/install/kuka_quantec_support/share/kuka_quantec_support/meshes/kr210_r3300_2_k/visual/base_link.dae
[0.432s] -- Up-to-date: /home/omar/code/robotics_project/ros2_ws/install/kuka_quantec_support/share/kuka_quantec_support/meshes/kr210_r3300_2_k/visual/link_3.dae
[0.435s] -- Up-to-date: /home/omar/code/robotics_project/ros2_ws/install/kuka_quantec_support/share/kuka_quantec_support/meshes/kr210_r3300_2_k/visual/link_2.dae
[0.435s] -- Up-to-date: /home/omar/code/robotics_project/ros2_ws/install/kuka_quantec_support/share/kuka_quantec_support/meshes/kr210_r3300_2_k/visual/link_6.dae
[0.435s] -- Up-to-date: /home/omar/code/robotics_project/ros2_ws/install/kuka_quantec_support/share/kuka_quantec_support/meshes/kr210_r3300_2_k/collision
[0.435s] -- Up-to-date: /home/omar/code/robotics_project/ros2_ws/install/kuka_quantec_support/share/kuka_quantec_support/meshes/kr210_r3300_2_k/collision/link_5.stl
[0.435s] -- Up-to-date: /home/omar/code/robotics_project/ros2_ws/install/kuka_quantec_support/share/kuka_quantec_support/meshes/kr210_r3300_2_k/collision/link_4.stl
[0.435s] -- Up-to-date: /home/omar/code/robotics_project/ros2_ws/install/kuka_quantec_support/share/kuka_quantec_support/meshes/kr210_r3300_2_k/collision/link_2.stl
[0.435s] -- Up-to-date: /home/omar/code/robotics_project/ros2_ws/install/kuka_quantec_support/share/kuka_quantec_support/meshes/kr210_r3300_2_k/collision/base_link.stl
[0.435s] -- Up-to-date: /home/omar/code/robotics_project/ros2_ws/install/kuka_quantec_support/share/kuka_quantec_support/meshes/kr210_r3300_2_k/collision/link_6.stl
[0.435s] -- Up-to-date: /home/omar/code/robotics_project/ros2_ws/install/kuka_quantec_support/share/kuka_quantec_support/meshes/kr210_r3300_2_k/collision/link_3.stl
[0.435s] -- Up-to-date: /home/omar/code/robotics_project/ros2_ws/install/kuka_quantec_support/share/kuka_quantec_support/meshes/kr210_r3300_2_k/collision/link_1.stl
[0.436s] -- Up-to-date: /home/omar/code/robotics_project/ros2_ws/install/kuka_quantec_support/share/kuka_quantec_support/urdf
[0.436s] -- Up-to-date: /home/omar/code/robotics_project/ros2_ws/install/kuka_quantec_support/share/kuka_quantec_support/urdf/kr240_r2900_2.urdf.xacro
[0.436s] -- Up-to-date: /home/omar/code/robotics_project/ros2_ws/install/kuka_quantec_support/share/kuka_quantec_support/urdf/kr150_r3100_2_macro.xacro
[0.436s] -- Up-to-date: /home/omar/code/robotics_project/ros2_ws/install/kuka_quantec_support/share/kuka_quantec_support/urdf/kr210_r3100_2_macro.xacro
[0.436s] -- Up-to-date: /home/omar/code/robotics_project/ros2_ws/install/kuka_quantec_support/share/kuka_quantec_support/urdf/kr_quantec_ros2_control_macro.xacro
[0.436s] -- Up-to-date: /home/omar/code/robotics_project/ros2_ws/install/kuka_quantec_support/share/kuka_quantec_support/urdf/kr240_r2900_2_macro.xacro
[0.436s] -- Up-to-date: /home/omar/code/robotics_project/ros2_ws/install/kuka_quantec_support/share/kuka_quantec_support/urdf/kr210_r3300_2_k.urdf.xacro
[0.436s] -- Up-to-date: /home/omar/code/robotics_project/ros2_ws/install/kuka_quantec_support/share/kuka_quantec_support/urdf/kr210_r3100_ultra.urdf.xacro
[0.436s] -- Up-to-date: /home/omar/code/robotics_project/ros2_ws/install/kuka_quantec_support/share/kuka_quantec_support/urdf/kr150_r3100_2.urdf.xacro
[0.436s] -- Up-to-date: /home/omar/code/robotics_project/ros2_ws/install/kuka_quantec_support/share/kuka_quantec_support/urdf/kr210_r3100_ultra_macro.xacro
[0.436s] -- Up-to-date: /home/omar/code/robotics_project/ros2_ws/install/kuka_quantec_support/share/kuka_quantec_support/urdf/kr210_r2700_2_macro.xacro
[0.436s] -- Up-to-date: /home/omar/code/robotics_project/ros2_ws/install/kuka_quantec_support/share/kuka_quantec_support/urdf/kr300_r2700_2_macro.xacro
[0.436s] -- Up-to-date: /home/omar/code/robotics_project/ros2_ws/install/kuka_quantec_support/share/kuka_quantec_support/urdf/kr210_r3100_2.urdf.xacro
[0.436s] -- Up-to-date: /home/omar/code/robotics_project/ros2_ws/install/kuka_quantec_support/share/kuka_quantec_support/urdf/kr210_r3300_2_k_macro.xacro
[0.437s] -- Up-to-date: /home/omar/code/robotics_project/ros2_ws/install/kuka_quantec_support/share/kuka_quantec_support/urdf/kr300_r2700_2.urdf.xacro
[0.437s] -- Up-to-date: /home/omar/code/robotics_project/ros2_ws/install/kuka_quantec_support/share/kuka_quantec_support/urdf/kr210_r2700_2.urdf.xacro
[0.437s] -- Up-to-date: /home/omar/code/robotics_project/ros2_ws/install/kuka_quantec_support/share/kuka_quantec_support/environment/kuka_quantec_support.dsv
[0.437s] -- Up-to-date: /home/omar/code/robotics_project/ros2_ws/install/kuka_quantec_support/share/ament_index/resource_index/package_run_dependencies/kuka_quantec_support
[0.437s] -- Up-to-date: /home/omar/code/robotics_project/ros2_ws/install/kuka_quantec_support/share/ament_index/resource_index/parent_prefix_path/kuka_quantec_support
[0.437s] -- Up-to-date: /home/omar/code/robotics_project/ros2_ws/install/kuka_quantec_support/share/kuka_quantec_support/environment/ament_prefix_path.sh
[0.437s] -- Up-to-date: /home/omar/code/robotics_project/ros2_ws/install/kuka_quantec_support/share/kuka_quantec_support/environment/ament_prefix_path.dsv
[0.437s] -- Up-to-date: /home/omar/code/robotics_project/ros2_ws/install/kuka_quantec_support/share/kuka_quantec_support/environment/path.sh
[0.437s] -- Up-to-date: /home/omar/code/robotics_project/ros2_ws/install/kuka_quantec_support/share/kuka_quantec_support/environment/path.dsv
[0.437s] -- Up-to-date: /home/omar/code/robotics_project/ros2_ws/install/kuka_quantec_support/share/kuka_quantec_support/local_setup.bash
[0.438s] -- Up-to-date: /home/omar/code/robotics_project/ros2_ws/install/kuka_quantec_support/share/kuka_quantec_support/local_setup.sh
[0.438s] -- Up-to-date: /home/omar/code/robotics_project/ros2_ws/install/kuka_quantec_support/share/kuka_quantec_support/local_setup.zsh
[0.438s] -- Up-to-date: /home/omar/code/robotics_project/ros2_ws/install/kuka_quantec_support/share/kuka_quantec_support/local_setup.dsv
[0.438s] -- Installing: /home/omar/code/robotics_project/ros2_ws/install/kuka_quantec_support/share/kuka_quantec_support/package.dsv
[0.438s] -- Up-to-date: /home/omar/code/robotics_project/ros2_ws/install/kuka_quantec_support/share/ament_index/resource_index/packages/kuka_quantec_support
[0.438s] -- Up-to-date: /home/omar/code/robotics_project/ros2_ws/install/kuka_quantec_support/share/kuka_quantec_support/cmake/kuka_quantec_supportConfig.cmake
[0.438s] -- Up-to-date: /home/omar/code/robotics_project/ros2_ws/install/kuka_quantec_support/share/kuka_quantec_support/cmake/kuka_quantec_supportConfig-version.cmake
[0.438s] -- Up-to-date: /home/omar/code/robotics_project/ros2_ws/install/kuka_quantec_support/share/kuka_quantec_support/package.xml
[0.439s] Invoked command in '/home/omar/code/robotics_project/ros2_ws/build/kuka_quantec_support' returned '0': AMENT_PREFIX_PATH=/home/omar/code/robotics_project/ros2_ws/install/kuka_resources:/home/omar/code/robotics_project/ros2_ws/install/kuka_gazebo:${AMENT_PREFIX_PATH} CMAKE_PREFIX_PATH=/home/omar/code/robotics_project/ros2_ws/install/kuka_resources:/home/omar/code/robotics_project/ros2_ws/install/kuka_gazebo:/opt/ros/jazzy/opt/gz_sim_vendor:/opt/ros/jazzy/opt/gz_sensors_vendor:/opt/ros/jazzy/opt/gz_physics_vendor:/opt/ros/jazzy/opt/sdformat_vendor:/opt/ros/jazzy/opt/gz_gui_vendor:/opt/ros/jazzy/opt/gz_transport_vendor:/opt/ros/jazzy/opt/gz_rendering_vendor:/opt/ros/jazzy/opt/gz_plugin_vendor:/opt/ros/jazzy/opt/gz_fuel_tools_vendor:/opt/ros/jazzy/opt/gz_msgs_vendor:/opt/ros/jazzy/opt/gz_common_vendor:/opt/ros/jazzy/opt/gz_math_vendor:/opt/ros/jazzy/opt/gz_utils_vendor:/opt/ros/jazzy/opt/gz_tools_vendor:/opt/ros/jazzy/opt/gz_ogre_next_vendor:/opt/ros/jazzy/opt/gz_dartsim_vendor:/opt/ros/jazzy/opt/gz_cmake_vendor:/opt/ros/jazzy /usr/bin/cmake --install /home/omar/code/robotics_project/ros2_ws/build/kuka_quantec_support
