[0.150s] Invoking command in '/home/omar/code/robotics_project/ros2_ws/build/kuka_cybertech_support': AMENT_PREFIX_PATH=/home/omar/code/robotics_project/ros2_ws/install/kuka_resources:${AMENT_PREFIX_PATH} CMAKE_PREFIX_PATH=/home/omar/code/robotics_project/ros2_ws/install/kuka_resources:/opt/ros/jazzy/opt/gz_sim_vendor:/opt/ros/jazzy/opt/gz_sensors_vendor:/opt/ros/jazzy/opt/gz_physics_vendor:/opt/ros/jazzy/opt/sdformat_vendor:/opt/ros/jazzy/opt/gz_gui_vendor:/opt/ros/jazzy/opt/gz_transport_vendor:/opt/ros/jazzy/opt/gz_rendering_vendor:/opt/ros/jazzy/opt/gz_plugin_vendor:/opt/ros/jazzy/opt/gz_fuel_tools_vendor:/opt/ros/jazzy/opt/gz_msgs_vendor:/opt/ros/jazzy/opt/gz_common_vendor:/opt/ros/jazzy/opt/gz_math_vendor:/opt/ros/jazzy/opt/gz_utils_vendor:/opt/ros/jazzy/opt/gz_tools_vendor:/opt/ros/jazzy/opt/gz_ogre_next_vendor:/opt/ros/jazzy/opt/gz_dartsim_vendor:/opt/ros/jazzy/opt/gz_cmake_vendor:/opt/ros/jazzy /usr/bin/cmake --build /home/omar/code/robotics_project/ros2_ws/build/kuka_cybertech_support -- -j8 -l8
[0.229s] Invoked command in '/home/omar/code/robotics_project/ros2_ws/build/kuka_cybertech_support' returned '0': AMENT_PREFIX_PATH=/home/omar/code/robotics_project/ros2_ws/install/kuka_resources:${AMENT_PREFIX_PATH} CMAKE_PREFIX_PATH=/home/omar/code/robotics_project/ros2_ws/install/kuka_resources:/opt/ros/jazzy/opt/gz_sim_vendor:/opt/ros/jazzy/opt/gz_sensors_vendor:/opt/ros/jazzy/opt/gz_physics_vendor:/opt/ros/jazzy/opt/sdformat_vendor:/opt/ros/jazzy/opt/gz_gui_vendor:/opt/ros/jazzy/opt/gz_transport_vendor:/opt/ros/jazzy/opt/gz_rendering_vendor:/opt/ros/jazzy/opt/gz_plugin_vendor:/opt/ros/jazzy/opt/gz_fuel_tools_vendor:/opt/ros/jazzy/opt/gz_msgs_vendor:/opt/ros/jazzy/opt/gz_common_vendor:/opt/ros/jazzy/opt/gz_math_vendor:/opt/ros/jazzy/opt/gz_utils_vendor:/opt/ros/jazzy/opt/gz_tools_vendor:/opt/ros/jazzy/opt/gz_ogre_next_vendor:/opt/ros/jazzy/opt/gz_dartsim_vendor:/opt/ros/jazzy/opt/gz_cmake_vendor:/opt/ros/jazzy /usr/bin/cmake --build /home/omar/code/robotics_project/ros2_ws/build/kuka_cybertech_support -- -j8 -l8
[0.239s] Invoking command in '/home/omar/code/robotics_project/ros2_ws/build/kuka_cybertech_support': AMENT_PREFIX_PATH=/home/omar/code/robotics_project/ros2_ws/install/kuka_resources:${AMENT_PREFIX_PATH} CMAKE_PREFIX_PATH=/home/omar/code/robotics_project/ros2_ws/install/kuka_resources:/opt/ros/jazzy/opt/gz_sim_vendor:/opt/ros/jazzy/opt/gz_sensors_vendor:/opt/ros/jazzy/opt/gz_physics_vendor:/opt/ros/jazzy/opt/sdformat_vendor:/opt/ros/jazzy/opt/gz_gui_vendor:/opt/ros/jazzy/opt/gz_transport_vendor:/opt/ros/jazzy/opt/gz_rendering_vendor:/opt/ros/jazzy/opt/gz_plugin_vendor:/opt/ros/jazzy/opt/gz_fuel_tools_vendor:/opt/ros/jazzy/opt/gz_msgs_vendor:/opt/ros/jazzy/opt/gz_common_vendor:/opt/ros/jazzy/opt/gz_math_vendor:/opt/ros/jazzy/opt/gz_utils_vendor:/opt/ros/jazzy/opt/gz_tools_vendor:/opt/ros/jazzy/opt/gz_ogre_next_vendor:/opt/ros/jazzy/opt/gz_dartsim_vendor:/opt/ros/jazzy/opt/gz_cmake_vendor:/opt/ros/jazzy /usr/bin/cmake --install /home/omar/code/robotics_project/ros2_ws/build/kuka_cybertech_support
[0.275s] -- Install configuration: ""
[0.275s] -- Up-to-date: /home/omar/code/robotics_project/ros2_ws/install/kuka_cybertech_support/share/kuka_cybertech_support/config
[0.275s] -- Up-to-date: /home/omar/code/robotics_project/ros2_ws/install/kuka_cybertech_support/share/kuka_cybertech_support/config/kr16_r1610_2_joint_limits.yaml
[0.275s] -- Up-to-date: /home/omar/code/robotics_project/ros2_ws/install/kuka_cybertech_support/share/kuka_cybertech_support/config/kr12_r1450_3_hw_joint_limits.yaml
[0.275s] -- Up-to-date: /home/omar/code/robotics_project/ros2_ws/install/kuka_cybertech_support/share/kuka_cybertech_support/config/kr8_r1440_2_arc_hw_joint_limits.yaml
[0.275s] -- Up-to-date: /home/omar/code/robotics_project/ros2_ws/install/kuka_cybertech_support/share/kuka_cybertech_support/config/kr16_r2010_2_joint_limits.yaml
[0.276s] -- Up-to-date: /home/omar/code/robotics_project/ros2_ws/install/kuka_cybertech_support/share/kuka_cybertech_support/config/kr8_r2100_2_arc_hw_joint_limits.yaml
[0.276s] -- Up-to-date: /home/omar/code/robotics_project/ros2_ws/install/kuka_cybertech_support/share/kuka_cybertech_support/config/kr20_r1810_2_joint_limits.yaml
[0.276s] -- Up-to-date: /home/omar/code/robotics_project/ros2_ws/install/kuka_cybertech_support/share/kuka_cybertech_support/launch
[0.276s] -- Up-to-date: /home/omar/code/robotics_project/ros2_ws/install/kuka_cybertech_support/share/kuka_cybertech_support/launch/test_kr8_r2100_2_arc_hw.launch.py
[0.276s] -- Up-to-date: /home/omar/code/robotics_project/ros2_ws/install/kuka_cybertech_support/share/kuka_cybertech_support/launch/test_kr12_r1450_3_hw.launch.py
[0.276s] -- Up-to-date: /home/omar/code/robotics_project/ros2_ws/install/kuka_cybertech_support/share/kuka_cybertech_support/launch/test_kr20_r1810_2.launch.py
[0.276s] -- Up-to-date: /home/omar/code/robotics_project/ros2_ws/install/kuka_cybertech_support/share/kuka_cybertech_support/launch/test_kr16_r2010_2.launch.py
[0.276s] -- Up-to-date: /home/omar/code/robotics_project/ros2_ws/install/kuka_cybertech_support/share/kuka_cybertech_support/launch/test_kr8_r1440_2_arc_hw.launch.py
[0.276s] -- Up-to-date: /home/omar/code/robotics_project/ros2_ws/install/kuka_cybertech_support/share/kuka_cybertech_support/launch/test_kr16_r1610_2.launch.py
[0.276s] -- Up-to-date: /home/omar/code/robotics_project/ros2_ws/install/kuka_cybertech_support/share/kuka_cybertech_support/meshes
[0.276s] -- Up-to-date: /home/omar/code/robotics_project/ros2_ws/install/kuka_cybertech_support/share/kuka_cybertech_support/meshes/kr20_r1810_2
[0.280s] -- Up-to-date: /home/omar/code/robotics_project/ros2_ws/install/kuka_cybertech_support/share/kuka_cybertech_support/meshes/kr20_r1810_2/visual
[0.290s] -- Up-to-date: /home/omar/code/robotics_project/ros2_ws/install/kuka_cybertech_support/share/kuka_cybertech_support/meshes/kr20_r1810_2/visual/link_5.dae
[0.290s] -- Up-to-date: /home/omar/code/robotics_project/ros2_ws/install/kuka_cybertech_support/share/kuka_cybertech_support/meshes/kr20_r1810_2/visual/link_1.dae
[0.290s] -- Up-to-date: /home/omar/code/robotics_project/ros2_ws/install/kuka_cybertech_support/share/kuka_cybertech_support/meshes/kr20_r1810_2/visual/link_4.dae
[0.290s] -- Up-to-date: /home/omar/code/robotics_project/ros2_ws/install/kuka_cybertech_support/share/kuka_cybertech_support/meshes/kr20_r1810_2/visual/base_link.dae
[0.290s] -- Up-to-date: /home/omar/code/robotics_project/ros2_ws/install/kuka_cybertech_support/share/kuka_cybertech_support/meshes/kr20_r1810_2/visual/link_3.dae
[0.290s] -- Up-to-date: /home/omar/code/robotics_project/ros2_ws/install/kuka_cybertech_support/share/kuka_cybertech_support/meshes/kr20_r1810_2/visual/link_2.dae
[0.290s] -- Up-to-date: /home/omar/code/robotics_project/ros2_ws/install/kuka_cybertech_support/share/kuka_cybertech_support/meshes/kr20_r1810_2/visual/link_6.dae
[0.290s] -- Up-to-date: /home/omar/code/robotics_project/ros2_ws/install/kuka_cybertech_support/share/kuka_cybertech_support/meshes/kr20_r1810_2/collision
[0.322s] -- Up-to-date: /home/omar/code/robotics_project/ros2_ws/install/kuka_cybertech_support/share/kuka_cybertech_support/meshes/kr20_r1810_2/collision/link_5.stl
[0.323s] -- Up-to-date: /home/omar/code/robotics_project/ros2_ws/install/kuka_cybertech_support/share/kuka_cybertech_support/meshes/kr20_r1810_2/collision/link_4.stl
[0.323s] -- Up-to-date: /home/omar/code/robotics_project/ros2_ws/install/kuka_cybertech_support/share/kuka_cybertech_support/meshes/kr20_r1810_2/collision/link_2.stl
[0.323s] -- Up-to-date: /home/omar/code/robotics_project/ros2_ws/install/kuka_cybertech_support/share/kuka_cybertech_support/meshes/kr20_r1810_2/collision/base_link.stl
[0.323s] -- Up-to-date: /home/omar/code/robotics_project/ros2_ws/install/kuka_cybertech_support/share/kuka_cybertech_support/meshes/kr20_r1810_2/collision/link_6.stl
[0.323s] -- Up-to-date: /home/omar/code/robotics_project/ros2_ws/install/kuka_cybertech_support/share/kuka_cybertech_support/meshes/kr20_r1810_2/collision/link_3.stl
[0.323s] -- Up-to-date: /home/omar/code/robotics_project/ros2_ws/install/kuka_cybertech_support/share/kuka_cybertech_support/meshes/kr20_r1810_2/collision/link_1.stl
[0.323s] -- Up-to-date: /home/omar/code/robotics_project/ros2_ws/install/kuka_cybertech_support/share/kuka_cybertech_support/meshes/kr16_r2010_2
[0.391s] -- Up-to-date: /home/omar/code/robotics_project/ros2_ws/install/kuka_cybertech_support/share/kuka_cybertech_support/meshes/kr16_r2010_2/visual
[0.409s] -- Up-to-date: /home/omar/code/robotics_project/ros2_ws/install/kuka_cybertech_support/share/kuka_cybertech_support/meshes/kr16_r2010_2/visual/link_5.stl
[0.410s] -- Up-to-date: /home/omar/code/robotics_project/ros2_ws/install/kuka_cybertech_support/share/kuka_cybertech_support/meshes/kr16_r2010_2/visual/link_4.stl
[0.410s] -- Up-to-date: /home/omar/code/robotics_project/ros2_ws/install/kuka_cybertech_support/share/kuka_cybertech_support/meshes/kr16_r2010_2/visual/link_2.stl
[0.410s] -- Up-to-date: /home/omar/code/robotics_project/ros2_ws/install/kuka_cybertech_support/share/kuka_cybertech_support/meshes/kr16_r2010_2/visual/base_link.stl
[0.410s] -- Up-to-date: /home/omar/code/robotics_project/ros2_ws/install/kuka_cybertech_support/share/kuka_cybertech_support/meshes/kr16_r2010_2/visual/link_6.stl
[0.410s] -- Up-to-date: /home/omar/code/robotics_project/ros2_ws/install/kuka_cybertech_support/share/kuka_cybertech_support/meshes/kr16_r2010_2/visual/link_3.stl
[0.410s] -- Up-to-date: /home/omar/code/robotics_project/ros2_ws/install/kuka_cybertech_support/share/kuka_cybertech_support/meshes/kr16_r2010_2/visual/link_1.stl
[0.410s] -- Up-to-date: /home/omar/code/robotics_project/ros2_ws/install/kuka_cybertech_support/share/kuka_cybertech_support/meshes/kr16_r2010_2/collision
[0.446s] -- Up-to-date: /home/omar/code/robotics_project/ros2_ws/install/kuka_cybertech_support/share/kuka_cybertech_support/meshes/kr16_r2010_2/collision/link_5.stl
[0.446s] -- Up-to-date: /home/omar/code/robotics_project/ros2_ws/install/kuka_cybertech_support/share/kuka_cybertech_support/meshes/kr16_r2010_2/collision/link_4.stl
[0.446s] -- Up-to-date: /home/omar/code/robotics_project/ros2_ws/install/kuka_cybertech_support/share/kuka_cybertech_support/meshes/kr16_r2010_2/collision/link_2.stl
[0.447s] -- Up-to-date: /home/omar/code/robotics_project/ros2_ws/install/kuka_cybertech_support/share/kuka_cybertech_support/meshes/kr16_r2010_2/collision/base_link.stl
[0.447s] -- Up-to-date: /home/omar/code/robotics_project/ros2_ws/install/kuka_cybertech_support/share/kuka_cybertech_support/meshes/kr16_r2010_2/collision/link_6.stl
[0.447s] -- Up-to-date: /home/omar/code/robotics_project/ros2_ws/install/kuka_cybertech_support/share/kuka_cybertech_support/meshes/kr16_r2010_2/collision/link_3.stl
[0.448s] -- Up-to-date: /home/omar/code/robotics_project/ros2_ws/install/kuka_cybertech_support/share/kuka_cybertech_support/meshes/kr16_r2010_2/collision/link_1.stl
[0.448s] -- Up-to-date: /home/omar/code/robotics_project/ros2_ws/install/kuka_cybertech_support/share/kuka_cybertech_support/meshes/kr8_r2100_2_arc_hw
[0.452s] -- Up-to-date: /home/omar/code/robotics_project/ros2_ws/install/kuka_cybertech_support/share/kuka_cybertech_support/meshes/kr8_r2100_2_arc_hw/visual
[0.458s] -- Up-to-date: /home/omar/code/robotics_project/ros2_ws/install/kuka_cybertech_support/share/kuka_cybertech_support/meshes/kr8_r2100_2_arc_hw/visual/link_5.dae
[0.459s] -- Up-to-date: /home/omar/code/robotics_project/ros2_ws/install/kuka_cybertech_support/share/kuka_cybertech_support/meshes/kr8_r2100_2_arc_hw/visual/link_1.dae
[0.459s] -- Up-to-date: /home/omar/code/robotics_project/ros2_ws/install/kuka_cybertech_support/share/kuka_cybertech_support/meshes/kr8_r2100_2_arc_hw/visual/link_4.dae
[0.459s] -- Up-to-date: /home/omar/code/robotics_project/ros2_ws/install/kuka_cybertech_support/share/kuka_cybertech_support/meshes/kr8_r2100_2_arc_hw/visual/base_link.dae
[0.460s] -- Up-to-date: /home/omar/code/robotics_project/ros2_ws/install/kuka_cybertech_support/share/kuka_cybertech_support/meshes/kr8_r2100_2_arc_hw/visual/link_3.dae
[0.460s] -- Up-to-date: /home/omar/code/robotics_project/ros2_ws/install/kuka_cybertech_support/share/kuka_cybertech_support/meshes/kr8_r2100_2_arc_hw/visual/link_2.dae
[0.460s] -- Up-to-date: /home/omar/code/robotics_project/ros2_ws/install/kuka_cybertech_support/share/kuka_cybertech_support/meshes/kr8_r2100_2_arc_hw/visual/link_6.dae
[0.460s] -- Up-to-date: /home/omar/code/robotics_project/ros2_ws/install/kuka_cybertech_support/share/kuka_cybertech_support/meshes/kr8_r2100_2_arc_hw/collision
[0.467s] -- Up-to-date: /home/omar/code/robotics_project/ros2_ws/install/kuka_cybertech_support/share/kuka_cybertech_support/meshes/kr8_r2100_2_arc_hw/collision/link_5.stl
[0.468s] -- Up-to-date: /home/omar/code/robotics_project/ros2_ws/install/kuka_cybertech_support/share/kuka_cybertech_support/meshes/kr8_r2100_2_arc_hw/collision/link_4.stl
[0.468s] -- Up-to-date: /home/omar/code/robotics_project/ros2_ws/install/kuka_cybertech_support/share/kuka_cybertech_support/meshes/kr8_r2100_2_arc_hw/collision/link_2.stl
[0.468s] -- Up-to-date: /home/omar/code/robotics_project/ros2_ws/install/kuka_cybertech_support/share/kuka_cybertech_support/meshes/kr8_r2100_2_arc_hw/collision/base_link.stl
[0.468s] -- Up-to-date: /home/omar/code/robotics_project/ros2_ws/install/kuka_cybertech_support/share/kuka_cybertech_support/meshes/kr8_r2100_2_arc_hw/collision/link_6.stl
[0.468s] -- Up-to-date: /home/omar/code/robotics_project/ros2_ws/install/kuka_cybertech_support/share/kuka_cybertech_support/meshes/kr8_r2100_2_arc_hw/collision/link_3.stl
[0.468s] -- Up-to-date: /home/omar/code/robotics_project/ros2_ws/install/kuka_cybertech_support/share/kuka_cybertech_support/meshes/kr8_r2100_2_arc_hw/collision/link_1.stl
[0.469s] -- Up-to-date: /home/omar/code/robotics_project/ros2_ws/install/kuka_cybertech_support/share/kuka_cybertech_support/meshes/kr8_r1440_2_arc_hw
[0.474s] -- Up-to-date: /home/omar/code/robotics_project/ros2_ws/install/kuka_cybertech_support/share/kuka_cybertech_support/meshes/kr8_r1440_2_arc_hw/visual
[0.500s] -- Up-to-date: /home/omar/code/robotics_project/ros2_ws/install/kuka_cybertech_support/share/kuka_cybertech_support/meshes/kr8_r1440_2_arc_hw/visual/link_5.dae
[0.500s] -- Up-to-date: /home/omar/code/robotics_project/ros2_ws/install/kuka_cybertech_support/share/kuka_cybertech_support/meshes/kr8_r1440_2_arc_hw/visual/link_1.dae
[0.500s] -- Up-to-date: /home/omar/code/robotics_project/ros2_ws/install/kuka_cybertech_support/share/kuka_cybertech_support/meshes/kr8_r1440_2_arc_hw/visual/link_4.dae
[0.500s] -- Up-to-date: /home/omar/code/robotics_project/ros2_ws/install/kuka_cybertech_support/share/kuka_cybertech_support/meshes/kr8_r1440_2_arc_hw/visual/base_link.dae
[0.500s] -- Up-to-date: /home/omar/code/robotics_project/ros2_ws/install/kuka_cybertech_support/share/kuka_cybertech_support/meshes/kr8_r1440_2_arc_hw/visual/link_3.dae
[0.501s] -- Up-to-date: /home/omar/code/robotics_project/ros2_ws/install/kuka_cybertech_support/share/kuka_cybertech_support/meshes/kr8_r1440_2_arc_hw/visual/link_2.dae
[0.501s] -- Up-to-date: /home/omar/code/robotics_project/ros2_ws/install/kuka_cybertech_support/share/kuka_cybertech_support/meshes/kr8_r1440_2_arc_hw/visual/link_6.dae
[0.501s] -- Up-to-date: /home/omar/code/robotics_project/ros2_ws/install/kuka_cybertech_support/share/kuka_cybertech_support/meshes/kr8_r1440_2_arc_hw/collision
[0.511s] -- Up-to-date: /home/omar/code/robotics_project/ros2_ws/install/kuka_cybertech_support/share/kuka_cybertech_support/meshes/kr8_r1440_2_arc_hw/collision/link_5.stl
[0.511s] -- Up-to-date: /home/omar/code/robotics_project/ros2_ws/install/kuka_cybertech_support/share/kuka_cybertech_support/meshes/kr8_r1440_2_arc_hw/collision/link_4.stl
[0.511s] -- Up-to-date: /home/omar/code/robotics_project/ros2_ws/install/kuka_cybertech_support/share/kuka_cybertech_support/meshes/kr8_r1440_2_arc_hw/collision/link_2.stl
[0.511s] -- Up-to-date: /home/omar/code/robotics_project/ros2_ws/install/kuka_cybertech_support/share/kuka_cybertech_support/meshes/kr8_r1440_2_arc_hw/collision/base_link.stl
[0.511s] -- Up-to-date: /home/omar/code/robotics_project/ros2_ws/install/kuka_cybertech_support/share/kuka_cybertech_support/meshes/kr8_r1440_2_arc_hw/collision/link_6.stl
[0.512s] -- Up-to-date: /home/omar/code/robotics_project/ros2_ws/install/kuka_cybertech_support/share/kuka_cybertech_support/meshes/kr8_r1440_2_arc_hw/collision/link_3.stl
[0.512s] -- Up-to-date: /home/omar/code/robotics_project/ros2_ws/install/kuka_cybertech_support/share/kuka_cybertech_support/meshes/kr8_r1440_2_arc_hw/collision/link_1.stl
[0.512s] -- Up-to-date: /home/omar/code/robotics_project/ros2_ws/install/kuka_cybertech_support/share/kuka_cybertech_support/meshes/kr12_r1450_3_hw
[0.532s] -- Up-to-date: /home/omar/code/robotics_project/ros2_ws/install/kuka_cybertech_support/share/kuka_cybertech_support/meshes/kr12_r1450_3_hw/visual
[0.542s] -- Up-to-date: /home/omar/code/robotics_project/ros2_ws/install/kuka_cybertech_support/share/kuka_cybertech_support/meshes/kr12_r1450_3_hw/visual/link_5.dae
[0.542s] -- Up-to-date: /home/omar/code/robotics_project/ros2_ws/install/kuka_cybertech_support/share/kuka_cybertech_support/meshes/kr12_r1450_3_hw/visual/link_1.dae
[0.542s] -- Up-to-date: /home/omar/code/robotics_project/ros2_ws/install/kuka_cybertech_support/share/kuka_cybertech_support/meshes/kr12_r1450_3_hw/visual/link_4.dae
[0.543s] -- Up-to-date: /home/omar/code/robotics_project/ros2_ws/install/kuka_cybertech_support/share/kuka_cybertech_support/meshes/kr12_r1450_3_hw/visual/base_link.dae
[0.543s] -- Up-to-date: /home/omar/code/robotics_project/ros2_ws/install/kuka_cybertech_support/share/kuka_cybertech_support/meshes/kr12_r1450_3_hw/visual/link_3.dae
[0.543s] -- Up-to-date: /home/omar/code/robotics_project/ros2_ws/install/kuka_cybertech_support/share/kuka_cybertech_support/meshes/kr12_r1450_3_hw/visual/link_2.dae
[0.543s] -- Up-to-date: /home/omar/code/robotics_project/ros2_ws/install/kuka_cybertech_support/share/kuka_cybertech_support/meshes/kr12_r1450_3_hw/visual/link_6.dae
[0.543s] -- Up-to-date: /home/omar/code/robotics_project/ros2_ws/install/kuka_cybertech_support/share/kuka_cybertech_support/meshes/kr12_r1450_3_hw/collision
[0.549s] -- Up-to-date: /home/omar/code/robotics_project/ros2_ws/install/kuka_cybertech_support/share/kuka_cybertech_support/meshes/kr12_r1450_3_hw/collision/link_5.stl
[0.549s] -- Up-to-date: /home/omar/code/robotics_project/ros2_ws/install/kuka_cybertech_support/share/kuka_cybertech_support/meshes/kr12_r1450_3_hw/collision/link_4.stl
[0.549s] -- Up-to-date: /home/omar/code/robotics_project/ros2_ws/install/kuka_cybertech_support/share/kuka_cybertech_support/meshes/kr12_r1450_3_hw/collision/link_2.stl
[0.549s] -- Up-to-date: /home/omar/code/robotics_project/ros2_ws/install/kuka_cybertech_support/share/kuka_cybertech_support/meshes/kr12_r1450_3_hw/collision/base_link.stl
[0.549s] -- Up-to-date: /home/omar/code/robotics_project/ros2_ws/install/kuka_cybertech_support/share/kuka_cybertech_support/meshes/kr12_r1450_3_hw/collision/link_6.stl
[0.549s] -- Up-to-date: /home/omar/code/robotics_project/ros2_ws/install/kuka_cybertech_support/share/kuka_cybertech_support/meshes/kr12_r1450_3_hw/collision/link_3.stl
[0.549s] -- Up-to-date: /home/omar/code/robotics_project/ros2_ws/install/kuka_cybertech_support/share/kuka_cybertech_support/meshes/kr12_r1450_3_hw/collision/link_1.stl
[0.550s] -- Up-to-date: /home/omar/code/robotics_project/ros2_ws/install/kuka_cybertech_support/share/kuka_cybertech_support/meshes/kr16_r1610_2
[0.563s] -- Up-to-date: /home/omar/code/robotics_project/ros2_ws/install/kuka_cybertech_support/share/kuka_cybertech_support/meshes/kr16_r1610_2/visual
[0.584s] -- Up-to-date: /home/omar/code/robotics_project/ros2_ws/install/kuka_cybertech_support/share/kuka_cybertech_support/meshes/kr16_r1610_2/visual/link_5.dae
[0.584s] -- Up-to-date: /home/omar/code/robotics_project/ros2_ws/install/kuka_cybertech_support/share/kuka_cybertech_support/meshes/kr16_r1610_2/visual/link_1.dae
[0.585s] -- Up-to-date: /home/omar/code/robotics_project/ros2_ws/install/kuka_cybertech_support/share/kuka_cybertech_support/meshes/kr16_r1610_2/visual/link_4.dae
[0.585s] -- Up-to-date: /home/omar/code/robotics_project/ros2_ws/install/kuka_cybertech_support/share/kuka_cybertech_support/meshes/kr16_r1610_2/visual/base_link.dae
[0.585s] -- Up-to-date: /home/omar/code/robotics_project/ros2_ws/install/kuka_cybertech_support/share/kuka_cybertech_support/meshes/kr16_r1610_2/visual/link_3.dae
[0.585s] -- Up-to-date: /home/omar/code/robotics_project/ros2_ws/install/kuka_cybertech_support/share/kuka_cybertech_support/meshes/kr16_r1610_2/visual/link_2.dae
[0.586s] -- Up-to-date: /home/omar/code/robotics_project/ros2_ws/install/kuka_cybertech_support/share/kuka_cybertech_support/meshes/kr16_r1610_2/visual/link_6.dae
[0.586s] -- Up-to-date: /home/omar/code/robotics_project/ros2_ws/install/kuka_cybertech_support/share/kuka_cybertech_support/meshes/kr16_r1610_2/collision
[0.603s] -- Up-to-date: /home/omar/code/robotics_project/ros2_ws/install/kuka_cybertech_support/share/kuka_cybertech_support/meshes/kr16_r1610_2/collision/link_5.stl
[0.603s] -- Up-to-date: /home/omar/code/robotics_project/ros2_ws/install/kuka_cybertech_support/share/kuka_cybertech_support/meshes/kr16_r1610_2/collision/link_4.stl
[0.603s] -- Up-to-date: /home/omar/code/robotics_project/ros2_ws/install/kuka_cybertech_support/share/kuka_cybertech_support/meshes/kr16_r1610_2/collision/link_2.stl
[0.603s] -- Up-to-date: /home/omar/code/robotics_project/ros2_ws/install/kuka_cybertech_support/share/kuka_cybertech_support/meshes/kr16_r1610_2/collision/base_link.stl
[0.603s] -- Up-to-date: /home/omar/code/robotics_project/ros2_ws/install/kuka_cybertech_support/share/kuka_cybertech_support/meshes/kr16_r1610_2/collision/link_6.stl
[0.604s] -- Up-to-date: /home/omar/code/robotics_project/ros2_ws/install/kuka_cybertech_support/share/kuka_cybertech_support/meshes/kr16_r1610_2/collision/link_3.stl
[0.604s] -- Up-to-date: /home/omar/code/robotics_project/ros2_ws/install/kuka_cybertech_support/share/kuka_cybertech_support/meshes/kr16_r1610_2/collision/link_1.stl
[0.604s] -- Up-to-date: /home/omar/code/robotics_project/ros2_ws/install/kuka_cybertech_support/share/kuka_cybertech_support/urdf
[0.612s] -- Up-to-date: /home/omar/code/robotics_project/ros2_ws/install/kuka_cybertech_support/share/kuka_cybertech_support/urdf/kr12_r1450_3_hw.urdf.xacro
[0.613s] -- Up-to-date: /home/omar/code/robotics_project/ros2_ws/install/kuka_cybertech_support/share/kuka_cybertech_support/urdf/kr8_r1440_2_arc_hw.urdf.xacro
[0.614s] -- Up-to-date: /home/omar/code/robotics_project/ros2_ws/install/kuka_cybertech_support/share/kuka_cybertech_support/urdf/kr_cybertech_ros2_control_macro.xacro
[0.614s] -- Up-to-date: /home/omar/code/robotics_project/ros2_ws/install/kuka_cybertech_support/share/kuka_cybertech_support/urdf/kr16_r1610_2_macro.xacro
[0.615s] -- Up-to-date: /home/omar/code/robotics_project/ros2_ws/install/kuka_cybertech_support/share/kuka_cybertech_support/urdf/kr8_r2100_2_arc_hw_macro.xacro
[0.615s] -- Up-to-date: /home/omar/code/robotics_project/ros2_ws/install/kuka_cybertech_support/share/kuka_cybertech_support/urdf/kr20_r1810_2.urdf.xacro
[0.616s] -- Up-to-date: /home/omar/code/robotics_project/ros2_ws/install/kuka_cybertech_support/share/kuka_cybertech_support/urdf/kr20_r1810_2_macro.xacro
[0.616s] -- Up-to-date: /home/omar/code/robotics_project/ros2_ws/install/kuka_cybertech_support/share/kuka_cybertech_support/urdf/kr16_r1610_2.urdf.xacro
[0.616s] -- Up-to-date: /home/omar/code/robotics_project/ros2_ws/install/kuka_cybertech_support/share/kuka_cybertech_support/urdf/kr8_r2100_2_arc_hw.urdf.xacro
[0.617s] -- Up-to-date: /home/omar/code/robotics_project/ros2_ws/install/kuka_cybertech_support/share/kuka_cybertech_support/urdf/kr12_r1450_3_hw_macro.xacro
[0.617s] -- Up-to-date: /home/omar/code/robotics_project/ros2_ws/install/kuka_cybertech_support/share/kuka_cybertech_support/urdf/kr8_r1440_2_arc_hw_macro.xacro
[0.618s] -- Up-to-date: /home/omar/code/robotics_project/ros2_ws/install/kuka_cybertech_support/share/kuka_cybertech_support/urdf/kr16_r2010_2_macro.xacro
[0.618s] -- Up-to-date: /home/omar/code/robotics_project/ros2_ws/install/kuka_cybertech_support/share/kuka_cybertech_support/urdf/kr16_r2010_2.urdf.xacro
[0.618s] -- Up-to-date: /home/omar/code/robotics_project/ros2_ws/install/kuka_cybertech_support/share/kuka_cybertech_support/environment/kuka_cybertech_support.dsv
[0.619s] -- Up-to-date: /home/omar/code/robotics_project/ros2_ws/install/kuka_cybertech_support/share/ament_index/resource_index/package_run_dependencies/kuka_cybertech_support
[0.619s] -- Up-to-date: /home/omar/code/robotics_project/ros2_ws/install/kuka_cybertech_support/share/ament_index/resource_index/parent_prefix_path/kuka_cybertech_support
[0.619s] -- Up-to-date: /home/omar/code/robotics_project/ros2_ws/install/kuka_cybertech_support/share/kuka_cybertech_support/environment/ament_prefix_path.sh
[0.619s] -- Up-to-date: /home/omar/code/robotics_project/ros2_ws/install/kuka_cybertech_support/share/kuka_cybertech_support/environment/ament_prefix_path.dsv
[0.619s] -- Up-to-date: /home/omar/code/robotics_project/ros2_ws/install/kuka_cybertech_support/share/kuka_cybertech_support/environment/path.sh
[0.619s] -- Up-to-date: /home/omar/code/robotics_project/ros2_ws/install/kuka_cybertech_support/share/kuka_cybertech_support/environment/path.dsv
[0.619s] -- Up-to-date: /home/omar/code/robotics_project/ros2_ws/install/kuka_cybertech_support/share/kuka_cybertech_support/local_setup.bash
[0.619s] -- Up-to-date: /home/omar/code/robotics_project/ros2_ws/install/kuka_cybertech_support/share/kuka_cybertech_support/local_setup.sh
[0.620s] -- Up-to-date: /home/omar/code/robotics_project/ros2_ws/install/kuka_cybertech_support/share/kuka_cybertech_support/local_setup.zsh
[0.620s] -- Up-to-date: /home/omar/code/robotics_project/ros2_ws/install/kuka_cybertech_support/share/kuka_cybertech_support/local_setup.dsv
[0.620s] -- Installing: /home/omar/code/robotics_project/ros2_ws/install/kuka_cybertech_support/share/kuka_cybertech_support/package.dsv
[0.632s] -- Up-to-date: /home/omar/code/robotics_project/ros2_ws/install/kuka_cybertech_support/share/ament_index/resource_index/packages/kuka_cybertech_support
[0.633s] -- Up-to-date: /home/omar/code/robotics_project/ros2_ws/install/kuka_cybertech_support/share/kuka_cybertech_support/cmake/kuka_cybertech_supportConfig.cmake
[0.633s] -- Up-to-date: /home/omar/code/robotics_project/ros2_ws/install/kuka_cybertech_support/share/kuka_cybertech_support/cmake/kuka_cybertech_supportConfig-version.cmake
[0.633s] -- Up-to-date: /home/omar/code/robotics_project/ros2_ws/install/kuka_cybertech_support/share/kuka_cybertech_support/package.xml
[0.634s] Invoked command in '/home/omar/code/robotics_project/ros2_ws/build/kuka_cybertech_support' returned '0': AMENT_PREFIX_PATH=/home/omar/code/robotics_project/ros2_ws/install/kuka_resources:${AMENT_PREFIX_PATH} CMAKE_PREFIX_PATH=/home/omar/code/robotics_project/ros2_ws/install/kuka_resources:/opt/ros/jazzy/opt/gz_sim_vendor:/opt/ros/jazzy/opt/gz_sensors_vendor:/opt/ros/jazzy/opt/gz_physics_vendor:/opt/ros/jazzy/opt/sdformat_vendor:/opt/ros/jazzy/opt/gz_gui_vendor:/opt/ros/jazzy/opt/gz_transport_vendor:/opt/ros/jazzy/opt/gz_rendering_vendor:/opt/ros/jazzy/opt/gz_plugin_vendor:/opt/ros/jazzy/opt/gz_fuel_tools_vendor:/opt/ros/jazzy/opt/gz_msgs_vendor:/opt/ros/jazzy/opt/gz_common_vendor:/opt/ros/jazzy/opt/gz_math_vendor:/opt/ros/jazzy/opt/gz_utils_vendor:/opt/ros/jazzy/opt/gz_tools_vendor:/opt/ros/jazzy/opt/gz_ogre_next_vendor:/opt/ros/jazzy/opt/gz_dartsim_vendor:/opt/ros/jazzy/opt/gz_cmake_vendor:/opt/ros/jazzy /usr/bin/cmake --install /home/omar/code/robotics_project/ros2_ws/build/kuka_cybertech_support
