[0.346s] Invoking command in '/home/omar/code/robotics_project/ros2_ws/build/kuka_quantec_support': CMAKE_PREFIX_PATH=/home/omar/code/robotics_project/ros2_ws/install/kuka_resources:/home/omar/code/robotics_project/ros2_ws/install/kuka_gazebo:/home/omar/code/robotics_project/ros2_ws/install/kuka_robot_descriptions:/home/omar/code/robotics_project/ros2_ws/install/kuka_quantec_support:/home/omar/code/robotics_project/ros2_ws/install/kuka_lbr_iiwa_support:/home/omar/code/robotics_project/ros2_ws/install/kuka_lbr_iiwa_moveit_config:/home/omar/code/robotics_project/ros2_ws/install/kuka_lbr_iisy_support:/home/omar/code/robotics_project/ros2_ws/install/kuka_lbr_iisy_moveit_config:/home/omar/code/robotics_project/ros2_ws/install/kuka_kr_moveit_config:/home/omar/code/robotics_project/ros2_ws/install/kuka_iontec_support:/home/omar/code/robotics_project/ros2_ws/install/kuka_fortec_support:/home/omar/code/robotics_project/ros2_ws/install/kuka_cybertech_support:/home/omar/code/robotics_project/ros2_ws/install/kuka_agilus_support:/home/omar/code/robotics_project/ros2_ws/install/kuka_mock_hardware_interface:/home/omar/code/robotics_project/ros2_ws/install/kuka_kl_support:/opt/ros/jazzy/opt/gz_sim_vendor:/opt/ros/jazzy/opt/gz_sensors_vendor:/opt/ros/jazzy/opt/gz_physics_vendor:/opt/ros/jazzy/opt/sdformat_vendor:/opt/ros/jazzy/opt/gz_gui_vendor:/opt/ros/jazzy/opt/gz_transport_vendor:/opt/ros/jazzy/opt/gz_rendering_vendor:/opt/ros/jazzy/opt/gz_plugin_vendor:/opt/ros/jazzy/opt/gz_fuel_tools_vendor:/opt/ros/jazzy/opt/gz_msgs_vendor:/opt/ros/jazzy/opt/gz_common_vendor:/opt/ros/jazzy/opt/gz_math_vendor:/opt/ros/jazzy/opt/gz_utils_vendor:/opt/ros/jazzy/opt/gz_tools_vendor:/opt/ros/jazzy/opt/gz_ogre_next_vendor:/opt/ros/jazzy/opt/gz_dartsim_vendor:/opt/ros/jazzy/opt/gz_cmake_vendor:/home/omar/code/robotics_project/ros2_ws/install/thesis_bringup:/home/omar/code/robotics_project/ros2_ws/install/safety_layer:/home/omar/code/robotics_project/ros2_ws/install/robot_simulation:/home/omar/code/robotics_project/ros2_ws/install/robot_description:/home/omar/code/robotics_project/ros2_ws/install/perception_pipeline:/home/omar/code/robotics_project/ros2_ws/install/peg_in_hole_description:/home/omar/code/robotics_project/ros2_ws/install/learning_interface:/home/omar/code/robotics_project/ros2_ws/install/kuka_task_control:/home/omar/code/robotics_project/ros2_ws/install/kuka_description:/home/omar/code/robotics_project/ros2_ws/install/first_robot_demo:/home/omar/code/robotics_project/ros2_ws/install/experiment_manager:/opt/ros/jazzy /usr/bin/cmake --build /home/omar/code/robotics_project/ros2_ws/build/kuka_quantec_support -- -j8 -l8
[0.415s] Invoked command in '/home/omar/code/robotics_project/ros2_ws/build/kuka_quantec_support' returned '0': CMAKE_PREFIX_PATH=/home/omar/code/robotics_project/ros2_ws/install/kuka_resources:/home/omar/code/robotics_project/ros2_ws/install/kuka_gazebo:/home/omar/code/robotics_project/ros2_ws/install/kuka_robot_descriptions:/home/omar/code/robotics_project/ros2_ws/install/kuka_quantec_support:/home/omar/code/robotics_project/ros2_ws/install/kuka_lbr_iiwa_support:/home/omar/code/robotics_project/ros2_ws/install/kuka_lbr_iiwa_moveit_config:/home/omar/code/robotics_project/ros2_ws/install/kuka_lbr_iisy_support:/home/omar/code/robotics_project/ros2_ws/install/kuka_lbr_iisy_moveit_config:/home/omar/code/robotics_project/ros2_ws/install/kuka_kr_moveit_config:/home/omar/code/robotics_project/ros2_ws/install/kuka_iontec_support:/home/omar/code/robotics_project/ros2_ws/install/kuka_fortec_support:/home/omar/code/robotics_project/ros2_ws/install/kuka_cybertech_support:/home/omar/code/robotics_project/ros2_ws/install/kuka_agilus_support:/home/omar/code/robotics_project/ros2_ws/install/kuka_mock_hardware_interface:/home/omar/code/robotics_project/ros2_ws/install/kuka_kl_support:/opt/ros/jazzy/opt/gz_sim_vendor:/opt/ros/jazzy/opt/gz_sensors_vendor:/opt/ros/jazzy/opt/gz_physics_vendor:/opt/ros/jazzy/opt/sdformat_vendor:/opt/ros/jazzy/opt/gz_gui_vendor:/opt/ros/jazzy/opt/gz_transport_vendor:/opt/ros/jazzy/opt/gz_rendering_vendor:/opt/ros/jazzy/opt/gz_plugin_vendor:/opt/ros/jazzy/opt/gz_fuel_tools_vendor:/opt/ros/jazzy/opt/gz_msgs_vendor:/opt/ros/jazzy/opt/gz_common_vendor:/opt/ros/jazzy/opt/gz_math_vendor:/opt/ros/jazzy/opt/gz_utils_vendor:/opt/ros/jazzy/opt/gz_tools_vendor:/opt/ros/jazzy/opt/gz_ogre_next_vendor:/opt/ros/jazzy/opt/gz_dartsim_vendor:/opt/ros/jazzy/opt/gz_cmake_vendor:/home/omar/code/robotics_project/ros2_ws/install/thesis_bringup:/home/omar/code/robotics_project/ros2_ws/install/safety_layer:/home/omar/code/robotics_project/ros2_ws/install/robot_simulation:/home/omar/code/robotics_project/ros2_ws/install/robot_description:/home/omar/code/robotics_project/ros2_ws/install/perception_pipeline:/home/omar/code/robotics_project/ros2_ws/install/peg_in_hole_description:/home/omar/code/robotics_project/ros2_ws/install/learning_interface:/home/omar/code/robotics_project/ros2_ws/install/kuka_task_control:/home/omar/code/robotics_project/ros2_ws/install/kuka_description:/home/omar/code/robotics_project/ros2_ws/install/first_robot_demo:/home/omar/code/robotics_project/ros2_ws/install/experiment_manager:/opt/ros/jazzy /usr/bin/cmake --build /home/omar/code/robotics_project/ros2_ws/build/kuka_quantec_support -- -j8 -l8
[0.417s] Invoking command in '/home/omar/code/robotics_project/ros2_ws/build/kuka_quantec_support': CMAKE_PREFIX_PATH=/home/omar/code/robotics_project/ros2_ws/install/kuka_resources:/home/omar/code/robotics_project/ros2_ws/install/kuka_gazebo:/home/omar/code/robotics_project/ros2_ws/install/kuka_robot_descriptions:/home/omar/code/robotics_project/ros2_ws/install/kuka_quantec_support:/home/omar/code/robotics_project/ros2_ws/install/kuka_lbr_iiwa_support:/home/omar/code/robotics_project/ros2_ws/install/kuka_lbr_iiwa_moveit_config:/home/omar/code/robotics_project/ros2_ws/install/kuka_lbr_iisy_support:/home/omar/code/robotics_project/ros2_ws/install/kuka_lbr_iisy_moveit_config:/home/omar/code/robotics_project/ros2_ws/install/kuka_kr_moveit_config:/home/omar/code/robotics_project/ros2_ws/install/kuka_iontec_support:/home/omar/code/robotics_project/ros2_ws/install/kuka_fortec_support:/home/omar/code/robotics_project/ros2_ws/install/kuka_cybertech_support:/home/omar/code/robotics_project/ros2_ws/install/kuka_agilus_support:/home/omar/code/robotics_project/ros2_ws/install/kuka_mock_hardware_interface:/home/omar/code/robotics_project/ros2_ws/install/kuka_kl_support:/opt/ros/jazzy/opt/gz_sim_vendor:/opt/ros/jazzy/opt/gz_sensors_vendor:/opt/ros/jazzy/opt/gz_physics_vendor:/opt/ros/jazzy/opt/sdformat_vendor:/opt/ros/jazzy/opt/gz_gui_vendor:/opt/ros/jazzy/opt/gz_transport_vendor:/opt/ros/jazzy/opt/gz_rendering_vendor:/opt/ros/jazzy/opt/gz_plugin_vendor:/opt/ros/jazzy/opt/gz_fuel_tools_vendor:/opt/ros/jazzy/opt/gz_msgs_vendor:/opt/ros/jazzy/opt/gz_common_vendor:/opt/ros/jazzy/opt/gz_math_vendor:/opt/ros/jazzy/opt/gz_utils_vendor:/opt/ros/jazzy/opt/gz_tools_vendor:/opt/ros/jazzy/opt/gz_ogre_next_vendor:/opt/ros/jazzy/opt/gz_dartsim_vendor:/opt/ros/jazzy/opt/gz_cmake_vendor:/home/omar/code/robotics_project/ros2_ws/install/thesis_bringup:/home/omar/code/robotics_project/ros2_ws/install/safety_layer:/home/omar/code/robotics_project/ros2_ws/install/robot_simulation:/home/omar/code/robotics_project/ros2_ws/install/robot_description:/home/omar/code/robotics_project/ros2_ws/install/perception_pipeline:/home/omar/code/robotics_project/ros2_ws/install/peg_in_hole_description:/home/omar/code/robotics_project/ros2_ws/install/learning_interface:/home/omar/code/robotics_project/ros2_ws/install/kuka_task_control:/home/omar/code/robotics_project/ros2_ws/install/kuka_description:/home/omar/code/robotics_project/ros2_ws/install/first_robot_demo:/home/omar/code/robotics_project/ros2_ws/install/experiment_manager:/opt/ros/jazzy /usr/bin/cmake --install /home/omar/code/robotics_project/ros2_ws/build/kuka_quantec_support
[0.461s] -- Install configuration: ""
[0.461s] -- Up-to-date: /home/omar/code/robotics_project/ros2_ws/install/kuka_quantec_support/share/kuka_quantec_support/config
[0.461s] -- Up-to-date: /home/omar/code/robotics_project/ros2_ws/install/kuka_quantec_support/share/kuka_quantec_support/config/kr210_r2700_2_joint_limits.yaml
[0.461s] -- Up-to-date: /home/omar/code/robotics_project/ros2_ws/install/kuka_quantec_support/share/kuka_quantec_support/config/kr150_r3100_2_joint_limits.yaml
[0.461s] -- Up-to-date: /home/omar/code/robotics_project/ros2_ws/install/kuka_quantec_support/share/kuka_quantec_support/config/kr240_r2900_2_joint_limits.yaml
[0.461s] -- Up-to-date: /home/omar/code/robotics_project/ros2_ws/install/kuka_quantec_support/share/kuka_quantec_support/config/kr210_r3300_2_k_joint_limits.yaml
[0.461s] -- Up-to-date: /home/omar/code/robotics_project/ros2_ws/install/kuka_quantec_support/share/kuka_quantec_support/config/kr300_r2700_2_joint_limits.yaml
[0.461s] -- Up-to-date: /home/omar/code/robotics_project/ros2_ws/install/kuka_quantec_support/share/kuka_quantec_support/config/kr210_r3100_2_joint_limits.yaml
[0.461s] -- Up-to-date: /home/omar/code/robotics_project/ros2_ws/install/kuka_quantec_support/share/kuka_quantec_support/config/kr210_r3100_ultra_joint_limits.yaml
[0.461s] -- Up-to-date: /home/omar/code/robotics_project/ros2_ws/install/kuka_quantec_support/share/kuka_quantec_support/launch
[0.461s] -- Up-to-date: /home/omar/code/robotics_project/ros2_ws/install/kuka_quantec_support/share/kuka_quantec_support/launch/test_kr210_r2700_2.launch.py
[0.461s] -- Up-to-date: /home/omar/code/robotics_project/ros2_ws/install/kuka_quantec_support/share/kuka_quantec_support/launch/test_kr210_r3100_2.launch.py
[0.462s] -- Up-to-date: /home/omar/code/robotics_project/ros2_ws/install/kuka_quantec_support/share/kuka_quantec_support/launch/test_kr210_r3100_ultra.launch.py
[0.462s] -- Up-to-date: /home/omar/code/robotics_project/ros2_ws/install/kuka_quantec_support/share/kuka_quantec_support/launch/test_kr240_r2900_2.launch.py
[0.462s] -- Up-to-date: /home/omar/code/robotics_project/ros2_ws/install/kuka_quantec_support/share/kuka_quantec_support/launch/test_kr210_r3300_2_k.launch.py
[0.462s] -- Up-to-date: /home/omar/code/robotics_project/ros2_ws/install/kuka_quantec_support/share/kuka_quantec_support/launch/test_kr150_r3100_2.launch.py
[0.462s] -- Up-to-date: /home/omar/code/robotics_project/ros2_ws/install/kuka_quantec_support/share/kuka_quantec_support/launch/test_kr300_r2700_2.launch.py
[0.462s] -- Up-to-date: /home/omar/code/robotics_project/ros2_ws/install/kuka_quantec_support/share/kuka_quantec_support/meshes
[0.462s] -- Up-to-date: /home/omar/code/robotics_project/ros2_ws/install/kuka_quantec_support/share/kuka_quantec_support/meshes/kr210_r2700_2
[0.462s] -- Up-to-date: /home/omar/code/robotics_project/ros2_ws/install/kuka_quantec_support/share/kuka_quantec_support/meshes/kr210_r2700_2/visual
[0.462s] -- Up-to-date: /home/omar/code/robotics_project/ros2_ws/install/kuka_quantec_support/share/kuka_quantec_support/meshes/kr210_r2700_2/visual/link_5.stl
[0.462s] -- Up-to-date: /home/omar/code/robotics_project/ros2_ws/install/kuka_quantec_support/share/kuka_quantec_support/meshes/kr210_r2700_2/visual/link_4.stl
[0.462s] -- Up-to-date: /home/omar/code/robotics_project/ros2_ws/install/kuka_quantec_support/share/kuka_quantec_support/meshes/kr210_r2700_2/visual/link_2.stl
[0.462s] -- Up-to-date: /home/omar/code/robotics_project/ros2_ws/install/kuka_quantec_support/share/kuka_quantec_support/meshes/kr210_r2700_2/visual/base_link.stl
[0.462s] -- Up-to-date: /home/omar/code/robotics_project/ros2_ws/install/kuka_quantec_support/share/kuka_quantec_support/meshes/kr210_r2700_2/visual/link_6.stl
[0.462s] -- Up-to-date: /home/omar/code/robotics_project/ros2_ws/install/kuka_quantec_support/share/kuka_quantec_support/meshes/kr210_r2700_2/visual/link_3.stl
[0.462s] -- Up-to-date: /home/omar/code/robotics_project/ros2_ws/install/kuka_quantec_support/share/kuka_quantec_support/meshes/kr210_r2700_2/visual/link_1.stl
[0.462s] -- Up-to-date: /home/omar/code/robotics_project/ros2_ws/install/kuka_quantec_support/share/kuka_quantec_support/meshes/kr210_r2700_2/collision
[0.463s] -- Up-to-date: /home/omar/code/robotics_project/ros2_ws/install/kuka_quantec_support/share/kuka_quantec_support/meshes/kr210_r2700_2/collision/link_5.stl
[0.463s] -- Up-to-date: /home/omar/code/robotics_project/ros2_ws/install/kuka_quantec_support/share/kuka_quantec_support/meshes/kr210_r2700_2/collision/link_4.stl
[0.463s] -- Up-to-date: /home/omar/code/robotics_project/ros2_ws/install/kuka_quantec_support/share/kuka_quantec_support/meshes/kr210_r2700_2/collision/link_2.stl
[0.463s] -- Up-to-date: /home/omar/code/robotics_project/ros2_ws/install/kuka_quantec_support/share/kuka_quantec_support/meshes/kr210_r2700_2/collision/base_link.stl
[0.463s] -- Up-to-date: /home/omar/code/robotics_project/ros2_ws/install/kuka_quantec_support/share/kuka_quantec_support/meshes/kr210_r2700_2/collision/link_6.stl
[0.463s] -- Up-to-date: /home/omar/code/robotics_project/ros2_ws/install/kuka_quantec_support/share/kuka_quantec_support/meshes/kr210_r2700_2/collision/link_3.stl
[0.463s] -- Up-to-date: /home/omar/code/robotics_project/ros2_ws/install/kuka_quantec_support/share/kuka_quantec_support/meshes/kr210_r2700_2/collision/link_1.stl
[0.463s] -- Up-to-date: /home/omar/code/robotics_project/ros2_ws/install/kuka_quantec_support/share/kuka_quantec_support/meshes/kr210_r3100_2
[0.463s] -- Up-to-date: /home/omar/code/robotics_project/ros2_ws/install/kuka_quantec_support/share/kuka_quantec_support/meshes/kr210_r3100_2/visual
[0.463s] -- Up-to-date: /home/omar/code/robotics_project/ros2_ws/install/kuka_quantec_support/share/kuka_quantec_support/meshes/kr210_r3100_2/visual/link_5.stl
[0.463s] -- Up-to-date: /home/omar/code/robotics_project/ros2_ws/install/kuka_quantec_support/share/kuka_quantec_support/meshes/kr210_r3100_2/visual/link_4.stl
[0.463s] -- Up-to-date: /home/omar/code/robotics_project/ros2_ws/install/kuka_quantec_support/share/kuka_quantec_support/meshes/kr210_r3100_2/visual/link_2.stl
[0.463s] -- Up-to-date: /home/omar/code/robotics_project/ros2_ws/install/kuka_quantec_support/share/kuka_quantec_support/meshes/kr210_r3100_2/visual/base_link.stl
[0.463s] -- Up-to-date: /home/omar/code/robotics_project/ros2_ws/install/kuka_quantec_support/share/kuka_quantec_support/meshes/kr210_r3100_2/visual/link_6.stl
[0.463s] -- Up-to-date: /home/omar/code/robotics_project/ros2_ws/install/kuka_quantec_support/share/kuka_quantec_support/meshes/kr210_r3100_2/visual/link_3.stl
[0.463s] -- Up-to-date: /home/omar/code/robotics_project/ros2_ws/install/kuka_quantec_support/share/kuka_quantec_support/meshes/kr210_r3100_2/visual/link_1.stl
[0.464s] -- Up-to-date: /home/omar/code/robotics_project/ros2_ws/install/kuka_quantec_support/share/kuka_quantec_support/meshes/kr210_r3100_2/collision
[0.464s] -- Up-to-date: /home/omar/code/robotics_project/ros2_ws/install/kuka_quantec_support/share/kuka_quantec_support/meshes/kr210_r3100_2/collision/link_5.stl
[0.464s] -- Up-to-date: /home/omar/code/robotics_project/ros2_ws/install/kuka_quantec_support/share/kuka_quantec_support/meshes/kr210_r3100_2/collision/link_4.stl
[0.464s] -- Up-to-date: /home/omar/code/robotics_project/ros2_ws/install/kuka_quantec_support/share/kuka_quantec_support/meshes/kr210_r3100_2/collision/link_2.stl
[0.464s] -- Up-to-date: /home/omar/code/robotics_project/ros2_ws/install/kuka_quantec_support/share/kuka_quantec_support/meshes/kr210_r3100_2/collision/base_link.stl
[0.464s] -- Up-to-date: /home/omar/code/robotics_project/ros2_ws/install/kuka_quantec_support/share/kuka_quantec_support/meshes/kr210_r3100_2/collision/link_6.stl
[0.464s] -- Up-to-date: /home/omar/code/robotics_project/ros2_ws/install/kuka_quantec_support/share/kuka_quantec_support/meshes/kr210_r3100_2/collision/link_3.stl
[0.464s] -- Up-to-date: /home/omar/code/robotics_project/ros2_ws/install/kuka_quantec_support/share/kuka_quantec_support/meshes/kr210_r3100_2/collision/link_1.stl
[0.464s] -- Up-to-date: /home/omar/code/robotics_project/ros2_ws/install/kuka_quantec_support/share/kuka_quantec_support/meshes/kr240_r2900_2
[0.464s] -- Up-to-date: /home/omar/code/robotics_project/ros2_ws/install/kuka_quantec_support/share/kuka_quantec_support/meshes/kr240_r2900_2/visual
[0.464s] -- Up-to-date: /home/omar/code/robotics_project/ros2_ws/install/kuka_quantec_support/share/kuka_quantec_support/meshes/kr240_r2900_2/visual/link_5.dae
[0.465s] -- Up-to-date: /home/omar/code/robotics_project/ros2_ws/install/kuka_quantec_support/share/kuka_quantec_support/meshes/kr240_r2900_2/visual/link_1.dae
[0.465s] -- Up-to-date: /home/omar/code/robotics_project/ros2_ws/install/kuka_quantec_support/share/kuka_quantec_support/meshes/kr240_r2900_2/visual/link_4.dae
[0.465s] -- Up-to-date: /home/omar/code/robotics_project/ros2_ws/install/kuka_quantec_support/share/kuka_quantec_support/meshes/kr240_r2900_2/visual/base_link.dae
[0.465s] -- Up-to-date: /home/omar/code/robotics_project/ros2_ws/install/kuka_quantec_support/share/kuka_quantec_support/meshes/kr240_r2900_2/visual/link_3.dae
[0.465s] -- Up-to-date: /home/omar/code/robotics_project/ros2_ws/install/kuka_quantec_support/share/kuka_quantec_support/meshes/kr240_r2900_2/visual/link_2.dae
[0.465s] -- Up-to-date: /home/omar/code/robotics_project/ros2_ws/install/kuka_quantec_support/share/kuka_quantec_support/meshes/kr240_r2900_2/visual/link_6.dae
[0.465s] -- Up-to-date: /home/omar/code/robotics_project/ros2_ws/install/kuka_quantec_support/share/kuka_quantec_support/meshes/kr240_r2900_2/collision
[0.465s] -- Up-to-date: /home/omar/code/robotics_project/ros2_ws/install/kuka_quantec_support/share/kuka_quantec_support/meshes/kr240_r2900_2/collision/link_5.stl
[0.465s] -- Up-to-date: /home/omar/code/robotics_project/ros2_ws/install/kuka_quantec_support/share/kuka_quantec_support/meshes/kr240_r2900_2/collision/link_4.stl
[0.465s] -- Up-to-date: /home/omar/code/robotics_project/ros2_ws/install/kuka_quantec_support/share/kuka_quantec_support/meshes/kr240_r2900_2/collision/link_2.stl
[0.465s] -- Up-to-date: /home/omar/code/robotics_project/ros2_ws/install/kuka_quantec_support/share/kuka_quantec_support/meshes/kr240_r2900_2/collision/base_link.stl
[0.465s] -- Up-to-date: /home/omar/code/robotics_project/ros2_ws/install/kuka_quantec_support/share/kuka_quantec_support/meshes/kr240_r2900_2/collision/link_6.stl
[0.465s] -- Up-to-date: /home/omar/code/robotics_project/ros2_ws/install/kuka_quantec_support/share/kuka_quantec_support/meshes/kr240_r2900_2/collision/link_3.stl
[0.466s] -- Up-to-date: /home/omar/code/robotics_project/ros2_ws/install/kuka_quantec_support/share/kuka_quantec_support/meshes/kr240_r2900_2/collision/link_1.stl
[0.466s] -- Up-to-date: /home/omar/code/robotics_project/ros2_ws/install/kuka_quantec_support/share/kuka_quantec_support/meshes/kr300_r2700_2
[0.466s] -- Up-to-date: /home/omar/code/robotics_project/ros2_ws/install/kuka_quantec_support/share/kuka_quantec_support/meshes/kr300_r2700_2/visual
[0.466s] -- Up-to-date: /home/omar/code/robotics_project/ros2_ws/install/kuka_quantec_support/share/kuka_quantec_support/meshes/kr300_r2700_2/visual/link_5.dae
[0.466s] -- Up-to-date: /home/omar/code/robotics_project/ros2_ws/install/kuka_quantec_support/share/kuka_quantec_support/meshes/kr300_r2700_2/visual/link_1.dae
[0.466s] -- Up-to-date: /home/omar/code/robotics_project/ros2_ws/install/kuka_quantec_support/share/kuka_quantec_support/meshes/kr300_r2700_2/visual/link_4.dae
[0.466s] -- Up-to-date: /home/omar/code/robotics_project/ros2_ws/install/kuka_quantec_support/share/kuka_quantec_support/meshes/kr300_r2700_2/visual/base_link.dae
[0.466s] -- Up-to-date: /home/omar/code/robotics_project/ros2_ws/install/kuka_quantec_support/share/kuka_quantec_support/meshes/kr300_r2700_2/visual/link_3.dae
[0.466s] -- Up-to-date: /home/omar/code/robotics_project/ros2_ws/install/kuka_quantec_support/share/kuka_quantec_support/meshes/kr300_r2700_2/visual/link_2.dae
[0.466s] -- Up-to-date: /home/omar/code/robotics_project/ros2_ws/install/kuka_quantec_support/share/kuka_quantec_support/meshes/kr300_r2700_2/visual/link_6.dae
[0.466s] -- Up-to-date: /home/omar/code/robotics_project/ros2_ws/install/kuka_quantec_support/share/kuka_quantec_support/meshes/kr300_r2700_2/collision
[0.466s] -- Up-to-date: /home/omar/code/robotics_project/ros2_ws/install/kuka_quantec_support/share/kuka_quantec_support/meshes/kr300_r2700_2/collision/link_5.stl
[0.466s] -- Up-to-date: /home/omar/code/robotics_project/ros2_ws/install/kuka_quantec_support/share/kuka_quantec_support/meshes/kr300_r2700_2/collision/link_4.stl
[0.466s] -- Up-to-date: /home/omar/code/robotics_project/ros2_ws/install/kuka_quantec_support/share/kuka_quantec_support/meshes/kr300_r2700_2/collision/link_2.stl
[0.474s] -- Up-to-date: /home/omar/code/robotics_project/ros2_ws/install/kuka_quantec_support/share/kuka_quantec_support/meshes/kr300_r2700_2/collision/base_link.stl
[0.474s] -- Up-to-date: /home/omar/code/robotics_project/ros2_ws/install/kuka_quantec_support/share/kuka_quantec_support/meshes/kr300_r2700_2/collision/link_6.stl
[0.474s] -- Up-to-date: /home/omar/code/robotics_project/ros2_ws/install/kuka_quantec_support/share/kuka_quantec_support/meshes/kr300_r2700_2/collision/link_3.stl
[0.474s] -- Up-to-date: /home/omar/code/robotics_project/ros2_ws/install/kuka_quantec_support/share/kuka_quantec_support/meshes/kr300_r2700_2/collision/link_1.stl
[0.475s] -- Up-to-date: /home/omar/code/robotics_project/ros2_ws/install/kuka_quantec_support/share/kuka_quantec_support/meshes/kr210_r3100_ultra
[0.475s] -- Up-to-date: /home/omar/code/robotics_project/ros2_ws/install/kuka_quantec_support/share/kuka_quantec_support/meshes/kr210_r3100_ultra/visual
[0.475s] -- Up-to-date: /home/omar/code/robotics_project/ros2_ws/install/kuka_quantec_support/share/kuka_quantec_support/meshes/kr210_r3100_ultra/visual/link_5.dae
[0.475s] -- Up-to-date: /home/omar/code/robotics_project/ros2_ws/install/kuka_quantec_support/share/kuka_quantec_support/meshes/kr210_r3100_ultra/visual/link_1.dae
[0.475s] -- Up-to-date: /home/omar/code/robotics_project/ros2_ws/install/kuka_quantec_support/share/kuka_quantec_support/meshes/kr210_r3100_ultra/visual/link_4.dae
[0.475s] -- Up-to-date: /home/omar/code/robotics_project/ros2_ws/install/kuka_quantec_support/share/kuka_quantec_support/meshes/kr210_r3100_ultra/visual/base_link.dae
[0.475s] -- Up-to-date: /home/omar/code/robotics_project/ros2_ws/install/kuka_quantec_support/share/kuka_quantec_support/meshes/kr210_r3100_ultra/visual/link_3.dae
[0.475s] -- Up-to-date: /home/omar/code/robotics_project/ros2_ws/install/kuka_quantec_support/share/kuka_quantec_support/meshes/kr210_r3100_ultra/visual/link_2.dae
[0.475s] -- Up-to-date: /home/omar/code/robotics_project/ros2_ws/install/kuka_quantec_support/share/kuka_quantec_support/meshes/kr210_r3100_ultra/visual/link_6.dae
[0.475s] -- Up-to-date: /home/omar/code/robotics_project/ros2_ws/install/kuka_quantec_support/share/kuka_quantec_support/meshes/kr210_r3100_ultra/collision
[0.475s] -- Up-to-date: /home/omar/code/robotics_project/ros2_ws/install/kuka_quantec_support/share/kuka_quantec_support/meshes/kr210_r3100_ultra/collision/link_5.stl
[0.475s] -- Up-to-date: /home/omar/code/robotics_project/ros2_ws/install/kuka_quantec_support/share/kuka_quantec_support/meshes/kr210_r3100_ultra/collision/link_4.stl
[0.475s] -- Up-to-date: /home/omar/code/robotics_project/ros2_ws/install/kuka_quantec_support/share/kuka_quantec_support/meshes/kr210_r3100_ultra/collision/link_2.stl
[0.475s] -- Up-to-date: /home/omar/code/robotics_project/ros2_ws/install/kuka_quantec_support/share/kuka_quantec_support/meshes/kr210_r3100_ultra/collision/base_link.stl
[0.475s] -- Up-to-date: /home/omar/code/robotics_project/ros2_ws/install/kuka_quantec_support/share/kuka_quantec_support/meshes/kr210_r3100_ultra/collision/link_6.stl
[0.475s] -- Up-to-date: /home/omar/code/robotics_project/ros2_ws/install/kuka_quantec_support/share/kuka_quantec_support/meshes/kr210_r3100_ultra/collision/link_3.stl
[0.476s] -- Up-to-date: /home/omar/code/robotics_project/ros2_ws/install/kuka_quantec_support/share/kuka_quantec_support/meshes/kr210_r3100_ultra/collision/link_1.stl
[0.476s] -- Up-to-date: /home/omar/code/robotics_project/ros2_ws/install/kuka_quantec_support/share/kuka_quantec_support/meshes/kr150_r3100_2
[0.476s] -- Up-to-date: /home/omar/code/robotics_project/ros2_ws/install/kuka_quantec_support/share/kuka_quantec_support/meshes/kr150_r3100_2/visual
[0.476s] -- Up-to-date: /home/omar/code/robotics_project/ros2_ws/install/kuka_quantec_support/share/kuka_quantec_support/meshes/kr150_r3100_2/visual/link_5.dae
[0.476s] -- Up-to-date: /home/omar/code/robotics_project/ros2_ws/install/kuka_quantec_support/share/kuka_quantec_support/meshes/kr150_r3100_2/visual/link_1.dae
[0.476s] -- Up-to-date: /home/omar/code/robotics_project/ros2_ws/install/kuka_quantec_support/share/kuka_quantec_support/meshes/kr150_r3100_2/visual/link_4.dae
[0.476s] -- Up-to-date: /home/omar/code/robotics_project/ros2_ws/install/kuka_quantec_support/share/kuka_quantec_support/meshes/kr150_r3100_2/visual/base_link.dae
[0.476s] -- Up-to-date: /home/omar/code/robotics_project/ros2_ws/install/kuka_quantec_support/share/kuka_quantec_support/meshes/kr150_r3100_2/visual/link_3.dae
[0.478s] -- Up-to-date: /home/omar/code/robotics_project/ros2_ws/install/kuka_quantec_support/share/kuka_quantec_support/meshes/kr150_r3100_2/visual/link_2.dae
[0.479s] -- Up-to-date: /home/omar/code/robotics_project/ros2_ws/install/kuka_quantec_support/share/kuka_quantec_support/meshes/kr150_r3100_2/visual/link_6.dae
[0.479s] -- Up-to-date: /home/omar/code/robotics_project/ros2_ws/install/kuka_quantec_support/share/kuka_quantec_support/meshes/kr150_r3100_2/collision
[0.479s] -- Up-to-date: /home/omar/code/robotics_project/ros2_ws/install/kuka_quantec_support/share/kuka_quantec_support/meshes/kr150_r3100_2/collision/link_5.stl
[0.479s] -- Up-to-date: /home/omar/code/robotics_project/ros2_ws/install/kuka_quantec_support/share/kuka_quantec_support/meshes/kr150_r3100_2/collision/link_4.stl
[0.479s] -- Up-to-date: /home/omar/code/robotics_project/ros2_ws/install/kuka_quantec_support/share/kuka_quantec_support/meshes/kr150_r3100_2/collision/link_2.stl
[0.479s] -- Up-to-date: /home/omar/code/robotics_project/ros2_ws/install/kuka_quantec_support/share/kuka_quantec_support/meshes/kr150_r3100_2/collision/base_link.stl
[0.479s] -- Up-to-date: /home/omar/code/robotics_project/ros2_ws/install/kuka_quantec_support/share/kuka_quantec_support/meshes/kr150_r3100_2/collision/link_6.stl
[0.479s] -- Up-to-date: /home/omar/code/robotics_project/ros2_ws/install/kuka_quantec_support/share/kuka_quantec_support/meshes/kr150_r3100_2/collision/link_3.stl
[0.479s] -- Up-to-date: /home/omar/code/robotics_project/ros2_ws/install/kuka_quantec_support/share/kuka_quantec_support/meshes/kr150_r3100_2/collision/link_1.stl
[0.479s] -- Up-to-date: /home/omar/code/robotics_project/ros2_ws/install/kuka_quantec_support/share/kuka_quantec_support/meshes/kr210_r3300_2_k
[0.479s] -- Up-to-date: /home/omar/code/robotics_project/ros2_ws/install/kuka_quantec_support/share/kuka_quantec_support/meshes/kr210_r3300_2_k/visual
[0.479s] -- Up-to-date: /home/omar/code/robotics_project/ros2_ws/install/kuka_quantec_support/share/kuka_quantec_support/meshes/kr210_r3300_2_k/visual/link_5.dae
[0.479s] -- Up-to-date: /home/omar/code/robotics_project/ros2_ws/install/kuka_quantec_support/share/kuka_quantec_support/meshes/kr210_r3300_2_k/visual/link_1.dae
[0.479s] -- Up-to-date: /home/omar/code/robotics_project/ros2_ws/install/kuka_quantec_support/share/kuka_quantec_support/meshes/kr210_r3300_2_k/visual/link_4.dae
[0.479s] -- Up-to-date: /home/omar/code/robotics_project/ros2_ws/install/kuka_quantec_support/share/kuka_quantec_support/meshes/kr210_r3300_2_k/visual/base_link.dae
[0.480s] -- Up-to-date: /home/omar/code/robotics_project/ros2_ws/install/kuka_quantec_support/share/kuka_quantec_support/meshes/kr210_r3300_2_k/visual/link_3.dae
[0.480s] -- Up-to-date: /home/omar/code/robotics_project/ros2_ws/install/kuka_quantec_support/share/kuka_quantec_support/meshes/kr210_r3300_2_k/visual/link_2.dae
[0.480s] -- Up-to-date: /home/omar/code/robotics_project/ros2_ws/install/kuka_quantec_support/share/kuka_quantec_support/meshes/kr210_r3300_2_k/visual/link_6.dae
[0.480s] -- Up-to-date: /home/omar/code/robotics_project/ros2_ws/install/kuka_quantec_support/share/kuka_quantec_support/meshes/kr210_r3300_2_k/collision
[0.480s] -- Up-to-date: /home/omar/code/robotics_project/ros2_ws/install/kuka_quantec_support/share/kuka_quantec_support/meshes/kr210_r3300_2_k/collision/link_5.stl
[0.480s] -- Up-to-date: /home/omar/code/robotics_project/ros2_ws/install/kuka_quantec_support/share/kuka_quantec_support/meshes/kr210_r3300_2_k/collision/link_4.stl
[0.480s] -- Up-to-date: /home/omar/code/robotics_project/ros2_ws/install/kuka_quantec_support/share/kuka_quantec_support/meshes/kr210_r3300_2_k/collision/link_2.stl
[0.480s] -- Up-to-date: /home/omar/code/robotics_project/ros2_ws/install/kuka_quantec_support/share/kuka_quantec_support/meshes/kr210_r3300_2_k/collision/base_link.stl
[0.480s] -- Up-to-date: /home/omar/code/robotics_project/ros2_ws/install/kuka_quantec_support/share/kuka_quantec_support/meshes/kr210_r3300_2_k/collision/link_6.stl
[0.480s] -- Up-to-date: /home/omar/code/robotics_project/ros2_ws/install/kuka_quantec_support/share/kuka_quantec_support/meshes/kr210_r3300_2_k/collision/link_3.stl
[0.480s] -- Up-to-date: /home/omar/code/robotics_project/ros2_ws/install/kuka_quantec_support/share/kuka_quantec_support/meshes/kr210_r3300_2_k/collision/link_1.stl
[0.480s] -- Up-to-date: /home/omar/code/robotics_project/ros2_ws/install/kuka_quantec_support/share/kuka_quantec_support/urdf
[0.480s] -- Up-to-date: /home/omar/code/robotics_project/ros2_ws/install/kuka_quantec_support/share/kuka_quantec_support/urdf/kr240_r2900_2.urdf.xacro
[0.480s] -- Up-to-date: /home/omar/code/robotics_project/ros2_ws/install/kuka_quantec_support/share/kuka_quantec_support/urdf/kr150_r3100_2_macro.xacro
[0.480s] -- Up-to-date: /home/omar/code/robotics_project/ros2_ws/install/kuka_quantec_support/share/kuka_quantec_support/urdf/kr210_r3100_2_macro.xacro
[0.480s] -- Up-to-date: /home/omar/code/robotics_project/ros2_ws/install/kuka_quantec_support/share/kuka_quantec_support/urdf/kr_quantec_ros2_control_macro.xacro
[0.481s] -- Up-to-date: /home/omar/code/robotics_project/ros2_ws/install/kuka_quantec_support/share/kuka_quantec_support/urdf/kr240_r2900_2_macro.xacro
[0.481s] -- Up-to-date: /home/omar/code/robotics_project/ros2_ws/install/kuka_quantec_support/share/kuka_quantec_support/urdf/kr210_r3300_2_k.urdf.xacro
[0.481s] -- Up-to-date: /home/omar/code/robotics_project/ros2_ws/install/kuka_quantec_support/share/kuka_quantec_support/urdf/kr210_r3100_ultra.urdf.xacro
[0.481s] -- Up-to-date: /home/omar/code/robotics_project/ros2_ws/install/kuka_quantec_support/share/kuka_quantec_support/urdf/kr150_r3100_2.urdf.xacro
[0.481s] -- Up-to-date: /home/omar/code/robotics_project/ros2_ws/install/kuka_quantec_support/share/kuka_quantec_support/urdf/kr210_r3100_ultra_macro.xacro
[0.481s] -- Up-to-date: /home/omar/code/robotics_project/ros2_ws/install/kuka_quantec_support/share/kuka_quantec_support/urdf/kr210_r2700_2_macro.xacro
[0.481s] -- Up-to-date: /home/omar/code/robotics_project/ros2_ws/install/kuka_quantec_support/share/kuka_quantec_support/urdf/kr300_r2700_2_macro.xacro
[0.481s] -- Up-to-date: /home/omar/code/robotics_project/ros2_ws/install/kuka_quantec_support/share/kuka_quantec_support/urdf/kr210_r3100_2.urdf.xacro
[0.481s] -- Up-to-date: /home/omar/code/robotics_project/ros2_ws/install/kuka_quantec_support/share/kuka_quantec_support/urdf/kr210_r3300_2_k_macro.xacro
[0.481s] -- Up-to-date: /home/omar/code/robotics_project/ros2_ws/install/kuka_quantec_support/share/kuka_quantec_support/urdf/kr300_r2700_2.urdf.xacro
[0.481s] -- Up-to-date: /home/omar/code/robotics_project/ros2_ws/install/kuka_quantec_support/share/kuka_quantec_support/urdf/kr210_r2700_2.urdf.xacro
[0.481s] -- Up-to-date: /home/omar/code/robotics_project/ros2_ws/install/kuka_quantec_support/share/kuka_quantec_support/environment/kuka_quantec_support.dsv
[0.481s] -- Up-to-date: /home/omar/code/robotics_project/ros2_ws/install/kuka_quantec_support/share/ament_index/resource_index/package_run_dependencies/kuka_quantec_support
[0.481s] -- Up-to-date: /home/omar/code/robotics_project/ros2_ws/install/kuka_quantec_support/share/ament_index/resource_index/parent_prefix_path/kuka_quantec_support
[0.484s] -- Up-to-date: /home/omar/code/robotics_project/ros2_ws/install/kuka_quantec_support/share/kuka_quantec_support/environment/ament_prefix_path.sh
[0.485s] -- Up-to-date: /home/omar/code/robotics_project/ros2_ws/install/kuka_quantec_support/share/kuka_quantec_support/environment/ament_prefix_path.dsv
[0.485s] -- Up-to-date: /home/omar/code/robotics_project/ros2_ws/install/kuka_quantec_support/share/kuka_quantec_support/environment/path.sh
[0.485s] -- Up-to-date: /home/omar/code/robotics_project/ros2_ws/install/kuka_quantec_support/share/kuka_quantec_support/environment/path.dsv
[0.485s] -- Up-to-date: /home/omar/code/robotics_project/ros2_ws/install/kuka_quantec_support/share/kuka_quantec_support/local_setup.bash
[0.485s] -- Up-to-date: /home/omar/code/robotics_project/ros2_ws/install/kuka_quantec_support/share/kuka_quantec_support/local_setup.sh
[0.485s] -- Up-to-date: /home/omar/code/robotics_project/ros2_ws/install/kuka_quantec_support/share/kuka_quantec_support/local_setup.zsh
[0.485s] -- Up-to-date: /home/omar/code/robotics_project/ros2_ws/install/kuka_quantec_support/share/kuka_quantec_support/local_setup.dsv
[0.485s] -- Installing: /home/omar/code/robotics_project/ros2_ws/install/kuka_quantec_support/share/kuka_quantec_support/package.dsv
[0.485s] -- Up-to-date: /home/omar/code/robotics_project/ros2_ws/install/kuka_quantec_support/share/ament_index/resource_index/packages/kuka_quantec_support
[0.485s] -- Up-to-date: /home/omar/code/robotics_project/ros2_ws/install/kuka_quantec_support/share/kuka_quantec_support/cmake/kuka_quantec_supportConfig.cmake
[0.485s] -- Up-to-date: /home/omar/code/robotics_project/ros2_ws/install/kuka_quantec_support/share/kuka_quantec_support/cmake/kuka_quantec_supportConfig-version.cmake
[0.485s] -- Up-to-date: /home/omar/code/robotics_project/ros2_ws/install/kuka_quantec_support/share/kuka_quantec_support/package.xml
[0.485s] Invoked command in '/home/omar/code/robotics_project/ros2_ws/build/kuka_quantec_support' returned '0': CMAKE_PREFIX_PATH=/home/omar/code/robotics_project/ros2_ws/install/kuka_resources:/home/omar/code/robotics_project/ros2_ws/install/kuka_gazebo:/home/omar/code/robotics_project/ros2_ws/install/kuka_robot_descriptions:/home/omar/code/robotics_project/ros2_ws/install/kuka_quantec_support:/home/omar/code/robotics_project/ros2_ws/install/kuka_lbr_iiwa_support:/home/omar/code/robotics_project/ros2_ws/install/kuka_lbr_iiwa_moveit_config:/home/omar/code/robotics_project/ros2_ws/install/kuka_lbr_iisy_support:/home/omar/code/robotics_project/ros2_ws/install/kuka_lbr_iisy_moveit_config:/home/omar/code/robotics_project/ros2_ws/install/kuka_kr_moveit_config:/home/omar/code/robotics_project/ros2_ws/install/kuka_iontec_support:/home/omar/code/robotics_project/ros2_ws/install/kuka_fortec_support:/home/omar/code/robotics_project/ros2_ws/install/kuka_cybertech_support:/home/omar/code/robotics_project/ros2_ws/install/kuka_agilus_support:/home/omar/code/robotics_project/ros2_ws/install/kuka_mock_hardware_interface:/home/omar/code/robotics_project/ros2_ws/install/kuka_kl_support:/opt/ros/jazzy/opt/gz_sim_vendor:/opt/ros/jazzy/opt/gz_sensors_vendor:/opt/ros/jazzy/opt/gz_physics_vendor:/opt/ros/jazzy/opt/sdformat_vendor:/opt/ros/jazzy/opt/gz_gui_vendor:/opt/ros/jazzy/opt/gz_transport_vendor:/opt/ros/jazzy/opt/gz_rendering_vendor:/opt/ros/jazzy/opt/gz_plugin_vendor:/opt/ros/jazzy/opt/gz_fuel_tools_vendor:/opt/ros/jazzy/opt/gz_msgs_vendor:/opt/ros/jazzy/opt/gz_common_vendor:/opt/ros/jazzy/opt/gz_math_vendor:/opt/ros/jazzy/opt/gz_utils_vendor:/opt/ros/jazzy/opt/gz_tools_vendor:/opt/ros/jazzy/opt/gz_ogre_next_vendor:/opt/ros/jazzy/opt/gz_dartsim_vendor:/opt/ros/jazzy/opt/gz_cmake_vendor:/home/omar/code/robotics_project/ros2_ws/install/thesis_bringup:/home/omar/code/robotics_project/ros2_ws/install/safety_layer:/home/omar/code/robotics_project/ros2_ws/install/robot_simulation:/home/omar/code/robotics_project/ros2_ws/install/robot_description:/home/omar/code/robotics_project/ros2_ws/install/perception_pipeline:/home/omar/code/robotics_project/ros2_ws/install/peg_in_hole_description:/home/omar/code/robotics_project/ros2_ws/install/learning_interface:/home/omar/code/robotics_project/ros2_ws/install/kuka_task_control:/home/omar/code/robotics_project/ros2_ws/install/kuka_description:/home/omar/code/robotics_project/ros2_ws/install/first_robot_demo:/home/omar/code/robotics_project/ros2_ws/install/experiment_manager:/opt/ros/jazzy /usr/bin/cmake --install /home/omar/code/robotics_project/ros2_ws/build/kuka_quantec_support
