running develop
running egg_info
writing thesis_bringup.egg-info/PKG-INFO
writing dependency_links to thesis_bringup.egg-info/dependency_links.txt
writing entry points to thesis_bringup.egg-info/entry_points.txt
writing requirements to thesis_bringup.egg-info/requires.txt
writing top-level names to thesis_bringup.egg-info/top_level.txt
reading manifest file 'thesis_bringup.egg-info/SOURCES.txt'
writing manifest file 'thesis_bringup.egg-info/SOURCES.txt'
running build_ext
Creating /home/omar/code/robotics_project/ros2_ws/install/thesis_bringup/lib/python3.12/site-packages/thesis-bringup.egg-link (link to .)
Installing controller_readiness_gate script to /home/omar/code/robotics_project/ros2_ws/install/thesis_bringup/lib/thesis_bringup
Installing proposal_simulation_cell_monitor script to /home/omar/code/robotics_project/ros2_ws/install/thesis_bringup/lib/thesis_bringup
Installing proposal_simulation_cell_v1_10_experiment_matrix_node script to /home/omar/code/robotics_project/ros2_ws/install/thesis_bringup/lib/thesis_bringup
Installing proposal_simulation_cell_v1_11_single_scenario_loader_node script to /home/omar/code/robotics_project/ros2_ws/install/thesis_bringup/lib/thesis_bringup
Installing proposal_simulation_cell_v1_12_scenario_batch_selector_node script to /home/omar/code/robotics_project/ros2_ws/install/thesis_bringup/lib/thesis_bringup
Installing proposal_simulation_cell_v1_13_batch_execution_plan_node script to /home/omar/code/robotics_project/ros2_ws/install/thesis_bringup/lib/thesis_bringup
Installing proposal_simulation_cell_v1_14_batch_dry_run_orchestrator_node script to /home/omar/code/robotics_project/ros2_ws/install/thesis_bringup/lib/thesis_bringup
Installing proposal_simulation_cell_v1_15_evidence_package_node script to /home/omar/code/robotics_project/ros2_ws/install/thesis_bringup/lib/thesis_bringup
Installing proposal_simulation_cell_v1_1_validator script to /home/omar/code/robotics_project/ros2_ws/install/thesis_bringup/lib/thesis_bringup
Installing proposal_simulation_cell_v1_2_rgbd_validator script to /home/omar/code/robotics_project/ros2_ws/install/thesis_bringup/lib/thesis_bringup
Installing proposal_simulation_cell_v1_3_contact_validator script to /home/omar/code/robotics_project/ros2_ws/install/thesis_bringup/lib/thesis_bringup
Installing proposal_simulation_cell_v1_5_safety_virtual_force_node script to /home/omar/code/robotics_project/ros2_ws/install/thesis_bringup/lib/thesis_bringup
Installing proposal_simulation_cell_v1_6_readiness_gate_node script to /home/omar/code/robotics_project/ros2_ws/install/thesis_bringup/lib/thesis_bringup
Installing proposal_simulation_cell_v1_7_pre_control_contract_node script to /home/omar/code/robotics_project/ros2_ws/install/thesis_bringup/lib/thesis_bringup
Installing proposal_simulation_cell_v1_8_control_scaffold_node script to /home/omar/code/robotics_project/ros2_ws/install/thesis_bringup/lib/thesis_bringup
Installing proposal_simulation_cell_v1_9_control_law_dry_run_node script to /home/omar/code/robotics_project/ros2_ws/install/thesis_bringup/lib/thesis_bringup

Installed /home/omar/code/robotics_project/ros2_ws/build/thesis_bringup
running symlink_data
symbolically linking /home/omar/code/robotics_project/ros2_ws/build/thesis_bringup/launch/proposal_simulation_cell_v1_15_evidence_package_generator.launch.py -> /home/omar/code/robotics_project/ros2_ws/install/thesis_bringup/share/thesis_bringup/launch
symbolically linking /home/omar/code/robotics_project/ros2_ws/build/thesis_bringup/config/proposal_simulation_cell_v1_15.yaml -> /home/omar/code/robotics_project/ros2_ws/install/thesis_bringup/share/thesis_bringup/config
