[0.204s] Invoking command in '/home/omar/code/robotics_project/ros2_ws/build/kuka_iontec_support': CMAKE_PREFIX_PATH=/home/omar/code/robotics_project/ros2_ws/install/kuka_resources:/home/omar/code/robotics_project/ros2_ws/install/kuka_gazebo:/home/omar/code/robotics_project/ros2_ws/install/kuka_robot_descriptions:/home/omar/code/robotics_project/ros2_ws/install/kuka_quantec_support:/home/omar/code/robotics_project/ros2_ws/install/kuka_lbr_iiwa_support:/home/omar/code/robotics_project/ros2_ws/install/kuka_lbr_iiwa_moveit_config:/home/omar/code/robotics_project/ros2_ws/install/kuka_lbr_iisy_support:/home/omar/code/robotics_project/ros2_ws/install/kuka_lbr_iisy_moveit_config:/home/omar/code/robotics_project/ros2_ws/install/kuka_kr_moveit_config:/home/omar/code/robotics_project/ros2_ws/install/kuka_iontec_support:/home/omar/code/robotics_project/ros2_ws/install/kuka_fortec_support:/home/omar/code/robotics_project/ros2_ws/install/kuka_cybertech_support:/home/omar/code/robotics_project/ros2_ws/install/kuka_agilus_support:/home/omar/code/robotics_project/ros2_ws/install/kuka_mock_hardware_interface:/home/omar/code/robotics_project/ros2_ws/install/kuka_kl_support:/opt/ros/jazzy/opt/gz_sim_vendor:/opt/ros/jazzy/opt/gz_sensors_vendor:/opt/ros/jazzy/opt/gz_physics_vendor:/opt/ros/jazzy/opt/sdformat_vendor:/opt/ros/jazzy/opt/gz_gui_vendor:/opt/ros/jazzy/opt/gz_transport_vendor:/opt/ros/jazzy/opt/gz_rendering_vendor:/opt/ros/jazzy/opt/gz_plugin_vendor:/opt/ros/jazzy/opt/gz_fuel_tools_vendor:/opt/ros/jazzy/opt/gz_msgs_vendor:/opt/ros/jazzy/opt/gz_common_vendor:/opt/ros/jazzy/opt/gz_math_vendor:/opt/ros/jazzy/opt/gz_utils_vendor:/opt/ros/jazzy/opt/gz_tools_vendor:/opt/ros/jazzy/opt/gz_ogre_next_vendor:/opt/ros/jazzy/opt/gz_dartsim_vendor:/opt/ros/jazzy/opt/gz_cmake_vendor:/home/omar/code/robotics_project/ros2_ws/install/thesis_bringup:/home/omar/code/robotics_project/ros2_ws/install/safety_layer:/home/omar/code/robotics_project/ros2_ws/install/robot_simulation:/home/omar/code/robotics_project/ros2_ws/install/robot_description:/home/omar/code/robotics_project/ros2_ws/install/perception_pipeline:/home/omar/code/robotics_project/ros2_ws/install/peg_in_hole_metrics:/home/omar/code/robotics_project/ros2_ws/install/peg_in_hole_description:/home/omar/code/robotics_project/ros2_ws/install/learning_interface:/home/omar/code/robotics_project/ros2_ws/install/kuka_task_control:/home/omar/code/robotics_project/ros2_ws/install/kuka_description:/home/omar/code/robotics_project/ros2_ws/install/first_robot_demo:/home/omar/code/robotics_project/ros2_ws/install/experiment_manager:/opt/ros/jazzy /usr/bin/cmake --build /home/omar/code/robotics_project/ros2_ws/build/kuka_iontec_support -- -j8 -l8
[0.254s] Invoked command in '/home/omar/code/robotics_project/ros2_ws/build/kuka_iontec_support' returned '0': CMAKE_PREFIX_PATH=/home/omar/code/robotics_project/ros2_ws/install/kuka_resources:/home/omar/code/robotics_project/ros2_ws/install/kuka_gazebo:/home/omar/code/robotics_project/ros2_ws/install/kuka_robot_descriptions:/home/omar/code/robotics_project/ros2_ws/install/kuka_quantec_support:/home/omar/code/robotics_project/ros2_ws/install/kuka_lbr_iiwa_support:/home/omar/code/robotics_project/ros2_ws/install/kuka_lbr_iiwa_moveit_config:/home/omar/code/robotics_project/ros2_ws/install/kuka_lbr_iisy_support:/home/omar/code/robotics_project/ros2_ws/install/kuka_lbr_iisy_moveit_config:/home/omar/code/robotics_project/ros2_ws/install/kuka_kr_moveit_config:/home/omar/code/robotics_project/ros2_ws/install/kuka_iontec_support:/home/omar/code/robotics_project/ros2_ws/install/kuka_fortec_support:/home/omar/code/robotics_project/ros2_ws/install/kuka_cybertech_support:/home/omar/code/robotics_project/ros2_ws/install/kuka_agilus_support:/home/omar/code/robotics_project/ros2_ws/install/kuka_mock_hardware_interface:/home/omar/code/robotics_project/ros2_ws/install/kuka_kl_support:/opt/ros/jazzy/opt/gz_sim_vendor:/opt/ros/jazzy/opt/gz_sensors_vendor:/opt/ros/jazzy/opt/gz_physics_vendor:/opt/ros/jazzy/opt/sdformat_vendor:/opt/ros/jazzy/opt/gz_gui_vendor:/opt/ros/jazzy/opt/gz_transport_vendor:/opt/ros/jazzy/opt/gz_rendering_vendor:/opt/ros/jazzy/opt/gz_plugin_vendor:/opt/ros/jazzy/opt/gz_fuel_tools_vendor:/opt/ros/jazzy/opt/gz_msgs_vendor:/opt/ros/jazzy/opt/gz_common_vendor:/opt/ros/jazzy/opt/gz_math_vendor:/opt/ros/jazzy/opt/gz_utils_vendor:/opt/ros/jazzy/opt/gz_tools_vendor:/opt/ros/jazzy/opt/gz_ogre_next_vendor:/opt/ros/jazzy/opt/gz_dartsim_vendor:/opt/ros/jazzy/opt/gz_cmake_vendor:/home/omar/code/robotics_project/ros2_ws/install/thesis_bringup:/home/omar/code/robotics_project/ros2_ws/install/safety_layer:/home/omar/code/robotics_project/ros2_ws/install/robot_simulation:/home/omar/code/robotics_project/ros2_ws/install/robot_description:/home/omar/code/robotics_project/ros2_ws/install/perception_pipeline:/home/omar/code/robotics_project/ros2_ws/install/peg_in_hole_metrics:/home/omar/code/robotics_project/ros2_ws/install/peg_in_hole_description:/home/omar/code/robotics_project/ros2_ws/install/learning_interface:/home/omar/code/robotics_project/ros2_ws/install/kuka_task_control:/home/omar/code/robotics_project/ros2_ws/install/kuka_description:/home/omar/code/robotics_project/ros2_ws/install/first_robot_demo:/home/omar/code/robotics_project/ros2_ws/install/experiment_manager:/opt/ros/jazzy /usr/bin/cmake --build /home/omar/code/robotics_project/ros2_ws/build/kuka_iontec_support -- -j8 -l8
[0.277s] Invoking command in '/home/omar/code/robotics_project/ros2_ws/build/kuka_iontec_support': CMAKE_PREFIX_PATH=/home/omar/code/robotics_project/ros2_ws/install/kuka_resources:/home/omar/code/robotics_project/ros2_ws/install/kuka_gazebo:/home/omar/code/robotics_project/ros2_ws/install/kuka_robot_descriptions:/home/omar/code/robotics_project/ros2_ws/install/kuka_quantec_support:/home/omar/code/robotics_project/ros2_ws/install/kuka_lbr_iiwa_support:/home/omar/code/robotics_project/ros2_ws/install/kuka_lbr_iiwa_moveit_config:/home/omar/code/robotics_project/ros2_ws/install/kuka_lbr_iisy_support:/home/omar/code/robotics_project/ros2_ws/install/kuka_lbr_iisy_moveit_config:/home/omar/code/robotics_project/ros2_ws/install/kuka_kr_moveit_config:/home/omar/code/robotics_project/ros2_ws/install/kuka_iontec_support:/home/omar/code/robotics_project/ros2_ws/install/kuka_fortec_support:/home/omar/code/robotics_project/ros2_ws/install/kuka_cybertech_support:/home/omar/code/robotics_project/ros2_ws/install/kuka_agilus_support:/home/omar/code/robotics_project/ros2_ws/install/kuka_mock_hardware_interface:/home/omar/code/robotics_project/ros2_ws/install/kuka_kl_support:/opt/ros/jazzy/opt/gz_sim_vendor:/opt/ros/jazzy/opt/gz_sensors_vendor:/opt/ros/jazzy/opt/gz_physics_vendor:/opt/ros/jazzy/opt/sdformat_vendor:/opt/ros/jazzy/opt/gz_gui_vendor:/opt/ros/jazzy/opt/gz_transport_vendor:/opt/ros/jazzy/opt/gz_rendering_vendor:/opt/ros/jazzy/opt/gz_plugin_vendor:/opt/ros/jazzy/opt/gz_fuel_tools_vendor:/opt/ros/jazzy/opt/gz_msgs_vendor:/opt/ros/jazzy/opt/gz_common_vendor:/opt/ros/jazzy/opt/gz_math_vendor:/opt/ros/jazzy/opt/gz_utils_vendor:/opt/ros/jazzy/opt/gz_tools_vendor:/opt/ros/jazzy/opt/gz_ogre_next_vendor:/opt/ros/jazzy/opt/gz_dartsim_vendor:/opt/ros/jazzy/opt/gz_cmake_vendor:/home/omar/code/robotics_project/ros2_ws/install/thesis_bringup:/home/omar/code/robotics_project/ros2_ws/install/safety_layer:/home/omar/code/robotics_project/ros2_ws/install/robot_simulation:/home/omar/code/robotics_project/ros2_ws/install/robot_description:/home/omar/code/robotics_project/ros2_ws/install/perception_pipeline:/home/omar/code/robotics_project/ros2_ws/install/peg_in_hole_metrics:/home/omar/code/robotics_project/ros2_ws/install/peg_in_hole_description:/home/omar/code/robotics_project/ros2_ws/install/learning_interface:/home/omar/code/robotics_project/ros2_ws/install/kuka_task_control:/home/omar/code/robotics_project/ros2_ws/install/kuka_description:/home/omar/code/robotics_project/ros2_ws/install/first_robot_demo:/home/omar/code/robotics_project/ros2_ws/install/experiment_manager:/opt/ros/jazzy /usr/bin/cmake --install /home/omar/code/robotics_project/ros2_ws/build/kuka_iontec_support
[0.296s] -- Install configuration: ""
[0.296s] -- Up-to-date: /home/omar/code/robotics_project/ros2_ws/install/kuka_iontec_support/share/kuka_iontec_support/config
[0.296s] -- Up-to-date: /home/omar/code/robotics_project/ros2_ws/install/kuka_iontec_support/share/kuka_iontec_support/config/kr30_r2100_joint_limits.yaml
[0.296s] -- Up-to-date: /home/omar/code/robotics_project/ros2_ws/install/kuka_iontec_support/share/kuka_iontec_support/config/kr70_r2100_joint_limits.yaml
[0.296s] -- Up-to-date: /home/omar/code/robotics_project/ros2_ws/install/kuka_iontec_support/share/kuka_iontec_support/config/kr50_r2500_joint_limits.yaml
[0.296s] -- Up-to-date: /home/omar/code/robotics_project/ros2_ws/install/kuka_iontec_support/share/kuka_iontec_support/config/kr20_r3100_joint_limits.yaml
[0.296s] -- Up-to-date: /home/omar/code/robotics_project/ros2_ws/install/kuka_iontec_support/share/kuka_iontec_support/launch
[0.311s] -- Up-to-date: /home/omar/code/robotics_project/ros2_ws/install/kuka_iontec_support/share/kuka_iontec_support/launch/test_kr30_r2100.launch.py
[0.311s] -- Up-to-date: /home/omar/code/robotics_project/ros2_ws/install/kuka_iontec_support/share/kuka_iontec_support/launch/test_kr50_r2500.launch.py
[0.311s] -- Up-to-date: /home/omar/code/robotics_project/ros2_ws/install/kuka_iontec_support/share/kuka_iontec_support/launch/test_kr70_r2100.launch.py
[0.311s] -- Up-to-date: /home/omar/code/robotics_project/ros2_ws/install/kuka_iontec_support/share/kuka_iontec_support/launch/test_kr20_r3100.launch.py
[0.311s] -- Up-to-date: /home/omar/code/robotics_project/ros2_ws/install/kuka_iontec_support/share/kuka_iontec_support/meshes
[0.333s] -- Up-to-date: /home/omar/code/robotics_project/ros2_ws/install/kuka_iontec_support/share/kuka_iontec_support/meshes/kr20_r3100
[0.334s] -- Up-to-date: /home/omar/code/robotics_project/ros2_ws/install/kuka_iontec_support/share/kuka_iontec_support/meshes/kr20_r3100/visual
[0.379s] -- Up-to-date: /home/omar/code/robotics_project/ros2_ws/install/kuka_iontec_support/share/kuka_iontec_support/meshes/kr20_r3100/visual/link_5.dae
[0.379s] -- Up-to-date: /home/omar/code/robotics_project/ros2_ws/install/kuka_iontec_support/share/kuka_iontec_support/meshes/kr20_r3100/visual/link_1.dae
[0.379s] -- Up-to-date: /home/omar/code/robotics_project/ros2_ws/install/kuka_iontec_support/share/kuka_iontec_support/meshes/kr20_r3100/visual/link_4.dae
[0.379s] -- Up-to-date: /home/omar/code/robotics_project/ros2_ws/install/kuka_iontec_support/share/kuka_iontec_support/meshes/kr20_r3100/visual/base_link.dae
[0.380s] -- Up-to-date: /home/omar/code/robotics_project/ros2_ws/install/kuka_iontec_support/share/kuka_iontec_support/meshes/kr20_r3100/visual/link_3.dae
[0.380s] -- Up-to-date: /home/omar/code/robotics_project/ros2_ws/install/kuka_iontec_support/share/kuka_iontec_support/meshes/kr20_r3100/visual/link_2.dae
[0.380s] -- Up-to-date: /home/omar/code/robotics_project/ros2_ws/install/kuka_iontec_support/share/kuka_iontec_support/meshes/kr20_r3100/visual/link_6.dae
[0.380s] -- Up-to-date: /home/omar/code/robotics_project/ros2_ws/install/kuka_iontec_support/share/kuka_iontec_support/meshes/kr20_r3100/collision
[0.391s] -- Up-to-date: /home/omar/code/robotics_project/ros2_ws/install/kuka_iontec_support/share/kuka_iontec_support/meshes/kr20_r3100/collision/link_5.stl
[0.391s] -- Up-to-date: /home/omar/code/robotics_project/ros2_ws/install/kuka_iontec_support/share/kuka_iontec_support/meshes/kr20_r3100/collision/link_4.stl
[0.391s] -- Up-to-date: /home/omar/code/robotics_project/ros2_ws/install/kuka_iontec_support/share/kuka_iontec_support/meshes/kr20_r3100/collision/link_2.stl
[0.392s] -- Up-to-date: /home/omar/code/robotics_project/ros2_ws/install/kuka_iontec_support/share/kuka_iontec_support/meshes/kr20_r3100/collision/base_link.stl
[0.392s] -- Up-to-date: /home/omar/code/robotics_project/ros2_ws/install/kuka_iontec_support/share/kuka_iontec_support/meshes/kr20_r3100/collision/link_6.stl
[0.392s] -- Up-to-date: /home/omar/code/robotics_project/ros2_ws/install/kuka_iontec_support/share/kuka_iontec_support/meshes/kr20_r3100/collision/link_3.stl
[0.392s] -- Up-to-date: /home/omar/code/robotics_project/ros2_ws/install/kuka_iontec_support/share/kuka_iontec_support/meshes/kr20_r3100/collision/link_1.stl
[0.392s] -- Up-to-date: /home/omar/code/robotics_project/ros2_ws/install/kuka_iontec_support/share/kuka_iontec_support/meshes/kr70_r2100
[0.411s] -- Up-to-date: /home/omar/code/robotics_project/ros2_ws/install/kuka_iontec_support/share/kuka_iontec_support/meshes/kr70_r2100/visual
[0.442s] -- Up-to-date: /home/omar/code/robotics_project/ros2_ws/install/kuka_iontec_support/share/kuka_iontec_support/meshes/kr70_r2100/visual/link_5.dae
[0.443s] -- Up-to-date: /home/omar/code/robotics_project/ros2_ws/install/kuka_iontec_support/share/kuka_iontec_support/meshes/kr70_r2100/visual/link_1.dae
[0.443s] -- Up-to-date: /home/omar/code/robotics_project/ros2_ws/install/kuka_iontec_support/share/kuka_iontec_support/meshes/kr70_r2100/visual/link_4.dae
[0.443s] -- Up-to-date: /home/omar/code/robotics_project/ros2_ws/install/kuka_iontec_support/share/kuka_iontec_support/meshes/kr70_r2100/visual/base_link.dae
[0.444s] -- Up-to-date: /home/omar/code/robotics_project/ros2_ws/install/kuka_iontec_support/share/kuka_iontec_support/meshes/kr70_r2100/visual/link_3.dae
[0.444s] -- Up-to-date: /home/omar/code/robotics_project/ros2_ws/install/kuka_iontec_support/share/kuka_iontec_support/meshes/kr70_r2100/visual/link_2.dae
[0.444s] -- Up-to-date: /home/omar/code/robotics_project/ros2_ws/install/kuka_iontec_support/share/kuka_iontec_support/meshes/kr70_r2100/visual/link_6.dae
[0.444s] -- Up-to-date: /home/omar/code/robotics_project/ros2_ws/install/kuka_iontec_support/share/kuka_iontec_support/meshes/kr70_r2100/collision
[0.460s] -- Up-to-date: /home/omar/code/robotics_project/ros2_ws/install/kuka_iontec_support/share/kuka_iontec_support/meshes/kr70_r2100/collision/link_5.stl
[0.460s] -- Up-to-date: /home/omar/code/robotics_project/ros2_ws/install/kuka_iontec_support/share/kuka_iontec_support/meshes/kr70_r2100/collision/link_4.stl
[0.476s] -- Up-to-date: /home/omar/code/robotics_project/ros2_ws/install/kuka_iontec_support/share/kuka_iontec_support/meshes/kr70_r2100/collision/link_2.stl
[0.476s] -- Up-to-date: /home/omar/code/robotics_project/ros2_ws/install/kuka_iontec_support/share/kuka_iontec_support/meshes/kr70_r2100/collision/base_link.stl
[0.476s] -- Up-to-date: /home/omar/code/robotics_project/ros2_ws/install/kuka_iontec_support/share/kuka_iontec_support/meshes/kr70_r2100/collision/link_6.stl
[0.476s] -- Up-to-date: /home/omar/code/robotics_project/ros2_ws/install/kuka_iontec_support/share/kuka_iontec_support/meshes/kr70_r2100/collision/link_3.stl
[0.478s] -- Up-to-date: /home/omar/code/robotics_project/ros2_ws/install/kuka_iontec_support/share/kuka_iontec_support/meshes/kr70_r2100/collision/link_1.stl
[0.478s] -- Up-to-date: /home/omar/code/robotics_project/ros2_ws/install/kuka_iontec_support/share/kuka_iontec_support/meshes/kr50_r2500
[0.480s] -- Up-to-date: /home/omar/code/robotics_project/ros2_ws/install/kuka_iontec_support/share/kuka_iontec_support/meshes/kr50_r2500/visual
[0.533s] -- Up-to-date: /home/omar/code/robotics_project/ros2_ws/install/kuka_iontec_support/share/kuka_iontec_support/meshes/kr50_r2500/visual/link_5.dae
[0.535s] -- Up-to-date: /home/omar/code/robotics_project/ros2_ws/install/kuka_iontec_support/share/kuka_iontec_support/meshes/kr50_r2500/visual/link_1.dae
[0.536s] -- Up-to-date: /home/omar/code/robotics_project/ros2_ws/install/kuka_iontec_support/share/kuka_iontec_support/meshes/kr50_r2500/visual/link_4.dae
[0.537s] -- Up-to-date: /home/omar/code/robotics_project/ros2_ws/install/kuka_iontec_support/share/kuka_iontec_support/meshes/kr50_r2500/visual/base_link.dae
[0.537s] -- Up-to-date: /home/omar/code/robotics_project/ros2_ws/install/kuka_iontec_support/share/kuka_iontec_support/meshes/kr50_r2500/visual/link_3.dae
[0.538s] -- Up-to-date: /home/omar/code/robotics_project/ros2_ws/install/kuka_iontec_support/share/kuka_iontec_support/meshes/kr50_r2500/visual/link_2.dae
[0.539s] -- Up-to-date: /home/omar/code/robotics_project/ros2_ws/install/kuka_iontec_support/share/kuka_iontec_support/meshes/kr50_r2500/visual/link_6.dae
[0.539s] -- Up-to-date: /home/omar/code/robotics_project/ros2_ws/install/kuka_iontec_support/share/kuka_iontec_support/meshes/kr50_r2500/collision
[0.546s] -- Up-to-date: /home/omar/code/robotics_project/ros2_ws/install/kuka_iontec_support/share/kuka_iontec_support/meshes/kr50_r2500/collision/link_5.stl
[0.547s] -- Up-to-date: /home/omar/code/robotics_project/ros2_ws/install/kuka_iontec_support/share/kuka_iontec_support/meshes/kr50_r2500/collision/link_4.stl
[0.547s] -- Up-to-date: /home/omar/code/robotics_project/ros2_ws/install/kuka_iontec_support/share/kuka_iontec_support/meshes/kr50_r2500/collision/link_2.stl
[0.547s] -- Up-to-date: /home/omar/code/robotics_project/ros2_ws/install/kuka_iontec_support/share/kuka_iontec_support/meshes/kr50_r2500/collision/base_link.stl
[0.548s] -- Up-to-date: /home/omar/code/robotics_project/ros2_ws/install/kuka_iontec_support/share/kuka_iontec_support/meshes/kr50_r2500/collision/link_6.stl
[0.548s] -- Up-to-date: /home/omar/code/robotics_project/ros2_ws/install/kuka_iontec_support/share/kuka_iontec_support/meshes/kr50_r2500/collision/link_3.stl
[0.548s] -- Up-to-date: /home/omar/code/robotics_project/ros2_ws/install/kuka_iontec_support/share/kuka_iontec_support/meshes/kr50_r2500/collision/link_1.stl
[0.549s] -- Up-to-date: /home/omar/code/robotics_project/ros2_ws/install/kuka_iontec_support/share/kuka_iontec_support/meshes/kr30_r2100
[0.569s] -- Up-to-date: /home/omar/code/robotics_project/ros2_ws/install/kuka_iontec_support/share/kuka_iontec_support/meshes/kr30_r2100/visual
[0.596s] -- Up-to-date: /home/omar/code/robotics_project/ros2_ws/install/kuka_iontec_support/share/kuka_iontec_support/meshes/kr30_r2100/visual/link_5.dae
[0.596s] -- Up-to-date: /home/omar/code/robotics_project/ros2_ws/install/kuka_iontec_support/share/kuka_iontec_support/meshes/kr30_r2100/visual/link_1.dae
[0.596s] -- Up-to-date: /home/omar/code/robotics_project/ros2_ws/install/kuka_iontec_support/share/kuka_iontec_support/meshes/kr30_r2100/visual/link_4.dae
[0.596s] -- Up-to-date: /home/omar/code/robotics_project/ros2_ws/install/kuka_iontec_support/share/kuka_iontec_support/meshes/kr30_r2100/visual/base_link.dae
[0.597s] -- Up-to-date: /home/omar/code/robotics_project/ros2_ws/install/kuka_iontec_support/share/kuka_iontec_support/meshes/kr30_r2100/visual/link_3.dae
[0.597s] -- Up-to-date: /home/omar/code/robotics_project/ros2_ws/install/kuka_iontec_support/share/kuka_iontec_support/meshes/kr30_r2100/visual/link_2.dae
[0.597s] -- Up-to-date: /home/omar/code/robotics_project/ros2_ws/install/kuka_iontec_support/share/kuka_iontec_support/meshes/kr30_r2100/visual/link_6.dae
[0.597s] -- Up-to-date: /home/omar/code/robotics_project/ros2_ws/install/kuka_iontec_support/share/kuka_iontec_support/meshes/kr30_r2100/collision
[0.616s] -- Up-to-date: /home/omar/code/robotics_project/ros2_ws/install/kuka_iontec_support/share/kuka_iontec_support/meshes/kr30_r2100/collision/link_5.stl
[0.616s] -- Up-to-date: /home/omar/code/robotics_project/ros2_ws/install/kuka_iontec_support/share/kuka_iontec_support/meshes/kr30_r2100/collision/link_4.stl
[0.616s] -- Up-to-date: /home/omar/code/robotics_project/ros2_ws/install/kuka_iontec_support/share/kuka_iontec_support/meshes/kr30_r2100/collision/link_2.stl
[0.616s] -- Up-to-date: /home/omar/code/robotics_project/ros2_ws/install/kuka_iontec_support/share/kuka_iontec_support/meshes/kr30_r2100/collision/base_link.stl
[0.616s] -- Up-to-date: /home/omar/code/robotics_project/ros2_ws/install/kuka_iontec_support/share/kuka_iontec_support/meshes/kr30_r2100/collision/link_6.stl
[0.617s] -- Up-to-date: /home/omar/code/robotics_project/ros2_ws/install/kuka_iontec_support/share/kuka_iontec_support/meshes/kr30_r2100/collision/link_3.stl
[0.617s] -- Up-to-date: /home/omar/code/robotics_project/ros2_ws/install/kuka_iontec_support/share/kuka_iontec_support/meshes/kr30_r2100/collision/link_1.stl
[0.617s] -- Up-to-date: /home/omar/code/robotics_project/ros2_ws/install/kuka_iontec_support/share/kuka_iontec_support/urdf
[0.627s] -- Up-to-date: /home/omar/code/robotics_project/ros2_ws/install/kuka_iontec_support/share/kuka_iontec_support/urdf/kr50_r2500_macro.xacro
[0.627s] -- Up-to-date: /home/omar/code/robotics_project/ros2_ws/install/kuka_iontec_support/share/kuka_iontec_support/urdf/kr_iontec_ros2_control_macro.xacro
[0.627s] -- Up-to-date: /home/omar/code/robotics_project/ros2_ws/install/kuka_iontec_support/share/kuka_iontec_support/urdf/kr70_r2100_macro.xacro
[0.628s] -- Up-to-date: /home/omar/code/robotics_project/ros2_ws/install/kuka_iontec_support/share/kuka_iontec_support/urdf/kr20_r3100_macro.xacro
[0.628s] -- Up-to-date: /home/omar/code/robotics_project/ros2_ws/install/kuka_iontec_support/share/kuka_iontec_support/urdf/kr30_r2100_macro.xacro
[0.628s] -- Up-to-date: /home/omar/code/robotics_project/ros2_ws/install/kuka_iontec_support/share/kuka_iontec_support/urdf/kr70_r2100.urdf.xacro
[0.628s] -- Up-to-date: /home/omar/code/robotics_project/ros2_ws/install/kuka_iontec_support/share/kuka_iontec_support/urdf/kr50_r2500.urdf.xacro
[0.628s] -- Up-to-date: /home/omar/code/robotics_project/ros2_ws/install/kuka_iontec_support/share/kuka_iontec_support/urdf/kr20_r3100.urdf.xacro
[0.628s] -- Up-to-date: /home/omar/code/robotics_project/ros2_ws/install/kuka_iontec_support/share/kuka_iontec_support/urdf/kr30_r2100.urdf.xacro
[0.629s] -- Up-to-date: /home/omar/code/robotics_project/ros2_ws/install/kuka_iontec_support/share/kuka_iontec_support/environment/kuka_iontec_support.dsv
[0.629s] -- Up-to-date: /home/omar/code/robotics_project/ros2_ws/install/kuka_iontec_support/share/ament_index/resource_index/package_run_dependencies/kuka_iontec_support
[0.629s] -- Up-to-date: /home/omar/code/robotics_project/ros2_ws/install/kuka_iontec_support/share/ament_index/resource_index/parent_prefix_path/kuka_iontec_support
[0.629s] -- Up-to-date: /home/omar/code/robotics_project/ros2_ws/install/kuka_iontec_support/share/kuka_iontec_support/environment/ament_prefix_path.sh
[0.629s] -- Up-to-date: /home/omar/code/robotics_project/ros2_ws/install/kuka_iontec_support/share/kuka_iontec_support/environment/ament_prefix_path.dsv
[0.629s] -- Up-to-date: /home/omar/code/robotics_project/ros2_ws/install/kuka_iontec_support/share/kuka_iontec_support/environment/path.sh
[0.629s] -- Up-to-date: /home/omar/code/robotics_project/ros2_ws/install/kuka_iontec_support/share/kuka_iontec_support/environment/path.dsv
[0.629s] -- Up-to-date: /home/omar/code/robotics_project/ros2_ws/install/kuka_iontec_support/share/kuka_iontec_support/local_setup.bash
[0.629s] -- Up-to-date: /home/omar/code/robotics_project/ros2_ws/install/kuka_iontec_support/share/kuka_iontec_support/local_setup.sh
[0.629s] -- Up-to-date: /home/omar/code/robotics_project/ros2_ws/install/kuka_iontec_support/share/kuka_iontec_support/local_setup.zsh
[0.629s] -- Up-to-date: /home/omar/code/robotics_project/ros2_ws/install/kuka_iontec_support/share/kuka_iontec_support/local_setup.dsv
[0.629s] -- Installing: /home/omar/code/robotics_project/ros2_ws/install/kuka_iontec_support/share/kuka_iontec_support/package.dsv
[0.653s] -- Up-to-date: /home/omar/code/robotics_project/ros2_ws/install/kuka_iontec_support/share/ament_index/resource_index/packages/kuka_iontec_support
[0.653s] -- Up-to-date: /home/omar/code/robotics_project/ros2_ws/install/kuka_iontec_support/share/kuka_iontec_support/cmake/kuka_iontec_supportConfig.cmake
[0.653s] -- Up-to-date: /home/omar/code/robotics_project/ros2_ws/install/kuka_iontec_support/share/kuka_iontec_support/cmake/kuka_iontec_supportConfig-version.cmake
[0.653s] -- Up-to-date: /home/omar/code/robotics_project/ros2_ws/install/kuka_iontec_support/share/kuka_iontec_support/package.xml
[0.655s] Invoked command in '/home/omar/code/robotics_project/ros2_ws/build/kuka_iontec_support' returned '0': CMAKE_PREFIX_PATH=/home/omar/code/robotics_project/ros2_ws/install/kuka_resources:/home/omar/code/robotics_project/ros2_ws/install/kuka_gazebo:/home/omar/code/robotics_project/ros2_ws/install/kuka_robot_descriptions:/home/omar/code/robotics_project/ros2_ws/install/kuka_quantec_support:/home/omar/code/robotics_project/ros2_ws/install/kuka_lbr_iiwa_support:/home/omar/code/robotics_project/ros2_ws/install/kuka_lbr_iiwa_moveit_config:/home/omar/code/robotics_project/ros2_ws/install/kuka_lbr_iisy_support:/home/omar/code/robotics_project/ros2_ws/install/kuka_lbr_iisy_moveit_config:/home/omar/code/robotics_project/ros2_ws/install/kuka_kr_moveit_config:/home/omar/code/robotics_project/ros2_ws/install/kuka_iontec_support:/home/omar/code/robotics_project/ros2_ws/install/kuka_fortec_support:/home/omar/code/robotics_project/ros2_ws/install/kuka_cybertech_support:/home/omar/code/robotics_project/ros2_ws/install/kuka_agilus_support:/home/omar/code/robotics_project/ros2_ws/install/kuka_mock_hardware_interface:/home/omar/code/robotics_project/ros2_ws/install/kuka_kl_support:/opt/ros/jazzy/opt/gz_sim_vendor:/opt/ros/jazzy/opt/gz_sensors_vendor:/opt/ros/jazzy/opt/gz_physics_vendor:/opt/ros/jazzy/opt/sdformat_vendor:/opt/ros/jazzy/opt/gz_gui_vendor:/opt/ros/jazzy/opt/gz_transport_vendor:/opt/ros/jazzy/opt/gz_rendering_vendor:/opt/ros/jazzy/opt/gz_plugin_vendor:/opt/ros/jazzy/opt/gz_fuel_tools_vendor:/opt/ros/jazzy/opt/gz_msgs_vendor:/opt/ros/jazzy/opt/gz_common_vendor:/opt/ros/jazzy/opt/gz_math_vendor:/opt/ros/jazzy/opt/gz_utils_vendor:/opt/ros/jazzy/opt/gz_tools_vendor:/opt/ros/jazzy/opt/gz_ogre_next_vendor:/opt/ros/jazzy/opt/gz_dartsim_vendor:/opt/ros/jazzy/opt/gz_cmake_vendor:/home/omar/code/robotics_project/ros2_ws/install/thesis_bringup:/home/omar/code/robotics_project/ros2_ws/install/safety_layer:/home/omar/code/robotics_project/ros2_ws/install/robot_simulation:/home/omar/code/robotics_project/ros2_ws/install/robot_description:/home/omar/code/robotics_project/ros2_ws/install/perception_pipeline:/home/omar/code/robotics_project/ros2_ws/install/peg_in_hole_metrics:/home/omar/code/robotics_project/ros2_ws/install/peg_in_hole_description:/home/omar/code/robotics_project/ros2_ws/install/learning_interface:/home/omar/code/robotics_project/ros2_ws/install/kuka_task_control:/home/omar/code/robotics_project/ros2_ws/install/kuka_description:/home/omar/code/robotics_project/ros2_ws/install/first_robot_demo:/home/omar/code/robotics_project/ros2_ws/install/experiment_manager:/opt/ros/jazzy /usr/bin/cmake --install /home/omar/code/robotics_project/ros2_ws/build/kuka_iontec_support
