[0.063s] Invoking command in '/home/omar/code/robotics_project/ros2_ws/build/kuka_cybertech_support': AMENT_PREFIX_PATH=/home/omar/code/robotics_project/ros2_ws/install/kuka_resources:${AMENT_PREFIX_PATH} CMAKE_PREFIX_PATH=/home/omar/code/robotics_project/ros2_ws/install/kuka_resources:/opt/ros/jazzy/opt/gz_sim_vendor:/opt/ros/jazzy/opt/gz_sensors_vendor:/opt/ros/jazzy/opt/gz_physics_vendor:/opt/ros/jazzy/opt/sdformat_vendor:/opt/ros/jazzy/opt/gz_gui_vendor:/opt/ros/jazzy/opt/gz_transport_vendor:/opt/ros/jazzy/opt/gz_rendering_vendor:/opt/ros/jazzy/opt/gz_plugin_vendor:/opt/ros/jazzy/opt/gz_fuel_tools_vendor:/opt/ros/jazzy/opt/gz_msgs_vendor:/opt/ros/jazzy/opt/gz_common_vendor:/opt/ros/jazzy/opt/gz_math_vendor:/opt/ros/jazzy/opt/gz_utils_vendor:/opt/ros/jazzy/opt/gz_tools_vendor:/opt/ros/jazzy/opt/gz_ogre_next_vendor:/opt/ros/jazzy/opt/gz_dartsim_vendor:/opt/ros/jazzy/opt/gz_cmake_vendor:/opt/ros/jazzy /usr/bin/cmake --build /home/omar/code/robotics_project/ros2_ws/build/kuka_cybertech_support -- -j8 -l8
[0.105s] Invoked command in '/home/omar/code/robotics_project/ros2_ws/build/kuka_cybertech_support' returned '0': AMENT_PREFIX_PATH=/home/omar/code/robotics_project/ros2_ws/install/kuka_resources:${AMENT_PREFIX_PATH} CMAKE_PREFIX_PATH=/home/omar/code/robotics_project/ros2_ws/install/kuka_resources:/opt/ros/jazzy/opt/gz_sim_vendor:/opt/ros/jazzy/opt/gz_sensors_vendor:/opt/ros/jazzy/opt/gz_physics_vendor:/opt/ros/jazzy/opt/sdformat_vendor:/opt/ros/jazzy/opt/gz_gui_vendor:/opt/ros/jazzy/opt/gz_transport_vendor:/opt/ros/jazzy/opt/gz_rendering_vendor:/opt/ros/jazzy/opt/gz_plugin_vendor:/opt/ros/jazzy/opt/gz_fuel_tools_vendor:/opt/ros/jazzy/opt/gz_msgs_vendor:/opt/ros/jazzy/opt/gz_common_vendor:/opt/ros/jazzy/opt/gz_math_vendor:/opt/ros/jazzy/opt/gz_utils_vendor:/opt/ros/jazzy/opt/gz_tools_vendor:/opt/ros/jazzy/opt/gz_ogre_next_vendor:/opt/ros/jazzy/opt/gz_dartsim_vendor:/opt/ros/jazzy/opt/gz_cmake_vendor:/opt/ros/jazzy /usr/bin/cmake --build /home/omar/code/robotics_project/ros2_ws/build/kuka_cybertech_support -- -j8 -l8
[0.105s] Invoking command in '/home/omar/code/robotics_project/ros2_ws/build/kuka_cybertech_support': AMENT_PREFIX_PATH=/home/omar/code/robotics_project/ros2_ws/install/kuka_resources:${AMENT_PREFIX_PATH} CMAKE_PREFIX_PATH=/home/omar/code/robotics_project/ros2_ws/install/kuka_resources:/opt/ros/jazzy/opt/gz_sim_vendor:/opt/ros/jazzy/opt/gz_sensors_vendor:/opt/ros/jazzy/opt/gz_physics_vendor:/opt/ros/jazzy/opt/sdformat_vendor:/opt/ros/jazzy/opt/gz_gui_vendor:/opt/ros/jazzy/opt/gz_transport_vendor:/opt/ros/jazzy/opt/gz_rendering_vendor:/opt/ros/jazzy/opt/gz_plugin_vendor:/opt/ros/jazzy/opt/gz_fuel_tools_vendor:/opt/ros/jazzy/opt/gz_msgs_vendor:/opt/ros/jazzy/opt/gz_common_vendor:/opt/ros/jazzy/opt/gz_math_vendor:/opt/ros/jazzy/opt/gz_utils_vendor:/opt/ros/jazzy/opt/gz_tools_vendor:/opt/ros/jazzy/opt/gz_ogre_next_vendor:/opt/ros/jazzy/opt/gz_dartsim_vendor:/opt/ros/jazzy/opt/gz_cmake_vendor:/opt/ros/jazzy /usr/bin/cmake --install /home/omar/code/robotics_project/ros2_ws/build/kuka_cybertech_support
[0.115s] -- Install configuration: ""
[0.115s] -- Up-to-date: /home/omar/code/robotics_project/ros2_ws/install/kuka_cybertech_support/share/kuka_cybertech_support/config
[0.115s] -- Up-to-date: /home/omar/code/robotics_project/ros2_ws/install/kuka_cybertech_support/share/kuka_cybertech_support/config/kr16_r1610_2_joint_limits.yaml
[0.115s] -- Up-to-date: /home/omar/code/robotics_project/ros2_ws/install/kuka_cybertech_support/share/kuka_cybertech_support/config/kr12_r1450_3_hw_joint_limits.yaml
[0.115s] -- Up-to-date: /home/omar/code/robotics_project/ros2_ws/install/kuka_cybertech_support/share/kuka_cybertech_support/config/kr8_r1440_2_arc_hw_joint_limits.yaml
[0.116s] -- Up-to-date: /home/omar/code/robotics_project/ros2_ws/install/kuka_cybertech_support/share/kuka_cybertech_support/config/kr16_r2010_2_joint_limits.yaml
[0.116s] -- Up-to-date: /home/omar/code/robotics_project/ros2_ws/install/kuka_cybertech_support/share/kuka_cybertech_support/config/kr8_r2100_2_arc_hw_joint_limits.yaml
[0.116s] -- Up-to-date: /home/omar/code/robotics_project/ros2_ws/install/kuka_cybertech_support/share/kuka_cybertech_support/config/kr20_r1810_2_joint_limits.yaml
[0.116s] -- Up-to-date: /home/omar/code/robotics_project/ros2_ws/install/kuka_cybertech_support/share/kuka_cybertech_support/launch
[0.116s] -- Up-to-date: /home/omar/code/robotics_project/ros2_ws/install/kuka_cybertech_support/share/kuka_cybertech_support/launch/test_kr8_r2100_2_arc_hw.launch.py
[0.116s] -- Up-to-date: /home/omar/code/robotics_project/ros2_ws/install/kuka_cybertech_support/share/kuka_cybertech_support/launch/test_kr12_r1450_3_hw.launch.py
[0.116s] -- Up-to-date: /home/omar/code/robotics_project/ros2_ws/install/kuka_cybertech_support/share/kuka_cybertech_support/launch/test_kr20_r1810_2.launch.py
[0.116s] -- Up-to-date: /home/omar/code/robotics_project/ros2_ws/install/kuka_cybertech_support/share/kuka_cybertech_support/launch/test_kr16_r2010_2.launch.py
[0.116s] -- Up-to-date: /home/omar/code/robotics_project/ros2_ws/install/kuka_cybertech_support/share/kuka_cybertech_support/launch/test_kr8_r1440_2_arc_hw.launch.py
[0.116s] -- Up-to-date: /home/omar/code/robotics_project/ros2_ws/install/kuka_cybertech_support/share/kuka_cybertech_support/launch/test_kr16_r1610_2.launch.py
[0.116s] -- Up-to-date: /home/omar/code/robotics_project/ros2_ws/install/kuka_cybertech_support/share/kuka_cybertech_support/meshes
[0.116s] -- Up-to-date: /home/omar/code/robotics_project/ros2_ws/install/kuka_cybertech_support/share/kuka_cybertech_support/meshes/kr20_r1810_2
[0.118s] -- Up-to-date: /home/omar/code/robotics_project/ros2_ws/install/kuka_cybertech_support/share/kuka_cybertech_support/meshes/kr20_r1810_2/visual
[0.118s] -- Up-to-date: /home/omar/code/robotics_project/ros2_ws/install/kuka_cybertech_support/share/kuka_cybertech_support/meshes/kr20_r1810_2/visual/link_5.dae
[0.118s] -- Up-to-date: /home/omar/code/robotics_project/ros2_ws/install/kuka_cybertech_support/share/kuka_cybertech_support/meshes/kr20_r1810_2/visual/link_1.dae
[0.118s] -- Up-to-date: /home/omar/code/robotics_project/ros2_ws/install/kuka_cybertech_support/share/kuka_cybertech_support/meshes/kr20_r1810_2/visual/link_4.dae
[0.118s] -- Up-to-date: /home/omar/code/robotics_project/ros2_ws/install/kuka_cybertech_support/share/kuka_cybertech_support/meshes/kr20_r1810_2/visual/base_link.dae
[0.118s] -- Up-to-date: /home/omar/code/robotics_project/ros2_ws/install/kuka_cybertech_support/share/kuka_cybertech_support/meshes/kr20_r1810_2/visual/link_3.dae
[0.118s] -- Up-to-date: /home/omar/code/robotics_project/ros2_ws/install/kuka_cybertech_support/share/kuka_cybertech_support/meshes/kr20_r1810_2/visual/link_2.dae
[0.119s] -- Up-to-date: /home/omar/code/robotics_project/ros2_ws/install/kuka_cybertech_support/share/kuka_cybertech_support/meshes/kr20_r1810_2/visual/link_6.dae
[0.119s] -- Up-to-date: /home/omar/code/robotics_project/ros2_ws/install/kuka_cybertech_support/share/kuka_cybertech_support/meshes/kr20_r1810_2/collision
[0.119s] -- Up-to-date: /home/omar/code/robotics_project/ros2_ws/install/kuka_cybertech_support/share/kuka_cybertech_support/meshes/kr20_r1810_2/collision/link_5.stl
[0.119s] -- Up-to-date: /home/omar/code/robotics_project/ros2_ws/install/kuka_cybertech_support/share/kuka_cybertech_support/meshes/kr20_r1810_2/collision/link_4.stl
[0.119s] -- Up-to-date: /home/omar/code/robotics_project/ros2_ws/install/kuka_cybertech_support/share/kuka_cybertech_support/meshes/kr20_r1810_2/collision/link_2.stl
[0.119s] -- Up-to-date: /home/omar/code/robotics_project/ros2_ws/install/kuka_cybertech_support/share/kuka_cybertech_support/meshes/kr20_r1810_2/collision/base_link.stl
[0.119s] -- Up-to-date: /home/omar/code/robotics_project/ros2_ws/install/kuka_cybertech_support/share/kuka_cybertech_support/meshes/kr20_r1810_2/collision/link_6.stl
[0.119s] -- Up-to-date: /home/omar/code/robotics_project/ros2_ws/install/kuka_cybertech_support/share/kuka_cybertech_support/meshes/kr20_r1810_2/collision/link_3.stl
[0.119s] -- Up-to-date: /home/omar/code/robotics_project/ros2_ws/install/kuka_cybertech_support/share/kuka_cybertech_support/meshes/kr20_r1810_2/collision/link_1.stl
[0.119s] -- Up-to-date: /home/omar/code/robotics_project/ros2_ws/install/kuka_cybertech_support/share/kuka_cybertech_support/meshes/kr16_r2010_2
[0.120s] -- Up-to-date: /home/omar/code/robotics_project/ros2_ws/install/kuka_cybertech_support/share/kuka_cybertech_support/meshes/kr16_r2010_2/visual
[0.120s] -- Up-to-date: /home/omar/code/robotics_project/ros2_ws/install/kuka_cybertech_support/share/kuka_cybertech_support/meshes/kr16_r2010_2/visual/link_5.stl
[0.120s] -- Up-to-date: /home/omar/code/robotics_project/ros2_ws/install/kuka_cybertech_support/share/kuka_cybertech_support/meshes/kr16_r2010_2/visual/link_4.stl
[0.120s] -- Up-to-date: /home/omar/code/robotics_project/ros2_ws/install/kuka_cybertech_support/share/kuka_cybertech_support/meshes/kr16_r2010_2/visual/link_2.stl
[0.120s] -- Up-to-date: /home/omar/code/robotics_project/ros2_ws/install/kuka_cybertech_support/share/kuka_cybertech_support/meshes/kr16_r2010_2/visual/base_link.stl
[0.120s] -- Up-to-date: /home/omar/code/robotics_project/ros2_ws/install/kuka_cybertech_support/share/kuka_cybertech_support/meshes/kr16_r2010_2/visual/link_6.stl
[0.120s] -- Up-to-date: /home/omar/code/robotics_project/ros2_ws/install/kuka_cybertech_support/share/kuka_cybertech_support/meshes/kr16_r2010_2/visual/link_3.stl
[0.121s] -- Up-to-date: /home/omar/code/robotics_project/ros2_ws/install/kuka_cybertech_support/share/kuka_cybertech_support/meshes/kr16_r2010_2/visual/link_1.stl
[0.121s] -- Up-to-date: /home/omar/code/robotics_project/ros2_ws/install/kuka_cybertech_support/share/kuka_cybertech_support/meshes/kr16_r2010_2/collision
[0.121s] -- Up-to-date: /home/omar/code/robotics_project/ros2_ws/install/kuka_cybertech_support/share/kuka_cybertech_support/meshes/kr16_r2010_2/collision/link_5.stl
[0.121s] -- Up-to-date: /home/omar/code/robotics_project/ros2_ws/install/kuka_cybertech_support/share/kuka_cybertech_support/meshes/kr16_r2010_2/collision/link_4.stl
[0.121s] -- Up-to-date: /home/omar/code/robotics_project/ros2_ws/install/kuka_cybertech_support/share/kuka_cybertech_support/meshes/kr16_r2010_2/collision/link_2.stl
[0.121s] -- Up-to-date: /home/omar/code/robotics_project/ros2_ws/install/kuka_cybertech_support/share/kuka_cybertech_support/meshes/kr16_r2010_2/collision/base_link.stl
[0.121s] -- Up-to-date: /home/omar/code/robotics_project/ros2_ws/install/kuka_cybertech_support/share/kuka_cybertech_support/meshes/kr16_r2010_2/collision/link_6.stl
[0.121s] -- Up-to-date: /home/omar/code/robotics_project/ros2_ws/install/kuka_cybertech_support/share/kuka_cybertech_support/meshes/kr16_r2010_2/collision/link_3.stl
[0.121s] -- Up-to-date: /home/omar/code/robotics_project/ros2_ws/install/kuka_cybertech_support/share/kuka_cybertech_support/meshes/kr16_r2010_2/collision/link_1.stl
[0.121s] -- Up-to-date: /home/omar/code/robotics_project/ros2_ws/install/kuka_cybertech_support/share/kuka_cybertech_support/meshes/kr8_r2100_2_arc_hw
[0.121s] -- Up-to-date: /home/omar/code/robotics_project/ros2_ws/install/kuka_cybertech_support/share/kuka_cybertech_support/meshes/kr8_r2100_2_arc_hw/visual
[0.122s] -- Up-to-date: /home/omar/code/robotics_project/ros2_ws/install/kuka_cybertech_support/share/kuka_cybertech_support/meshes/kr8_r2100_2_arc_hw/visual/link_5.dae
[0.122s] -- Up-to-date: /home/omar/code/robotics_project/ros2_ws/install/kuka_cybertech_support/share/kuka_cybertech_support/meshes/kr8_r2100_2_arc_hw/visual/link_1.dae
[0.122s] -- Up-to-date: /home/omar/code/robotics_project/ros2_ws/install/kuka_cybertech_support/share/kuka_cybertech_support/meshes/kr8_r2100_2_arc_hw/visual/link_4.dae
[0.122s] -- Up-to-date: /home/omar/code/robotics_project/ros2_ws/install/kuka_cybertech_support/share/kuka_cybertech_support/meshes/kr8_r2100_2_arc_hw/visual/base_link.dae
[0.122s] -- Up-to-date: /home/omar/code/robotics_project/ros2_ws/install/kuka_cybertech_support/share/kuka_cybertech_support/meshes/kr8_r2100_2_arc_hw/visual/link_3.dae
[0.122s] -- Up-to-date: /home/omar/code/robotics_project/ros2_ws/install/kuka_cybertech_support/share/kuka_cybertech_support/meshes/kr8_r2100_2_arc_hw/visual/link_2.dae
[0.122s] -- Up-to-date: /home/omar/code/robotics_project/ros2_ws/install/kuka_cybertech_support/share/kuka_cybertech_support/meshes/kr8_r2100_2_arc_hw/visual/link_6.dae
[0.122s] -- Up-to-date: /home/omar/code/robotics_project/ros2_ws/install/kuka_cybertech_support/share/kuka_cybertech_support/meshes/kr8_r2100_2_arc_hw/collision
[0.122s] -- Up-to-date: /home/omar/code/robotics_project/ros2_ws/install/kuka_cybertech_support/share/kuka_cybertech_support/meshes/kr8_r2100_2_arc_hw/collision/link_5.stl
[0.122s] -- Up-to-date: /home/omar/code/robotics_project/ros2_ws/install/kuka_cybertech_support/share/kuka_cybertech_support/meshes/kr8_r2100_2_arc_hw/collision/link_4.stl
[0.123s] -- Up-to-date: /home/omar/code/robotics_project/ros2_ws/install/kuka_cybertech_support/share/kuka_cybertech_support/meshes/kr8_r2100_2_arc_hw/collision/link_2.stl
[0.123s] -- Up-to-date: /home/omar/code/robotics_project/ros2_ws/install/kuka_cybertech_support/share/kuka_cybertech_support/meshes/kr8_r2100_2_arc_hw/collision/base_link.stl
[0.123s] -- Up-to-date: /home/omar/code/robotics_project/ros2_ws/install/kuka_cybertech_support/share/kuka_cybertech_support/meshes/kr8_r2100_2_arc_hw/collision/link_6.stl
[0.123s] -- Up-to-date: /home/omar/code/robotics_project/ros2_ws/install/kuka_cybertech_support/share/kuka_cybertech_support/meshes/kr8_r2100_2_arc_hw/collision/link_3.stl
[0.123s] -- Up-to-date: /home/omar/code/robotics_project/ros2_ws/install/kuka_cybertech_support/share/kuka_cybertech_support/meshes/kr8_r2100_2_arc_hw/collision/link_1.stl
[0.123s] -- Up-to-date: /home/omar/code/robotics_project/ros2_ws/install/kuka_cybertech_support/share/kuka_cybertech_support/meshes/kr8_r1440_2_arc_hw
[0.123s] -- Up-to-date: /home/omar/code/robotics_project/ros2_ws/install/kuka_cybertech_support/share/kuka_cybertech_support/meshes/kr8_r1440_2_arc_hw/visual
[0.123s] -- Up-to-date: /home/omar/code/robotics_project/ros2_ws/install/kuka_cybertech_support/share/kuka_cybertech_support/meshes/kr8_r1440_2_arc_hw/visual/link_5.dae
[0.123s] -- Up-to-date: /home/omar/code/robotics_project/ros2_ws/install/kuka_cybertech_support/share/kuka_cybertech_support/meshes/kr8_r1440_2_arc_hw/visual/link_1.dae
[0.123s] -- Up-to-date: /home/omar/code/robotics_project/ros2_ws/install/kuka_cybertech_support/share/kuka_cybertech_support/meshes/kr8_r1440_2_arc_hw/visual/link_4.dae
[0.123s] -- Up-to-date: /home/omar/code/robotics_project/ros2_ws/install/kuka_cybertech_support/share/kuka_cybertech_support/meshes/kr8_r1440_2_arc_hw/visual/base_link.dae
[0.123s] -- Up-to-date: /home/omar/code/robotics_project/ros2_ws/install/kuka_cybertech_support/share/kuka_cybertech_support/meshes/kr8_r1440_2_arc_hw/visual/link_3.dae
[0.123s] -- Up-to-date: /home/omar/code/robotics_project/ros2_ws/install/kuka_cybertech_support/share/kuka_cybertech_support/meshes/kr8_r1440_2_arc_hw/visual/link_2.dae
[0.123s] -- Up-to-date: /home/omar/code/robotics_project/ros2_ws/install/kuka_cybertech_support/share/kuka_cybertech_support/meshes/kr8_r1440_2_arc_hw/visual/link_6.dae
[0.124s] -- Up-to-date: /home/omar/code/robotics_project/ros2_ws/install/kuka_cybertech_support/share/kuka_cybertech_support/meshes/kr8_r1440_2_arc_hw/collision
[0.124s] -- Up-to-date: /home/omar/code/robotics_project/ros2_ws/install/kuka_cybertech_support/share/kuka_cybertech_support/meshes/kr8_r1440_2_arc_hw/collision/link_5.stl
[0.124s] -- Up-to-date: /home/omar/code/robotics_project/ros2_ws/install/kuka_cybertech_support/share/kuka_cybertech_support/meshes/kr8_r1440_2_arc_hw/collision/link_4.stl
[0.124s] -- Up-to-date: /home/omar/code/robotics_project/ros2_ws/install/kuka_cybertech_support/share/kuka_cybertech_support/meshes/kr8_r1440_2_arc_hw/collision/link_2.stl
[0.124s] -- Up-to-date: /home/omar/code/robotics_project/ros2_ws/install/kuka_cybertech_support/share/kuka_cybertech_support/meshes/kr8_r1440_2_arc_hw/collision/base_link.stl
[0.124s] -- Up-to-date: /home/omar/code/robotics_project/ros2_ws/install/kuka_cybertech_support/share/kuka_cybertech_support/meshes/kr8_r1440_2_arc_hw/collision/link_6.stl
[0.124s] -- Up-to-date: /home/omar/code/robotics_project/ros2_ws/install/kuka_cybertech_support/share/kuka_cybertech_support/meshes/kr8_r1440_2_arc_hw/collision/link_3.stl
[0.124s] -- Up-to-date: /home/omar/code/robotics_project/ros2_ws/install/kuka_cybertech_support/share/kuka_cybertech_support/meshes/kr8_r1440_2_arc_hw/collision/link_1.stl
[0.124s] -- Up-to-date: /home/omar/code/robotics_project/ros2_ws/install/kuka_cybertech_support/share/kuka_cybertech_support/meshes/kr12_r1450_3_hw
[0.124s] -- Up-to-date: /home/omar/code/robotics_project/ros2_ws/install/kuka_cybertech_support/share/kuka_cybertech_support/meshes/kr12_r1450_3_hw/visual
[0.124s] -- Up-to-date: /home/omar/code/robotics_project/ros2_ws/install/kuka_cybertech_support/share/kuka_cybertech_support/meshes/kr12_r1450_3_hw/visual/link_5.dae
[0.125s] -- Up-to-date: /home/omar/code/robotics_project/ros2_ws/install/kuka_cybertech_support/share/kuka_cybertech_support/meshes/kr12_r1450_3_hw/visual/link_1.dae
[0.125s] -- Up-to-date: /home/omar/code/robotics_project/ros2_ws/install/kuka_cybertech_support/share/kuka_cybertech_support/meshes/kr12_r1450_3_hw/visual/link_4.dae
[0.125s] -- Up-to-date: /home/omar/code/robotics_project/ros2_ws/install/kuka_cybertech_support/share/kuka_cybertech_support/meshes/kr12_r1450_3_hw/visual/base_link.dae
[0.125s] -- Up-to-date: /home/omar/code/robotics_project/ros2_ws/install/kuka_cybertech_support/share/kuka_cybertech_support/meshes/kr12_r1450_3_hw/visual/link_3.dae
[0.125s] -- Up-to-date: /home/omar/code/robotics_project/ros2_ws/install/kuka_cybertech_support/share/kuka_cybertech_support/meshes/kr12_r1450_3_hw/visual/link_2.dae
[0.125s] -- Up-to-date: /home/omar/code/robotics_project/ros2_ws/install/kuka_cybertech_support/share/kuka_cybertech_support/meshes/kr12_r1450_3_hw/visual/link_6.dae
[0.126s] -- Up-to-date: /home/omar/code/robotics_project/ros2_ws/install/kuka_cybertech_support/share/kuka_cybertech_support/meshes/kr12_r1450_3_hw/collision
[0.129s] -- Up-to-date: /home/omar/code/robotics_project/ros2_ws/install/kuka_cybertech_support/share/kuka_cybertech_support/meshes/kr12_r1450_3_hw/collision/link_5.stl
[0.129s] -- Up-to-date: /home/omar/code/robotics_project/ros2_ws/install/kuka_cybertech_support/share/kuka_cybertech_support/meshes/kr12_r1450_3_hw/collision/link_4.stl
[0.129s] -- Up-to-date: /home/omar/code/robotics_project/ros2_ws/install/kuka_cybertech_support/share/kuka_cybertech_support/meshes/kr12_r1450_3_hw/collision/link_2.stl
[0.129s] -- Up-to-date: /home/omar/code/robotics_project/ros2_ws/install/kuka_cybertech_support/share/kuka_cybertech_support/meshes/kr12_r1450_3_hw/collision/base_link.stl
[0.129s] -- Up-to-date: /home/omar/code/robotics_project/ros2_ws/install/kuka_cybertech_support/share/kuka_cybertech_support/meshes/kr12_r1450_3_hw/collision/link_6.stl
[0.129s] -- Up-to-date: /home/omar/code/robotics_project/ros2_ws/install/kuka_cybertech_support/share/kuka_cybertech_support/meshes/kr12_r1450_3_hw/collision/link_3.stl
[0.138s] -- Up-to-date: /home/omar/code/robotics_project/ros2_ws/install/kuka_cybertech_support/share/kuka_cybertech_support/meshes/kr12_r1450_3_hw/collision/link_1.stl
[0.138s] -- Up-to-date: /home/omar/code/robotics_project/ros2_ws/install/kuka_cybertech_support/share/kuka_cybertech_support/meshes/kr16_r1610_2
[0.139s] -- Up-to-date: /home/omar/code/robotics_project/ros2_ws/install/kuka_cybertech_support/share/kuka_cybertech_support/meshes/kr16_r1610_2/visual
[0.139s] -- Up-to-date: /home/omar/code/robotics_project/ros2_ws/install/kuka_cybertech_support/share/kuka_cybertech_support/meshes/kr16_r1610_2/visual/link_5.dae
[0.139s] -- Up-to-date: /home/omar/code/robotics_project/ros2_ws/install/kuka_cybertech_support/share/kuka_cybertech_support/meshes/kr16_r1610_2/visual/link_1.dae
[0.139s] -- Up-to-date: /home/omar/code/robotics_project/ros2_ws/install/kuka_cybertech_support/share/kuka_cybertech_support/meshes/kr16_r1610_2/visual/link_4.dae
[0.139s] -- Up-to-date: /home/omar/code/robotics_project/ros2_ws/install/kuka_cybertech_support/share/kuka_cybertech_support/meshes/kr16_r1610_2/visual/base_link.dae
[0.139s] -- Up-to-date: /home/omar/code/robotics_project/ros2_ws/install/kuka_cybertech_support/share/kuka_cybertech_support/meshes/kr16_r1610_2/visual/link_3.dae
[0.139s] -- Up-to-date: /home/omar/code/robotics_project/ros2_ws/install/kuka_cybertech_support/share/kuka_cybertech_support/meshes/kr16_r1610_2/visual/link_2.dae
[0.140s] -- Up-to-date: /home/omar/code/robotics_project/ros2_ws/install/kuka_cybertech_support/share/kuka_cybertech_support/meshes/kr16_r1610_2/visual/link_6.dae
[0.140s] -- Up-to-date: /home/omar/code/robotics_project/ros2_ws/install/kuka_cybertech_support/share/kuka_cybertech_support/meshes/kr16_r1610_2/collision
[0.140s] -- Up-to-date: /home/omar/code/robotics_project/ros2_ws/install/kuka_cybertech_support/share/kuka_cybertech_support/meshes/kr16_r1610_2/collision/link_5.stl
[0.140s] -- Up-to-date: /home/omar/code/robotics_project/ros2_ws/install/kuka_cybertech_support/share/kuka_cybertech_support/meshes/kr16_r1610_2/collision/link_4.stl
[0.140s] -- Up-to-date: /home/omar/code/robotics_project/ros2_ws/install/kuka_cybertech_support/share/kuka_cybertech_support/meshes/kr16_r1610_2/collision/link_2.stl
[0.140s] -- Up-to-date: /home/omar/code/robotics_project/ros2_ws/install/kuka_cybertech_support/share/kuka_cybertech_support/meshes/kr16_r1610_2/collision/base_link.stl
[0.141s] -- Up-to-date: /home/omar/code/robotics_project/ros2_ws/install/kuka_cybertech_support/share/kuka_cybertech_support/meshes/kr16_r1610_2/collision/link_6.stl
[0.141s] -- Up-to-date: /home/omar/code/robotics_project/ros2_ws/install/kuka_cybertech_support/share/kuka_cybertech_support/meshes/kr16_r1610_2/collision/link_3.stl
[0.141s] -- Up-to-date: /home/omar/code/robotics_project/ros2_ws/install/kuka_cybertech_support/share/kuka_cybertech_support/meshes/kr16_r1610_2/collision/link_1.stl
[0.141s] -- Up-to-date: /home/omar/code/robotics_project/ros2_ws/install/kuka_cybertech_support/share/kuka_cybertech_support/urdf
[0.142s] -- Up-to-date: /home/omar/code/robotics_project/ros2_ws/install/kuka_cybertech_support/share/kuka_cybertech_support/urdf/kr12_r1450_3_hw.urdf.xacro
[0.142s] -- Up-to-date: /home/omar/code/robotics_project/ros2_ws/install/kuka_cybertech_support/share/kuka_cybertech_support/urdf/kr8_r1440_2_arc_hw.urdf.xacro
[0.142s] -- Up-to-date: /home/omar/code/robotics_project/ros2_ws/install/kuka_cybertech_support/share/kuka_cybertech_support/urdf/kr_cybertech_ros2_control_macro.xacro
[0.142s] -- Up-to-date: /home/omar/code/robotics_project/ros2_ws/install/kuka_cybertech_support/share/kuka_cybertech_support/urdf/kr16_r1610_2_macro.xacro
[0.143s] -- Up-to-date: /home/omar/code/robotics_project/ros2_ws/install/kuka_cybertech_support/share/kuka_cybertech_support/urdf/kr8_r2100_2_arc_hw_macro.xacro
[0.143s] -- Up-to-date: /home/omar/code/robotics_project/ros2_ws/install/kuka_cybertech_support/share/kuka_cybertech_support/urdf/kr20_r1810_2.urdf.xacro
[0.143s] -- Up-to-date: /home/omar/code/robotics_project/ros2_ws/install/kuka_cybertech_support/share/kuka_cybertech_support/urdf/kr20_r1810_2_macro.xacro
[0.143s] -- Up-to-date: /home/omar/code/robotics_project/ros2_ws/install/kuka_cybertech_support/share/kuka_cybertech_support/urdf/kr16_r1610_2.urdf.xacro
[0.143s] -- Up-to-date: /home/omar/code/robotics_project/ros2_ws/install/kuka_cybertech_support/share/kuka_cybertech_support/urdf/kr8_r2100_2_arc_hw.urdf.xacro
[0.145s] -- Up-to-date: /home/omar/code/robotics_project/ros2_ws/install/kuka_cybertech_support/share/kuka_cybertech_support/urdf/kr12_r1450_3_hw_macro.xacro
[0.145s] -- Up-to-date: /home/omar/code/robotics_project/ros2_ws/install/kuka_cybertech_support/share/kuka_cybertech_support/urdf/kr8_r1440_2_arc_hw_macro.xacro
[0.145s] -- Up-to-date: /home/omar/code/robotics_project/ros2_ws/install/kuka_cybertech_support/share/kuka_cybertech_support/urdf/kr16_r2010_2_macro.xacro
[0.145s] -- Up-to-date: /home/omar/code/robotics_project/ros2_ws/install/kuka_cybertech_support/share/kuka_cybertech_support/urdf/kr16_r2010_2.urdf.xacro
[0.145s] -- Up-to-date: /home/omar/code/robotics_project/ros2_ws/install/kuka_cybertech_support/share/kuka_cybertech_support/environment/kuka_cybertech_support.dsv
[0.146s] -- Up-to-date: /home/omar/code/robotics_project/ros2_ws/install/kuka_cybertech_support/share/ament_index/resource_index/package_run_dependencies/kuka_cybertech_support
[0.146s] -- Up-to-date: /home/omar/code/robotics_project/ros2_ws/install/kuka_cybertech_support/share/ament_index/resource_index/parent_prefix_path/kuka_cybertech_support
[0.147s] -- Up-to-date: /home/omar/code/robotics_project/ros2_ws/install/kuka_cybertech_support/share/kuka_cybertech_support/environment/ament_prefix_path.sh
[0.147s] -- Up-to-date: /home/omar/code/robotics_project/ros2_ws/install/kuka_cybertech_support/share/kuka_cybertech_support/environment/ament_prefix_path.dsv
[0.147s] -- Up-to-date: /home/omar/code/robotics_project/ros2_ws/install/kuka_cybertech_support/share/kuka_cybertech_support/environment/path.sh
[0.147s] -- Up-to-date: /home/omar/code/robotics_project/ros2_ws/install/kuka_cybertech_support/share/kuka_cybertech_support/environment/path.dsv
[0.147s] -- Up-to-date: /home/omar/code/robotics_project/ros2_ws/install/kuka_cybertech_support/share/kuka_cybertech_support/local_setup.bash
[0.147s] -- Up-to-date: /home/omar/code/robotics_project/ros2_ws/install/kuka_cybertech_support/share/kuka_cybertech_support/local_setup.sh
[0.148s] -- Up-to-date: /home/omar/code/robotics_project/ros2_ws/install/kuka_cybertech_support/share/kuka_cybertech_support/local_setup.zsh
[0.148s] -- Up-to-date: /home/omar/code/robotics_project/ros2_ws/install/kuka_cybertech_support/share/kuka_cybertech_support/local_setup.dsv
[0.148s] -- Installing: /home/omar/code/robotics_project/ros2_ws/install/kuka_cybertech_support/share/kuka_cybertech_support/package.dsv
[0.148s] -- Up-to-date: /home/omar/code/robotics_project/ros2_ws/install/kuka_cybertech_support/share/ament_index/resource_index/packages/kuka_cybertech_support
[0.148s] -- Up-to-date: /home/omar/code/robotics_project/ros2_ws/install/kuka_cybertech_support/share/kuka_cybertech_support/cmake/kuka_cybertech_supportConfig.cmake
[0.148s] -- Up-to-date: /home/omar/code/robotics_project/ros2_ws/install/kuka_cybertech_support/share/kuka_cybertech_support/cmake/kuka_cybertech_supportConfig-version.cmake
[0.149s] -- Up-to-date: /home/omar/code/robotics_project/ros2_ws/install/kuka_cybertech_support/share/kuka_cybertech_support/package.xml
[0.204s] Invoked command in '/home/omar/code/robotics_project/ros2_ws/build/kuka_cybertech_support' returned '0': AMENT_PREFIX_PATH=/home/omar/code/robotics_project/ros2_ws/install/kuka_resources:${AMENT_PREFIX_PATH} CMAKE_PREFIX_PATH=/home/omar/code/robotics_project/ros2_ws/install/kuka_resources:/opt/ros/jazzy/opt/gz_sim_vendor:/opt/ros/jazzy/opt/gz_sensors_vendor:/opt/ros/jazzy/opt/gz_physics_vendor:/opt/ros/jazzy/opt/sdformat_vendor:/opt/ros/jazzy/opt/gz_gui_vendor:/opt/ros/jazzy/opt/gz_transport_vendor:/opt/ros/jazzy/opt/gz_rendering_vendor:/opt/ros/jazzy/opt/gz_plugin_vendor:/opt/ros/jazzy/opt/gz_fuel_tools_vendor:/opt/ros/jazzy/opt/gz_msgs_vendor:/opt/ros/jazzy/opt/gz_common_vendor:/opt/ros/jazzy/opt/gz_math_vendor:/opt/ros/jazzy/opt/gz_utils_vendor:/opt/ros/jazzy/opt/gz_tools_vendor:/opt/ros/jazzy/opt/gz_ogre_next_vendor:/opt/ros/jazzy/opt/gz_dartsim_vendor:/opt/ros/jazzy/opt/gz_cmake_vendor:/opt/ros/jazzy /usr/bin/cmake --install /home/omar/code/robotics_project/ros2_ws/build/kuka_cybertech_support
