-- Install configuration: ""
-- Up-to-date: /home/omar/code/robotics_project/ros2_ws/install/kuka_lbr_iiwa_support/share/kuka_lbr_iiwa_support/config
-- Up-to-date: /home/omar/code/robotics_project/ros2_ws/install/kuka_lbr_iiwa_support/share/kuka_lbr_iiwa_support/config/lbr_iiwa14_r820_joint_limits.yaml
-- Up-to-date: /home/omar/code/robotics_project/ros2_ws/install/kuka_lbr_iiwa_support/share/kuka_lbr_iiwa_support/launch
-- Up-to-date: /home/omar/code/robotics_project/ros2_ws/install/kuka_lbr_iiwa_support/share/kuka_lbr_iiwa_support/launch/test_lbr_iiwa14_r820.launch.py
-- Up-to-date: /home/omar/code/robotics_project/ros2_ws/install/kuka_lbr_iiwa_support/share/kuka_lbr_iiwa_support/meshes
-- Up-to-date: /home/omar/code/robotics_project/ros2_ws/install/kuka_lbr_iiwa_support/share/kuka_lbr_iiwa_support/meshes/lbr_iiwa14_r820
-- Up-to-date: /home/omar/code/robotics_project/ros2_ws/install/kuka_lbr_iiwa_support/share/kuka_lbr_iiwa_support/meshes/lbr_iiwa14_r820/visual
-- Up-to-date: /home/omar/code/robotics_project/ros2_ws/install/kuka_lbr_iiwa_support/share/kuka_lbr_iiwa_support/meshes/lbr_iiwa14_r820/visual/link_5.stl
-- Up-to-date: /home/omar/code/robotics_project/ros2_ws/install/kuka_lbr_iiwa_support/share/kuka_lbr_iiwa_support/meshes/lbr_iiwa14_r820/visual/link_7.stl
-- Up-to-date: /home/omar/code/robotics_project/ros2_ws/install/kuka_lbr_iiwa_support/share/kuka_lbr_iiwa_support/meshes/lbr_iiwa14_r820/visual/link_4.stl
-- Up-to-date: /home/omar/code/robotics_project/ros2_ws/install/kuka_lbr_iiwa_support/share/kuka_lbr_iiwa_support/meshes/lbr_iiwa14_r820/visual/link_2.stl
-- Up-to-date: /home/omar/code/robotics_project/ros2_ws/install/kuka_lbr_iiwa_support/share/kuka_lbr_iiwa_support/meshes/lbr_iiwa14_r820/visual/base_link.stl
-- Up-to-date: /home/omar/code/robotics_project/ros2_ws/install/kuka_lbr_iiwa_support/share/kuka_lbr_iiwa_support/meshes/lbr_iiwa14_r820/visual/link_6.stl
-- Up-to-date: /home/omar/code/robotics_project/ros2_ws/install/kuka_lbr_iiwa_support/share/kuka_lbr_iiwa_support/meshes/lbr_iiwa14_r820/visual/link_3.stl
-- Up-to-date: /home/omar/code/robotics_project/ros2_ws/install/kuka_lbr_iiwa_support/share/kuka_lbr_iiwa_support/meshes/lbr_iiwa14_r820/visual/link_1.stl
-- Up-to-date: /home/omar/code/robotics_project/ros2_ws/install/kuka_lbr_iiwa_support/share/kuka_lbr_iiwa_support/meshes/lbr_iiwa14_r820/collision
-- Up-to-date: /home/omar/code/robotics_project/ros2_ws/install/kuka_lbr_iiwa_support/share/kuka_lbr_iiwa_support/meshes/lbr_iiwa14_r820/collision/link_5.stl
-- Up-to-date: /home/omar/code/robotics_project/ros2_ws/install/kuka_lbr_iiwa_support/share/kuka_lbr_iiwa_support/meshes/lbr_iiwa14_r820/collision/link_7.stl
-- Up-to-date: /home/omar/code/robotics_project/ros2_ws/install/kuka_lbr_iiwa_support/share/kuka_lbr_iiwa_support/meshes/lbr_iiwa14_r820/collision/link_4.stl
-- Up-to-date: /home/omar/code/robotics_project/ros2_ws/install/kuka_lbr_iiwa_support/share/kuka_lbr_iiwa_support/meshes/lbr_iiwa14_r820/collision/link_2.stl
-- Up-to-date: /home/omar/code/robotics_project/ros2_ws/install/kuka_lbr_iiwa_support/share/kuka_lbr_iiwa_support/meshes/lbr_iiwa14_r820/collision/base_link.stl
-- Up-to-date: /home/omar/code/robotics_project/ros2_ws/install/kuka_lbr_iiwa_support/share/kuka_lbr_iiwa_support/meshes/lbr_iiwa14_r820/collision/link_6.stl
-- Up-to-date: /home/omar/code/robotics_project/ros2_ws/install/kuka_lbr_iiwa_support/share/kuka_lbr_iiwa_support/meshes/lbr_iiwa14_r820/collision/link_3.stl
-- Up-to-date: /home/omar/code/robotics_project/ros2_ws/install/kuka_lbr_iiwa_support/share/kuka_lbr_iiwa_support/meshes/lbr_iiwa14_r820/collision/link_1.stl
-- Up-to-date: /home/omar/code/robotics_project/ros2_ws/install/kuka_lbr_iiwa_support/share/kuka_lbr_iiwa_support/urdf
-- Up-to-date: /home/omar/code/robotics_project/ros2_ws/install/kuka_lbr_iiwa_support/share/kuka_lbr_iiwa_support/urdf/lbr_iiwa14_r820.urdf.xacro
-- Up-to-date: /home/omar/code/robotics_project/ros2_ws/install/kuka_lbr_iiwa_support/share/kuka_lbr_iiwa_support/urdf/lbr_iiwa_ros2_control_macro.xacro
-- Up-to-date: /home/omar/code/robotics_project/ros2_ws/install/kuka_lbr_iiwa_support/share/kuka_lbr_iiwa_support/urdf/lbr_iiwa14_r820_macro.xacro
-- Up-to-date: /home/omar/code/robotics_project/ros2_ws/install/kuka_lbr_iiwa_support/share/kuka_lbr_iiwa_support/environment/kuka_lbr_iiwa_support.dsv
-- Up-to-date: /home/omar/code/robotics_project/ros2_ws/install/kuka_lbr_iiwa_support/share/ament_index/resource_index/package_run_dependencies/kuka_lbr_iiwa_support
-- Up-to-date: /home/omar/code/robotics_project/ros2_ws/install/kuka_lbr_iiwa_support/share/ament_index/resource_index/parent_prefix_path/kuka_lbr_iiwa_support
-- Up-to-date: /home/omar/code/robotics_project/ros2_ws/install/kuka_lbr_iiwa_support/share/kuka_lbr_iiwa_support/environment/ament_prefix_path.sh
-- Up-to-date: /home/omar/code/robotics_project/ros2_ws/install/kuka_lbr_iiwa_support/share/kuka_lbr_iiwa_support/environment/ament_prefix_path.dsv
-- Up-to-date: /home/omar/code/robotics_project/ros2_ws/install/kuka_lbr_iiwa_support/share/kuka_lbr_iiwa_support/environment/path.sh
-- Up-to-date: /home/omar/code/robotics_project/ros2_ws/install/kuka_lbr_iiwa_support/share/kuka_lbr_iiwa_support/environment/path.dsv
-- Up-to-date: /home/omar/code/robotics_project/ros2_ws/install/kuka_lbr_iiwa_support/share/kuka_lbr_iiwa_support/local_setup.bash
-- Up-to-date: /home/omar/code/robotics_project/ros2_ws/install/kuka_lbr_iiwa_support/share/kuka_lbr_iiwa_support/local_setup.sh
-- Up-to-date: /home/omar/code/robotics_project/ros2_ws/install/kuka_lbr_iiwa_support/share/kuka_lbr_iiwa_support/local_setup.zsh
-- Up-to-date: /home/omar/code/robotics_project/ros2_ws/install/kuka_lbr_iiwa_support/share/kuka_lbr_iiwa_support/local_setup.dsv
-- Installing: /home/omar/code/robotics_project/ros2_ws/install/kuka_lbr_iiwa_support/share/kuka_lbr_iiwa_support/package.dsv
-- Up-to-date: /home/omar/code/robotics_project/ros2_ws/install/kuka_lbr_iiwa_support/share/ament_index/resource_index/packages/kuka_lbr_iiwa_support
-- Up-to-date: /home/omar/code/robotics_project/ros2_ws/install/kuka_lbr_iiwa_support/share/kuka_lbr_iiwa_support/cmake/kuka_lbr_iiwa_supportConfig.cmake
-- Up-to-date: /home/omar/code/robotics_project/ros2_ws/install/kuka_lbr_iiwa_support/share/kuka_lbr_iiwa_support/cmake/kuka_lbr_iiwa_supportConfig-version.cmake
-- Up-to-date: /home/omar/code/robotics_project/ros2_ws/install/kuka_lbr_iiwa_support/share/kuka_lbr_iiwa_support/package.xml
