[0.247s] Invoking command in '/home/omar/code/robotics_project/ros2_ws/build/kuka_kl_support': CMAKE_PREFIX_PATH=${CMAKE_PREFIX_PATH}:/opt/ros/jazzy /usr/bin/cmake --build /home/omar/code/robotics_project/ros2_ws/build/kuka_kl_support -- -j8 -l8
[0.282s] Invoked command in '/home/omar/code/robotics_project/ros2_ws/build/kuka_kl_support' returned '0': CMAKE_PREFIX_PATH=${CMAKE_PREFIX_PATH}:/opt/ros/jazzy /usr/bin/cmake --build /home/omar/code/robotics_project/ros2_ws/build/kuka_kl_support -- -j8 -l8
[0.282s] Invoking command in '/home/omar/code/robotics_project/ros2_ws/build/kuka_kl_support': CMAKE_PREFIX_PATH=${CMAKE_PREFIX_PATH}:/opt/ros/jazzy /usr/bin/cmake --install /home/omar/code/robotics_project/ros2_ws/build/kuka_kl_support
[0.291s] -- Install configuration: ""
[0.291s] -- Up-to-date: /home/omar/code/robotics_project/ros2_ws/install/kuka_kl_support/share/kuka_kl_support/config
[0.291s] -- Up-to-date: /home/omar/code/robotics_project/ros2_ws/install/kuka_kl_support/share/kuka_kl_support/config/kl100_2_joint_limits.yaml
[0.291s] -- Up-to-date: /home/omar/code/robotics_project/ros2_ws/install/kuka_kl_support/share/kuka_kl_support/meshes
[0.291s] -- Up-to-date: /home/omar/code/robotics_project/ros2_ws/install/kuka_kl_support/share/kuka_kl_support/meshes/kl100_2
[0.291s] -- Up-to-date: /home/omar/code/robotics_project/ros2_ws/install/kuka_kl_support/share/kuka_kl_support/meshes/kl100_2/visual
[0.291s] -- Up-to-date: /home/omar/code/robotics_project/ros2_ws/install/kuka_kl_support/share/kuka_kl_support/meshes/kl100_2/visual/rail_base_link.dae
[0.291s] -- Up-to-date: /home/omar/code/robotics_project/ros2_ws/install/kuka_kl_support/share/kuka_kl_support/meshes/kl100_2/visual/rail_moving_link.dae
[0.291s] -- Up-to-date: /home/omar/code/robotics_project/ros2_ws/install/kuka_kl_support/share/kuka_kl_support/meshes/kl100_2/collision
[0.291s] -- Up-to-date: /home/omar/code/robotics_project/ros2_ws/install/kuka_kl_support/share/kuka_kl_support/meshes/kl100_2/collision/rail_base_link.stl
[0.291s] -- Up-to-date: /home/omar/code/robotics_project/ros2_ws/install/kuka_kl_support/share/kuka_kl_support/meshes/kl100_2/collision/rail_moving_link.stl
[0.291s] -- Up-to-date: /home/omar/code/robotics_project/ros2_ws/install/kuka_kl_support/share/kuka_kl_support/srdf
[0.291s] -- Up-to-date: /home/omar/code/robotics_project/ros2_ws/install/kuka_kl_support/share/kuka_kl_support/srdf/kl_macro.xacro
[0.292s] -- Up-to-date: /home/omar/code/robotics_project/ros2_ws/install/kuka_kl_support/share/kuka_kl_support/urdf
[0.292s] -- Up-to-date: /home/omar/code/robotics_project/ros2_ws/install/kuka_kl_support/share/kuka_kl_support/urdf/kl100_2_macro.xacro
[0.292s] -- Up-to-date: /home/omar/code/robotics_project/ros2_ws/install/kuka_kl_support/share/kuka_kl_support/urdf/kl_ros2_control_macro.xacro
[0.292s] -- Up-to-date: /home/omar/code/robotics_project/ros2_ws/install/kuka_kl_support/share/ament_index/resource_index/package_run_dependencies/kuka_kl_support
[0.292s] -- Up-to-date: /home/omar/code/robotics_project/ros2_ws/install/kuka_kl_support/share/ament_index/resource_index/parent_prefix_path/kuka_kl_support
[0.292s] -- Up-to-date: /home/omar/code/robotics_project/ros2_ws/install/kuka_kl_support/share/kuka_kl_support/environment/ament_prefix_path.sh
[0.292s] -- Up-to-date: /home/omar/code/robotics_project/ros2_ws/install/kuka_kl_support/share/kuka_kl_support/environment/ament_prefix_path.dsv
[0.292s] -- Up-to-date: /home/omar/code/robotics_project/ros2_ws/install/kuka_kl_support/share/kuka_kl_support/environment/path.sh
[0.292s] -- Up-to-date: /home/omar/code/robotics_project/ros2_ws/install/kuka_kl_support/share/kuka_kl_support/environment/path.dsv
[0.292s] -- Up-to-date: /home/omar/code/robotics_project/ros2_ws/install/kuka_kl_support/share/kuka_kl_support/local_setup.bash
[0.292s] -- Up-to-date: /home/omar/code/robotics_project/ros2_ws/install/kuka_kl_support/share/kuka_kl_support/local_setup.sh
[0.292s] -- Up-to-date: /home/omar/code/robotics_project/ros2_ws/install/kuka_kl_support/share/kuka_kl_support/local_setup.zsh
[0.292s] -- Up-to-date: /home/omar/code/robotics_project/ros2_ws/install/kuka_kl_support/share/kuka_kl_support/local_setup.dsv
[0.292s] -- Installing: /home/omar/code/robotics_project/ros2_ws/install/kuka_kl_support/share/kuka_kl_support/package.dsv
[0.292s] -- Up-to-date: /home/omar/code/robotics_project/ros2_ws/install/kuka_kl_support/share/ament_index/resource_index/packages/kuka_kl_support
[0.292s] -- Up-to-date: /home/omar/code/robotics_project/ros2_ws/install/kuka_kl_support/share/kuka_kl_support/cmake/kuka_kl_supportConfig.cmake
[0.293s] -- Up-to-date: /home/omar/code/robotics_project/ros2_ws/install/kuka_kl_support/share/kuka_kl_support/cmake/kuka_kl_supportConfig-version.cmake
[0.293s] -- Up-to-date: /home/omar/code/robotics_project/ros2_ws/install/kuka_kl_support/share/kuka_kl_support/package.xml
[0.303s] Invoked command in '/home/omar/code/robotics_project/ros2_ws/build/kuka_kl_support' returned '0': CMAKE_PREFIX_PATH=${CMAKE_PREFIX_PATH}:/opt/ros/jazzy /usr/bin/cmake --install /home/omar/code/robotics_project/ros2_ws/build/kuka_kl_support
