-- Install configuration: ""
-- Up-to-date: /home/omar/code/robotics_project/ros2_ws/install/kuka_kl_support/share/kuka_kl_support/config
-- Up-to-date: /home/omar/code/robotics_project/ros2_ws/install/kuka_kl_support/share/kuka_kl_support/config/kl100_2_joint_limits.yaml
-- Up-to-date: /home/omar/code/robotics_project/ros2_ws/install/kuka_kl_support/share/kuka_kl_support/meshes
-- Up-to-date: /home/omar/code/robotics_project/ros2_ws/install/kuka_kl_support/share/kuka_kl_support/meshes/kl100_2
-- Up-to-date: /home/omar/code/robotics_project/ros2_ws/install/kuka_kl_support/share/kuka_kl_support/meshes/kl100_2/visual
-- Up-to-date: /home/omar/code/robotics_project/ros2_ws/install/kuka_kl_support/share/kuka_kl_support/meshes/kl100_2/visual/rail_base_link.dae
-- Up-to-date: /home/omar/code/robotics_project/ros2_ws/install/kuka_kl_support/share/kuka_kl_support/meshes/kl100_2/visual/rail_moving_link.dae
-- Up-to-date: /home/omar/code/robotics_project/ros2_ws/install/kuka_kl_support/share/kuka_kl_support/meshes/kl100_2/collision
-- Up-to-date: /home/omar/code/robotics_project/ros2_ws/install/kuka_kl_support/share/kuka_kl_support/meshes/kl100_2/collision/rail_base_link.stl
-- Up-to-date: /home/omar/code/robotics_project/ros2_ws/install/kuka_kl_support/share/kuka_kl_support/meshes/kl100_2/collision/rail_moving_link.stl
-- Up-to-date: /home/omar/code/robotics_project/ros2_ws/install/kuka_kl_support/share/kuka_kl_support/srdf
-- Up-to-date: /home/omar/code/robotics_project/ros2_ws/install/kuka_kl_support/share/kuka_kl_support/srdf/kl_macro.xacro
-- Up-to-date: /home/omar/code/robotics_project/ros2_ws/install/kuka_kl_support/share/kuka_kl_support/urdf
-- Up-to-date: /home/omar/code/robotics_project/ros2_ws/install/kuka_kl_support/share/kuka_kl_support/urdf/kl100_2_macro.xacro
-- Up-to-date: /home/omar/code/robotics_project/ros2_ws/install/kuka_kl_support/share/kuka_kl_support/urdf/kl_ros2_control_macro.xacro
-- Up-to-date: /home/omar/code/robotics_project/ros2_ws/install/kuka_kl_support/share/ament_index/resource_index/package_run_dependencies/kuka_kl_support
-- Up-to-date: /home/omar/code/robotics_project/ros2_ws/install/kuka_kl_support/share/ament_index/resource_index/parent_prefix_path/kuka_kl_support
-- Up-to-date: /home/omar/code/robotics_project/ros2_ws/install/kuka_kl_support/share/kuka_kl_support/environment/ament_prefix_path.sh
-- Up-to-date: /home/omar/code/robotics_project/ros2_ws/install/kuka_kl_support/share/kuka_kl_support/environment/ament_prefix_path.dsv
-- Up-to-date: /home/omar/code/robotics_project/ros2_ws/install/kuka_kl_support/share/kuka_kl_support/environment/path.sh
-- Up-to-date: /home/omar/code/robotics_project/ros2_ws/install/kuka_kl_support/share/kuka_kl_support/environment/path.dsv
-- Up-to-date: /home/omar/code/robotics_project/ros2_ws/install/kuka_kl_support/share/kuka_kl_support/local_setup.bash
-- Up-to-date: /home/omar/code/robotics_project/ros2_ws/install/kuka_kl_support/share/kuka_kl_support/local_setup.sh
-- Up-to-date: /home/omar/code/robotics_project/ros2_ws/install/kuka_kl_support/share/kuka_kl_support/local_setup.zsh
-- Up-to-date: /home/omar/code/robotics_project/ros2_ws/install/kuka_kl_support/share/kuka_kl_support/local_setup.dsv
-- Installing: /home/omar/code/robotics_project/ros2_ws/install/kuka_kl_support/share/kuka_kl_support/package.dsv
-- Up-to-date: /home/omar/code/robotics_project/ros2_ws/install/kuka_kl_support/share/ament_index/resource_index/packages/kuka_kl_support
-- Up-to-date: /home/omar/code/robotics_project/ros2_ws/install/kuka_kl_support/share/kuka_kl_support/cmake/kuka_kl_supportConfig.cmake
-- Up-to-date: /home/omar/code/robotics_project/ros2_ws/install/kuka_kl_support/share/kuka_kl_support/cmake/kuka_kl_supportConfig-version.cmake
-- Up-to-date: /home/omar/code/robotics_project/ros2_ws/install/kuka_kl_support/share/kuka_kl_support/package.xml
