[0.143s] Invoking command in '/home/omar/code/robotics_project/ros2_ws/build/kuka_fortec_support': CMAKE_PREFIX_PATH=/home/omar/code/robotics_project/ros2_ws/install/kuka_resources:/home/omar/code/robotics_project/ros2_ws/install/kuka_robot_descriptions:/home/omar/code/robotics_project/ros2_ws/install/kuka_quantec_support:/home/omar/code/robotics_project/ros2_ws/install/kuka_lbr_iiwa_support:/home/omar/code/robotics_project/ros2_ws/install/kuka_lbr_iiwa_moveit_config:/home/omar/code/robotics_project/ros2_ws/install/kuka_lbr_iisy_support:/home/omar/code/robotics_project/ros2_ws/install/kuka_lbr_iisy_moveit_config:/home/omar/code/robotics_project/ros2_ws/install/kuka_kr_moveit_config:/home/omar/code/robotics_project/ros2_ws/install/kuka_iontec_support:/home/omar/code/robotics_project/ros2_ws/install/kuka_fortec_support:/home/omar/code/robotics_project/ros2_ws/install/kuka_cybertech_support:/home/omar/code/robotics_project/ros2_ws/install/kuka_agilus_support:/home/omar/code/robotics_project/ros2_ws/install/kuka_mock_hardware_interface:/home/omar/code/robotics_project/ros2_ws/install/kuka_kl_support:/home/omar/code/robotics_project/ros2_ws/install/kuka_gazebo:/opt/ros/jazzy/opt/gz_sim_vendor:/opt/ros/jazzy/opt/gz_sensors_vendor:/opt/ros/jazzy/opt/gz_physics_vendor:/opt/ros/jazzy/opt/sdformat_vendor:/opt/ros/jazzy/opt/gz_gui_vendor:/opt/ros/jazzy/opt/gz_transport_vendor:/opt/ros/jazzy/opt/gz_rendering_vendor:/opt/ros/jazzy/opt/gz_plugin_vendor:/opt/ros/jazzy/opt/gz_fuel_tools_vendor:/opt/ros/jazzy/opt/gz_msgs_vendor:/opt/ros/jazzy/opt/gz_common_vendor:/opt/ros/jazzy/opt/gz_math_vendor:/opt/ros/jazzy/opt/gz_utils_vendor:/opt/ros/jazzy/opt/gz_tools_vendor:/opt/ros/jazzy/opt/gz_ogre_next_vendor:/opt/ros/jazzy/opt/gz_dartsim_vendor:/opt/ros/jazzy/opt/gz_cmake_vendor:/home/omar/code/robotics_project/ros2_ws/install/thesis_bringup:/home/omar/code/robotics_project/ros2_ws/install/safety_layer:/home/omar/code/robotics_project/ros2_ws/install/robot_simulation:/home/omar/code/robotics_project/ros2_ws/install/robot_description:/home/omar/code/robotics_project/ros2_ws/install/perception_pipeline:/home/omar/code/robotics_project/ros2_ws/install/peg_in_hole_metrics:/home/omar/code/robotics_project/ros2_ws/install/peg_in_hole_description:/home/omar/code/robotics_project/ros2_ws/install/learning_interface:/home/omar/code/robotics_project/ros2_ws/install/kuka_task_control:/home/omar/code/robotics_project/ros2_ws/install/kuka_description:/home/omar/code/robotics_project/ros2_ws/install/first_robot_demo:/home/omar/code/robotics_project/ros2_ws/install/experiment_manager:/opt/ros/jazzy /usr/bin/cmake --build /home/omar/code/robotics_project/ros2_ws/build/kuka_fortec_support -- -j8 -l8
[0.250s] Invoked command in '/home/omar/code/robotics_project/ros2_ws/build/kuka_fortec_support' returned '0': CMAKE_PREFIX_PATH=/home/omar/code/robotics_project/ros2_ws/install/kuka_resources:/home/omar/code/robotics_project/ros2_ws/install/kuka_robot_descriptions:/home/omar/code/robotics_project/ros2_ws/install/kuka_quantec_support:/home/omar/code/robotics_project/ros2_ws/install/kuka_lbr_iiwa_support:/home/omar/code/robotics_project/ros2_ws/install/kuka_lbr_iiwa_moveit_config:/home/omar/code/robotics_project/ros2_ws/install/kuka_lbr_iisy_support:/home/omar/code/robotics_project/ros2_ws/install/kuka_lbr_iisy_moveit_config:/home/omar/code/robotics_project/ros2_ws/install/kuka_kr_moveit_config:/home/omar/code/robotics_project/ros2_ws/install/kuka_iontec_support:/home/omar/code/robotics_project/ros2_ws/install/kuka_fortec_support:/home/omar/code/robotics_project/ros2_ws/install/kuka_cybertech_support:/home/omar/code/robotics_project/ros2_ws/install/kuka_agilus_support:/home/omar/code/robotics_project/ros2_ws/install/kuka_mock_hardware_interface:/home/omar/code/robotics_project/ros2_ws/install/kuka_kl_support:/home/omar/code/robotics_project/ros2_ws/install/kuka_gazebo:/opt/ros/jazzy/opt/gz_sim_vendor:/opt/ros/jazzy/opt/gz_sensors_vendor:/opt/ros/jazzy/opt/gz_physics_vendor:/opt/ros/jazzy/opt/sdformat_vendor:/opt/ros/jazzy/opt/gz_gui_vendor:/opt/ros/jazzy/opt/gz_transport_vendor:/opt/ros/jazzy/opt/gz_rendering_vendor:/opt/ros/jazzy/opt/gz_plugin_vendor:/opt/ros/jazzy/opt/gz_fuel_tools_vendor:/opt/ros/jazzy/opt/gz_msgs_vendor:/opt/ros/jazzy/opt/gz_common_vendor:/opt/ros/jazzy/opt/gz_math_vendor:/opt/ros/jazzy/opt/gz_utils_vendor:/opt/ros/jazzy/opt/gz_tools_vendor:/opt/ros/jazzy/opt/gz_ogre_next_vendor:/opt/ros/jazzy/opt/gz_dartsim_vendor:/opt/ros/jazzy/opt/gz_cmake_vendor:/home/omar/code/robotics_project/ros2_ws/install/thesis_bringup:/home/omar/code/robotics_project/ros2_ws/install/safety_layer:/home/omar/code/robotics_project/ros2_ws/install/robot_simulation:/home/omar/code/robotics_project/ros2_ws/install/robot_description:/home/omar/code/robotics_project/ros2_ws/install/perception_pipeline:/home/omar/code/robotics_project/ros2_ws/install/peg_in_hole_metrics:/home/omar/code/robotics_project/ros2_ws/install/peg_in_hole_description:/home/omar/code/robotics_project/ros2_ws/install/learning_interface:/home/omar/code/robotics_project/ros2_ws/install/kuka_task_control:/home/omar/code/robotics_project/ros2_ws/install/kuka_description:/home/omar/code/robotics_project/ros2_ws/install/first_robot_demo:/home/omar/code/robotics_project/ros2_ws/install/experiment_manager:/opt/ros/jazzy /usr/bin/cmake --build /home/omar/code/robotics_project/ros2_ws/build/kuka_fortec_support -- -j8 -l8
[0.253s] Invoking command in '/home/omar/code/robotics_project/ros2_ws/build/kuka_fortec_support': CMAKE_PREFIX_PATH=/home/omar/code/robotics_project/ros2_ws/install/kuka_resources:/home/omar/code/robotics_project/ros2_ws/install/kuka_robot_descriptions:/home/omar/code/robotics_project/ros2_ws/install/kuka_quantec_support:/home/omar/code/robotics_project/ros2_ws/install/kuka_lbr_iiwa_support:/home/omar/code/robotics_project/ros2_ws/install/kuka_lbr_iiwa_moveit_config:/home/omar/code/robotics_project/ros2_ws/install/kuka_lbr_iisy_support:/home/omar/code/robotics_project/ros2_ws/install/kuka_lbr_iisy_moveit_config:/home/omar/code/robotics_project/ros2_ws/install/kuka_kr_moveit_config:/home/omar/code/robotics_project/ros2_ws/install/kuka_iontec_support:/home/omar/code/robotics_project/ros2_ws/install/kuka_fortec_support:/home/omar/code/robotics_project/ros2_ws/install/kuka_cybertech_support:/home/omar/code/robotics_project/ros2_ws/install/kuka_agilus_support:/home/omar/code/robotics_project/ros2_ws/install/kuka_mock_hardware_interface:/home/omar/code/robotics_project/ros2_ws/install/kuka_kl_support:/home/omar/code/robotics_project/ros2_ws/install/kuka_gazebo:/opt/ros/jazzy/opt/gz_sim_vendor:/opt/ros/jazzy/opt/gz_sensors_vendor:/opt/ros/jazzy/opt/gz_physics_vendor:/opt/ros/jazzy/opt/sdformat_vendor:/opt/ros/jazzy/opt/gz_gui_vendor:/opt/ros/jazzy/opt/gz_transport_vendor:/opt/ros/jazzy/opt/gz_rendering_vendor:/opt/ros/jazzy/opt/gz_plugin_vendor:/opt/ros/jazzy/opt/gz_fuel_tools_vendor:/opt/ros/jazzy/opt/gz_msgs_vendor:/opt/ros/jazzy/opt/gz_common_vendor:/opt/ros/jazzy/opt/gz_math_vendor:/opt/ros/jazzy/opt/gz_utils_vendor:/opt/ros/jazzy/opt/gz_tools_vendor:/opt/ros/jazzy/opt/gz_ogre_next_vendor:/opt/ros/jazzy/opt/gz_dartsim_vendor:/opt/ros/jazzy/opt/gz_cmake_vendor:/home/omar/code/robotics_project/ros2_ws/install/thesis_bringup:/home/omar/code/robotics_project/ros2_ws/install/safety_layer:/home/omar/code/robotics_project/ros2_ws/install/robot_simulation:/home/omar/code/robotics_project/ros2_ws/install/robot_description:/home/omar/code/robotics_project/ros2_ws/install/perception_pipeline:/home/omar/code/robotics_project/ros2_ws/install/peg_in_hole_metrics:/home/omar/code/robotics_project/ros2_ws/install/peg_in_hole_description:/home/omar/code/robotics_project/ros2_ws/install/learning_interface:/home/omar/code/robotics_project/ros2_ws/install/kuka_task_control:/home/omar/code/robotics_project/ros2_ws/install/kuka_description:/home/omar/code/robotics_project/ros2_ws/install/first_robot_demo:/home/omar/code/robotics_project/ros2_ws/install/experiment_manager:/opt/ros/jazzy /usr/bin/cmake --install /home/omar/code/robotics_project/ros2_ws/build/kuka_fortec_support
[0.285s] -- Install configuration: ""
[0.285s] -- Up-to-date: /home/omar/code/robotics_project/ros2_ws/install/kuka_fortec_support/share/kuka_fortec_support/config
[0.286s] -- Up-to-date: /home/omar/code/robotics_project/ros2_ws/install/kuka_fortec_support/share/kuka_fortec_support/config/kr500_r2800_2_joint_limits.yaml
[0.286s] -- Up-to-date: /home/omar/code/robotics_project/ros2_ws/install/kuka_fortec_support/share/kuka_fortec_support/config/kr360_r2830_joint_limits.yaml
[0.286s] -- Up-to-date: /home/omar/code/robotics_project/ros2_ws/install/kuka_fortec_support/share/kuka_fortec_support/config/kr300_r2800_2_mt_joint_limits.yaml
[0.286s] -- Up-to-date: /home/omar/code/robotics_project/ros2_ws/install/kuka_fortec_support/share/kuka_fortec_support/config/kr240_r3330_joint_limits.yaml
[0.286s] -- Up-to-date: /home/omar/code/robotics_project/ros2_ws/install/kuka_fortec_support/share/kuka_fortec_support/config/kr560_r3100_2_joint_limits.yaml
[0.286s] -- Up-to-date: /home/omar/code/robotics_project/ros2_ws/install/kuka_fortec_support/share/kuka_fortec_support/config/kr800_r2800_2_joint_limits.yaml
[0.286s] -- Up-to-date: /home/omar/code/robotics_project/ros2_ws/install/kuka_fortec_support/share/kuka_fortec_support/launch
[0.286s] -- Up-to-date: /home/omar/code/robotics_project/ros2_ws/install/kuka_fortec_support/share/kuka_fortec_support/launch/test_kr300_r2800_2_mt.launch.py
[0.286s] -- Up-to-date: /home/omar/code/robotics_project/ros2_ws/install/kuka_fortec_support/share/kuka_fortec_support/launch/test_kr360_r2830.launch.py
[0.286s] -- Up-to-date: /home/omar/code/robotics_project/ros2_ws/install/kuka_fortec_support/share/kuka_fortec_support/launch/test_kr240r3330.launch.py
[0.286s] -- Up-to-date: /home/omar/code/robotics_project/ros2_ws/install/kuka_fortec_support/share/kuka_fortec_support/launch/test_kr500_r2800_2.launch.py
[0.286s] -- Up-to-date: /home/omar/code/robotics_project/ros2_ws/install/kuka_fortec_support/share/kuka_fortec_support/launch/test_kr560_r3100_2.launch.py
[0.287s] -- Up-to-date: /home/omar/code/robotics_project/ros2_ws/install/kuka_fortec_support/share/kuka_fortec_support/launch/test_kr800_r2800_2.launch.py
[0.287s] -- Up-to-date: /home/omar/code/robotics_project/ros2_ws/install/kuka_fortec_support/share/kuka_fortec_support/meshes
[0.287s] -- Up-to-date: /home/omar/code/robotics_project/ros2_ws/install/kuka_fortec_support/share/kuka_fortec_support/meshes/kr300_r2800_2_mt
[0.287s] -- Up-to-date: /home/omar/code/robotics_project/ros2_ws/install/kuka_fortec_support/share/kuka_fortec_support/meshes/kr300_r2800_2_mt/visual
[0.290s] -- Up-to-date: /home/omar/code/robotics_project/ros2_ws/install/kuka_fortec_support/share/kuka_fortec_support/meshes/kr300_r2800_2_mt/visual/link_5.dae
[0.298s] -- Up-to-date: /home/omar/code/robotics_project/ros2_ws/install/kuka_fortec_support/share/kuka_fortec_support/meshes/kr300_r2800_2_mt/visual/link_1.dae
[0.298s] -- Up-to-date: /home/omar/code/robotics_project/ros2_ws/install/kuka_fortec_support/share/kuka_fortec_support/meshes/kr300_r2800_2_mt/visual/link_4.dae
[0.298s] -- Up-to-date: /home/omar/code/robotics_project/ros2_ws/install/kuka_fortec_support/share/kuka_fortec_support/meshes/kr300_r2800_2_mt/visual/base_link.dae
[0.298s] -- Up-to-date: /home/omar/code/robotics_project/ros2_ws/install/kuka_fortec_support/share/kuka_fortec_support/meshes/kr300_r2800_2_mt/visual/link_3.dae
[0.298s] -- Up-to-date: /home/omar/code/robotics_project/ros2_ws/install/kuka_fortec_support/share/kuka_fortec_support/meshes/kr300_r2800_2_mt/visual/link_2.dae
[0.299s] -- Up-to-date: /home/omar/code/robotics_project/ros2_ws/install/kuka_fortec_support/share/kuka_fortec_support/meshes/kr300_r2800_2_mt/visual/link_6.dae
[0.299s] -- Up-to-date: /home/omar/code/robotics_project/ros2_ws/install/kuka_fortec_support/share/kuka_fortec_support/meshes/kr300_r2800_2_mt/collision
[0.299s] -- Up-to-date: /home/omar/code/robotics_project/ros2_ws/install/kuka_fortec_support/share/kuka_fortec_support/meshes/kr300_r2800_2_mt/collision/link_5.stl
[0.299s] -- Up-to-date: /home/omar/code/robotics_project/ros2_ws/install/kuka_fortec_support/share/kuka_fortec_support/meshes/kr300_r2800_2_mt/collision/link_4.stl
[0.299s] -- Up-to-date: /home/omar/code/robotics_project/ros2_ws/install/kuka_fortec_support/share/kuka_fortec_support/meshes/kr300_r2800_2_mt/collision/link_2.stl
[0.299s] -- Up-to-date: /home/omar/code/robotics_project/ros2_ws/install/kuka_fortec_support/share/kuka_fortec_support/meshes/kr300_r2800_2_mt/collision/base_link.stl
[0.299s] -- Up-to-date: /home/omar/code/robotics_project/ros2_ws/install/kuka_fortec_support/share/kuka_fortec_support/meshes/kr300_r2800_2_mt/collision/link_6.stl
[0.299s] -- Up-to-date: /home/omar/code/robotics_project/ros2_ws/install/kuka_fortec_support/share/kuka_fortec_support/meshes/kr300_r2800_2_mt/collision/link_3.stl
[0.299s] -- Up-to-date: /home/omar/code/robotics_project/ros2_ws/install/kuka_fortec_support/share/kuka_fortec_support/meshes/kr300_r2800_2_mt/collision/link_1.stl
[0.299s] -- Up-to-date: /home/omar/code/robotics_project/ros2_ws/install/kuka_fortec_support/share/kuka_fortec_support/meshes/kr360_r2830
[0.299s] -- Up-to-date: /home/omar/code/robotics_project/ros2_ws/install/kuka_fortec_support/share/kuka_fortec_support/meshes/kr360_r2830/visual
[0.299s] -- Up-to-date: /home/omar/code/robotics_project/ros2_ws/install/kuka_fortec_support/share/kuka_fortec_support/meshes/kr360_r2830/visual/link_5.dae
[0.299s] -- Up-to-date: /home/omar/code/robotics_project/ros2_ws/install/kuka_fortec_support/share/kuka_fortec_support/meshes/kr360_r2830/visual/link_1.dae
[0.299s] -- Up-to-date: /home/omar/code/robotics_project/ros2_ws/install/kuka_fortec_support/share/kuka_fortec_support/meshes/kr360_r2830/visual/link_4.dae
[0.299s] -- Up-to-date: /home/omar/code/robotics_project/ros2_ws/install/kuka_fortec_support/share/kuka_fortec_support/meshes/kr360_r2830/visual/base_link.dae
[0.300s] -- Up-to-date: /home/omar/code/robotics_project/ros2_ws/install/kuka_fortec_support/share/kuka_fortec_support/meshes/kr360_r2830/visual/link_3.dae
[0.300s] -- Up-to-date: /home/omar/code/robotics_project/ros2_ws/install/kuka_fortec_support/share/kuka_fortec_support/meshes/kr360_r2830/visual/link_2.dae
[0.300s] -- Up-to-date: /home/omar/code/robotics_project/ros2_ws/install/kuka_fortec_support/share/kuka_fortec_support/meshes/kr360_r2830/visual/link_6.dae
[0.300s] -- Up-to-date: /home/omar/code/robotics_project/ros2_ws/install/kuka_fortec_support/share/kuka_fortec_support/meshes/kr360_r2830/collision
[0.300s] -- Up-to-date: /home/omar/code/robotics_project/ros2_ws/install/kuka_fortec_support/share/kuka_fortec_support/meshes/kr360_r2830/collision/link_5.stl
[0.300s] -- Up-to-date: /home/omar/code/robotics_project/ros2_ws/install/kuka_fortec_support/share/kuka_fortec_support/meshes/kr360_r2830/collision/link_4.stl
[0.300s] -- Up-to-date: /home/omar/code/robotics_project/ros2_ws/install/kuka_fortec_support/share/kuka_fortec_support/meshes/kr360_r2830/collision/link_2.stl
[0.300s] -- Up-to-date: /home/omar/code/robotics_project/ros2_ws/install/kuka_fortec_support/share/kuka_fortec_support/meshes/kr360_r2830/collision/base_link.stl
[0.300s] -- Up-to-date: /home/omar/code/robotics_project/ros2_ws/install/kuka_fortec_support/share/kuka_fortec_support/meshes/kr360_r2830/collision/link_6.stl
[0.300s] -- Up-to-date: /home/omar/code/robotics_project/ros2_ws/install/kuka_fortec_support/share/kuka_fortec_support/meshes/kr360_r2830/collision/link_3.stl
[0.300s] -- Up-to-date: /home/omar/code/robotics_project/ros2_ws/install/kuka_fortec_support/share/kuka_fortec_support/meshes/kr360_r2830/collision/link_1.stl
[0.300s] -- Up-to-date: /home/omar/code/robotics_project/ros2_ws/install/kuka_fortec_support/share/kuka_fortec_support/meshes/kr560_r3100_2
[0.300s] -- Up-to-date: /home/omar/code/robotics_project/ros2_ws/install/kuka_fortec_support/share/kuka_fortec_support/meshes/kr560_r3100_2/visual
[0.301s] -- Up-to-date: /home/omar/code/robotics_project/ros2_ws/install/kuka_fortec_support/share/kuka_fortec_support/meshes/kr560_r3100_2/visual/link_5.dae
[0.301s] -- Up-to-date: /home/omar/code/robotics_project/ros2_ws/install/kuka_fortec_support/share/kuka_fortec_support/meshes/kr560_r3100_2/visual/link_1.dae
[0.301s] -- Up-to-date: /home/omar/code/robotics_project/ros2_ws/install/kuka_fortec_support/share/kuka_fortec_support/meshes/kr560_r3100_2/visual/link_4.dae
[0.301s] -- Up-to-date: /home/omar/code/robotics_project/ros2_ws/install/kuka_fortec_support/share/kuka_fortec_support/meshes/kr560_r3100_2/visual/base_link.dae
[0.301s] -- Up-to-date: /home/omar/code/robotics_project/ros2_ws/install/kuka_fortec_support/share/kuka_fortec_support/meshes/kr560_r3100_2/visual/link_3.dae
[0.301s] -- Up-to-date: /home/omar/code/robotics_project/ros2_ws/install/kuka_fortec_support/share/kuka_fortec_support/meshes/kr560_r3100_2/visual/link_2.dae
[0.301s] -- Up-to-date: /home/omar/code/robotics_project/ros2_ws/install/kuka_fortec_support/share/kuka_fortec_support/meshes/kr560_r3100_2/visual/link_6.dae
[0.301s] -- Up-to-date: /home/omar/code/robotics_project/ros2_ws/install/kuka_fortec_support/share/kuka_fortec_support/meshes/kr560_r3100_2/collision
[0.301s] -- Up-to-date: /home/omar/code/robotics_project/ros2_ws/install/kuka_fortec_support/share/kuka_fortec_support/meshes/kr560_r3100_2/collision/link_5.stl
[0.301s] -- Up-to-date: /home/omar/code/robotics_project/ros2_ws/install/kuka_fortec_support/share/kuka_fortec_support/meshes/kr560_r3100_2/collision/link_4.stl
[0.301s] -- Up-to-date: /home/omar/code/robotics_project/ros2_ws/install/kuka_fortec_support/share/kuka_fortec_support/meshes/kr560_r3100_2/collision/link_2.stl
[0.301s] -- Up-to-date: /home/omar/code/robotics_project/ros2_ws/install/kuka_fortec_support/share/kuka_fortec_support/meshes/kr560_r3100_2/collision/base_link.stl
[0.301s] -- Up-to-date: /home/omar/code/robotics_project/ros2_ws/install/kuka_fortec_support/share/kuka_fortec_support/meshes/kr560_r3100_2/collision/link_6.stl
[0.301s] -- Up-to-date: /home/omar/code/robotics_project/ros2_ws/install/kuka_fortec_support/share/kuka_fortec_support/meshes/kr560_r3100_2/collision/link_3.stl
[0.302s] -- Up-to-date: /home/omar/code/robotics_project/ros2_ws/install/kuka_fortec_support/share/kuka_fortec_support/meshes/kr560_r3100_2/collision/link_1.stl
[0.302s] -- Up-to-date: /home/omar/code/robotics_project/ros2_ws/install/kuka_fortec_support/share/kuka_fortec_support/meshes/kr500_r2800_2
[0.302s] -- Up-to-date: /home/omar/code/robotics_project/ros2_ws/install/kuka_fortec_support/share/kuka_fortec_support/meshes/kr500_r2800_2/visual
[0.302s] -- Up-to-date: /home/omar/code/robotics_project/ros2_ws/install/kuka_fortec_support/share/kuka_fortec_support/meshes/kr500_r2800_2/visual/link_5.dae
[0.302s] -- Up-to-date: /home/omar/code/robotics_project/ros2_ws/install/kuka_fortec_support/share/kuka_fortec_support/meshes/kr500_r2800_2/visual/link_1.dae
[0.302s] -- Up-to-date: /home/omar/code/robotics_project/ros2_ws/install/kuka_fortec_support/share/kuka_fortec_support/meshes/kr500_r2800_2/visual/link_4.dae
[0.302s] -- Up-to-date: /home/omar/code/robotics_project/ros2_ws/install/kuka_fortec_support/share/kuka_fortec_support/meshes/kr500_r2800_2/visual/base_link.dae
[0.302s] -- Up-to-date: /home/omar/code/robotics_project/ros2_ws/install/kuka_fortec_support/share/kuka_fortec_support/meshes/kr500_r2800_2/visual/link_3.dae
[0.302s] -- Up-to-date: /home/omar/code/robotics_project/ros2_ws/install/kuka_fortec_support/share/kuka_fortec_support/meshes/kr500_r2800_2/visual/link_2.dae
[0.302s] -- Up-to-date: /home/omar/code/robotics_project/ros2_ws/install/kuka_fortec_support/share/kuka_fortec_support/meshes/kr500_r2800_2/visual/link_6.dae
[0.302s] -- Up-to-date: /home/omar/code/robotics_project/ros2_ws/install/kuka_fortec_support/share/kuka_fortec_support/meshes/kr500_r2800_2/collision
[0.302s] -- Up-to-date: /home/omar/code/robotics_project/ros2_ws/install/kuka_fortec_support/share/kuka_fortec_support/meshes/kr500_r2800_2/collision/link_5.stl
[0.302s] -- Up-to-date: /home/omar/code/robotics_project/ros2_ws/install/kuka_fortec_support/share/kuka_fortec_support/meshes/kr500_r2800_2/collision/link_4.stl
[0.302s] -- Up-to-date: /home/omar/code/robotics_project/ros2_ws/install/kuka_fortec_support/share/kuka_fortec_support/meshes/kr500_r2800_2/collision/link_2.stl
[0.303s] -- Up-to-date: /home/omar/code/robotics_project/ros2_ws/install/kuka_fortec_support/share/kuka_fortec_support/meshes/kr500_r2800_2/collision/base_link.stl
[0.303s] -- Up-to-date: /home/omar/code/robotics_project/ros2_ws/install/kuka_fortec_support/share/kuka_fortec_support/meshes/kr500_r2800_2/collision/link_6.stl
[0.303s] -- Up-to-date: /home/omar/code/robotics_project/ros2_ws/install/kuka_fortec_support/share/kuka_fortec_support/meshes/kr500_r2800_2/collision/link_3.stl
[0.303s] -- Up-to-date: /home/omar/code/robotics_project/ros2_ws/install/kuka_fortec_support/share/kuka_fortec_support/meshes/kr500_r2800_2/collision/link_1.stl
[0.303s] -- Up-to-date: /home/omar/code/robotics_project/ros2_ws/install/kuka_fortec_support/share/kuka_fortec_support/meshes/kr240_r3330
[0.303s] -- Up-to-date: /home/omar/code/robotics_project/ros2_ws/install/kuka_fortec_support/share/kuka_fortec_support/meshes/kr240_r3330/visual
[0.303s] -- Up-to-date: /home/omar/code/robotics_project/ros2_ws/install/kuka_fortec_support/share/kuka_fortec_support/meshes/kr240_r3330/visual/link_5.dae
[0.303s] -- Up-to-date: /home/omar/code/robotics_project/ros2_ws/install/kuka_fortec_support/share/kuka_fortec_support/meshes/kr240_r3330/visual/link_1.dae
[0.303s] -- Up-to-date: /home/omar/code/robotics_project/ros2_ws/install/kuka_fortec_support/share/kuka_fortec_support/meshes/kr240_r3330/visual/link_4.dae
[0.303s] -- Up-to-date: /home/omar/code/robotics_project/ros2_ws/install/kuka_fortec_support/share/kuka_fortec_support/meshes/kr240_r3330/visual/base_link.dae
[0.303s] -- Up-to-date: /home/omar/code/robotics_project/ros2_ws/install/kuka_fortec_support/share/kuka_fortec_support/meshes/kr240_r3330/visual/link_3.dae
[0.303s] -- Up-to-date: /home/omar/code/robotics_project/ros2_ws/install/kuka_fortec_support/share/kuka_fortec_support/meshes/kr240_r3330/visual/link_2.dae
[0.303s] -- Up-to-date: /home/omar/code/robotics_project/ros2_ws/install/kuka_fortec_support/share/kuka_fortec_support/meshes/kr240_r3330/visual/link_6.dae
[0.303s] -- Up-to-date: /home/omar/code/robotics_project/ros2_ws/install/kuka_fortec_support/share/kuka_fortec_support/meshes/kr240_r3330/collision
[0.303s] -- Up-to-date: /home/omar/code/robotics_project/ros2_ws/install/kuka_fortec_support/share/kuka_fortec_support/meshes/kr240_r3330/collision/link_5.stl
[0.304s] -- Up-to-date: /home/omar/code/robotics_project/ros2_ws/install/kuka_fortec_support/share/kuka_fortec_support/meshes/kr240_r3330/collision/link_4.stl
[0.304s] -- Up-to-date: /home/omar/code/robotics_project/ros2_ws/install/kuka_fortec_support/share/kuka_fortec_support/meshes/kr240_r3330/collision/link_2.stl
[0.304s] -- Up-to-date: /home/omar/code/robotics_project/ros2_ws/install/kuka_fortec_support/share/kuka_fortec_support/meshes/kr240_r3330/collision/base_link.stl
[0.304s] -- Up-to-date: /home/omar/code/robotics_project/ros2_ws/install/kuka_fortec_support/share/kuka_fortec_support/meshes/kr240_r3330/collision/link_6.stl
[0.304s] -- Up-to-date: /home/omar/code/robotics_project/ros2_ws/install/kuka_fortec_support/share/kuka_fortec_support/meshes/kr240_r3330/collision/link_3.stl
[0.304s] -- Up-to-date: /home/omar/code/robotics_project/ros2_ws/install/kuka_fortec_support/share/kuka_fortec_support/meshes/kr240_r3330/collision/link_1.stl
[0.304s] -- Up-to-date: /home/omar/code/robotics_project/ros2_ws/install/kuka_fortec_support/share/kuka_fortec_support/meshes/kr800_r2800_2
[0.304s] -- Up-to-date: /home/omar/code/robotics_project/ros2_ws/install/kuka_fortec_support/share/kuka_fortec_support/meshes/kr800_r2800_2/visual
[0.304s] -- Up-to-date: /home/omar/code/robotics_project/ros2_ws/install/kuka_fortec_support/share/kuka_fortec_support/meshes/kr800_r2800_2/visual/link_5.dae
[0.304s] -- Up-to-date: /home/omar/code/robotics_project/ros2_ws/install/kuka_fortec_support/share/kuka_fortec_support/meshes/kr800_r2800_2/visual/link_1.dae
[0.304s] -- Up-to-date: /home/omar/code/robotics_project/ros2_ws/install/kuka_fortec_support/share/kuka_fortec_support/meshes/kr800_r2800_2/visual/link_4.dae
[0.304s] -- Up-to-date: /home/omar/code/robotics_project/ros2_ws/install/kuka_fortec_support/share/kuka_fortec_support/meshes/kr800_r2800_2/visual/base_link.dae
[0.304s] -- Up-to-date: /home/omar/code/robotics_project/ros2_ws/install/kuka_fortec_support/share/kuka_fortec_support/meshes/kr800_r2800_2/visual/link_3.dae
[0.304s] -- Up-to-date: /home/omar/code/robotics_project/ros2_ws/install/kuka_fortec_support/share/kuka_fortec_support/meshes/kr800_r2800_2/visual/link_2.dae
[0.305s] -- Up-to-date: /home/omar/code/robotics_project/ros2_ws/install/kuka_fortec_support/share/kuka_fortec_support/meshes/kr800_r2800_2/visual/link_6.dae
[0.305s] -- Up-to-date: /home/omar/code/robotics_project/ros2_ws/install/kuka_fortec_support/share/kuka_fortec_support/meshes/kr800_r2800_2/collision
[0.329s] -- Up-to-date: /home/omar/code/robotics_project/ros2_ws/install/kuka_fortec_support/share/kuka_fortec_support/meshes/kr800_r2800_2/collision/link_5.stl
[0.330s] -- Up-to-date: /home/omar/code/robotics_project/ros2_ws/install/kuka_fortec_support/share/kuka_fortec_support/meshes/kr800_r2800_2/collision/link_4.stl
[0.330s] -- Up-to-date: /home/omar/code/robotics_project/ros2_ws/install/kuka_fortec_support/share/kuka_fortec_support/meshes/kr800_r2800_2/collision/link_2.stl
[0.330s] -- Up-to-date: /home/omar/code/robotics_project/ros2_ws/install/kuka_fortec_support/share/kuka_fortec_support/meshes/kr800_r2800_2/collision/base_link.stl
[0.330s] -- Up-to-date: /home/omar/code/robotics_project/ros2_ws/install/kuka_fortec_support/share/kuka_fortec_support/meshes/kr800_r2800_2/collision/link_6.stl
[0.330s] -- Up-to-date: /home/omar/code/robotics_project/ros2_ws/install/kuka_fortec_support/share/kuka_fortec_support/meshes/kr800_r2800_2/collision/link_3.stl
[0.330s] -- Up-to-date: /home/omar/code/robotics_project/ros2_ws/install/kuka_fortec_support/share/kuka_fortec_support/meshes/kr800_r2800_2/collision/link_1.stl
[0.330s] -- Up-to-date: /home/omar/code/robotics_project/ros2_ws/install/kuka_fortec_support/share/kuka_fortec_support/urdf
[0.330s] -- Up-to-date: /home/omar/code/robotics_project/ros2_ws/install/kuka_fortec_support/share/kuka_fortec_support/urdf/kr800_r2800_2_macro.xacro
[0.330s] -- Up-to-date: /home/omar/code/robotics_project/ros2_ws/install/kuka_fortec_support/share/kuka_fortec_support/urdf/kr560_r3100_2.urdf.xacro
[0.330s] -- Up-to-date: /home/omar/code/robotics_project/ros2_ws/install/kuka_fortec_support/share/kuka_fortec_support/urdf/kr360_r2830_macro.xacro
[0.330s] -- Up-to-date: /home/omar/code/robotics_project/ros2_ws/install/kuka_fortec_support/share/kuka_fortec_support/urdf/kr800_r2800_2.urdf.xacro
[0.330s] -- Up-to-date: /home/omar/code/robotics_project/ros2_ws/install/kuka_fortec_support/share/kuka_fortec_support/urdf/kr360_r2830.urdf.xacro
[0.330s] -- Up-to-date: /home/omar/code/robotics_project/ros2_ws/install/kuka_fortec_support/share/kuka_fortec_support/urdf/kr300_r2800_2_mt_macro.xacro
[0.331s] -- Up-to-date: /home/omar/code/robotics_project/ros2_ws/install/kuka_fortec_support/share/kuka_fortec_support/urdf/kr240_r3330.urdf.xacro
[0.331s] -- Up-to-date: /home/omar/code/robotics_project/ros2_ws/install/kuka_fortec_support/share/kuka_fortec_support/urdf/kr300_r2800_2_mt.urdf.xacro
[0.331s] -- Up-to-date: /home/omar/code/robotics_project/ros2_ws/install/kuka_fortec_support/share/kuka_fortec_support/urdf/kr560_r3100_2_macro.xacro
[0.331s] -- Up-to-date: /home/omar/code/robotics_project/ros2_ws/install/kuka_fortec_support/share/kuka_fortec_support/urdf/kr500_r2800_2_macro.xacro
[0.331s] -- Up-to-date: /home/omar/code/robotics_project/ros2_ws/install/kuka_fortec_support/share/kuka_fortec_support/urdf/kr240_r3330_macro.xacro
[0.331s] -- Up-to-date: /home/omar/code/robotics_project/ros2_ws/install/kuka_fortec_support/share/kuka_fortec_support/urdf/kr_fortec_ros2_control_macro.xacro
[0.331s] -- Up-to-date: /home/omar/code/robotics_project/ros2_ws/install/kuka_fortec_support/share/kuka_fortec_support/urdf/kr500_r2800_2.urdf.xacro
[0.331s] -- Up-to-date: /home/omar/code/robotics_project/ros2_ws/install/kuka_fortec_support/share/kuka_fortec_support/environment/kuka_fortec_support.dsv
[0.331s] -- Up-to-date: /home/omar/code/robotics_project/ros2_ws/install/kuka_fortec_support/share/ament_index/resource_index/package_run_dependencies/kuka_fortec_support
[0.331s] -- Up-to-date: /home/omar/code/robotics_project/ros2_ws/install/kuka_fortec_support/share/ament_index/resource_index/parent_prefix_path/kuka_fortec_support
[0.331s] -- Up-to-date: /home/omar/code/robotics_project/ros2_ws/install/kuka_fortec_support/share/kuka_fortec_support/environment/ament_prefix_path.sh
[0.331s] -- Up-to-date: /home/omar/code/robotics_project/ros2_ws/install/kuka_fortec_support/share/kuka_fortec_support/environment/ament_prefix_path.dsv
[0.331s] -- Up-to-date: /home/omar/code/robotics_project/ros2_ws/install/kuka_fortec_support/share/kuka_fortec_support/environment/path.sh
[0.332s] -- Up-to-date: /home/omar/code/robotics_project/ros2_ws/install/kuka_fortec_support/share/kuka_fortec_support/environment/path.dsv
[0.332s] -- Up-to-date: /home/omar/code/robotics_project/ros2_ws/install/kuka_fortec_support/share/kuka_fortec_support/local_setup.bash
[0.332s] -- Up-to-date: /home/omar/code/robotics_project/ros2_ws/install/kuka_fortec_support/share/kuka_fortec_support/local_setup.sh
[0.333s] -- Up-to-date: /home/omar/code/robotics_project/ros2_ws/install/kuka_fortec_support/share/kuka_fortec_support/local_setup.zsh
[0.333s] -- Up-to-date: /home/omar/code/robotics_project/ros2_ws/install/kuka_fortec_support/share/kuka_fortec_support/local_setup.dsv
[0.333s] -- Installing: /home/omar/code/robotics_project/ros2_ws/install/kuka_fortec_support/share/kuka_fortec_support/package.dsv
[0.333s] -- Up-to-date: /home/omar/code/robotics_project/ros2_ws/install/kuka_fortec_support/share/ament_index/resource_index/packages/kuka_fortec_support
[0.333s] -- Up-to-date: /home/omar/code/robotics_project/ros2_ws/install/kuka_fortec_support/share/kuka_fortec_support/cmake/kuka_fortec_supportConfig.cmake
[0.334s] -- Up-to-date: /home/omar/code/robotics_project/ros2_ws/install/kuka_fortec_support/share/kuka_fortec_support/cmake/kuka_fortec_supportConfig-version.cmake
[0.334s] -- Up-to-date: /home/omar/code/robotics_project/ros2_ws/install/kuka_fortec_support/share/kuka_fortec_support/package.xml
[0.338s] Invoked command in '/home/omar/code/robotics_project/ros2_ws/build/kuka_fortec_support' returned '0': CMAKE_PREFIX_PATH=/home/omar/code/robotics_project/ros2_ws/install/kuka_resources:/home/omar/code/robotics_project/ros2_ws/install/kuka_robot_descriptions:/home/omar/code/robotics_project/ros2_ws/install/kuka_quantec_support:/home/omar/code/robotics_project/ros2_ws/install/kuka_lbr_iiwa_support:/home/omar/code/robotics_project/ros2_ws/install/kuka_lbr_iiwa_moveit_config:/home/omar/code/robotics_project/ros2_ws/install/kuka_lbr_iisy_support:/home/omar/code/robotics_project/ros2_ws/install/kuka_lbr_iisy_moveit_config:/home/omar/code/robotics_project/ros2_ws/install/kuka_kr_moveit_config:/home/omar/code/robotics_project/ros2_ws/install/kuka_iontec_support:/home/omar/code/robotics_project/ros2_ws/install/kuka_fortec_support:/home/omar/code/robotics_project/ros2_ws/install/kuka_cybertech_support:/home/omar/code/robotics_project/ros2_ws/install/kuka_agilus_support:/home/omar/code/robotics_project/ros2_ws/install/kuka_mock_hardware_interface:/home/omar/code/robotics_project/ros2_ws/install/kuka_kl_support:/home/omar/code/robotics_project/ros2_ws/install/kuka_gazebo:/opt/ros/jazzy/opt/gz_sim_vendor:/opt/ros/jazzy/opt/gz_sensors_vendor:/opt/ros/jazzy/opt/gz_physics_vendor:/opt/ros/jazzy/opt/sdformat_vendor:/opt/ros/jazzy/opt/gz_gui_vendor:/opt/ros/jazzy/opt/gz_transport_vendor:/opt/ros/jazzy/opt/gz_rendering_vendor:/opt/ros/jazzy/opt/gz_plugin_vendor:/opt/ros/jazzy/opt/gz_fuel_tools_vendor:/opt/ros/jazzy/opt/gz_msgs_vendor:/opt/ros/jazzy/opt/gz_common_vendor:/opt/ros/jazzy/opt/gz_math_vendor:/opt/ros/jazzy/opt/gz_utils_vendor:/opt/ros/jazzy/opt/gz_tools_vendor:/opt/ros/jazzy/opt/gz_ogre_next_vendor:/opt/ros/jazzy/opt/gz_dartsim_vendor:/opt/ros/jazzy/opt/gz_cmake_vendor:/home/omar/code/robotics_project/ros2_ws/install/thesis_bringup:/home/omar/code/robotics_project/ros2_ws/install/safety_layer:/home/omar/code/robotics_project/ros2_ws/install/robot_simulation:/home/omar/code/robotics_project/ros2_ws/install/robot_description:/home/omar/code/robotics_project/ros2_ws/install/perception_pipeline:/home/omar/code/robotics_project/ros2_ws/install/peg_in_hole_metrics:/home/omar/code/robotics_project/ros2_ws/install/peg_in_hole_description:/home/omar/code/robotics_project/ros2_ws/install/learning_interface:/home/omar/code/robotics_project/ros2_ws/install/kuka_task_control:/home/omar/code/robotics_project/ros2_ws/install/kuka_description:/home/omar/code/robotics_project/ros2_ws/install/first_robot_demo:/home/omar/code/robotics_project/ros2_ws/install/experiment_manager:/opt/ros/jazzy /usr/bin/cmake --install /home/omar/code/robotics_project/ros2_ws/build/kuka_fortec_support
