running egg_info
writing ../../build/kuka_task_control/kuka_task_control.egg-info/PKG-INFO
writing dependency_links to ../../build/kuka_task_control/kuka_task_control.egg-info/dependency_links.txt
writing entry points to ../../build/kuka_task_control/kuka_task_control.egg-info/entry_points.txt
writing requirements to ../../build/kuka_task_control/kuka_task_control.egg-info/requires.txt
writing top-level names to ../../build/kuka_task_control/kuka_task_control.egg-info/top_level.txt
reading manifest file '../../build/kuka_task_control/kuka_task_control.egg-info/SOURCES.txt'
writing manifest file '../../build/kuka_task_control/kuka_task_control.egg-info/SOURCES.txt'
running build
running build_py
copying kuka_task_control/moveit_launch_readiness_audit.py -> /home/omar/code/robotics_project/ros2_ws/build/kuka_task_control/build/lib/kuka_task_control
running install
running install_lib
copying /home/omar/code/robotics_project/ros2_ws/build/kuka_task_control/build/lib/kuka_task_control/moveit_launch_readiness_audit.py -> /home/omar/code/robotics_project/ros2_ws/install/kuka_task_control/lib/python3.12/site-packages/kuka_task_control
byte-compiling /home/omar/code/robotics_project/ros2_ws/install/kuka_task_control/lib/python3.12/site-packages/kuka_task_control/moveit_launch_readiness_audit.py to moveit_launch_readiness_audit.cpython-312.pyc
running install_data
running install_egg_info
removing '/home/omar/code/robotics_project/ros2_ws/install/kuka_task_control/lib/python3.12/site-packages/kuka_task_control-0.1.0-py3.12.egg-info' (and everything under it)
Copying ../../build/kuka_task_control/kuka_task_control.egg-info to /home/omar/code/robotics_project/ros2_ws/install/kuka_task_control/lib/python3.12/site-packages/kuka_task_control-0.1.0-py3.12.egg-info
running install_scripts
Installing baseline_joint_sequence_executor script to /home/omar/code/robotics_project/ros2_ws/install/kuka_task_control/lib/kuka_task_control
Installing baseline_trajectory_client script to /home/omar/code/robotics_project/ros2_ws/install/kuka_task_control/lib/kuka_task_control
Installing cartesian_insertion_diagnostics script to /home/omar/code/robotics_project/ros2_ws/install/kuka_task_control/lib/kuka_task_control
Installing cartesian_insertion_dry_run_planner script to /home/omar/code/robotics_project/ros2_ws/install/kuka_task_control/lib/kuka_task_control
Installing cartesian_orientation_target_calculator script to /home/omar/code/robotics_project/ros2_ws/install/kuka_task_control/lib/kuka_task_control
Installing execution_gate_monitor script to /home/omar/code/robotics_project/ros2_ws/install/kuka_task_control/lib/kuka_task_control
Installing ik_backend_audit script to /home/omar/code/robotics_project/ros2_ws/install/kuka_task_control/lib/kuka_task_control
Installing ik_feasibility_diagnostics script to /home/omar/code/robotics_project/ros2_ws/install/kuka_task_control/lib/kuka_task_control
Installing moveit_config_audit script to /home/omar/code/robotics_project/ros2_ws/install/kuka_task_control/lib/kuka_task_control
Installing moveit_launch_readiness_audit script to /home/omar/code/robotics_project/ros2_ws/install/kuka_task_control/lib/kuka_task_control
Installing peg_hole_frame_publisher script to /home/omar/code/robotics_project/ros2_ws/install/kuka_task_control/lib/kuka_task_control
Installing robot_description_semantic_diagnostics script to /home/omar/code/robotics_project/ros2_ws/install/kuka_task_control/lib/kuka_task_control
Installing segmented_contact_executor script to /home/omar/code/robotics_project/ros2_ws/install/kuka_task_control/lib/kuka_task_control
Installing segmented_guarded_contact_executor script to /home/omar/code/robotics_project/ros2_ws/install/kuka_task_control/lib/kuka_task_control
Installing semantic_model_validator script to /home/omar/code/robotics_project/ros2_ws/install/kuka_task_control/lib/kuka_task_control
Installing task_trajectory_executor script to /home/omar/code/robotics_project/ros2_ws/install/kuka_task_control/lib/kuka_task_control
Installing tool_axis_audit script to /home/omar/code/robotics_project/ros2_ws/install/kuka_task_control/lib/kuka_task_control
Installing tool_link_validator script to /home/omar/code/robotics_project/ros2_ws/install/kuka_task_control/lib/kuka_task_control
writing list of installed files to '/home/omar/code/robotics_project/ros2_ws/build/kuka_task_control/install.log'
