[2.363s] Invoking command in '/home/omar/code/robotics_project/ros2_ws/src/peg_in_hole_description': PYTHONPATH=/home/omar/code/robotics_project/ros2_ws/build/peg_in_hole_description/prefix_override:/usr/lib/python3/dist-packages/colcon_core/task/python/colcon_distutils_commands:/home/omar/code/robotics_project/ros2_ws/install/peg_in_hole_description/lib/python3.12/site-packages:${PYTHONPATH} /usr/bin/python3 -W ignore:setup.py install is deprecated -W ignore:easy_install command is deprecated setup.py egg_info --egg-base ../../build/peg_in_hole_description build --build-base /home/omar/code/robotics_project/ros2_ws/build/peg_in_hole_description/build install --record /home/omar/code/robotics_project/ros2_ws/build/peg_in_hole_description/install.log --single-version-externally-managed install_data
[2.993s] running egg_info
[3.045s] writing ../../build/peg_in_hole_description/peg_in_hole_description.egg-info/PKG-INFO
[3.046s] writing dependency_links to ../../build/peg_in_hole_description/peg_in_hole_description.egg-info/dependency_links.txt
[3.046s] writing requirements to ../../build/peg_in_hole_description/peg_in_hole_description.egg-info/requires.txt
[3.046s] writing top-level names to ../../build/peg_in_hole_description/peg_in_hole_description.egg-info/top_level.txt
[3.137s] reading manifest file '../../build/peg_in_hole_description/peg_in_hole_description.egg-info/SOURCES.txt'
[3.138s] writing manifest file '../../build/peg_in_hole_description/peg_in_hole_description.egg-info/SOURCES.txt'
[3.139s] running build
[3.139s] running build_py
[3.139s] running install
[3.145s] running install_lib
[3.172s] running install_data
[3.173s] copying worlds/peg_in_hole_insertion_validation_world.sdf -> /home/omar/code/robotics_project/ros2_ws/install/peg_in_hole_description/share/peg_in_hole_description/worlds
[3.173s] running install_egg_info
[3.203s] removing '/home/omar/code/robotics_project/ros2_ws/install/peg_in_hole_description/lib/python3.12/site-packages/peg_in_hole_description-0.1.0-py3.12.egg-info' (and everything under it)
[3.203s] Copying ../../build/peg_in_hole_description/peg_in_hole_description.egg-info to /home/omar/code/robotics_project/ros2_ws/install/peg_in_hole_description/lib/python3.12/site-packages/peg_in_hole_description-0.1.0-py3.12.egg-info
[3.204s] running install_scripts
[3.376s] writing list of installed files to '/home/omar/code/robotics_project/ros2_ws/build/peg_in_hole_description/install.log'
[3.432s] Invoked command in '/home/omar/code/robotics_project/ros2_ws/src/peg_in_hole_description' returned '0': PYTHONPATH=/home/omar/code/robotics_project/ros2_ws/build/peg_in_hole_description/prefix_override:/usr/lib/python3/dist-packages/colcon_core/task/python/colcon_distutils_commands:/home/omar/code/robotics_project/ros2_ws/install/peg_in_hole_description/lib/python3.12/site-packages:${PYTHONPATH} /usr/bin/python3 -W ignore:setup.py install is deprecated -W ignore:easy_install command is deprecated setup.py egg_info --egg-base ../../build/peg_in_hole_description build --build-base /home/omar/code/robotics_project/ros2_ws/build/peg_in_hole_description/build install --record /home/omar/code/robotics_project/ros2_ws/build/peg_in_hole_description/install.log --single-version-externally-managed install_data
