[2.629s] Invoking command in '/home/omar/code/robotics_project/ros2_ws/build/thesis_bringup': AMENT_PREFIX_PATH=/home/omar/code/robotics_project/ros2_ws/install/safety_layer:/home/omar/code/robotics_project/ros2_ws/install/peg_in_hole_metrics:/home/omar/code/robotics_project/ros2_ws/install/peg_in_hole_description:/home/omar/code/robotics_project/ros2_ws/install/kuka_task_control:/home/omar/code/robotics_project/ros2_ws/install/kuka_gazebo:/home/omar/code/robotics_project/ros2_ws/install/experiment_manager:${AMENT_PREFIX_PATH} CMAKE_PREFIX_PATH=/home/omar/code/robotics_project/ros2_ws/install/kuka_gazebo:${CMAKE_PREFIX_PATH} PYTHONPATH=/home/omar/code/robotics_project/ros2_ws/build/thesis_bringup/prefix_override:/usr/lib/python3/dist-packages/colcon_core/task/python/colcon_distutils_commands:/home/omar/code/robotics_project/ros2_ws/install/thesis_bringup/lib/python3.12/site-packages:/home/omar/code/robotics_project/ros2_ws/build/safety_layer:/home/omar/code/robotics_project/ros2_ws/install/safety_layer/lib/python3.12/site-packages:/home/omar/code/robotics_project/ros2_ws/install/peg_in_hole_metrics/lib/python3.12/site-packages:/home/omar/code/robotics_project/ros2_ws/build/peg_in_hole_description:/home/omar/code/robotics_project/ros2_ws/install/peg_in_hole_description/lib/python3.12/site-packages:/home/omar/code/robotics_project/ros2_ws/build/kuka_task_control:/home/omar/code/robotics_project/ros2_ws/install/kuka_task_control/lib/python3.12/site-packages:/home/omar/code/robotics_project/ros2_ws/build/experiment_manager:/home/omar/code/robotics_project/ros2_ws/install/experiment_manager/lib/python3.12/site-packages:${PYTHONPATH} /usr/bin/python3 -W ignore:setup.py install is deprecated -W ignore:easy_install command is deprecated setup.py develop --editable --build-directory /home/omar/code/robotics_project/ros2_ws/build/thesis_bringup/build --no-deps symlink_data --force
[2.980s] running develop
[3.208s] running egg_info
[3.243s] writing thesis_bringup.egg-info/PKG-INFO
[3.243s] writing dependency_links to thesis_bringup.egg-info/dependency_links.txt
[3.243s] writing entry points to thesis_bringup.egg-info/entry_points.txt
[3.243s] writing requirements to thesis_bringup.egg-info/requires.txt
[3.244s] writing top-level names to thesis_bringup.egg-info/top_level.txt
[3.290s] reading manifest file 'thesis_bringup.egg-info/SOURCES.txt'
[3.299s] writing manifest file 'thesis_bringup.egg-info/SOURCES.txt'
[3.324s] running build_ext
[3.324s] Creating /home/omar/code/robotics_project/ros2_ws/install/thesis_bringup/lib/python3.12/site-packages/thesis-bringup.egg-link (link to .)
[3.325s] Installing controller_readiness_gate script to /home/omar/code/robotics_project/ros2_ws/install/thesis_bringup/lib/thesis_bringup
[3.330s] Installing proposal_simulation_cell_monitor script to /home/omar/code/robotics_project/ros2_ws/install/thesis_bringup/lib/thesis_bringup
[3.331s] Installing proposal_simulation_cell_v1_1_validator script to /home/omar/code/robotics_project/ros2_ws/install/thesis_bringup/lib/thesis_bringup
[3.331s] Installing proposal_simulation_cell_v1_2_rgbd_validator script to /home/omar/code/robotics_project/ros2_ws/install/thesis_bringup/lib/thesis_bringup
[3.331s] Installing proposal_simulation_cell_v1_3_contact_validator script to /home/omar/code/robotics_project/ros2_ws/install/thesis_bringup/lib/thesis_bringup
[3.331s] Installing proposal_simulation_cell_v1_5_safety_virtual_force_node script to /home/omar/code/robotics_project/ros2_ws/install/thesis_bringup/lib/thesis_bringup
[3.331s] Installing proposal_simulation_cell_v1_6_readiness_gate_node script to /home/omar/code/robotics_project/ros2_ws/install/thesis_bringup/lib/thesis_bringup
[3.332s] Installing proposal_simulation_cell_v1_7_pre_control_contract_node script to /home/omar/code/robotics_project/ros2_ws/install/thesis_bringup/lib/thesis_bringup
[3.332s] Installing proposal_simulation_cell_v1_8_control_scaffold_node script to /home/omar/code/robotics_project/ros2_ws/install/thesis_bringup/lib/thesis_bringup
[3.332s] Installing proposal_simulation_cell_v1_9_control_law_dry_run_node script to /home/omar/code/robotics_project/ros2_ws/install/thesis_bringup/lib/thesis_bringup
[3.332s] 
[3.332s] Installed /home/omar/code/robotics_project/ros2_ws/build/thesis_bringup
[3.332s] running symlink_data
[3.342s] symbolically linking /home/omar/code/robotics_project/ros2_ws/build/thesis_bringup/resource/thesis_bringup -> /home/omar/code/robotics_project/ros2_ws/install/thesis_bringup/share/ament_index/resource_index/packages
[3.349s] symbolically linking /home/omar/code/robotics_project/ros2_ws/build/thesis_bringup/package.xml -> /home/omar/code/robotics_project/ros2_ws/install/thesis_bringup/share/thesis_bringup
[3.349s] symbolically linking /home/omar/code/robotics_project/ros2_ws/build/thesis_bringup/README.md -> /home/omar/code/robotics_project/ros2_ws/install/thesis_bringup/share/thesis_bringup
[3.359s] symbolically linking /home/omar/code/robotics_project/ros2_ws/build/thesis_bringup/launch/run_full_robot_contact_validation_trial.launch.py -> /home/omar/code/robotics_project/ros2_ws/install/thesis_bringup/share/thesis_bringup/launch
[3.360s] symbolically linking /home/omar/code/robotics_project/ros2_ws/build/thesis_bringup/launch/run_move_group_ik_diagnostic.launch.py -> /home/omar/code/robotics_project/ros2_ws/install/thesis_bringup/share/thesis_bringup/launch
[3.361s] symbolically linking /home/omar/code/robotics_project/ros2_ws/build/thesis_bringup/launch/proposal_simulation_cell_v1_2_rgbd_image_bridge_fix.launch.py -> /home/omar/code/robotics_project/ros2_ws/install/thesis_bringup/share/thesis_bringup/launch
[3.363s] symbolically linking /home/omar/code/robotics_project/ros2_ws/build/thesis_bringup/launch/run_contact_probe_validation_trial.launch.py -> /home/omar/code/robotics_project/ros2_ws/install/thesis_bringup/share/thesis_bringup/launch
[3.364s] error: [Errno 2] No such file or directory: '/home/omar/code/robotics_project/ros2_ws/install/thesis_bringup/share/thesis_bringup/launch/proposal_simulation_cell_v1_9_no_motion_control_law_dry_run.launch.py'
[3.411s] Invoked command in '/home/omar/code/robotics_project/ros2_ws/build/thesis_bringup' returned '1': AMENT_PREFIX_PATH=/home/omar/code/robotics_project/ros2_ws/install/safety_layer:/home/omar/code/robotics_project/ros2_ws/install/peg_in_hole_metrics:/home/omar/code/robotics_project/ros2_ws/install/peg_in_hole_description:/home/omar/code/robotics_project/ros2_ws/install/kuka_task_control:/home/omar/code/robotics_project/ros2_ws/install/kuka_gazebo:/home/omar/code/robotics_project/ros2_ws/install/experiment_manager:${AMENT_PREFIX_PATH} CMAKE_PREFIX_PATH=/home/omar/code/robotics_project/ros2_ws/install/kuka_gazebo:${CMAKE_PREFIX_PATH} PYTHONPATH=/home/omar/code/robotics_project/ros2_ws/build/thesis_bringup/prefix_override:/usr/lib/python3/dist-packages/colcon_core/task/python/colcon_distutils_commands:/home/omar/code/robotics_project/ros2_ws/install/thesis_bringup/lib/python3.12/site-packages:/home/omar/code/robotics_project/ros2_ws/build/safety_layer:/home/omar/code/robotics_project/ros2_ws/install/safety_layer/lib/python3.12/site-packages:/home/omar/code/robotics_project/ros2_ws/install/peg_in_hole_metrics/lib/python3.12/site-packages:/home/omar/code/robotics_project/ros2_ws/build/peg_in_hole_description:/home/omar/code/robotics_project/ros2_ws/install/peg_in_hole_description/lib/python3.12/site-packages:/home/omar/code/robotics_project/ros2_ws/build/kuka_task_control:/home/omar/code/robotics_project/ros2_ws/install/kuka_task_control/lib/python3.12/site-packages:/home/omar/code/robotics_project/ros2_ws/build/experiment_manager:/home/omar/code/robotics_project/ros2_ws/install/experiment_manager/lib/python3.12/site-packages:${PYTHONPATH} /usr/bin/python3 -W ignore:setup.py install is deprecated -W ignore:easy_install command is deprecated setup.py develop --editable --build-directory /home/omar/code/robotics_project/ros2_ws/build/thesis_bringup/build --no-deps symlink_data --force
