-- Install configuration: ""
-- Up-to-date: /home/omar/code/robotics_project/ros2_ws/install/kuka_cybertech_support/share/kuka_cybertech_support/config
-- Up-to-date: /home/omar/code/robotics_project/ros2_ws/install/kuka_cybertech_support/share/kuka_cybertech_support/config/kr16_r1610_2_joint_limits.yaml
-- Up-to-date: /home/omar/code/robotics_project/ros2_ws/install/kuka_cybertech_support/share/kuka_cybertech_support/config/kr12_r1450_3_hw_joint_limits.yaml
-- Up-to-date: /home/omar/code/robotics_project/ros2_ws/install/kuka_cybertech_support/share/kuka_cybertech_support/config/kr8_r1440_2_arc_hw_joint_limits.yaml
-- Up-to-date: /home/omar/code/robotics_project/ros2_ws/install/kuka_cybertech_support/share/kuka_cybertech_support/config/kr16_r2010_2_joint_limits.yaml
-- Up-to-date: /home/omar/code/robotics_project/ros2_ws/install/kuka_cybertech_support/share/kuka_cybertech_support/config/kr8_r2100_2_arc_hw_joint_limits.yaml
-- Up-to-date: /home/omar/code/robotics_project/ros2_ws/install/kuka_cybertech_support/share/kuka_cybertech_support/config/kr20_r1810_2_joint_limits.yaml
-- Up-to-date: /home/omar/code/robotics_project/ros2_ws/install/kuka_cybertech_support/share/kuka_cybertech_support/launch
-- Up-to-date: /home/omar/code/robotics_project/ros2_ws/install/kuka_cybertech_support/share/kuka_cybertech_support/launch/test_kr8_r2100_2_arc_hw.launch.py
-- Up-to-date: /home/omar/code/robotics_project/ros2_ws/install/kuka_cybertech_support/share/kuka_cybertech_support/launch/test_kr12_r1450_3_hw.launch.py
-- Up-to-date: /home/omar/code/robotics_project/ros2_ws/install/kuka_cybertech_support/share/kuka_cybertech_support/launch/test_kr20_r1810_2.launch.py
-- Up-to-date: /home/omar/code/robotics_project/ros2_ws/install/kuka_cybertech_support/share/kuka_cybertech_support/launch/test_kr16_r2010_2.launch.py
-- Up-to-date: /home/omar/code/robotics_project/ros2_ws/install/kuka_cybertech_support/share/kuka_cybertech_support/launch/test_kr8_r1440_2_arc_hw.launch.py
-- Up-to-date: /home/omar/code/robotics_project/ros2_ws/install/kuka_cybertech_support/share/kuka_cybertech_support/launch/test_kr16_r1610_2.launch.py
-- Up-to-date: /home/omar/code/robotics_project/ros2_ws/install/kuka_cybertech_support/share/kuka_cybertech_support/meshes
-- Up-to-date: /home/omar/code/robotics_project/ros2_ws/install/kuka_cybertech_support/share/kuka_cybertech_support/meshes/kr20_r1810_2
-- Up-to-date: /home/omar/code/robotics_project/ros2_ws/install/kuka_cybertech_support/share/kuka_cybertech_support/meshes/kr20_r1810_2/visual
-- Up-to-date: /home/omar/code/robotics_project/ros2_ws/install/kuka_cybertech_support/share/kuka_cybertech_support/meshes/kr20_r1810_2/visual/link_5.dae
-- Up-to-date: /home/omar/code/robotics_project/ros2_ws/install/kuka_cybertech_support/share/kuka_cybertech_support/meshes/kr20_r1810_2/visual/link_1.dae
-- Up-to-date: /home/omar/code/robotics_project/ros2_ws/install/kuka_cybertech_support/share/kuka_cybertech_support/meshes/kr20_r1810_2/visual/link_4.dae
-- Up-to-date: /home/omar/code/robotics_project/ros2_ws/install/kuka_cybertech_support/share/kuka_cybertech_support/meshes/kr20_r1810_2/visual/base_link.dae
-- Up-to-date: /home/omar/code/robotics_project/ros2_ws/install/kuka_cybertech_support/share/kuka_cybertech_support/meshes/kr20_r1810_2/visual/link_3.dae
-- Up-to-date: /home/omar/code/robotics_project/ros2_ws/install/kuka_cybertech_support/share/kuka_cybertech_support/meshes/kr20_r1810_2/visual/link_2.dae
-- Up-to-date: /home/omar/code/robotics_project/ros2_ws/install/kuka_cybertech_support/share/kuka_cybertech_support/meshes/kr20_r1810_2/visual/link_6.dae
-- Up-to-date: /home/omar/code/robotics_project/ros2_ws/install/kuka_cybertech_support/share/kuka_cybertech_support/meshes/kr20_r1810_2/collision
-- Up-to-date: /home/omar/code/robotics_project/ros2_ws/install/kuka_cybertech_support/share/kuka_cybertech_support/meshes/kr20_r1810_2/collision/link_5.stl
-- Up-to-date: /home/omar/code/robotics_project/ros2_ws/install/kuka_cybertech_support/share/kuka_cybertech_support/meshes/kr20_r1810_2/collision/link_4.stl
-- Up-to-date: /home/omar/code/robotics_project/ros2_ws/install/kuka_cybertech_support/share/kuka_cybertech_support/meshes/kr20_r1810_2/collision/link_2.stl
-- Up-to-date: /home/omar/code/robotics_project/ros2_ws/install/kuka_cybertech_support/share/kuka_cybertech_support/meshes/kr20_r1810_2/collision/base_link.stl
-- Up-to-date: /home/omar/code/robotics_project/ros2_ws/install/kuka_cybertech_support/share/kuka_cybertech_support/meshes/kr20_r1810_2/collision/link_6.stl
-- Up-to-date: /home/omar/code/robotics_project/ros2_ws/install/kuka_cybertech_support/share/kuka_cybertech_support/meshes/kr20_r1810_2/collision/link_3.stl
-- Up-to-date: /home/omar/code/robotics_project/ros2_ws/install/kuka_cybertech_support/share/kuka_cybertech_support/meshes/kr20_r1810_2/collision/link_1.stl
-- Up-to-date: /home/omar/code/robotics_project/ros2_ws/install/kuka_cybertech_support/share/kuka_cybertech_support/meshes/kr16_r2010_2
-- Up-to-date: /home/omar/code/robotics_project/ros2_ws/install/kuka_cybertech_support/share/kuka_cybertech_support/meshes/kr16_r2010_2/visual
-- Up-to-date: /home/omar/code/robotics_project/ros2_ws/install/kuka_cybertech_support/share/kuka_cybertech_support/meshes/kr16_r2010_2/visual/link_5.stl
-- Up-to-date: /home/omar/code/robotics_project/ros2_ws/install/kuka_cybertech_support/share/kuka_cybertech_support/meshes/kr16_r2010_2/visual/link_4.stl
-- Up-to-date: /home/omar/code/robotics_project/ros2_ws/install/kuka_cybertech_support/share/kuka_cybertech_support/meshes/kr16_r2010_2/visual/link_2.stl
-- Up-to-date: /home/omar/code/robotics_project/ros2_ws/install/kuka_cybertech_support/share/kuka_cybertech_support/meshes/kr16_r2010_2/visual/base_link.stl
-- Up-to-date: /home/omar/code/robotics_project/ros2_ws/install/kuka_cybertech_support/share/kuka_cybertech_support/meshes/kr16_r2010_2/visual/link_6.stl
-- Up-to-date: /home/omar/code/robotics_project/ros2_ws/install/kuka_cybertech_support/share/kuka_cybertech_support/meshes/kr16_r2010_2/visual/link_3.stl
-- Up-to-date: /home/omar/code/robotics_project/ros2_ws/install/kuka_cybertech_support/share/kuka_cybertech_support/meshes/kr16_r2010_2/visual/link_1.stl
-- Up-to-date: /home/omar/code/robotics_project/ros2_ws/install/kuka_cybertech_support/share/kuka_cybertech_support/meshes/kr16_r2010_2/collision
-- Up-to-date: /home/omar/code/robotics_project/ros2_ws/install/kuka_cybertech_support/share/kuka_cybertech_support/meshes/kr16_r2010_2/collision/link_5.stl
-- Up-to-date: /home/omar/code/robotics_project/ros2_ws/install/kuka_cybertech_support/share/kuka_cybertech_support/meshes/kr16_r2010_2/collision/link_4.stl
-- Up-to-date: /home/omar/code/robotics_project/ros2_ws/install/kuka_cybertech_support/share/kuka_cybertech_support/meshes/kr16_r2010_2/collision/link_2.stl
-- Up-to-date: /home/omar/code/robotics_project/ros2_ws/install/kuka_cybertech_support/share/kuka_cybertech_support/meshes/kr16_r2010_2/collision/base_link.stl
-- Up-to-date: /home/omar/code/robotics_project/ros2_ws/install/kuka_cybertech_support/share/kuka_cybertech_support/meshes/kr16_r2010_2/collision/link_6.stl
-- Up-to-date: /home/omar/code/robotics_project/ros2_ws/install/kuka_cybertech_support/share/kuka_cybertech_support/meshes/kr16_r2010_2/collision/link_3.stl
-- Up-to-date: /home/omar/code/robotics_project/ros2_ws/install/kuka_cybertech_support/share/kuka_cybertech_support/meshes/kr16_r2010_2/collision/link_1.stl
-- Up-to-date: /home/omar/code/robotics_project/ros2_ws/install/kuka_cybertech_support/share/kuka_cybertech_support/meshes/kr8_r2100_2_arc_hw
-- Up-to-date: /home/omar/code/robotics_project/ros2_ws/install/kuka_cybertech_support/share/kuka_cybertech_support/meshes/kr8_r2100_2_arc_hw/visual
-- Up-to-date: /home/omar/code/robotics_project/ros2_ws/install/kuka_cybertech_support/share/kuka_cybertech_support/meshes/kr8_r2100_2_arc_hw/visual/link_5.dae
-- Up-to-date: /home/omar/code/robotics_project/ros2_ws/install/kuka_cybertech_support/share/kuka_cybertech_support/meshes/kr8_r2100_2_arc_hw/visual/link_1.dae
-- Up-to-date: /home/omar/code/robotics_project/ros2_ws/install/kuka_cybertech_support/share/kuka_cybertech_support/meshes/kr8_r2100_2_arc_hw/visual/link_4.dae
-- Up-to-date: /home/omar/code/robotics_project/ros2_ws/install/kuka_cybertech_support/share/kuka_cybertech_support/meshes/kr8_r2100_2_arc_hw/visual/base_link.dae
-- Up-to-date: /home/omar/code/robotics_project/ros2_ws/install/kuka_cybertech_support/share/kuka_cybertech_support/meshes/kr8_r2100_2_arc_hw/visual/link_3.dae
-- Up-to-date: /home/omar/code/robotics_project/ros2_ws/install/kuka_cybertech_support/share/kuka_cybertech_support/meshes/kr8_r2100_2_arc_hw/visual/link_2.dae
-- Up-to-date: /home/omar/code/robotics_project/ros2_ws/install/kuka_cybertech_support/share/kuka_cybertech_support/meshes/kr8_r2100_2_arc_hw/visual/link_6.dae
-- Up-to-date: /home/omar/code/robotics_project/ros2_ws/install/kuka_cybertech_support/share/kuka_cybertech_support/meshes/kr8_r2100_2_arc_hw/collision
-- Up-to-date: /home/omar/code/robotics_project/ros2_ws/install/kuka_cybertech_support/share/kuka_cybertech_support/meshes/kr8_r2100_2_arc_hw/collision/link_5.stl
-- Up-to-date: /home/omar/code/robotics_project/ros2_ws/install/kuka_cybertech_support/share/kuka_cybertech_support/meshes/kr8_r2100_2_arc_hw/collision/link_4.stl
-- Up-to-date: /home/omar/code/robotics_project/ros2_ws/install/kuka_cybertech_support/share/kuka_cybertech_support/meshes/kr8_r2100_2_arc_hw/collision/link_2.stl
-- Up-to-date: /home/omar/code/robotics_project/ros2_ws/install/kuka_cybertech_support/share/kuka_cybertech_support/meshes/kr8_r2100_2_arc_hw/collision/base_link.stl
-- Up-to-date: /home/omar/code/robotics_project/ros2_ws/install/kuka_cybertech_support/share/kuka_cybertech_support/meshes/kr8_r2100_2_arc_hw/collision/link_6.stl
-- Up-to-date: /home/omar/code/robotics_project/ros2_ws/install/kuka_cybertech_support/share/kuka_cybertech_support/meshes/kr8_r2100_2_arc_hw/collision/link_3.stl
-- Up-to-date: /home/omar/code/robotics_project/ros2_ws/install/kuka_cybertech_support/share/kuka_cybertech_support/meshes/kr8_r2100_2_arc_hw/collision/link_1.stl
-- Up-to-date: /home/omar/code/robotics_project/ros2_ws/install/kuka_cybertech_support/share/kuka_cybertech_support/meshes/kr8_r1440_2_arc_hw
-- Up-to-date: /home/omar/code/robotics_project/ros2_ws/install/kuka_cybertech_support/share/kuka_cybertech_support/meshes/kr8_r1440_2_arc_hw/visual
-- Up-to-date: /home/omar/code/robotics_project/ros2_ws/install/kuka_cybertech_support/share/kuka_cybertech_support/meshes/kr8_r1440_2_arc_hw/visual/link_5.dae
-- Up-to-date: /home/omar/code/robotics_project/ros2_ws/install/kuka_cybertech_support/share/kuka_cybertech_support/meshes/kr8_r1440_2_arc_hw/visual/link_1.dae
-- Up-to-date: /home/omar/code/robotics_project/ros2_ws/install/kuka_cybertech_support/share/kuka_cybertech_support/meshes/kr8_r1440_2_arc_hw/visual/link_4.dae
-- Up-to-date: /home/omar/code/robotics_project/ros2_ws/install/kuka_cybertech_support/share/kuka_cybertech_support/meshes/kr8_r1440_2_arc_hw/visual/base_link.dae
-- Up-to-date: /home/omar/code/robotics_project/ros2_ws/install/kuka_cybertech_support/share/kuka_cybertech_support/meshes/kr8_r1440_2_arc_hw/visual/link_3.dae
-- Up-to-date: /home/omar/code/robotics_project/ros2_ws/install/kuka_cybertech_support/share/kuka_cybertech_support/meshes/kr8_r1440_2_arc_hw/visual/link_2.dae
-- Up-to-date: /home/omar/code/robotics_project/ros2_ws/install/kuka_cybertech_support/share/kuka_cybertech_support/meshes/kr8_r1440_2_arc_hw/visual/link_6.dae
-- Up-to-date: /home/omar/code/robotics_project/ros2_ws/install/kuka_cybertech_support/share/kuka_cybertech_support/meshes/kr8_r1440_2_arc_hw/collision
-- Up-to-date: /home/omar/code/robotics_project/ros2_ws/install/kuka_cybertech_support/share/kuka_cybertech_support/meshes/kr8_r1440_2_arc_hw/collision/link_5.stl
-- Up-to-date: /home/omar/code/robotics_project/ros2_ws/install/kuka_cybertech_support/share/kuka_cybertech_support/meshes/kr8_r1440_2_arc_hw/collision/link_4.stl
-- Up-to-date: /home/omar/code/robotics_project/ros2_ws/install/kuka_cybertech_support/share/kuka_cybertech_support/meshes/kr8_r1440_2_arc_hw/collision/link_2.stl
-- Up-to-date: /home/omar/code/robotics_project/ros2_ws/install/kuka_cybertech_support/share/kuka_cybertech_support/meshes/kr8_r1440_2_arc_hw/collision/base_link.stl
-- Up-to-date: /home/omar/code/robotics_project/ros2_ws/install/kuka_cybertech_support/share/kuka_cybertech_support/meshes/kr8_r1440_2_arc_hw/collision/link_6.stl
-- Up-to-date: /home/omar/code/robotics_project/ros2_ws/install/kuka_cybertech_support/share/kuka_cybertech_support/meshes/kr8_r1440_2_arc_hw/collision/link_3.stl
-- Up-to-date: /home/omar/code/robotics_project/ros2_ws/install/kuka_cybertech_support/share/kuka_cybertech_support/meshes/kr8_r1440_2_arc_hw/collision/link_1.stl
-- Up-to-date: /home/omar/code/robotics_project/ros2_ws/install/kuka_cybertech_support/share/kuka_cybertech_support/meshes/kr12_r1450_3_hw
-- Up-to-date: /home/omar/code/robotics_project/ros2_ws/install/kuka_cybertech_support/share/kuka_cybertech_support/meshes/kr12_r1450_3_hw/visual
-- Up-to-date: /home/omar/code/robotics_project/ros2_ws/install/kuka_cybertech_support/share/kuka_cybertech_support/meshes/kr12_r1450_3_hw/visual/link_5.dae
-- Up-to-date: /home/omar/code/robotics_project/ros2_ws/install/kuka_cybertech_support/share/kuka_cybertech_support/meshes/kr12_r1450_3_hw/visual/link_1.dae
-- Up-to-date: /home/omar/code/robotics_project/ros2_ws/install/kuka_cybertech_support/share/kuka_cybertech_support/meshes/kr12_r1450_3_hw/visual/link_4.dae
-- Up-to-date: /home/omar/code/robotics_project/ros2_ws/install/kuka_cybertech_support/share/kuka_cybertech_support/meshes/kr12_r1450_3_hw/visual/base_link.dae
-- Up-to-date: /home/omar/code/robotics_project/ros2_ws/install/kuka_cybertech_support/share/kuka_cybertech_support/meshes/kr12_r1450_3_hw/visual/link_3.dae
-- Up-to-date: /home/omar/code/robotics_project/ros2_ws/install/kuka_cybertech_support/share/kuka_cybertech_support/meshes/kr12_r1450_3_hw/visual/link_2.dae
-- Up-to-date: /home/omar/code/robotics_project/ros2_ws/install/kuka_cybertech_support/share/kuka_cybertech_support/meshes/kr12_r1450_3_hw/visual/link_6.dae
-- Up-to-date: /home/omar/code/robotics_project/ros2_ws/install/kuka_cybertech_support/share/kuka_cybertech_support/meshes/kr12_r1450_3_hw/collision
-- Up-to-date: /home/omar/code/robotics_project/ros2_ws/install/kuka_cybertech_support/share/kuka_cybertech_support/meshes/kr12_r1450_3_hw/collision/link_5.stl
-- Up-to-date: /home/omar/code/robotics_project/ros2_ws/install/kuka_cybertech_support/share/kuka_cybertech_support/meshes/kr12_r1450_3_hw/collision/link_4.stl
-- Up-to-date: /home/omar/code/robotics_project/ros2_ws/install/kuka_cybertech_support/share/kuka_cybertech_support/meshes/kr12_r1450_3_hw/collision/link_2.stl
-- Up-to-date: /home/omar/code/robotics_project/ros2_ws/install/kuka_cybertech_support/share/kuka_cybertech_support/meshes/kr12_r1450_3_hw/collision/base_link.stl
-- Up-to-date: /home/omar/code/robotics_project/ros2_ws/install/kuka_cybertech_support/share/kuka_cybertech_support/meshes/kr12_r1450_3_hw/collision/link_6.stl
-- Up-to-date: /home/omar/code/robotics_project/ros2_ws/install/kuka_cybertech_support/share/kuka_cybertech_support/meshes/kr12_r1450_3_hw/collision/link_3.stl
-- Up-to-date: /home/omar/code/robotics_project/ros2_ws/install/kuka_cybertech_support/share/kuka_cybertech_support/meshes/kr12_r1450_3_hw/collision/link_1.stl
-- Up-to-date: /home/omar/code/robotics_project/ros2_ws/install/kuka_cybertech_support/share/kuka_cybertech_support/meshes/kr16_r1610_2
-- Up-to-date: /home/omar/code/robotics_project/ros2_ws/install/kuka_cybertech_support/share/kuka_cybertech_support/meshes/kr16_r1610_2/visual
-- Up-to-date: /home/omar/code/robotics_project/ros2_ws/install/kuka_cybertech_support/share/kuka_cybertech_support/meshes/kr16_r1610_2/visual/link_5.dae
-- Up-to-date: /home/omar/code/robotics_project/ros2_ws/install/kuka_cybertech_support/share/kuka_cybertech_support/meshes/kr16_r1610_2/visual/link_1.dae
-- Up-to-date: /home/omar/code/robotics_project/ros2_ws/install/kuka_cybertech_support/share/kuka_cybertech_support/meshes/kr16_r1610_2/visual/link_4.dae
-- Up-to-date: /home/omar/code/robotics_project/ros2_ws/install/kuka_cybertech_support/share/kuka_cybertech_support/meshes/kr16_r1610_2/visual/base_link.dae
-- Up-to-date: /home/omar/code/robotics_project/ros2_ws/install/kuka_cybertech_support/share/kuka_cybertech_support/meshes/kr16_r1610_2/visual/link_3.dae
-- Up-to-date: /home/omar/code/robotics_project/ros2_ws/install/kuka_cybertech_support/share/kuka_cybertech_support/meshes/kr16_r1610_2/visual/link_2.dae
-- Up-to-date: /home/omar/code/robotics_project/ros2_ws/install/kuka_cybertech_support/share/kuka_cybertech_support/meshes/kr16_r1610_2/visual/link_6.dae
-- Up-to-date: /home/omar/code/robotics_project/ros2_ws/install/kuka_cybertech_support/share/kuka_cybertech_support/meshes/kr16_r1610_2/collision
-- Up-to-date: /home/omar/code/robotics_project/ros2_ws/install/kuka_cybertech_support/share/kuka_cybertech_support/meshes/kr16_r1610_2/collision/link_5.stl
-- Up-to-date: /home/omar/code/robotics_project/ros2_ws/install/kuka_cybertech_support/share/kuka_cybertech_support/meshes/kr16_r1610_2/collision/link_4.stl
-- Up-to-date: /home/omar/code/robotics_project/ros2_ws/install/kuka_cybertech_support/share/kuka_cybertech_support/meshes/kr16_r1610_2/collision/link_2.stl
-- Up-to-date: /home/omar/code/robotics_project/ros2_ws/install/kuka_cybertech_support/share/kuka_cybertech_support/meshes/kr16_r1610_2/collision/base_link.stl
-- Up-to-date: /home/omar/code/robotics_project/ros2_ws/install/kuka_cybertech_support/share/kuka_cybertech_support/meshes/kr16_r1610_2/collision/link_6.stl
-- Up-to-date: /home/omar/code/robotics_project/ros2_ws/install/kuka_cybertech_support/share/kuka_cybertech_support/meshes/kr16_r1610_2/collision/link_3.stl
-- Up-to-date: /home/omar/code/robotics_project/ros2_ws/install/kuka_cybertech_support/share/kuka_cybertech_support/meshes/kr16_r1610_2/collision/link_1.stl
-- Up-to-date: /home/omar/code/robotics_project/ros2_ws/install/kuka_cybertech_support/share/kuka_cybertech_support/urdf
-- Up-to-date: /home/omar/code/robotics_project/ros2_ws/install/kuka_cybertech_support/share/kuka_cybertech_support/urdf/kr12_r1450_3_hw.urdf.xacro
-- Up-to-date: /home/omar/code/robotics_project/ros2_ws/install/kuka_cybertech_support/share/kuka_cybertech_support/urdf/kr8_r1440_2_arc_hw.urdf.xacro
-- Up-to-date: /home/omar/code/robotics_project/ros2_ws/install/kuka_cybertech_support/share/kuka_cybertech_support/urdf/kr_cybertech_ros2_control_macro.xacro
-- Up-to-date: /home/omar/code/robotics_project/ros2_ws/install/kuka_cybertech_support/share/kuka_cybertech_support/urdf/kr16_r1610_2_macro.xacro
-- Up-to-date: /home/omar/code/robotics_project/ros2_ws/install/kuka_cybertech_support/share/kuka_cybertech_support/urdf/kr8_r2100_2_arc_hw_macro.xacro
-- Up-to-date: /home/omar/code/robotics_project/ros2_ws/install/kuka_cybertech_support/share/kuka_cybertech_support/urdf/kr20_r1810_2.urdf.xacro
-- Up-to-date: /home/omar/code/robotics_project/ros2_ws/install/kuka_cybertech_support/share/kuka_cybertech_support/urdf/kr20_r1810_2_macro.xacro
-- Up-to-date: /home/omar/code/robotics_project/ros2_ws/install/kuka_cybertech_support/share/kuka_cybertech_support/urdf/kr16_r1610_2.urdf.xacro
-- Up-to-date: /home/omar/code/robotics_project/ros2_ws/install/kuka_cybertech_support/share/kuka_cybertech_support/urdf/kr8_r2100_2_arc_hw.urdf.xacro
-- Up-to-date: /home/omar/code/robotics_project/ros2_ws/install/kuka_cybertech_support/share/kuka_cybertech_support/urdf/kr12_r1450_3_hw_macro.xacro
-- Up-to-date: /home/omar/code/robotics_project/ros2_ws/install/kuka_cybertech_support/share/kuka_cybertech_support/urdf/kr8_r1440_2_arc_hw_macro.xacro
-- Up-to-date: /home/omar/code/robotics_project/ros2_ws/install/kuka_cybertech_support/share/kuka_cybertech_support/urdf/kr16_r2010_2_macro.xacro
-- Up-to-date: /home/omar/code/robotics_project/ros2_ws/install/kuka_cybertech_support/share/kuka_cybertech_support/urdf/kr16_r2010_2.urdf.xacro
-- Up-to-date: /home/omar/code/robotics_project/ros2_ws/install/kuka_cybertech_support/share/kuka_cybertech_support/environment/kuka_cybertech_support.dsv
-- Up-to-date: /home/omar/code/robotics_project/ros2_ws/install/kuka_cybertech_support/share/ament_index/resource_index/package_run_dependencies/kuka_cybertech_support
-- Up-to-date: /home/omar/code/robotics_project/ros2_ws/install/kuka_cybertech_support/share/ament_index/resource_index/parent_prefix_path/kuka_cybertech_support
-- Up-to-date: /home/omar/code/robotics_project/ros2_ws/install/kuka_cybertech_support/share/kuka_cybertech_support/environment/ament_prefix_path.sh
-- Up-to-date: /home/omar/code/robotics_project/ros2_ws/install/kuka_cybertech_support/share/kuka_cybertech_support/environment/ament_prefix_path.dsv
-- Up-to-date: /home/omar/code/robotics_project/ros2_ws/install/kuka_cybertech_support/share/kuka_cybertech_support/environment/path.sh
-- Up-to-date: /home/omar/code/robotics_project/ros2_ws/install/kuka_cybertech_support/share/kuka_cybertech_support/environment/path.dsv
-- Up-to-date: /home/omar/code/robotics_project/ros2_ws/install/kuka_cybertech_support/share/kuka_cybertech_support/local_setup.bash
-- Up-to-date: /home/omar/code/robotics_project/ros2_ws/install/kuka_cybertech_support/share/kuka_cybertech_support/local_setup.sh
-- Up-to-date: /home/omar/code/robotics_project/ros2_ws/install/kuka_cybertech_support/share/kuka_cybertech_support/local_setup.zsh
-- Up-to-date: /home/omar/code/robotics_project/ros2_ws/install/kuka_cybertech_support/share/kuka_cybertech_support/local_setup.dsv
-- Installing: /home/omar/code/robotics_project/ros2_ws/install/kuka_cybertech_support/share/kuka_cybertech_support/package.dsv
-- Up-to-date: /home/omar/code/robotics_project/ros2_ws/install/kuka_cybertech_support/share/ament_index/resource_index/packages/kuka_cybertech_support
-- Up-to-date: /home/omar/code/robotics_project/ros2_ws/install/kuka_cybertech_support/share/kuka_cybertech_support/cmake/kuka_cybertech_supportConfig.cmake
-- Up-to-date: /home/omar/code/robotics_project/ros2_ws/install/kuka_cybertech_support/share/kuka_cybertech_support/cmake/kuka_cybertech_supportConfig-version.cmake
-- Up-to-date: /home/omar/code/robotics_project/ros2_ws/install/kuka_cybertech_support/share/kuka_cybertech_support/package.xml
