[0.075s] Invoking command in '/home/omar/code/robotics_project/ros2_ws/build/kuka_lbr_iiwa_moveit_config': AMENT_PREFIX_PATH=/home/omar/code/robotics_project/ros2_ws/install/kuka_resources:${AMENT_PREFIX_PATH} CMAKE_PREFIX_PATH=/home/omar/code/robotics_project/ros2_ws/install/kuka_resources:/opt/ros/jazzy/opt/gz_sim_vendor:/opt/ros/jazzy/opt/gz_sensors_vendor:/opt/ros/jazzy/opt/gz_physics_vendor:/opt/ros/jazzy/opt/sdformat_vendor:/opt/ros/jazzy/opt/gz_gui_vendor:/opt/ros/jazzy/opt/gz_transport_vendor:/opt/ros/jazzy/opt/gz_rendering_vendor:/opt/ros/jazzy/opt/gz_plugin_vendor:/opt/ros/jazzy/opt/gz_fuel_tools_vendor:/opt/ros/jazzy/opt/gz_msgs_vendor:/opt/ros/jazzy/opt/gz_common_vendor:/opt/ros/jazzy/opt/gz_math_vendor:/opt/ros/jazzy/opt/gz_utils_vendor:/opt/ros/jazzy/opt/gz_tools_vendor:/opt/ros/jazzy/opt/gz_ogre_next_vendor:/opt/ros/jazzy/opt/gz_dartsim_vendor:/opt/ros/jazzy/opt/gz_cmake_vendor:/opt/ros/jazzy /usr/bin/cmake --build /home/omar/code/robotics_project/ros2_ws/build/kuka_lbr_iiwa_moveit_config -- -j8 -l8
[0.132s] [100%] Built target kuka_lbr_iiwa_moveit_config_iiwa14
[0.163s] Invoked command in '/home/omar/code/robotics_project/ros2_ws/build/kuka_lbr_iiwa_moveit_config' returned '0': AMENT_PREFIX_PATH=/home/omar/code/robotics_project/ros2_ws/install/kuka_resources:${AMENT_PREFIX_PATH} CMAKE_PREFIX_PATH=/home/omar/code/robotics_project/ros2_ws/install/kuka_resources:/opt/ros/jazzy/opt/gz_sim_vendor:/opt/ros/jazzy/opt/gz_sensors_vendor:/opt/ros/jazzy/opt/gz_physics_vendor:/opt/ros/jazzy/opt/sdformat_vendor:/opt/ros/jazzy/opt/gz_gui_vendor:/opt/ros/jazzy/opt/gz_transport_vendor:/opt/ros/jazzy/opt/gz_rendering_vendor:/opt/ros/jazzy/opt/gz_plugin_vendor:/opt/ros/jazzy/opt/gz_fuel_tools_vendor:/opt/ros/jazzy/opt/gz_msgs_vendor:/opt/ros/jazzy/opt/gz_common_vendor:/opt/ros/jazzy/opt/gz_math_vendor:/opt/ros/jazzy/opt/gz_utils_vendor:/opt/ros/jazzy/opt/gz_tools_vendor:/opt/ros/jazzy/opt/gz_ogre_next_vendor:/opt/ros/jazzy/opt/gz_dartsim_vendor:/opt/ros/jazzy/opt/gz_cmake_vendor:/opt/ros/jazzy /usr/bin/cmake --build /home/omar/code/robotics_project/ros2_ws/build/kuka_lbr_iiwa_moveit_config -- -j8 -l8
[0.164s] Invoking command in '/home/omar/code/robotics_project/ros2_ws/build/kuka_lbr_iiwa_moveit_config': AMENT_PREFIX_PATH=/home/omar/code/robotics_project/ros2_ws/install/kuka_resources:${AMENT_PREFIX_PATH} CMAKE_PREFIX_PATH=/home/omar/code/robotics_project/ros2_ws/install/kuka_resources:/opt/ros/jazzy/opt/gz_sim_vendor:/opt/ros/jazzy/opt/gz_sensors_vendor:/opt/ros/jazzy/opt/gz_physics_vendor:/opt/ros/jazzy/opt/sdformat_vendor:/opt/ros/jazzy/opt/gz_gui_vendor:/opt/ros/jazzy/opt/gz_transport_vendor:/opt/ros/jazzy/opt/gz_rendering_vendor:/opt/ros/jazzy/opt/gz_plugin_vendor:/opt/ros/jazzy/opt/gz_fuel_tools_vendor:/opt/ros/jazzy/opt/gz_msgs_vendor:/opt/ros/jazzy/opt/gz_common_vendor:/opt/ros/jazzy/opt/gz_math_vendor:/opt/ros/jazzy/opt/gz_utils_vendor:/opt/ros/jazzy/opt/gz_tools_vendor:/opt/ros/jazzy/opt/gz_ogre_next_vendor:/opt/ros/jazzy/opt/gz_dartsim_vendor:/opt/ros/jazzy/opt/gz_cmake_vendor:/opt/ros/jazzy /usr/bin/cmake --install /home/omar/code/robotics_project/ros2_ws/build/kuka_lbr_iiwa_moveit_config
[0.173s] -- Install configuration: ""
[0.174s] -- Up-to-date: /home/omar/code/robotics_project/ros2_ws/install/kuka_lbr_iiwa_moveit_config/share/kuka_lbr_iiwa_moveit_config/urdf/lbr_iiwa14_r820.srdf
[0.174s] -- Up-to-date: /home/omar/code/robotics_project/ros2_ws/install/kuka_lbr_iiwa_moveit_config/share/kuka_lbr_iiwa_moveit_config/config
[0.174s] -- Up-to-date: /home/omar/code/robotics_project/ros2_ws/install/kuka_lbr_iiwa_moveit_config/share/kuka_lbr_iiwa_moveit_config/config/chomp_planning.yaml
[0.174s] -- Up-to-date: /home/omar/code/robotics_project/ros2_ws/install/kuka_lbr_iiwa_moveit_config/share/kuka_lbr_iiwa_moveit_config/config/kinematics.yaml
[0.174s] -- Up-to-date: /home/omar/code/robotics_project/ros2_ws/install/kuka_lbr_iiwa_moveit_config/share/kuka_lbr_iiwa_moveit_config/config/pilz_cartesian_limits.yaml
[0.174s] -- Up-to-date: /home/omar/code/robotics_project/ros2_ws/install/kuka_lbr_iiwa_moveit_config/share/kuka_lbr_iiwa_moveit_config/config/ompl_planning.yaml
[0.174s] -- Up-to-date: /home/omar/code/robotics_project/ros2_ws/install/kuka_lbr_iiwa_moveit_config/share/kuka_lbr_iiwa_moveit_config/config/moveit_controllers.yaml
[0.174s] -- Up-to-date: /home/omar/code/robotics_project/ros2_ws/install/kuka_lbr_iiwa_moveit_config/share/kuka_lbr_iiwa_moveit_config/config/stomp_planning.yaml
[0.174s] -- Up-to-date: /home/omar/code/robotics_project/ros2_ws/install/kuka_lbr_iiwa_moveit_config/share/kuka_lbr_iiwa_moveit_config/launch
[0.174s] -- Up-to-date: /home/omar/code/robotics_project/ros2_ws/install/kuka_lbr_iiwa_moveit_config/share/kuka_lbr_iiwa_moveit_config/launch/moveit_planning_fake_hardware.launch.py
[0.174s] -- Up-to-date: /home/omar/code/robotics_project/ros2_ws/install/kuka_lbr_iiwa_moveit_config/share/kuka_lbr_iiwa_moveit_config/launch/moveit_server.launch.py
[0.175s] -- Up-to-date: /home/omar/code/robotics_project/ros2_ws/install/kuka_lbr_iiwa_moveit_config/share/ament_index/resource_index/package_run_dependencies/kuka_lbr_iiwa_moveit_config
[0.175s] -- Up-to-date: /home/omar/code/robotics_project/ros2_ws/install/kuka_lbr_iiwa_moveit_config/share/ament_index/resource_index/parent_prefix_path/kuka_lbr_iiwa_moveit_config
[0.175s] -- Up-to-date: /home/omar/code/robotics_project/ros2_ws/install/kuka_lbr_iiwa_moveit_config/share/kuka_lbr_iiwa_moveit_config/environment/ament_prefix_path.sh
[0.175s] -- Up-to-date: /home/omar/code/robotics_project/ros2_ws/install/kuka_lbr_iiwa_moveit_config/share/kuka_lbr_iiwa_moveit_config/environment/ament_prefix_path.dsv
[0.175s] -- Up-to-date: /home/omar/code/robotics_project/ros2_ws/install/kuka_lbr_iiwa_moveit_config/share/kuka_lbr_iiwa_moveit_config/environment/path.sh
[0.175s] -- Up-to-date: /home/omar/code/robotics_project/ros2_ws/install/kuka_lbr_iiwa_moveit_config/share/kuka_lbr_iiwa_moveit_config/environment/path.dsv
[0.176s] -- Up-to-date: /home/omar/code/robotics_project/ros2_ws/install/kuka_lbr_iiwa_moveit_config/share/kuka_lbr_iiwa_moveit_config/local_setup.bash
[0.176s] -- Up-to-date: /home/omar/code/robotics_project/ros2_ws/install/kuka_lbr_iiwa_moveit_config/share/kuka_lbr_iiwa_moveit_config/local_setup.sh
[0.176s] -- Up-to-date: /home/omar/code/robotics_project/ros2_ws/install/kuka_lbr_iiwa_moveit_config/share/kuka_lbr_iiwa_moveit_config/local_setup.zsh
[0.176s] -- Up-to-date: /home/omar/code/robotics_project/ros2_ws/install/kuka_lbr_iiwa_moveit_config/share/kuka_lbr_iiwa_moveit_config/local_setup.dsv
[0.176s] -- Installing: /home/omar/code/robotics_project/ros2_ws/install/kuka_lbr_iiwa_moveit_config/share/kuka_lbr_iiwa_moveit_config/package.dsv
[0.177s] -- Up-to-date: /home/omar/code/robotics_project/ros2_ws/install/kuka_lbr_iiwa_moveit_config/share/ament_index/resource_index/packages/kuka_lbr_iiwa_moveit_config
[0.177s] -- Up-to-date: /home/omar/code/robotics_project/ros2_ws/install/kuka_lbr_iiwa_moveit_config/share/kuka_lbr_iiwa_moveit_config/cmake/kuka_lbr_iiwa_moveit_configConfig.cmake
[0.177s] -- Up-to-date: /home/omar/code/robotics_project/ros2_ws/install/kuka_lbr_iiwa_moveit_config/share/kuka_lbr_iiwa_moveit_config/cmake/kuka_lbr_iiwa_moveit_configConfig-version.cmake
[0.177s] -- Up-to-date: /home/omar/code/robotics_project/ros2_ws/install/kuka_lbr_iiwa_moveit_config/share/kuka_lbr_iiwa_moveit_config/package.xml
[0.180s] Invoked command in '/home/omar/code/robotics_project/ros2_ws/build/kuka_lbr_iiwa_moveit_config' returned '0': AMENT_PREFIX_PATH=/home/omar/code/robotics_project/ros2_ws/install/kuka_resources:${AMENT_PREFIX_PATH} CMAKE_PREFIX_PATH=/home/omar/code/robotics_project/ros2_ws/install/kuka_resources:/opt/ros/jazzy/opt/gz_sim_vendor:/opt/ros/jazzy/opt/gz_sensors_vendor:/opt/ros/jazzy/opt/gz_physics_vendor:/opt/ros/jazzy/opt/sdformat_vendor:/opt/ros/jazzy/opt/gz_gui_vendor:/opt/ros/jazzy/opt/gz_transport_vendor:/opt/ros/jazzy/opt/gz_rendering_vendor:/opt/ros/jazzy/opt/gz_plugin_vendor:/opt/ros/jazzy/opt/gz_fuel_tools_vendor:/opt/ros/jazzy/opt/gz_msgs_vendor:/opt/ros/jazzy/opt/gz_common_vendor:/opt/ros/jazzy/opt/gz_math_vendor:/opt/ros/jazzy/opt/gz_utils_vendor:/opt/ros/jazzy/opt/gz_tools_vendor:/opt/ros/jazzy/opt/gz_ogre_next_vendor:/opt/ros/jazzy/opt/gz_dartsim_vendor:/opt/ros/jazzy/opt/gz_cmake_vendor:/opt/ros/jazzy /usr/bin/cmake --install /home/omar/code/robotics_project/ros2_ws/build/kuka_lbr_iiwa_moveit_config
