[0.301s] Invoking command in '/home/omar/code/robotics_project/ros2_ws/build/kuka_lbr_iisy_support': CMAKE_PREFIX_PATH=/home/omar/code/robotics_project/ros2_ws/install/kuka_resources:/home/omar/code/robotics_project/ros2_ws/install/kuka_gazebo:/home/omar/code/robotics_project/ros2_ws/install/kuka_robot_descriptions:/home/omar/code/robotics_project/ros2_ws/install/kuka_quantec_support:/home/omar/code/robotics_project/ros2_ws/install/kuka_lbr_iiwa_support:/home/omar/code/robotics_project/ros2_ws/install/kuka_lbr_iiwa_moveit_config:/home/omar/code/robotics_project/ros2_ws/install/kuka_lbr_iisy_support:/home/omar/code/robotics_project/ros2_ws/install/kuka_lbr_iisy_moveit_config:/home/omar/code/robotics_project/ros2_ws/install/kuka_kr_moveit_config:/home/omar/code/robotics_project/ros2_ws/install/kuka_iontec_support:/home/omar/code/robotics_project/ros2_ws/install/kuka_fortec_support:/home/omar/code/robotics_project/ros2_ws/install/kuka_cybertech_support:/home/omar/code/robotics_project/ros2_ws/install/kuka_agilus_support:/home/omar/code/robotics_project/ros2_ws/install/kuka_mock_hardware_interface:/home/omar/code/robotics_project/ros2_ws/install/kuka_kl_support:/opt/ros/jazzy/opt/gz_sim_vendor:/opt/ros/jazzy/opt/gz_sensors_vendor:/opt/ros/jazzy/opt/gz_physics_vendor:/opt/ros/jazzy/opt/sdformat_vendor:/opt/ros/jazzy/opt/gz_gui_vendor:/opt/ros/jazzy/opt/gz_transport_vendor:/opt/ros/jazzy/opt/gz_rendering_vendor:/opt/ros/jazzy/opt/gz_plugin_vendor:/opt/ros/jazzy/opt/gz_fuel_tools_vendor:/opt/ros/jazzy/opt/gz_msgs_vendor:/opt/ros/jazzy/opt/gz_common_vendor:/opt/ros/jazzy/opt/gz_math_vendor:/opt/ros/jazzy/opt/gz_utils_vendor:/opt/ros/jazzy/opt/gz_tools_vendor:/opt/ros/jazzy/opt/gz_ogre_next_vendor:/opt/ros/jazzy/opt/gz_dartsim_vendor:/opt/ros/jazzy/opt/gz_cmake_vendor:/home/omar/code/robotics_project/ros2_ws/install/thesis_bringup:/home/omar/code/robotics_project/ros2_ws/install/safety_layer:/home/omar/code/robotics_project/ros2_ws/install/robot_simulation:/home/omar/code/robotics_project/ros2_ws/install/robot_description:/home/omar/code/robotics_project/ros2_ws/install/perception_pipeline:/home/omar/code/robotics_project/ros2_ws/install/peg_in_hole_metrics:/home/omar/code/robotics_project/ros2_ws/install/peg_in_hole_description:/home/omar/code/robotics_project/ros2_ws/install/learning_interface:/home/omar/code/robotics_project/ros2_ws/install/kuka_task_control:/home/omar/code/robotics_project/ros2_ws/install/kuka_description:/home/omar/code/robotics_project/ros2_ws/install/first_robot_demo:/home/omar/code/robotics_project/ros2_ws/install/experiment_manager:/opt/ros/jazzy /usr/bin/cmake --build /home/omar/code/robotics_project/ros2_ws/build/kuka_lbr_iisy_support -- -j8 -l8
[0.454s] Invoked command in '/home/omar/code/robotics_project/ros2_ws/build/kuka_lbr_iisy_support' returned '0': CMAKE_PREFIX_PATH=/home/omar/code/robotics_project/ros2_ws/install/kuka_resources:/home/omar/code/robotics_project/ros2_ws/install/kuka_gazebo:/home/omar/code/robotics_project/ros2_ws/install/kuka_robot_descriptions:/home/omar/code/robotics_project/ros2_ws/install/kuka_quantec_support:/home/omar/code/robotics_project/ros2_ws/install/kuka_lbr_iiwa_support:/home/omar/code/robotics_project/ros2_ws/install/kuka_lbr_iiwa_moveit_config:/home/omar/code/robotics_project/ros2_ws/install/kuka_lbr_iisy_support:/home/omar/code/robotics_project/ros2_ws/install/kuka_lbr_iisy_moveit_config:/home/omar/code/robotics_project/ros2_ws/install/kuka_kr_moveit_config:/home/omar/code/robotics_project/ros2_ws/install/kuka_iontec_support:/home/omar/code/robotics_project/ros2_ws/install/kuka_fortec_support:/home/omar/code/robotics_project/ros2_ws/install/kuka_cybertech_support:/home/omar/code/robotics_project/ros2_ws/install/kuka_agilus_support:/home/omar/code/robotics_project/ros2_ws/install/kuka_mock_hardware_interface:/home/omar/code/robotics_project/ros2_ws/install/kuka_kl_support:/opt/ros/jazzy/opt/gz_sim_vendor:/opt/ros/jazzy/opt/gz_sensors_vendor:/opt/ros/jazzy/opt/gz_physics_vendor:/opt/ros/jazzy/opt/sdformat_vendor:/opt/ros/jazzy/opt/gz_gui_vendor:/opt/ros/jazzy/opt/gz_transport_vendor:/opt/ros/jazzy/opt/gz_rendering_vendor:/opt/ros/jazzy/opt/gz_plugin_vendor:/opt/ros/jazzy/opt/gz_fuel_tools_vendor:/opt/ros/jazzy/opt/gz_msgs_vendor:/opt/ros/jazzy/opt/gz_common_vendor:/opt/ros/jazzy/opt/gz_math_vendor:/opt/ros/jazzy/opt/gz_utils_vendor:/opt/ros/jazzy/opt/gz_tools_vendor:/opt/ros/jazzy/opt/gz_ogre_next_vendor:/opt/ros/jazzy/opt/gz_dartsim_vendor:/opt/ros/jazzy/opt/gz_cmake_vendor:/home/omar/code/robotics_project/ros2_ws/install/thesis_bringup:/home/omar/code/robotics_project/ros2_ws/install/safety_layer:/home/omar/code/robotics_project/ros2_ws/install/robot_simulation:/home/omar/code/robotics_project/ros2_ws/install/robot_description:/home/omar/code/robotics_project/ros2_ws/install/perception_pipeline:/home/omar/code/robotics_project/ros2_ws/install/peg_in_hole_metrics:/home/omar/code/robotics_project/ros2_ws/install/peg_in_hole_description:/home/omar/code/robotics_project/ros2_ws/install/learning_interface:/home/omar/code/robotics_project/ros2_ws/install/kuka_task_control:/home/omar/code/robotics_project/ros2_ws/install/kuka_description:/home/omar/code/robotics_project/ros2_ws/install/first_robot_demo:/home/omar/code/robotics_project/ros2_ws/install/experiment_manager:/opt/ros/jazzy /usr/bin/cmake --build /home/omar/code/robotics_project/ros2_ws/build/kuka_lbr_iisy_support -- -j8 -l8
[0.459s] Invoking command in '/home/omar/code/robotics_project/ros2_ws/build/kuka_lbr_iisy_support': CMAKE_PREFIX_PATH=/home/omar/code/robotics_project/ros2_ws/install/kuka_resources:/home/omar/code/robotics_project/ros2_ws/install/kuka_gazebo:/home/omar/code/robotics_project/ros2_ws/install/kuka_robot_descriptions:/home/omar/code/robotics_project/ros2_ws/install/kuka_quantec_support:/home/omar/code/robotics_project/ros2_ws/install/kuka_lbr_iiwa_support:/home/omar/code/robotics_project/ros2_ws/install/kuka_lbr_iiwa_moveit_config:/home/omar/code/robotics_project/ros2_ws/install/kuka_lbr_iisy_support:/home/omar/code/robotics_project/ros2_ws/install/kuka_lbr_iisy_moveit_config:/home/omar/code/robotics_project/ros2_ws/install/kuka_kr_moveit_config:/home/omar/code/robotics_project/ros2_ws/install/kuka_iontec_support:/home/omar/code/robotics_project/ros2_ws/install/kuka_fortec_support:/home/omar/code/robotics_project/ros2_ws/install/kuka_cybertech_support:/home/omar/code/robotics_project/ros2_ws/install/kuka_agilus_support:/home/omar/code/robotics_project/ros2_ws/install/kuka_mock_hardware_interface:/home/omar/code/robotics_project/ros2_ws/install/kuka_kl_support:/opt/ros/jazzy/opt/gz_sim_vendor:/opt/ros/jazzy/opt/gz_sensors_vendor:/opt/ros/jazzy/opt/gz_physics_vendor:/opt/ros/jazzy/opt/sdformat_vendor:/opt/ros/jazzy/opt/gz_gui_vendor:/opt/ros/jazzy/opt/gz_transport_vendor:/opt/ros/jazzy/opt/gz_rendering_vendor:/opt/ros/jazzy/opt/gz_plugin_vendor:/opt/ros/jazzy/opt/gz_fuel_tools_vendor:/opt/ros/jazzy/opt/gz_msgs_vendor:/opt/ros/jazzy/opt/gz_common_vendor:/opt/ros/jazzy/opt/gz_math_vendor:/opt/ros/jazzy/opt/gz_utils_vendor:/opt/ros/jazzy/opt/gz_tools_vendor:/opt/ros/jazzy/opt/gz_ogre_next_vendor:/opt/ros/jazzy/opt/gz_dartsim_vendor:/opt/ros/jazzy/opt/gz_cmake_vendor:/home/omar/code/robotics_project/ros2_ws/install/thesis_bringup:/home/omar/code/robotics_project/ros2_ws/install/safety_layer:/home/omar/code/robotics_project/ros2_ws/install/robot_simulation:/home/omar/code/robotics_project/ros2_ws/install/robot_description:/home/omar/code/robotics_project/ros2_ws/install/perception_pipeline:/home/omar/code/robotics_project/ros2_ws/install/peg_in_hole_metrics:/home/omar/code/robotics_project/ros2_ws/install/peg_in_hole_description:/home/omar/code/robotics_project/ros2_ws/install/learning_interface:/home/omar/code/robotics_project/ros2_ws/install/kuka_task_control:/home/omar/code/robotics_project/ros2_ws/install/kuka_description:/home/omar/code/robotics_project/ros2_ws/install/first_robot_demo:/home/omar/code/robotics_project/ros2_ws/install/experiment_manager:/opt/ros/jazzy /usr/bin/cmake --install /home/omar/code/robotics_project/ros2_ws/build/kuka_lbr_iisy_support
[0.572s] -- Install configuration: ""
[0.572s] -- Up-to-date: /home/omar/code/robotics_project/ros2_ws/install/kuka_lbr_iisy_support/share/kuka_lbr_iisy_support/launch
[0.572s] -- Up-to-date: /home/omar/code/robotics_project/ros2_ws/install/kuka_lbr_iisy_support/share/kuka_lbr_iisy_support/launch/test_lbr_iisy3_r760.launch.py
[0.572s] -- Up-to-date: /home/omar/code/robotics_project/ros2_ws/install/kuka_lbr_iisy_support/share/kuka_lbr_iisy_support/launch/test_lbr_iisy15_r930.launch.py
[0.572s] -- Up-to-date: /home/omar/code/robotics_project/ros2_ws/install/kuka_lbr_iisy_support/share/kuka_lbr_iisy_support/launch/test_lbr_iisy11_r1300.launch.py
[0.573s] -- Up-to-date: /home/omar/code/robotics_project/ros2_ws/install/kuka_lbr_iisy_support/share/kuka_lbr_iisy_support/meshes
[0.573s] -- Up-to-date: /home/omar/code/robotics_project/ros2_ws/install/kuka_lbr_iisy_support/share/kuka_lbr_iisy_support/meshes/lbr_iisy3_r760
[0.573s] -- Up-to-date: /home/omar/code/robotics_project/ros2_ws/install/kuka_lbr_iisy_support/share/kuka_lbr_iisy_support/meshes/lbr_iisy3_r760/visual
[0.573s] -- Up-to-date: /home/omar/code/robotics_project/ros2_ws/install/kuka_lbr_iisy_support/share/kuka_lbr_iisy_support/meshes/lbr_iisy3_r760/visual/link_5.stl
[0.573s] -- Up-to-date: /home/omar/code/robotics_project/ros2_ws/install/kuka_lbr_iisy_support/share/kuka_lbr_iisy_support/meshes/lbr_iisy3_r760/visual/link_4.stl
[0.573s] -- Up-to-date: /home/omar/code/robotics_project/ros2_ws/install/kuka_lbr_iisy_support/share/kuka_lbr_iisy_support/meshes/lbr_iisy3_r760/visual/link_2.stl
[0.573s] -- Up-to-date: /home/omar/code/robotics_project/ros2_ws/install/kuka_lbr_iisy_support/share/kuka_lbr_iisy_support/meshes/lbr_iisy3_r760/visual/base_link.stl
[0.573s] -- Up-to-date: /home/omar/code/robotics_project/ros2_ws/install/kuka_lbr_iisy_support/share/kuka_lbr_iisy_support/meshes/lbr_iisy3_r760/visual/link_6.stl
[0.573s] -- Up-to-date: /home/omar/code/robotics_project/ros2_ws/install/kuka_lbr_iisy_support/share/kuka_lbr_iisy_support/meshes/lbr_iisy3_r760/visual/link_3.stl
[0.574s] -- Up-to-date: /home/omar/code/robotics_project/ros2_ws/install/kuka_lbr_iisy_support/share/kuka_lbr_iisy_support/meshes/lbr_iisy3_r760/visual/link_1.stl
[0.574s] -- Up-to-date: /home/omar/code/robotics_project/ros2_ws/install/kuka_lbr_iisy_support/share/kuka_lbr_iisy_support/meshes/lbr_iisy3_r760/collision
[0.574s] -- Up-to-date: /home/omar/code/robotics_project/ros2_ws/install/kuka_lbr_iisy_support/share/kuka_lbr_iisy_support/meshes/lbr_iisy3_r760/collision/link_5.stl
[0.574s] -- Up-to-date: /home/omar/code/robotics_project/ros2_ws/install/kuka_lbr_iisy_support/share/kuka_lbr_iisy_support/meshes/lbr_iisy3_r760/collision/link_4.stl
[0.574s] -- Up-to-date: /home/omar/code/robotics_project/ros2_ws/install/kuka_lbr_iisy_support/share/kuka_lbr_iisy_support/meshes/lbr_iisy3_r760/collision/link_2.stl
[0.574s] -- Up-to-date: /home/omar/code/robotics_project/ros2_ws/install/kuka_lbr_iisy_support/share/kuka_lbr_iisy_support/meshes/lbr_iisy3_r760/collision/base_link.stl
[0.574s] -- Up-to-date: /home/omar/code/robotics_project/ros2_ws/install/kuka_lbr_iisy_support/share/kuka_lbr_iisy_support/meshes/lbr_iisy3_r760/collision/link_6.stl
[0.574s] -- Up-to-date: /home/omar/code/robotics_project/ros2_ws/install/kuka_lbr_iisy_support/share/kuka_lbr_iisy_support/meshes/lbr_iisy3_r760/collision/link_3.stl
[0.575s] -- Up-to-date: /home/omar/code/robotics_project/ros2_ws/install/kuka_lbr_iisy_support/share/kuka_lbr_iisy_support/meshes/lbr_iisy3_r760/collision/link_1.stl
[0.575s] -- Up-to-date: /home/omar/code/robotics_project/ros2_ws/install/kuka_lbr_iisy_support/share/kuka_lbr_iisy_support/meshes/lbr_iisy15_r930
[0.575s] -- Up-to-date: /home/omar/code/robotics_project/ros2_ws/install/kuka_lbr_iisy_support/share/kuka_lbr_iisy_support/meshes/lbr_iisy15_r930/visual
[0.575s] -- Up-to-date: /home/omar/code/robotics_project/ros2_ws/install/kuka_lbr_iisy_support/share/kuka_lbr_iisy_support/meshes/lbr_iisy15_r930/visual/link_5.stl
[0.575s] -- Up-to-date: /home/omar/code/robotics_project/ros2_ws/install/kuka_lbr_iisy_support/share/kuka_lbr_iisy_support/meshes/lbr_iisy15_r930/visual/link_4.stl
[0.582s] -- Up-to-date: /home/omar/code/robotics_project/ros2_ws/install/kuka_lbr_iisy_support/share/kuka_lbr_iisy_support/meshes/lbr_iisy15_r930/visual/link_2.stl
[0.583s] -- Up-to-date: /home/omar/code/robotics_project/ros2_ws/install/kuka_lbr_iisy_support/share/kuka_lbr_iisy_support/meshes/lbr_iisy15_r930/visual/base_link.stl
[0.584s] -- Up-to-date: /home/omar/code/robotics_project/ros2_ws/install/kuka_lbr_iisy_support/share/kuka_lbr_iisy_support/meshes/lbr_iisy15_r930/visual/link_6.stl
[0.584s] -- Up-to-date: /home/omar/code/robotics_project/ros2_ws/install/kuka_lbr_iisy_support/share/kuka_lbr_iisy_support/meshes/lbr_iisy15_r930/visual/link_3.stl
[0.584s] -- Up-to-date: /home/omar/code/robotics_project/ros2_ws/install/kuka_lbr_iisy_support/share/kuka_lbr_iisy_support/meshes/lbr_iisy15_r930/visual/link_1.stl
[0.585s] -- Up-to-date: /home/omar/code/robotics_project/ros2_ws/install/kuka_lbr_iisy_support/share/kuka_lbr_iisy_support/meshes/lbr_iisy15_r930/collision
[0.585s] -- Up-to-date: /home/omar/code/robotics_project/ros2_ws/install/kuka_lbr_iisy_support/share/kuka_lbr_iisy_support/meshes/lbr_iisy15_r930/collision/link_5.stl
[0.585s] -- Up-to-date: /home/omar/code/robotics_project/ros2_ws/install/kuka_lbr_iisy_support/share/kuka_lbr_iisy_support/meshes/lbr_iisy15_r930/collision/link_4.stl
[0.585s] -- Up-to-date: /home/omar/code/robotics_project/ros2_ws/install/kuka_lbr_iisy_support/share/kuka_lbr_iisy_support/meshes/lbr_iisy15_r930/collision/link_2.stl
[0.585s] -- Up-to-date: /home/omar/code/robotics_project/ros2_ws/install/kuka_lbr_iisy_support/share/kuka_lbr_iisy_support/meshes/lbr_iisy15_r930/collision/base_link.stl
[0.585s] -- Up-to-date: /home/omar/code/robotics_project/ros2_ws/install/kuka_lbr_iisy_support/share/kuka_lbr_iisy_support/meshes/lbr_iisy15_r930/collision/link_6.stl
[0.585s] -- Up-to-date: /home/omar/code/robotics_project/ros2_ws/install/kuka_lbr_iisy_support/share/kuka_lbr_iisy_support/meshes/lbr_iisy15_r930/collision/link_3.stl
[0.585s] -- Up-to-date: /home/omar/code/robotics_project/ros2_ws/install/kuka_lbr_iisy_support/share/kuka_lbr_iisy_support/meshes/lbr_iisy15_r930/collision/link_1.stl
[0.585s] -- Up-to-date: /home/omar/code/robotics_project/ros2_ws/install/kuka_lbr_iisy_support/share/kuka_lbr_iisy_support/meshes/lbr_iisy11_r1300
[0.585s] -- Up-to-date: /home/omar/code/robotics_project/ros2_ws/install/kuka_lbr_iisy_support/share/kuka_lbr_iisy_support/meshes/lbr_iisy11_r1300/visual
[0.585s] -- Up-to-date: /home/omar/code/robotics_project/ros2_ws/install/kuka_lbr_iisy_support/share/kuka_lbr_iisy_support/meshes/lbr_iisy11_r1300/visual/link_5.stl
[0.585s] -- Up-to-date: /home/omar/code/robotics_project/ros2_ws/install/kuka_lbr_iisy_support/share/kuka_lbr_iisy_support/meshes/lbr_iisy11_r1300/visual/link_4.stl
[0.585s] -- Up-to-date: /home/omar/code/robotics_project/ros2_ws/install/kuka_lbr_iisy_support/share/kuka_lbr_iisy_support/meshes/lbr_iisy11_r1300/visual/link_2.stl
[0.586s] -- Up-to-date: /home/omar/code/robotics_project/ros2_ws/install/kuka_lbr_iisy_support/share/kuka_lbr_iisy_support/meshes/lbr_iisy11_r1300/visual/base_link.stl
[0.586s] -- Up-to-date: /home/omar/code/robotics_project/ros2_ws/install/kuka_lbr_iisy_support/share/kuka_lbr_iisy_support/meshes/lbr_iisy11_r1300/visual/link_6.stl
[0.586s] -- Up-to-date: /home/omar/code/robotics_project/ros2_ws/install/kuka_lbr_iisy_support/share/kuka_lbr_iisy_support/meshes/lbr_iisy11_r1300/visual/link_3.stl
[0.586s] -- Up-to-date: /home/omar/code/robotics_project/ros2_ws/install/kuka_lbr_iisy_support/share/kuka_lbr_iisy_support/meshes/lbr_iisy11_r1300/visual/link_1.stl
[0.586s] -- Up-to-date: /home/omar/code/robotics_project/ros2_ws/install/kuka_lbr_iisy_support/share/kuka_lbr_iisy_support/meshes/lbr_iisy11_r1300/collision
[0.586s] -- Up-to-date: /home/omar/code/robotics_project/ros2_ws/install/kuka_lbr_iisy_support/share/kuka_lbr_iisy_support/meshes/lbr_iisy11_r1300/collision/link_5.stl
[0.586s] -- Up-to-date: /home/omar/code/robotics_project/ros2_ws/install/kuka_lbr_iisy_support/share/kuka_lbr_iisy_support/meshes/lbr_iisy11_r1300/collision/link_4.stl
[0.586s] -- Up-to-date: /home/omar/code/robotics_project/ros2_ws/install/kuka_lbr_iisy_support/share/kuka_lbr_iisy_support/meshes/lbr_iisy11_r1300/collision/link_2.stl
[0.586s] -- Up-to-date: /home/omar/code/robotics_project/ros2_ws/install/kuka_lbr_iisy_support/share/kuka_lbr_iisy_support/meshes/lbr_iisy11_r1300/collision/base_link.stl
[0.586s] -- Up-to-date: /home/omar/code/robotics_project/ros2_ws/install/kuka_lbr_iisy_support/share/kuka_lbr_iisy_support/meshes/lbr_iisy11_r1300/collision/link_6.stl
[0.586s] -- Up-to-date: /home/omar/code/robotics_project/ros2_ws/install/kuka_lbr_iisy_support/share/kuka_lbr_iisy_support/meshes/lbr_iisy11_r1300/collision/link_3.stl
[0.587s] -- Up-to-date: /home/omar/code/robotics_project/ros2_ws/install/kuka_lbr_iisy_support/share/kuka_lbr_iisy_support/meshes/lbr_iisy11_r1300/collision/link_1.stl
[0.587s] -- Up-to-date: /home/omar/code/robotics_project/ros2_ws/install/kuka_lbr_iisy_support/share/kuka_lbr_iisy_support/urdf
[0.587s] -- Up-to-date: /home/omar/code/robotics_project/ros2_ws/install/kuka_lbr_iisy_support/share/kuka_lbr_iisy_support/urdf/lbr_iisy_ros2_control_macro.xacro
[0.587s] -- Up-to-date: /home/omar/code/robotics_project/ros2_ws/install/kuka_lbr_iisy_support/share/kuka_lbr_iisy_support/urdf/lbr_iisy11_r1300_macro.xacro
[0.587s] -- Up-to-date: /home/omar/code/robotics_project/ros2_ws/install/kuka_lbr_iisy_support/share/kuka_lbr_iisy_support/urdf/lbr_iisy15_r930_macro.xacro
[0.587s] -- Up-to-date: /home/omar/code/robotics_project/ros2_ws/install/kuka_lbr_iisy_support/share/kuka_lbr_iisy_support/urdf/lbr_iisy15_r930.urdf.xacro
[0.587s] -- Up-to-date: /home/omar/code/robotics_project/ros2_ws/install/kuka_lbr_iisy_support/share/kuka_lbr_iisy_support/urdf/lbr_iisy3_r760_macro.xacro
[0.587s] -- Up-to-date: /home/omar/code/robotics_project/ros2_ws/install/kuka_lbr_iisy_support/share/kuka_lbr_iisy_support/urdf/lbr_iisy3_r760.urdf.xacro
[0.587s] -- Up-to-date: /home/omar/code/robotics_project/ros2_ws/install/kuka_lbr_iisy_support/share/kuka_lbr_iisy_support/urdf/lbr_iisy11_r1300.urdf.xacro
[0.587s] -- Up-to-date: /home/omar/code/robotics_project/ros2_ws/install/kuka_lbr_iisy_support/share/kuka_lbr_iisy_support/config
[0.587s] -- Up-to-date: /home/omar/code/robotics_project/ros2_ws/install/kuka_lbr_iisy_support/share/kuka_lbr_iisy_support/config/lbr_iisy15_r930_joint_limits.yaml
[0.587s] -- Up-to-date: /home/omar/code/robotics_project/ros2_ws/install/kuka_lbr_iisy_support/share/kuka_lbr_iisy_support/config/lbr_iisy11_r1300_joint_limits.yaml
[0.588s] -- Up-to-date: /home/omar/code/robotics_project/ros2_ws/install/kuka_lbr_iisy_support/share/kuka_lbr_iisy_support/config/lbr_iisy3_r760_joint_limits.yaml
[0.588s] -- Up-to-date: /home/omar/code/robotics_project/ros2_ws/install/kuka_lbr_iisy_support/share/kuka_lbr_iisy_support/environment/kuka_lbr_iisy_support.dsv
[0.588s] -- Up-to-date: /home/omar/code/robotics_project/ros2_ws/install/kuka_lbr_iisy_support/share/ament_index/resource_index/package_run_dependencies/kuka_lbr_iisy_support
[0.588s] -- Up-to-date: /home/omar/code/robotics_project/ros2_ws/install/kuka_lbr_iisy_support/share/ament_index/resource_index/parent_prefix_path/kuka_lbr_iisy_support
[0.588s] -- Up-to-date: /home/omar/code/robotics_project/ros2_ws/install/kuka_lbr_iisy_support/share/kuka_lbr_iisy_support/environment/ament_prefix_path.sh
[0.588s] -- Up-to-date: /home/omar/code/robotics_project/ros2_ws/install/kuka_lbr_iisy_support/share/kuka_lbr_iisy_support/environment/ament_prefix_path.dsv
[0.588s] -- Up-to-date: /home/omar/code/robotics_project/ros2_ws/install/kuka_lbr_iisy_support/share/kuka_lbr_iisy_support/environment/path.sh
[0.588s] -- Up-to-date: /home/omar/code/robotics_project/ros2_ws/install/kuka_lbr_iisy_support/share/kuka_lbr_iisy_support/environment/path.dsv
[0.588s] -- Up-to-date: /home/omar/code/robotics_project/ros2_ws/install/kuka_lbr_iisy_support/share/kuka_lbr_iisy_support/local_setup.bash
[0.588s] -- Up-to-date: /home/omar/code/robotics_project/ros2_ws/install/kuka_lbr_iisy_support/share/kuka_lbr_iisy_support/local_setup.sh
[0.588s] -- Up-to-date: /home/omar/code/robotics_project/ros2_ws/install/kuka_lbr_iisy_support/share/kuka_lbr_iisy_support/local_setup.zsh
[0.588s] -- Up-to-date: /home/omar/code/robotics_project/ros2_ws/install/kuka_lbr_iisy_support/share/kuka_lbr_iisy_support/local_setup.dsv
[0.588s] -- Installing: /home/omar/code/robotics_project/ros2_ws/install/kuka_lbr_iisy_support/share/kuka_lbr_iisy_support/package.dsv
[0.589s] -- Up-to-date: /home/omar/code/robotics_project/ros2_ws/install/kuka_lbr_iisy_support/share/ament_index/resource_index/packages/kuka_lbr_iisy_support
[0.589s] -- Up-to-date: /home/omar/code/robotics_project/ros2_ws/install/kuka_lbr_iisy_support/share/kuka_lbr_iisy_support/cmake/kuka_lbr_iisy_supportConfig.cmake
[0.589s] -- Up-to-date: /home/omar/code/robotics_project/ros2_ws/install/kuka_lbr_iisy_support/share/kuka_lbr_iisy_support/cmake/kuka_lbr_iisy_supportConfig-version.cmake
[0.589s] -- Up-to-date: /home/omar/code/robotics_project/ros2_ws/install/kuka_lbr_iisy_support/share/kuka_lbr_iisy_support/package.xml
[0.592s] Invoked command in '/home/omar/code/robotics_project/ros2_ws/build/kuka_lbr_iisy_support' returned '0': CMAKE_PREFIX_PATH=/home/omar/code/robotics_project/ros2_ws/install/kuka_resources:/home/omar/code/robotics_project/ros2_ws/install/kuka_gazebo:/home/omar/code/robotics_project/ros2_ws/install/kuka_robot_descriptions:/home/omar/code/robotics_project/ros2_ws/install/kuka_quantec_support:/home/omar/code/robotics_project/ros2_ws/install/kuka_lbr_iiwa_support:/home/omar/code/robotics_project/ros2_ws/install/kuka_lbr_iiwa_moveit_config:/home/omar/code/robotics_project/ros2_ws/install/kuka_lbr_iisy_support:/home/omar/code/robotics_project/ros2_ws/install/kuka_lbr_iisy_moveit_config:/home/omar/code/robotics_project/ros2_ws/install/kuka_kr_moveit_config:/home/omar/code/robotics_project/ros2_ws/install/kuka_iontec_support:/home/omar/code/robotics_project/ros2_ws/install/kuka_fortec_support:/home/omar/code/robotics_project/ros2_ws/install/kuka_cybertech_support:/home/omar/code/robotics_project/ros2_ws/install/kuka_agilus_support:/home/omar/code/robotics_project/ros2_ws/install/kuka_mock_hardware_interface:/home/omar/code/robotics_project/ros2_ws/install/kuka_kl_support:/opt/ros/jazzy/opt/gz_sim_vendor:/opt/ros/jazzy/opt/gz_sensors_vendor:/opt/ros/jazzy/opt/gz_physics_vendor:/opt/ros/jazzy/opt/sdformat_vendor:/opt/ros/jazzy/opt/gz_gui_vendor:/opt/ros/jazzy/opt/gz_transport_vendor:/opt/ros/jazzy/opt/gz_rendering_vendor:/opt/ros/jazzy/opt/gz_plugin_vendor:/opt/ros/jazzy/opt/gz_fuel_tools_vendor:/opt/ros/jazzy/opt/gz_msgs_vendor:/opt/ros/jazzy/opt/gz_common_vendor:/opt/ros/jazzy/opt/gz_math_vendor:/opt/ros/jazzy/opt/gz_utils_vendor:/opt/ros/jazzy/opt/gz_tools_vendor:/opt/ros/jazzy/opt/gz_ogre_next_vendor:/opt/ros/jazzy/opt/gz_dartsim_vendor:/opt/ros/jazzy/opt/gz_cmake_vendor:/home/omar/code/robotics_project/ros2_ws/install/thesis_bringup:/home/omar/code/robotics_project/ros2_ws/install/safety_layer:/home/omar/code/robotics_project/ros2_ws/install/robot_simulation:/home/omar/code/robotics_project/ros2_ws/install/robot_description:/home/omar/code/robotics_project/ros2_ws/install/perception_pipeline:/home/omar/code/robotics_project/ros2_ws/install/peg_in_hole_metrics:/home/omar/code/robotics_project/ros2_ws/install/peg_in_hole_description:/home/omar/code/robotics_project/ros2_ws/install/learning_interface:/home/omar/code/robotics_project/ros2_ws/install/kuka_task_control:/home/omar/code/robotics_project/ros2_ws/install/kuka_description:/home/omar/code/robotics_project/ros2_ws/install/first_robot_demo:/home/omar/code/robotics_project/ros2_ws/install/experiment_manager:/opt/ros/jazzy /usr/bin/cmake --install /home/omar/code/robotics_project/ros2_ws/build/kuka_lbr_iisy_support
