[INFO] [launch]: All log files can be found below /tmp/ros2_logs/2026-05-24-16-45-05-100051-DESKTOP-GVPFGND-16001
[INFO] [launch]: Default logging verbosity is set to INFO
[INFO] [launch.user]: proposal_simulation_cell_v1_0: Isaac Sim unavailable; using ROS 2/Gazebo-compatible fallback scene. No MoveIt, /compute_ik, real robot, controller execution, or FollowJointTrajectory is used.
[INFO] [gazebo-1]: process started with pid [16006]
[INFO] [parameter_bridge-2]: process started with pid [16007]
[INFO] [robot_state_publisher-3]: process started with pid [16009]
[INFO] [proposal_simulation_cell_monitor-4]: process started with pid [16010]
[robot_state_publisher-3] [INFO] [1779630305.651525175] [proposal_lbr_iisy6_r1300_robot_state_publisher]: Robot initialized
[parameter_bridge-2] [INFO] [1779630305.671984276] [proposal_simulation_cell_gz_bridge]: Creating GZ->ROS Bridge: [/clock (gz.msgs.Clock) -> /clock (rosgraph_msgs/msg/Clock)] (Lazy 0)
[proposal_simulation_cell_monitor-4] [INFO] [1779630306.089109702] [proposal_simulation_cell_v1_0_monitor]: proposal_simulation_cell_v1_0 monitor started
[proposal_simulation_cell_monitor-4] [INFO] [1779630306.778095045] [proposal_simulation_cell_v1_0_monitor]: phase=initialize_scene
[proposal_simulation_cell_monitor-4] [INFO] [1779630307.478931889] [proposal_simulation_cell_v1_0_monitor]: phase=verify_robot_loaded
[proposal_simulation_cell_monitor-4] [INFO] [1779630308.178111433] [proposal_simulation_cell_v1_0_monitor]: phase=verify_camera
[gazebo-1] libEGL warning: failed to open /dev/dri/renderD128: Permission denied
[gazebo-1] 
[gazebo-1] libEGL warning: failed to open /dev/dri/renderD128: Permission denied
[gazebo-1] 
[gazebo-1] libEGL warning: failed to open /dev/dri/card0: Permission denied
[gazebo-1] 
[proposal_simulation_cell_monitor-4] [INFO] [1779630308.878348777] [proposal_simulation_cell_v1_0_monitor]: phase=verify_task_frames
[proposal_simulation_cell_monitor-4] [INFO] [1779630309.577800221] [proposal_simulation_cell_v1_0_monitor]: phase=verify_contact_interfaces
[proposal_simulation_cell_monitor-4] [INFO] [1779630310.278152865] [proposal_simulation_cell_v1_0_monitor]: phase=ready_for_control_development
[proposal_simulation_cell_monitor-4] [INFO] [1779630311.078778915] [proposal_simulation_cell_v1_0_monitor]: proposal_simulation_cell_v1_0 diagnostics written
[INFO] [proposal_simulation_cell_monitor-4]: process has finished cleanly [pid 16010]
[INFO] [robot_state_publisher-3]: sending signal 'SIGINT' to process[robot_state_publisher-3]
[INFO] [parameter_bridge-2]: sending signal 'SIGINT' to process[parameter_bridge-2]
[INFO] [gazebo-1]: sending signal 'SIGINT' to process[gazebo-1]
[robot_state_publisher-3] [INFO] [1779630311.236340725] [rclcpp]: signal_handler(SIGINT/SIGTERM)
[parameter_bridge-2] [INFO] [1779630311.236749025] [rclcpp]: signal_handler(SIGINT/SIGTERM)
[INFO] [parameter_bridge-2]: process has finished cleanly [pid 16007]
[INFO] [robot_state_publisher-3]: process has finished cleanly [pid 16009]
[ERROR] [gazebo-1]: process[gazebo-1] failed to terminate '5' seconds after receiving 'SIGINT', escalating to 'SIGTERM'
[INFO] [gazebo-1]: sending signal 'SIGTERM' to process[gazebo-1]
[ERROR] [gazebo-1]: process has died [pid 16006, exit code -15, cmd 'ruby /opt/ros/jazzy/opt/gz_tools_vendor/bin/gz sim /home/omar/code/robotics_project/ros2_ws/install/peg_in_hole_description/share/peg_in_hole_description/worlds/proposal_simulation_cell_v1_0.world.sdf -s -r -v1 --force-version 8'].
