[0.194s] DEBUG:colcon:Command line arguments: ['/usr/bin/colcon', 'build', '--packages-select', 'kuka_task_control']
[0.194s] DEBUG:colcon:Parsed command line arguments: Namespace(log_base=None, log_level=None, verb_name='build', build_base='build', install_base='install', merge_install=False, symlink_install=False, test_result_base=None, continue_on_error=False, executor='parallel', parallel_workers=8, event_handlers=None, ignore_user_meta=False, metas=['./colcon.meta'], base_paths=['.'], packages_ignore=None, packages_ignore_regex=None, paths=None, packages_up_to=None, packages_up_to_regex=None, packages_above=None, packages_above_and_dependencies=None, packages_above_depth=None, packages_select_by_dep=None, packages_skip_by_dep=None, packages_skip_up_to=None, packages_select_build_failed=False, packages_skip_build_finished=False, packages_select_test_failures=False, packages_skip_test_passed=False, packages_select=['kuka_task_control'], packages_skip=None, packages_select_regex=None, packages_skip_regex=None, packages_start=None, packages_end=None, allow_overriding=[], cmake_args=None, cmake_target=None, cmake_target_skip_unavailable=False, cmake_clean_cache=False, cmake_clean_first=False, cmake_force_configure=False, ament_cmake_args=None, catkin_cmake_args=None, catkin_skip_building_tests=False, mixin_files=None, mixin=None, verb_parser=<colcon_mixin.mixin.mixin_argument.MixinArgumentDecorator object at 0x7f8aa9413230>, verb_extension=<colcon_core.verb.build.BuildVerb object at 0x7f8aa95564b0>, main=<bound method BuildVerb.main of <colcon_core.verb.build.BuildVerb object at 0x7f8aa95564b0>>, mixin_verb=('build',))
[0.230s] Level 1:colcon.colcon_core.package_discovery:discover_packages(colcon_meta) check parameters
[0.230s] Level 1:colcon.colcon_core.package_discovery:discover_packages(recursive) check parameters
[0.230s] Level 1:colcon.colcon_core.package_discovery:discover_packages(ignore) check parameters
[0.230s] Level 1:colcon.colcon_core.package_discovery:discover_packages(path) check parameters
[0.230s] Level 1:colcon.colcon_core.package_discovery:discover_packages(colcon_meta) discover
[0.230s] Level 1:colcon.colcon_core.package_discovery:discover_packages(recursive) discover
[0.230s] INFO:colcon.colcon_core.package_discovery:Crawling recursively for packages in '/home/omar/code/robotics_project/ros2_ws'
[0.230s] Level 1:colcon.colcon_core.package_identification:_identify(.) by extensions ['ignore', 'ignore_ament_install']
[0.230s] Level 1:colcon.colcon_core.package_identification:_identify(.) by extension 'ignore'
[0.230s] Level 1:colcon.colcon_core.package_identification:_identify(.) by extension 'ignore_ament_install'
[0.231s] Level 1:colcon.colcon_core.package_identification:_identify(.) by extensions ['colcon_pkg']
[0.231s] Level 1:colcon.colcon_core.package_identification:_identify(.) by extension 'colcon_pkg'
[0.231s] Level 1:colcon.colcon_core.package_identification:_identify(.) by extensions ['colcon_meta']
[0.231s] Level 1:colcon.colcon_core.package_identification:_identify(.) by extension 'colcon_meta'
[0.231s] Level 1:colcon.colcon_core.package_identification:_identify(.) by extensions ['ros']
[0.231s] Level 1:colcon.colcon_core.package_identification:_identify(.) by extension 'ros'
[0.255s] Level 1:colcon.colcon_core.package_identification:_identify(.) by extensions ['cmake', 'python']
[0.255s] Level 1:colcon.colcon_core.package_identification:_identify(.) by extension 'cmake'
[0.255s] Level 1:colcon.colcon_core.package_identification:_identify(.) by extension 'python'
[0.255s] Level 1:colcon.colcon_core.package_identification:_identify(.) by extensions ['python_setup_py']
[0.255s] Level 1:colcon.colcon_core.package_identification:_identify(.) by extension 'python_setup_py'
[0.256s] Level 1:colcon.colcon_core.package_identification:_identify(build) by extensions ['ignore', 'ignore_ament_install']
[0.256s] Level 1:colcon.colcon_core.package_identification:_identify(build) by extension 'ignore'
[0.256s] Level 1:colcon.colcon_core.package_identification:_identify(build) ignored
[0.256s] Level 1:colcon.colcon_core.package_identification:_identify(install) by extensions ['ignore', 'ignore_ament_install']
[0.256s] Level 1:colcon.colcon_core.package_identification:_identify(install) by extension 'ignore'
[0.256s] Level 1:colcon.colcon_core.package_identification:_identify(install) ignored
[0.256s] Level 1:colcon.colcon_core.package_identification:_identify(log) by extensions ['ignore', 'ignore_ament_install']
[0.256s] Level 1:colcon.colcon_core.package_identification:_identify(log) by extension 'ignore'
[0.256s] Level 1:colcon.colcon_core.package_identification:_identify(log) ignored
[0.256s] Level 1:colcon.colcon_core.package_identification:_identify(results) by extensions ['ignore', 'ignore_ament_install']
[0.256s] Level 1:colcon.colcon_core.package_identification:_identify(results) by extension 'ignore'
[0.256s] Level 1:colcon.colcon_core.package_identification:_identify(results) by extension 'ignore_ament_install'
[0.256s] Level 1:colcon.colcon_core.package_identification:_identify(results) by extensions ['colcon_pkg']
[0.256s] Level 1:colcon.colcon_core.package_identification:_identify(results) by extension 'colcon_pkg'
[0.256s] Level 1:colcon.colcon_core.package_identification:_identify(results) by extensions ['colcon_meta']
[0.256s] Level 1:colcon.colcon_core.package_identification:_identify(results) by extension 'colcon_meta'
[0.256s] Level 1:colcon.colcon_core.package_identification:_identify(results) by extensions ['ros']
[0.257s] Level 1:colcon.colcon_core.package_identification:_identify(results) by extension 'ros'
[0.257s] Level 1:colcon.colcon_core.package_identification:_identify(results) by extensions ['cmake', 'python']
[0.257s] Level 1:colcon.colcon_core.package_identification:_identify(results) by extension 'cmake'
[0.257s] Level 1:colcon.colcon_core.package_identification:_identify(results) by extension 'python'
[0.257s] Level 1:colcon.colcon_core.package_identification:_identify(results) by extensions ['python_setup_py']
[0.257s] Level 1:colcon.colcon_core.package_identification:_identify(results) by extension 'python_setup_py'
[0.257s] Level 1:colcon.colcon_core.package_identification:_identify(results/baseline_trials) by extensions ['ignore', 'ignore_ament_install']
[0.257s] Level 1:colcon.colcon_core.package_identification:_identify(results/baseline_trials) by extension 'ignore'
[0.257s] Level 1:colcon.colcon_core.package_identification:_identify(results/baseline_trials) by extension 'ignore_ament_install'
[0.257s] Level 1:colcon.colcon_core.package_identification:_identify(results/baseline_trials) by extensions ['colcon_pkg']
[0.257s] Level 1:colcon.colcon_core.package_identification:_identify(results/baseline_trials) by extension 'colcon_pkg'
[0.257s] Level 1:colcon.colcon_core.package_identification:_identify(results/baseline_trials) by extensions ['colcon_meta']
[0.257s] Level 1:colcon.colcon_core.package_identification:_identify(results/baseline_trials) by extension 'colcon_meta'
[0.257s] Level 1:colcon.colcon_core.package_identification:_identify(results/baseline_trials) by extensions ['ros']
[0.257s] Level 1:colcon.colcon_core.package_identification:_identify(results/baseline_trials) by extension 'ros'
[0.257s] Level 1:colcon.colcon_core.package_identification:_identify(results/baseline_trials) by extensions ['cmake', 'python']
[0.257s] Level 1:colcon.colcon_core.package_identification:_identify(results/baseline_trials) by extension 'cmake'
[0.257s] Level 1:colcon.colcon_core.package_identification:_identify(results/baseline_trials) by extension 'python'
[0.257s] Level 1:colcon.colcon_core.package_identification:_identify(results/baseline_trials) by extensions ['python_setup_py']
[0.257s] Level 1:colcon.colcon_core.package_identification:_identify(results/baseline_trials) by extension 'python_setup_py'
[0.257s] Level 1:colcon.colcon_core.package_identification:_identify(results/baseline_trials/baseline_v0_1_20260514T154848697569Z) by extensions ['ignore', 'ignore_ament_install']
[0.257s] Level 1:colcon.colcon_core.package_identification:_identify(results/baseline_trials/baseline_v0_1_20260514T154848697569Z) by extension 'ignore'
[0.258s] Level 1:colcon.colcon_core.package_identification:_identify(results/baseline_trials/baseline_v0_1_20260514T154848697569Z) by extension 'ignore_ament_install'
[0.258s] Level 1:colcon.colcon_core.package_identification:_identify(results/baseline_trials/baseline_v0_1_20260514T154848697569Z) by extensions ['colcon_pkg']
[0.258s] Level 1:colcon.colcon_core.package_identification:_identify(results/baseline_trials/baseline_v0_1_20260514T154848697569Z) by extension 'colcon_pkg'
[0.258s] Level 1:colcon.colcon_core.package_identification:_identify(results/baseline_trials/baseline_v0_1_20260514T154848697569Z) by extensions ['colcon_meta']
[0.258s] Level 1:colcon.colcon_core.package_identification:_identify(results/baseline_trials/baseline_v0_1_20260514T154848697569Z) by extension 'colcon_meta'
[0.258s] Level 1:colcon.colcon_core.package_identification:_identify(results/baseline_trials/baseline_v0_1_20260514T154848697569Z) by extensions ['ros']
[0.258s] Level 1:colcon.colcon_core.package_identification:_identify(results/baseline_trials/baseline_v0_1_20260514T154848697569Z) by extension 'ros'
[0.258s] Level 1:colcon.colcon_core.package_identification:_identify(results/baseline_trials/baseline_v0_1_20260514T154848697569Z) by extensions ['cmake', 'python']
[0.258s] Level 1:colcon.colcon_core.package_identification:_identify(results/baseline_trials/baseline_v0_1_20260514T154848697569Z) by extension 'cmake'
[0.258s] Level 1:colcon.colcon_core.package_identification:_identify(results/baseline_trials/baseline_v0_1_20260514T154848697569Z) by extension 'python'
[0.258s] Level 1:colcon.colcon_core.package_identification:_identify(results/baseline_trials/baseline_v0_1_20260514T154848697569Z) by extensions ['python_setup_py']
[0.258s] Level 1:colcon.colcon_core.package_identification:_identify(results/baseline_trials/baseline_v0_1_20260514T154848697569Z) by extension 'python_setup_py'
[0.258s] Level 1:colcon.colcon_core.package_identification:_identify(results/baseline_trials/baseline_v0_1_20260514T155418988768Z) by extensions ['ignore', 'ignore_ament_install']
[0.258s] Level 1:colcon.colcon_core.package_identification:_identify(results/baseline_trials/baseline_v0_1_20260514T155418988768Z) by extension 'ignore'
[0.258s] Level 1:colcon.colcon_core.package_identification:_identify(results/baseline_trials/baseline_v0_1_20260514T155418988768Z) by extension 'ignore_ament_install'
[0.258s] Level 1:colcon.colcon_core.package_identification:_identify(results/baseline_trials/baseline_v0_1_20260514T155418988768Z) by extensions ['colcon_pkg']
[0.258s] Level 1:colcon.colcon_core.package_identification:_identify(results/baseline_trials/baseline_v0_1_20260514T155418988768Z) by extension 'colcon_pkg'
[0.258s] Level 1:colcon.colcon_core.package_identification:_identify(results/baseline_trials/baseline_v0_1_20260514T155418988768Z) by extensions ['colcon_meta']
[0.258s] Level 1:colcon.colcon_core.package_identification:_identify(results/baseline_trials/baseline_v0_1_20260514T155418988768Z) by extension 'colcon_meta'
[0.258s] Level 1:colcon.colcon_core.package_identification:_identify(results/baseline_trials/baseline_v0_1_20260514T155418988768Z) by extensions ['ros']
[0.258s] Level 1:colcon.colcon_core.package_identification:_identify(results/baseline_trials/baseline_v0_1_20260514T155418988768Z) by extension 'ros'
[0.258s] Level 1:colcon.colcon_core.package_identification:_identify(results/baseline_trials/baseline_v0_1_20260514T155418988768Z) by extensions ['cmake', 'python']
[0.258s] Level 1:colcon.colcon_core.package_identification:_identify(results/baseline_trials/baseline_v0_1_20260514T155418988768Z) by extension 'cmake'
[0.258s] Level 1:colcon.colcon_core.package_identification:_identify(results/baseline_trials/baseline_v0_1_20260514T155418988768Z) by extension 'python'
[0.258s] Level 1:colcon.colcon_core.package_identification:_identify(results/baseline_trials/baseline_v0_1_20260514T155418988768Z) by extensions ['python_setup_py']
[0.259s] Level 1:colcon.colcon_core.package_identification:_identify(results/baseline_trials/baseline_v0_1_20260514T155418988768Z) by extension 'python_setup_py'
[0.259s] Level 1:colcon.colcon_core.package_identification:_identify(results/baseline_trials/baseline_v0_1_20260514T164851947678Z) by extensions ['ignore', 'ignore_ament_install']
[0.259s] Level 1:colcon.colcon_core.package_identification:_identify(results/baseline_trials/baseline_v0_1_20260514T164851947678Z) by extension 'ignore'
[0.259s] Level 1:colcon.colcon_core.package_identification:_identify(results/baseline_trials/baseline_v0_1_20260514T164851947678Z) by extension 'ignore_ament_install'
[0.259s] Level 1:colcon.colcon_core.package_identification:_identify(results/baseline_trials/baseline_v0_1_20260514T164851947678Z) by extensions ['colcon_pkg']
[0.259s] Level 1:colcon.colcon_core.package_identification:_identify(results/baseline_trials/baseline_v0_1_20260514T164851947678Z) by extension 'colcon_pkg'
[0.259s] Level 1:colcon.colcon_core.package_identification:_identify(results/baseline_trials/baseline_v0_1_20260514T164851947678Z) by extensions ['colcon_meta']
[0.259s] Level 1:colcon.colcon_core.package_identification:_identify(results/baseline_trials/baseline_v0_1_20260514T164851947678Z) by extension 'colcon_meta'
[0.259s] Level 1:colcon.colcon_core.package_identification:_identify(results/baseline_trials/baseline_v0_1_20260514T164851947678Z) by extensions ['ros']
[0.259s] Level 1:colcon.colcon_core.package_identification:_identify(results/baseline_trials/baseline_v0_1_20260514T164851947678Z) by extension 'ros'
[0.259s] Level 1:colcon.colcon_core.package_identification:_identify(results/baseline_trials/baseline_v0_1_20260514T164851947678Z) by extensions ['cmake', 'python']
[0.259s] Level 1:colcon.colcon_core.package_identification:_identify(results/baseline_trials/baseline_v0_1_20260514T164851947678Z) by extension 'cmake'
[0.259s] Level 1:colcon.colcon_core.package_identification:_identify(results/baseline_trials/baseline_v0_1_20260514T164851947678Z) by extension 'python'
[0.259s] Level 1:colcon.colcon_core.package_identification:_identify(results/baseline_trials/baseline_v0_1_20260514T164851947678Z) by extensions ['python_setup_py']
[0.259s] Level 1:colcon.colcon_core.package_identification:_identify(results/baseline_trials/baseline_v0_1_20260514T164851947678Z) by extension 'python_setup_py'
[0.259s] Level 1:colcon.colcon_core.package_identification:_identify(src) by extensions ['ignore', 'ignore_ament_install']
[0.259s] Level 1:colcon.colcon_core.package_identification:_identify(src) by extension 'ignore'
[0.259s] Level 1:colcon.colcon_core.package_identification:_identify(src) by extension 'ignore_ament_install'
[0.260s] Level 1:colcon.colcon_core.package_identification:_identify(src) by extensions ['colcon_pkg']
[0.260s] Level 1:colcon.colcon_core.package_identification:_identify(src) by extension 'colcon_pkg'
[0.260s] Level 1:colcon.colcon_core.package_identification:_identify(src) by extensions ['colcon_meta']
[0.260s] Level 1:colcon.colcon_core.package_identification:_identify(src) by extension 'colcon_meta'
[0.260s] Level 1:colcon.colcon_core.package_identification:_identify(src) by extensions ['ros']
[0.260s] Level 1:colcon.colcon_core.package_identification:_identify(src) by extension 'ros'
[0.260s] Level 1:colcon.colcon_core.package_identification:_identify(src) by extensions ['cmake', 'python']
[0.260s] Level 1:colcon.colcon_core.package_identification:_identify(src) by extension 'cmake'
[0.260s] Level 1:colcon.colcon_core.package_identification:_identify(src) by extension 'python'
[0.260s] Level 1:colcon.colcon_core.package_identification:_identify(src) by extensions ['python_setup_py']
[0.260s] Level 1:colcon.colcon_core.package_identification:_identify(src) by extension 'python_setup_py'
[0.260s] Level 1:colcon.colcon_core.package_identification:_identify(src/experiment_manager) by extensions ['ignore', 'ignore_ament_install']
[0.260s] Level 1:colcon.colcon_core.package_identification:_identify(src/experiment_manager) by extension 'ignore'
[0.260s] Level 1:colcon.colcon_core.package_identification:_identify(src/experiment_manager) by extension 'ignore_ament_install'
[0.260s] Level 1:colcon.colcon_core.package_identification:_identify(src/experiment_manager) by extensions ['colcon_pkg']
[0.260s] Level 1:colcon.colcon_core.package_identification:_identify(src/experiment_manager) by extension 'colcon_pkg'
[0.260s] Level 1:colcon.colcon_core.package_identification:_identify(src/experiment_manager) by extensions ['colcon_meta']
[0.260s] Level 1:colcon.colcon_core.package_identification:_identify(src/experiment_manager) by extension 'colcon_meta'
[0.260s] Level 1:colcon.colcon_core.package_identification:_identify(src/experiment_manager) by extensions ['ros']
[0.260s] Level 1:colcon.colcon_core.package_identification:_identify(src/experiment_manager) by extension 'ros'
[0.262s] DEBUG:colcon.colcon_core.package_identification:Package 'src/experiment_manager' with type 'ros.ament_python' and name 'experiment_manager'
[0.263s] Level 1:colcon.colcon_core.package_identification:_identify(src/external) by extensions ['ignore', 'ignore_ament_install']
[0.263s] Level 1:colcon.colcon_core.package_identification:_identify(src/external) by extension 'ignore'
[0.263s] Level 1:colcon.colcon_core.package_identification:_identify(src/external) by extension 'ignore_ament_install'
[0.263s] Level 1:colcon.colcon_core.package_identification:_identify(src/external) by extensions ['colcon_pkg']
[0.263s] Level 1:colcon.colcon_core.package_identification:_identify(src/external) by extension 'colcon_pkg'
[0.263s] Level 1:colcon.colcon_core.package_identification:_identify(src/external) by extensions ['colcon_meta']
[0.263s] Level 1:colcon.colcon_core.package_identification:_identify(src/external) by extension 'colcon_meta'
[0.263s] Level 1:colcon.colcon_core.package_identification:_identify(src/external) by extensions ['ros']
[0.263s] Level 1:colcon.colcon_core.package_identification:_identify(src/external) by extension 'ros'
[0.263s] Level 1:colcon.colcon_core.package_identification:_identify(src/external) by extensions ['cmake', 'python']
[0.263s] Level 1:colcon.colcon_core.package_identification:_identify(src/external) by extension 'cmake'
[0.263s] Level 1:colcon.colcon_core.package_identification:_identify(src/external) by extension 'python'
[0.263s] Level 1:colcon.colcon_core.package_identification:_identify(src/external) by extensions ['python_setup_py']
[0.263s] Level 1:colcon.colcon_core.package_identification:_identify(src/external) by extension 'python_setup_py'
[0.263s] Level 1:colcon.colcon_core.package_identification:_identify(src/external/kuka_robot_descriptions) by extensions ['ignore', 'ignore_ament_install']
[0.263s] Level 1:colcon.colcon_core.package_identification:_identify(src/external/kuka_robot_descriptions) by extension 'ignore'
[0.263s] Level 1:colcon.colcon_core.package_identification:_identify(src/external/kuka_robot_descriptions) by extension 'ignore_ament_install'
[0.263s] Level 1:colcon.colcon_core.package_identification:_identify(src/external/kuka_robot_descriptions) by extensions ['colcon_pkg']
[0.263s] Level 1:colcon.colcon_core.package_identification:_identify(src/external/kuka_robot_descriptions) by extension 'colcon_pkg'
[0.263s] Level 1:colcon.colcon_core.package_identification:_identify(src/external/kuka_robot_descriptions) by extensions ['colcon_meta']
[0.263s] Level 1:colcon.colcon_core.package_identification:_identify(src/external/kuka_robot_descriptions) by extension 'colcon_meta'
[0.263s] Level 1:colcon.colcon_core.package_identification:_identify(src/external/kuka_robot_descriptions) by extensions ['ros']
[0.264s] Level 1:colcon.colcon_core.package_identification:_identify(src/external/kuka_robot_descriptions) by extension 'ros'
[0.264s] Level 1:colcon.colcon_core.package_identification:_identify(src/external/kuka_robot_descriptions) by extensions ['cmake', 'python']
[0.264s] Level 1:colcon.colcon_core.package_identification:_identify(src/external/kuka_robot_descriptions) by extension 'cmake'
[0.264s] Level 1:colcon.colcon_core.package_identification:_identify(src/external/kuka_robot_descriptions) by extension 'python'
[0.264s] Level 1:colcon.colcon_core.package_identification:_identify(src/external/kuka_robot_descriptions) by extensions ['python_setup_py']
[0.264s] Level 1:colcon.colcon_core.package_identification:_identify(src/external/kuka_robot_descriptions) by extension 'python_setup_py'
[0.264s] Level 1:colcon.colcon_core.package_identification:_identify(src/external/kuka_robot_descriptions/kuka_agilus_support) by extensions ['ignore', 'ignore_ament_install']
[0.264s] Level 1:colcon.colcon_core.package_identification:_identify(src/external/kuka_robot_descriptions/kuka_agilus_support) by extension 'ignore'
[0.264s] Level 1:colcon.colcon_core.package_identification:_identify(src/external/kuka_robot_descriptions/kuka_agilus_support) by extension 'ignore_ament_install'
[0.264s] Level 1:colcon.colcon_core.package_identification:_identify(src/external/kuka_robot_descriptions/kuka_agilus_support) by extensions ['colcon_pkg']
[0.264s] Level 1:colcon.colcon_core.package_identification:_identify(src/external/kuka_robot_descriptions/kuka_agilus_support) by extension 'colcon_pkg'
[0.264s] Level 1:colcon.colcon_core.package_identification:_identify(src/external/kuka_robot_descriptions/kuka_agilus_support) by extensions ['colcon_meta']
[0.264s] Level 1:colcon.colcon_core.package_identification:_identify(src/external/kuka_robot_descriptions/kuka_agilus_support) by extension 'colcon_meta'
[0.264s] Level 1:colcon.colcon_core.package_identification:_identify(src/external/kuka_robot_descriptions/kuka_agilus_support) by extensions ['ros']
[0.264s] Level 1:colcon.colcon_core.package_identification:_identify(src/external/kuka_robot_descriptions/kuka_agilus_support) by extension 'ros'
[0.265s] DEBUG:colcon.colcon_core.package_identification:Package 'src/external/kuka_robot_descriptions/kuka_agilus_support' with type 'ros.ament_cmake' and name 'kuka_agilus_support'
[0.265s] Level 1:colcon.colcon_core.package_identification:_identify(src/external/kuka_robot_descriptions/kuka_cybertech_support) by extensions ['ignore', 'ignore_ament_install']
[0.265s] Level 1:colcon.colcon_core.package_identification:_identify(src/external/kuka_robot_descriptions/kuka_cybertech_support) by extension 'ignore'
[0.265s] Level 1:colcon.colcon_core.package_identification:_identify(src/external/kuka_robot_descriptions/kuka_cybertech_support) by extension 'ignore_ament_install'
[0.265s] Level 1:colcon.colcon_core.package_identification:_identify(src/external/kuka_robot_descriptions/kuka_cybertech_support) by extensions ['colcon_pkg']
[0.265s] Level 1:colcon.colcon_core.package_identification:_identify(src/external/kuka_robot_descriptions/kuka_cybertech_support) by extension 'colcon_pkg'
[0.265s] Level 1:colcon.colcon_core.package_identification:_identify(src/external/kuka_robot_descriptions/kuka_cybertech_support) by extensions ['colcon_meta']
[0.265s] Level 1:colcon.colcon_core.package_identification:_identify(src/external/kuka_robot_descriptions/kuka_cybertech_support) by extension 'colcon_meta'
[0.265s] Level 1:colcon.colcon_core.package_identification:_identify(src/external/kuka_robot_descriptions/kuka_cybertech_support) by extensions ['ros']
[0.265s] Level 1:colcon.colcon_core.package_identification:_identify(src/external/kuka_robot_descriptions/kuka_cybertech_support) by extension 'ros'
[0.266s] DEBUG:colcon.colcon_core.package_identification:Package 'src/external/kuka_robot_descriptions/kuka_cybertech_support' with type 'ros.ament_cmake' and name 'kuka_cybertech_support'
[0.266s] Level 1:colcon.colcon_core.package_identification:_identify(src/external/kuka_robot_descriptions/kuka_fortec_support) by extensions ['ignore', 'ignore_ament_install']
[0.266s] Level 1:colcon.colcon_core.package_identification:_identify(src/external/kuka_robot_descriptions/kuka_fortec_support) by extension 'ignore'
[0.266s] Level 1:colcon.colcon_core.package_identification:_identify(src/external/kuka_robot_descriptions/kuka_fortec_support) by extension 'ignore_ament_install'
[0.266s] Level 1:colcon.colcon_core.package_identification:_identify(src/external/kuka_robot_descriptions/kuka_fortec_support) by extensions ['colcon_pkg']
[0.266s] Level 1:colcon.colcon_core.package_identification:_identify(src/external/kuka_robot_descriptions/kuka_fortec_support) by extension 'colcon_pkg'
[0.266s] Level 1:colcon.colcon_core.package_identification:_identify(src/external/kuka_robot_descriptions/kuka_fortec_support) by extensions ['colcon_meta']
[0.266s] Level 1:colcon.colcon_core.package_identification:_identify(src/external/kuka_robot_descriptions/kuka_fortec_support) by extension 'colcon_meta'
[0.266s] Level 1:colcon.colcon_core.package_identification:_identify(src/external/kuka_robot_descriptions/kuka_fortec_support) by extensions ['ros']
[0.266s] Level 1:colcon.colcon_core.package_identification:_identify(src/external/kuka_robot_descriptions/kuka_fortec_support) by extension 'ros'
[0.267s] DEBUG:colcon.colcon_core.package_identification:Package 'src/external/kuka_robot_descriptions/kuka_fortec_support' with type 'ros.ament_cmake' and name 'kuka_fortec_support'
[0.267s] Level 1:colcon.colcon_core.package_identification:_identify(src/external/kuka_robot_descriptions/kuka_gazebo) by extensions ['ignore', 'ignore_ament_install']
[0.267s] Level 1:colcon.colcon_core.package_identification:_identify(src/external/kuka_robot_descriptions/kuka_gazebo) by extension 'ignore'
[0.267s] Level 1:colcon.colcon_core.package_identification:_identify(src/external/kuka_robot_descriptions/kuka_gazebo) by extension 'ignore_ament_install'
[0.267s] Level 1:colcon.colcon_core.package_identification:_identify(src/external/kuka_robot_descriptions/kuka_gazebo) by extensions ['colcon_pkg']
[0.267s] Level 1:colcon.colcon_core.package_identification:_identify(src/external/kuka_robot_descriptions/kuka_gazebo) by extension 'colcon_pkg'
[0.267s] Level 1:colcon.colcon_core.package_identification:_identify(src/external/kuka_robot_descriptions/kuka_gazebo) by extensions ['colcon_meta']
[0.267s] Level 1:colcon.colcon_core.package_identification:_identify(src/external/kuka_robot_descriptions/kuka_gazebo) by extension 'colcon_meta'
[0.267s] Level 1:colcon.colcon_core.package_identification:_identify(src/external/kuka_robot_descriptions/kuka_gazebo) by extensions ['ros']
[0.267s] Level 1:colcon.colcon_core.package_identification:_identify(src/external/kuka_robot_descriptions/kuka_gazebo) by extension 'ros'
[0.268s] DEBUG:colcon.colcon_core.package_identification:Package 'src/external/kuka_robot_descriptions/kuka_gazebo' with type 'ros.ament_cmake' and name 'kuka_gazebo'
[0.268s] Level 1:colcon.colcon_core.package_identification:_identify(src/external/kuka_robot_descriptions/kuka_iontec_support) by extensions ['ignore', 'ignore_ament_install']
[0.268s] Level 1:colcon.colcon_core.package_identification:_identify(src/external/kuka_robot_descriptions/kuka_iontec_support) by extension 'ignore'
[0.268s] Level 1:colcon.colcon_core.package_identification:_identify(src/external/kuka_robot_descriptions/kuka_iontec_support) by extension 'ignore_ament_install'
[0.268s] Level 1:colcon.colcon_core.package_identification:_identify(src/external/kuka_robot_descriptions/kuka_iontec_support) by extensions ['colcon_pkg']
[0.268s] Level 1:colcon.colcon_core.package_identification:_identify(src/external/kuka_robot_descriptions/kuka_iontec_support) by extension 'colcon_pkg'
[0.268s] Level 1:colcon.colcon_core.package_identification:_identify(src/external/kuka_robot_descriptions/kuka_iontec_support) by extensions ['colcon_meta']
[0.268s] Level 1:colcon.colcon_core.package_identification:_identify(src/external/kuka_robot_descriptions/kuka_iontec_support) by extension 'colcon_meta'
[0.268s] Level 1:colcon.colcon_core.package_identification:_identify(src/external/kuka_robot_descriptions/kuka_iontec_support) by extensions ['ros']
[0.268s] Level 1:colcon.colcon_core.package_identification:_identify(src/external/kuka_robot_descriptions/kuka_iontec_support) by extension 'ros'
[0.269s] DEBUG:colcon.colcon_core.package_identification:Package 'src/external/kuka_robot_descriptions/kuka_iontec_support' with type 'ros.ament_cmake' and name 'kuka_iontec_support'
[0.269s] Level 1:colcon.colcon_core.package_identification:_identify(src/external/kuka_robot_descriptions/kuka_kl_support) by extensions ['ignore', 'ignore_ament_install']
[0.269s] Level 1:colcon.colcon_core.package_identification:_identify(src/external/kuka_robot_descriptions/kuka_kl_support) by extension 'ignore'
[0.269s] Level 1:colcon.colcon_core.package_identification:_identify(src/external/kuka_robot_descriptions/kuka_kl_support) by extension 'ignore_ament_install'
[0.269s] Level 1:colcon.colcon_core.package_identification:_identify(src/external/kuka_robot_descriptions/kuka_kl_support) by extensions ['colcon_pkg']
[0.269s] Level 1:colcon.colcon_core.package_identification:_identify(src/external/kuka_robot_descriptions/kuka_kl_support) by extension 'colcon_pkg'
[0.269s] Level 1:colcon.colcon_core.package_identification:_identify(src/external/kuka_robot_descriptions/kuka_kl_support) by extensions ['colcon_meta']
[0.269s] Level 1:colcon.colcon_core.package_identification:_identify(src/external/kuka_robot_descriptions/kuka_kl_support) by extension 'colcon_meta'
[0.269s] Level 1:colcon.colcon_core.package_identification:_identify(src/external/kuka_robot_descriptions/kuka_kl_support) by extensions ['ros']
[0.269s] Level 1:colcon.colcon_core.package_identification:_identify(src/external/kuka_robot_descriptions/kuka_kl_support) by extension 'ros'
[0.270s] DEBUG:colcon.colcon_core.package_identification:Package 'src/external/kuka_robot_descriptions/kuka_kl_support' with type 'ros.ament_cmake' and name 'kuka_kl_support'
[0.270s] Level 1:colcon.colcon_core.package_identification:_identify(src/external/kuka_robot_descriptions/kuka_kr_moveit_config) by extensions ['ignore', 'ignore_ament_install']
[0.270s] Level 1:colcon.colcon_core.package_identification:_identify(src/external/kuka_robot_descriptions/kuka_kr_moveit_config) by extension 'ignore'
[0.270s] Level 1:colcon.colcon_core.package_identification:_identify(src/external/kuka_robot_descriptions/kuka_kr_moveit_config) by extension 'ignore_ament_install'
[0.270s] Level 1:colcon.colcon_core.package_identification:_identify(src/external/kuka_robot_descriptions/kuka_kr_moveit_config) by extensions ['colcon_pkg']
[0.270s] Level 1:colcon.colcon_core.package_identification:_identify(src/external/kuka_robot_descriptions/kuka_kr_moveit_config) by extension 'colcon_pkg'
[0.270s] Level 1:colcon.colcon_core.package_identification:_identify(src/external/kuka_robot_descriptions/kuka_kr_moveit_config) by extensions ['colcon_meta']
[0.270s] Level 1:colcon.colcon_core.package_identification:_identify(src/external/kuka_robot_descriptions/kuka_kr_moveit_config) by extension 'colcon_meta'
[0.270s] Level 1:colcon.colcon_core.package_identification:_identify(src/external/kuka_robot_descriptions/kuka_kr_moveit_config) by extensions ['ros']
[0.270s] Level 1:colcon.colcon_core.package_identification:_identify(src/external/kuka_robot_descriptions/kuka_kr_moveit_config) by extension 'ros'
[0.270s] DEBUG:colcon.colcon_core.package_identification:Package 'src/external/kuka_robot_descriptions/kuka_kr_moveit_config' with type 'ros.ament_cmake' and name 'kuka_kr_moveit_config'
[0.271s] Level 1:colcon.colcon_core.package_identification:_identify(src/external/kuka_robot_descriptions/kuka_lbr_iisy_moveit_config) by extensions ['ignore', 'ignore_ament_install']
[0.271s] Level 1:colcon.colcon_core.package_identification:_identify(src/external/kuka_robot_descriptions/kuka_lbr_iisy_moveit_config) by extension 'ignore'
[0.271s] Level 1:colcon.colcon_core.package_identification:_identify(src/external/kuka_robot_descriptions/kuka_lbr_iisy_moveit_config) by extension 'ignore_ament_install'
[0.271s] Level 1:colcon.colcon_core.package_identification:_identify(src/external/kuka_robot_descriptions/kuka_lbr_iisy_moveit_config) by extensions ['colcon_pkg']
[0.271s] Level 1:colcon.colcon_core.package_identification:_identify(src/external/kuka_robot_descriptions/kuka_lbr_iisy_moveit_config) by extension 'colcon_pkg'
[0.271s] Level 1:colcon.colcon_core.package_identification:_identify(src/external/kuka_robot_descriptions/kuka_lbr_iisy_moveit_config) by extensions ['colcon_meta']
[0.271s] Level 1:colcon.colcon_core.package_identification:_identify(src/external/kuka_robot_descriptions/kuka_lbr_iisy_moveit_config) by extension 'colcon_meta'
[0.271s] Level 1:colcon.colcon_core.package_identification:_identify(src/external/kuka_robot_descriptions/kuka_lbr_iisy_moveit_config) by extensions ['ros']
[0.271s] Level 1:colcon.colcon_core.package_identification:_identify(src/external/kuka_robot_descriptions/kuka_lbr_iisy_moveit_config) by extension 'ros'
[0.271s] DEBUG:colcon.colcon_core.package_identification:Package 'src/external/kuka_robot_descriptions/kuka_lbr_iisy_moveit_config' with type 'ros.ament_cmake' and name 'kuka_lbr_iisy_moveit_config'
[0.272s] Level 1:colcon.colcon_core.package_identification:_identify(src/external/kuka_robot_descriptions/kuka_lbr_iisy_support) by extensions ['ignore', 'ignore_ament_install']
[0.272s] Level 1:colcon.colcon_core.package_identification:_identify(src/external/kuka_robot_descriptions/kuka_lbr_iisy_support) by extension 'ignore'
[0.272s] Level 1:colcon.colcon_core.package_identification:_identify(src/external/kuka_robot_descriptions/kuka_lbr_iisy_support) by extension 'ignore_ament_install'
[0.272s] Level 1:colcon.colcon_core.package_identification:_identify(src/external/kuka_robot_descriptions/kuka_lbr_iisy_support) by extensions ['colcon_pkg']
[0.272s] Level 1:colcon.colcon_core.package_identification:_identify(src/external/kuka_robot_descriptions/kuka_lbr_iisy_support) by extension 'colcon_pkg'
[0.272s] Level 1:colcon.colcon_core.package_identification:_identify(src/external/kuka_robot_descriptions/kuka_lbr_iisy_support) by extensions ['colcon_meta']
[0.272s] Level 1:colcon.colcon_core.package_identification:_identify(src/external/kuka_robot_descriptions/kuka_lbr_iisy_support) by extension 'colcon_meta'
[0.272s] Level 1:colcon.colcon_core.package_identification:_identify(src/external/kuka_robot_descriptions/kuka_lbr_iisy_support) by extensions ['ros']
[0.272s] Level 1:colcon.colcon_core.package_identification:_identify(src/external/kuka_robot_descriptions/kuka_lbr_iisy_support) by extension 'ros'
[0.272s] DEBUG:colcon.colcon_core.package_identification:Package 'src/external/kuka_robot_descriptions/kuka_lbr_iisy_support' with type 'ros.ament_cmake' and name 'kuka_lbr_iisy_support'
[0.272s] Level 1:colcon.colcon_core.package_identification:_identify(src/external/kuka_robot_descriptions/kuka_lbr_iiwa_moveit_config) by extensions ['ignore', 'ignore_ament_install']
[0.273s] Level 1:colcon.colcon_core.package_identification:_identify(src/external/kuka_robot_descriptions/kuka_lbr_iiwa_moveit_config) by extension 'ignore'
[0.273s] Level 1:colcon.colcon_core.package_identification:_identify(src/external/kuka_robot_descriptions/kuka_lbr_iiwa_moveit_config) by extension 'ignore_ament_install'
[0.273s] Level 1:colcon.colcon_core.package_identification:_identify(src/external/kuka_robot_descriptions/kuka_lbr_iiwa_moveit_config) by extensions ['colcon_pkg']
[0.273s] Level 1:colcon.colcon_core.package_identification:_identify(src/external/kuka_robot_descriptions/kuka_lbr_iiwa_moveit_config) by extension 'colcon_pkg'
[0.273s] Level 1:colcon.colcon_core.package_identification:_identify(src/external/kuka_robot_descriptions/kuka_lbr_iiwa_moveit_config) by extensions ['colcon_meta']
[0.273s] Level 1:colcon.colcon_core.package_identification:_identify(src/external/kuka_robot_descriptions/kuka_lbr_iiwa_moveit_config) by extension 'colcon_meta'
[0.273s] Level 1:colcon.colcon_core.package_identification:_identify(src/external/kuka_robot_descriptions/kuka_lbr_iiwa_moveit_config) by extensions ['ros']
[0.273s] Level 1:colcon.colcon_core.package_identification:_identify(src/external/kuka_robot_descriptions/kuka_lbr_iiwa_moveit_config) by extension 'ros'
[0.273s] DEBUG:colcon.colcon_core.package_identification:Package 'src/external/kuka_robot_descriptions/kuka_lbr_iiwa_moveit_config' with type 'ros.ament_cmake' and name 'kuka_lbr_iiwa_moveit_config'
[0.273s] Level 1:colcon.colcon_core.package_identification:_identify(src/external/kuka_robot_descriptions/kuka_lbr_iiwa_support) by extensions ['ignore', 'ignore_ament_install']
[0.273s] Level 1:colcon.colcon_core.package_identification:_identify(src/external/kuka_robot_descriptions/kuka_lbr_iiwa_support) by extension 'ignore'
[0.274s] Level 1:colcon.colcon_core.package_identification:_identify(src/external/kuka_robot_descriptions/kuka_lbr_iiwa_support) by extension 'ignore_ament_install'
[0.274s] Level 1:colcon.colcon_core.package_identification:_identify(src/external/kuka_robot_descriptions/kuka_lbr_iiwa_support) by extensions ['colcon_pkg']
[0.274s] Level 1:colcon.colcon_core.package_identification:_identify(src/external/kuka_robot_descriptions/kuka_lbr_iiwa_support) by extension 'colcon_pkg'
[0.274s] Level 1:colcon.colcon_core.package_identification:_identify(src/external/kuka_robot_descriptions/kuka_lbr_iiwa_support) by extensions ['colcon_meta']
[0.274s] Level 1:colcon.colcon_core.package_identification:_identify(src/external/kuka_robot_descriptions/kuka_lbr_iiwa_support) by extension 'colcon_meta'
[0.274s] Level 1:colcon.colcon_core.package_identification:_identify(src/external/kuka_robot_descriptions/kuka_lbr_iiwa_support) by extensions ['ros']
[0.274s] Level 1:colcon.colcon_core.package_identification:_identify(src/external/kuka_robot_descriptions/kuka_lbr_iiwa_support) by extension 'ros'
[0.274s] DEBUG:colcon.colcon_core.package_identification:Package 'src/external/kuka_robot_descriptions/kuka_lbr_iiwa_support' with type 'ros.ament_cmake' and name 'kuka_lbr_iiwa_support'
[0.275s] Level 1:colcon.colcon_core.package_identification:_identify(src/external/kuka_robot_descriptions/kuka_mock_hardware_interface) by extensions ['ignore', 'ignore_ament_install']
[0.275s] Level 1:colcon.colcon_core.package_identification:_identify(src/external/kuka_robot_descriptions/kuka_mock_hardware_interface) by extension 'ignore'
[0.275s] Level 1:colcon.colcon_core.package_identification:_identify(src/external/kuka_robot_descriptions/kuka_mock_hardware_interface) by extension 'ignore_ament_install'
[0.275s] Level 1:colcon.colcon_core.package_identification:_identify(src/external/kuka_robot_descriptions/kuka_mock_hardware_interface) by extensions ['colcon_pkg']
[0.275s] Level 1:colcon.colcon_core.package_identification:_identify(src/external/kuka_robot_descriptions/kuka_mock_hardware_interface) by extension 'colcon_pkg'
[0.275s] Level 1:colcon.colcon_core.package_identification:_identify(src/external/kuka_robot_descriptions/kuka_mock_hardware_interface) by extensions ['colcon_meta']
[0.275s] Level 1:colcon.colcon_core.package_identification:_identify(src/external/kuka_robot_descriptions/kuka_mock_hardware_interface) by extension 'colcon_meta'
[0.275s] Level 1:colcon.colcon_core.package_identification:_identify(src/external/kuka_robot_descriptions/kuka_mock_hardware_interface) by extensions ['ros']
[0.275s] Level 1:colcon.colcon_core.package_identification:_identify(src/external/kuka_robot_descriptions/kuka_mock_hardware_interface) by extension 'ros'
[0.275s] DEBUG:colcon.colcon_core.package_identification:Package 'src/external/kuka_robot_descriptions/kuka_mock_hardware_interface' with type 'ros.ament_cmake' and name 'kuka_mock_hardware_interface'
[0.276s] Level 1:colcon.colcon_core.package_identification:_identify(src/external/kuka_robot_descriptions/kuka_quantec_support) by extensions ['ignore', 'ignore_ament_install']
[0.276s] Level 1:colcon.colcon_core.package_identification:_identify(src/external/kuka_robot_descriptions/kuka_quantec_support) by extension 'ignore'
[0.276s] Level 1:colcon.colcon_core.package_identification:_identify(src/external/kuka_robot_descriptions/kuka_quantec_support) by extension 'ignore_ament_install'
[0.276s] Level 1:colcon.colcon_core.package_identification:_identify(src/external/kuka_robot_descriptions/kuka_quantec_support) by extensions ['colcon_pkg']
[0.276s] Level 1:colcon.colcon_core.package_identification:_identify(src/external/kuka_robot_descriptions/kuka_quantec_support) by extension 'colcon_pkg'
[0.276s] Level 1:colcon.colcon_core.package_identification:_identify(src/external/kuka_robot_descriptions/kuka_quantec_support) by extensions ['colcon_meta']
[0.276s] Level 1:colcon.colcon_core.package_identification:_identify(src/external/kuka_robot_descriptions/kuka_quantec_support) by extension 'colcon_meta'
[0.276s] Level 1:colcon.colcon_core.package_identification:_identify(src/external/kuka_robot_descriptions/kuka_quantec_support) by extensions ['ros']
[0.276s] Level 1:colcon.colcon_core.package_identification:_identify(src/external/kuka_robot_descriptions/kuka_quantec_support) by extension 'ros'
[0.276s] DEBUG:colcon.colcon_core.package_identification:Package 'src/external/kuka_robot_descriptions/kuka_quantec_support' with type 'ros.ament_cmake' and name 'kuka_quantec_support'
[0.276s] Level 1:colcon.colcon_core.package_identification:_identify(src/external/kuka_robot_descriptions/kuka_resources) by extensions ['ignore', 'ignore_ament_install']
[0.277s] Level 1:colcon.colcon_core.package_identification:_identify(src/external/kuka_robot_descriptions/kuka_resources) by extension 'ignore'
[0.277s] Level 1:colcon.colcon_core.package_identification:_identify(src/external/kuka_robot_descriptions/kuka_resources) by extension 'ignore_ament_install'
[0.277s] Level 1:colcon.colcon_core.package_identification:_identify(src/external/kuka_robot_descriptions/kuka_resources) by extensions ['colcon_pkg']
[0.277s] Level 1:colcon.colcon_core.package_identification:_identify(src/external/kuka_robot_descriptions/kuka_resources) by extension 'colcon_pkg'
[0.277s] Level 1:colcon.colcon_core.package_identification:_identify(src/external/kuka_robot_descriptions/kuka_resources) by extensions ['colcon_meta']
[0.277s] Level 1:colcon.colcon_core.package_identification:_identify(src/external/kuka_robot_descriptions/kuka_resources) by extension 'colcon_meta'
[0.277s] Level 1:colcon.colcon_core.package_identification:_identify(src/external/kuka_robot_descriptions/kuka_resources) by extensions ['ros']
[0.277s] Level 1:colcon.colcon_core.package_identification:_identify(src/external/kuka_robot_descriptions/kuka_resources) by extension 'ros'
[0.277s] DEBUG:colcon.colcon_core.package_identification:Package 'src/external/kuka_robot_descriptions/kuka_resources' with type 'ros.ament_cmake' and name 'kuka_resources'
[0.277s] Level 1:colcon.colcon_core.package_identification:_identify(src/external/kuka_robot_descriptions/kuka_robot_descriptions) by extensions ['ignore', 'ignore_ament_install']
[0.277s] Level 1:colcon.colcon_core.package_identification:_identify(src/external/kuka_robot_descriptions/kuka_robot_descriptions) by extension 'ignore'
[0.277s] Level 1:colcon.colcon_core.package_identification:_identify(src/external/kuka_robot_descriptions/kuka_robot_descriptions) by extension 'ignore_ament_install'
[0.278s] Level 1:colcon.colcon_core.package_identification:_identify(src/external/kuka_robot_descriptions/kuka_robot_descriptions) by extensions ['colcon_pkg']
[0.278s] Level 1:colcon.colcon_core.package_identification:_identify(src/external/kuka_robot_descriptions/kuka_robot_descriptions) by extension 'colcon_pkg'
[0.278s] Level 1:colcon.colcon_core.package_identification:_identify(src/external/kuka_robot_descriptions/kuka_robot_descriptions) by extensions ['colcon_meta']
[0.278s] Level 1:colcon.colcon_core.package_identification:_identify(src/external/kuka_robot_descriptions/kuka_robot_descriptions) by extension 'colcon_meta'
[0.278s] Level 1:colcon.colcon_core.package_identification:_identify(src/external/kuka_robot_descriptions/kuka_robot_descriptions) by extensions ['ros']
[0.278s] Level 1:colcon.colcon_core.package_identification:_identify(src/external/kuka_robot_descriptions/kuka_robot_descriptions) by extension 'ros'
[0.278s] DEBUG:colcon.colcon_core.package_identification:Package 'src/external/kuka_robot_descriptions/kuka_robot_descriptions' with type 'ros.ament_cmake' and name 'kuka_robot_descriptions'
[0.278s] Level 1:colcon.colcon_core.package_identification:_identify(src/first_robot_demo) by extensions ['ignore', 'ignore_ament_install']
[0.278s] Level 1:colcon.colcon_core.package_identification:_identify(src/first_robot_demo) by extension 'ignore'
[0.278s] Level 1:colcon.colcon_core.package_identification:_identify(src/first_robot_demo) by extension 'ignore_ament_install'
[0.278s] Level 1:colcon.colcon_core.package_identification:_identify(src/first_robot_demo) by extensions ['colcon_pkg']
[0.278s] Level 1:colcon.colcon_core.package_identification:_identify(src/first_robot_demo) by extension 'colcon_pkg'
[0.279s] Level 1:colcon.colcon_core.package_identification:_identify(src/first_robot_demo) by extensions ['colcon_meta']
[0.279s] Level 1:colcon.colcon_core.package_identification:_identify(src/first_robot_demo) by extension 'colcon_meta'
[0.279s] Level 1:colcon.colcon_core.package_identification:_identify(src/first_robot_demo) by extensions ['ros']
[0.279s] Level 1:colcon.colcon_core.package_identification:_identify(src/first_robot_demo) by extension 'ros'
[0.279s] DEBUG:colcon.colcon_core.package_identification:Package 'src/first_robot_demo' with type 'ros.ament_python' and name 'first_robot_demo'
[0.279s] Level 1:colcon.colcon_core.package_identification:_identify(src/kuka_description) by extensions ['ignore', 'ignore_ament_install']
[0.279s] Level 1:colcon.colcon_core.package_identification:_identify(src/kuka_description) by extension 'ignore'
[0.279s] Level 1:colcon.colcon_core.package_identification:_identify(src/kuka_description) by extension 'ignore_ament_install'
[0.279s] Level 1:colcon.colcon_core.package_identification:_identify(src/kuka_description) by extensions ['colcon_pkg']
[0.279s] Level 1:colcon.colcon_core.package_identification:_identify(src/kuka_description) by extension 'colcon_pkg'
[0.279s] Level 1:colcon.colcon_core.package_identification:_identify(src/kuka_description) by extensions ['colcon_meta']
[0.279s] Level 1:colcon.colcon_core.package_identification:_identify(src/kuka_description) by extension 'colcon_meta'
[0.279s] Level 1:colcon.colcon_core.package_identification:_identify(src/kuka_description) by extensions ['ros']
[0.279s] Level 1:colcon.colcon_core.package_identification:_identify(src/kuka_description) by extension 'ros'
[0.280s] Level 1:colcon.colcon_core.package_identification:_identify(src/kuka_description) by extensions ['cmake', 'python']
[0.280s] Level 1:colcon.colcon_core.package_identification:_identify(src/kuka_description) by extension 'cmake'
[0.280s] Level 1:colcon.colcon_core.package_identification:_identify(src/kuka_description) by extension 'python'
[0.280s] Level 1:colcon.colcon_core.package_identification:_identify(src/kuka_description) by extensions ['python_setup_py']
[0.280s] Level 1:colcon.colcon_core.package_identification:_identify(src/kuka_description) by extension 'python_setup_py'
[0.280s] Level 1:colcon.colcon_core.package_identification:_identify(src/kuka_description/__pycache__) by extensions ['ignore', 'ignore_ament_install']
[0.280s] Level 1:colcon.colcon_core.package_identification:_identify(src/kuka_description/__pycache__) by extension 'ignore'
[0.280s] Level 1:colcon.colcon_core.package_identification:_identify(src/kuka_description/__pycache__) by extension 'ignore_ament_install'
[0.280s] Level 1:colcon.colcon_core.package_identification:_identify(src/kuka_description/__pycache__) by extensions ['colcon_pkg']
[0.280s] Level 1:colcon.colcon_core.package_identification:_identify(src/kuka_description/__pycache__) by extension 'colcon_pkg'
[0.280s] Level 1:colcon.colcon_core.package_identification:_identify(src/kuka_description/__pycache__) by extensions ['colcon_meta']
[0.280s] Level 1:colcon.colcon_core.package_identification:_identify(src/kuka_description/__pycache__) by extension 'colcon_meta'
[0.280s] Level 1:colcon.colcon_core.package_identification:_identify(src/kuka_description/__pycache__) by extensions ['ros']
[0.280s] Level 1:colcon.colcon_core.package_identification:_identify(src/kuka_description/__pycache__) by extension 'ros'
[0.280s] Level 1:colcon.colcon_core.package_identification:_identify(src/kuka_description/__pycache__) by extensions ['cmake', 'python']
[0.280s] Level 1:colcon.colcon_core.package_identification:_identify(src/kuka_description/__pycache__) by extension 'cmake'
[0.280s] Level 1:colcon.colcon_core.package_identification:_identify(src/kuka_description/__pycache__) by extension 'python'
[0.280s] Level 1:colcon.colcon_core.package_identification:_identify(src/kuka_description/__pycache__) by extensions ['python_setup_py']
[0.280s] Level 1:colcon.colcon_core.package_identification:_identify(src/kuka_description/__pycache__) by extension 'python_setup_py'
[0.280s] Level 1:colcon.colcon_core.package_identification:_identify(src/kuka_description/launch) by extensions ['ignore', 'ignore_ament_install']
[0.281s] Level 1:colcon.colcon_core.package_identification:_identify(src/kuka_description/launch) by extension 'ignore'
[0.281s] Level 1:colcon.colcon_core.package_identification:_identify(src/kuka_description/launch) by extension 'ignore_ament_install'
[0.281s] Level 1:colcon.colcon_core.package_identification:_identify(src/kuka_description/launch) by extensions ['colcon_pkg']
[0.281s] Level 1:colcon.colcon_core.package_identification:_identify(src/kuka_description/launch) by extension 'colcon_pkg'
[0.281s] Level 1:colcon.colcon_core.package_identification:_identify(src/kuka_description/launch) by extensions ['colcon_meta']
[0.281s] Level 1:colcon.colcon_core.package_identification:_identify(src/kuka_description/launch) by extension 'colcon_meta'
[0.281s] Level 1:colcon.colcon_core.package_identification:_identify(src/kuka_description/launch) by extensions ['ros']
[0.281s] Level 1:colcon.colcon_core.package_identification:_identify(src/kuka_description/launch) by extension 'ros'
[0.281s] Level 1:colcon.colcon_core.package_identification:_identify(src/kuka_description/launch) by extensions ['cmake', 'python']
[0.281s] Level 1:colcon.colcon_core.package_identification:_identify(src/kuka_description/launch) by extension 'cmake'
[0.281s] Level 1:colcon.colcon_core.package_identification:_identify(src/kuka_description/launch) by extension 'python'
[0.281s] Level 1:colcon.colcon_core.package_identification:_identify(src/kuka_description/launch) by extensions ['python_setup_py']
[0.281s] Level 1:colcon.colcon_core.package_identification:_identify(src/kuka_description/launch) by extension 'python_setup_py'
[0.281s] Level 1:colcon.colcon_core.package_identification:_identify(src/kuka_description/launch/__pycache__) by extensions ['ignore', 'ignore_ament_install']
[0.281s] Level 1:colcon.colcon_core.package_identification:_identify(src/kuka_description/launch/__pycache__) by extension 'ignore'
[0.281s] Level 1:colcon.colcon_core.package_identification:_identify(src/kuka_description/launch/__pycache__) by extension 'ignore_ament_install'
[0.281s] Level 1:colcon.colcon_core.package_identification:_identify(src/kuka_description/launch/__pycache__) by extensions ['colcon_pkg']
[0.281s] Level 1:colcon.colcon_core.package_identification:_identify(src/kuka_description/launch/__pycache__) by extension 'colcon_pkg'
[0.281s] Level 1:colcon.colcon_core.package_identification:_identify(src/kuka_description/launch/__pycache__) by extensions ['colcon_meta']
[0.281s] Level 1:colcon.colcon_core.package_identification:_identify(src/kuka_description/launch/__pycache__) by extension 'colcon_meta'
[0.281s] Level 1:colcon.colcon_core.package_identification:_identify(src/kuka_description/launch/__pycache__) by extensions ['ros']
[0.281s] Level 1:colcon.colcon_core.package_identification:_identify(src/kuka_description/launch/__pycache__) by extension 'ros'
[0.282s] Level 1:colcon.colcon_core.package_identification:_identify(src/kuka_description/launch/__pycache__) by extensions ['cmake', 'python']
[0.282s] Level 1:colcon.colcon_core.package_identification:_identify(src/kuka_description/launch/__pycache__) by extension 'cmake'
[0.282s] Level 1:colcon.colcon_core.package_identification:_identify(src/kuka_description/launch/__pycache__) by extension 'python'
[0.282s] Level 1:colcon.colcon_core.package_identification:_identify(src/kuka_description/launch/__pycache__) by extensions ['python_setup_py']
[0.282s] Level 1:colcon.colcon_core.package_identification:_identify(src/kuka_description/launch/__pycache__) by extension 'python_setup_py'
[0.282s] Level 1:colcon.colcon_core.package_identification:_identify(src/kuka_task_control) by extensions ['ignore', 'ignore_ament_install']
[0.282s] Level 1:colcon.colcon_core.package_identification:_identify(src/kuka_task_control) by extension 'ignore'
[0.282s] Level 1:colcon.colcon_core.package_identification:_identify(src/kuka_task_control) by extension 'ignore_ament_install'
[0.282s] Level 1:colcon.colcon_core.package_identification:_identify(src/kuka_task_control) by extensions ['colcon_pkg']
[0.282s] Level 1:colcon.colcon_core.package_identification:_identify(src/kuka_task_control) by extension 'colcon_pkg'
[0.282s] Level 1:colcon.colcon_core.package_identification:_identify(src/kuka_task_control) by extensions ['colcon_meta']
[0.282s] Level 1:colcon.colcon_core.package_identification:_identify(src/kuka_task_control) by extension 'colcon_meta'
[0.282s] Level 1:colcon.colcon_core.package_identification:_identify(src/kuka_task_control) by extensions ['ros']
[0.282s] Level 1:colcon.colcon_core.package_identification:_identify(src/kuka_task_control) by extension 'ros'
[0.283s] DEBUG:colcon.colcon_core.package_identification:Package 'src/kuka_task_control' with type 'ros.ament_python' and name 'kuka_task_control'
[0.283s] Level 1:colcon.colcon_core.package_identification:_identify(src/learning_interface) by extensions ['ignore', 'ignore_ament_install']
[0.283s] Level 1:colcon.colcon_core.package_identification:_identify(src/learning_interface) by extension 'ignore'
[0.283s] Level 1:colcon.colcon_core.package_identification:_identify(src/learning_interface) by extension 'ignore_ament_install'
[0.283s] Level 1:colcon.colcon_core.package_identification:_identify(src/learning_interface) by extensions ['colcon_pkg']
[0.283s] Level 1:colcon.colcon_core.package_identification:_identify(src/learning_interface) by extension 'colcon_pkg'
[0.283s] Level 1:colcon.colcon_core.package_identification:_identify(src/learning_interface) by extensions ['colcon_meta']
[0.283s] Level 1:colcon.colcon_core.package_identification:_identify(src/learning_interface) by extension 'colcon_meta'
[0.283s] Level 1:colcon.colcon_core.package_identification:_identify(src/learning_interface) by extensions ['ros']
[0.283s] Level 1:colcon.colcon_core.package_identification:_identify(src/learning_interface) by extension 'ros'
[0.284s] DEBUG:colcon.colcon_core.package_identification:Package 'src/learning_interface' with type 'ros.ament_python' and name 'learning_interface'
[0.284s] Level 1:colcon.colcon_core.package_identification:_identify(src/peg_in_hole_description) by extensions ['ignore', 'ignore_ament_install']
[0.284s] Level 1:colcon.colcon_core.package_identification:_identify(src/peg_in_hole_description) by extension 'ignore'
[0.284s] Level 1:colcon.colcon_core.package_identification:_identify(src/peg_in_hole_description) by extension 'ignore_ament_install'
[0.284s] Level 1:colcon.colcon_core.package_identification:_identify(src/peg_in_hole_description) by extensions ['colcon_pkg']
[0.284s] Level 1:colcon.colcon_core.package_identification:_identify(src/peg_in_hole_description) by extension 'colcon_pkg'
[0.284s] Level 1:colcon.colcon_core.package_identification:_identify(src/peg_in_hole_description) by extensions ['colcon_meta']
[0.284s] Level 1:colcon.colcon_core.package_identification:_identify(src/peg_in_hole_description) by extension 'colcon_meta'
[0.284s] Level 1:colcon.colcon_core.package_identification:_identify(src/peg_in_hole_description) by extensions ['ros']
[0.284s] Level 1:colcon.colcon_core.package_identification:_identify(src/peg_in_hole_description) by extension 'ros'
[0.285s] DEBUG:colcon.colcon_core.package_identification:Package 'src/peg_in_hole_description' with type 'ros.ament_python' and name 'peg_in_hole_description'
[0.285s] Level 1:colcon.colcon_core.package_identification:_identify(src/perception_pipeline) by extensions ['ignore', 'ignore_ament_install']
[0.285s] Level 1:colcon.colcon_core.package_identification:_identify(src/perception_pipeline) by extension 'ignore'
[0.285s] Level 1:colcon.colcon_core.package_identification:_identify(src/perception_pipeline) by extension 'ignore_ament_install'
[0.285s] Level 1:colcon.colcon_core.package_identification:_identify(src/perception_pipeline) by extensions ['colcon_pkg']
[0.285s] Level 1:colcon.colcon_core.package_identification:_identify(src/perception_pipeline) by extension 'colcon_pkg'
[0.285s] Level 1:colcon.colcon_core.package_identification:_identify(src/perception_pipeline) by extensions ['colcon_meta']
[0.285s] Level 1:colcon.colcon_core.package_identification:_identify(src/perception_pipeline) by extension 'colcon_meta'
[0.285s] Level 1:colcon.colcon_core.package_identification:_identify(src/perception_pipeline) by extensions ['ros']
[0.285s] Level 1:colcon.colcon_core.package_identification:_identify(src/perception_pipeline) by extension 'ros'
[0.286s] DEBUG:colcon.colcon_core.package_identification:Package 'src/perception_pipeline' with type 'ros.ament_python' and name 'perception_pipeline'
[0.286s] Level 1:colcon.colcon_core.package_identification:_identify(src/robot_description) by extensions ['ignore', 'ignore_ament_install']
[0.286s] Level 1:colcon.colcon_core.package_identification:_identify(src/robot_description) by extension 'ignore'
[0.286s] Level 1:colcon.colcon_core.package_identification:_identify(src/robot_description) by extension 'ignore_ament_install'
[0.286s] Level 1:colcon.colcon_core.package_identification:_identify(src/robot_description) by extensions ['colcon_pkg']
[0.286s] Level 1:colcon.colcon_core.package_identification:_identify(src/robot_description) by extension 'colcon_pkg'
[0.286s] Level 1:colcon.colcon_core.package_identification:_identify(src/robot_description) by extensions ['colcon_meta']
[0.286s] Level 1:colcon.colcon_core.package_identification:_identify(src/robot_description) by extension 'colcon_meta'
[0.286s] Level 1:colcon.colcon_core.package_identification:_identify(src/robot_description) by extensions ['ros']
[0.286s] Level 1:colcon.colcon_core.package_identification:_identify(src/robot_description) by extension 'ros'
[0.286s] Level 1:colcon.colcon_core.package_identification:_identify(src/robot_description) by extensions ['cmake', 'python']
[0.286s] Level 1:colcon.colcon_core.package_identification:_identify(src/robot_description) by extension 'cmake'
[0.286s] Level 1:colcon.colcon_core.package_identification:_identify(src/robot_description) by extension 'python'
[0.286s] Level 1:colcon.colcon_core.package_identification:_identify(src/robot_description) by extensions ['python_setup_py']
[0.286s] Level 1:colcon.colcon_core.package_identification:_identify(src/robot_description) by extension 'python_setup_py'
[0.286s] Level 1:colcon.colcon_core.package_identification:_identify(src/robot_description/__pycache__) by extensions ['ignore', 'ignore_ament_install']
[0.286s] Level 1:colcon.colcon_core.package_identification:_identify(src/robot_description/__pycache__) by extension 'ignore'
[0.286s] Level 1:colcon.colcon_core.package_identification:_identify(src/robot_description/__pycache__) by extension 'ignore_ament_install'
[0.287s] Level 1:colcon.colcon_core.package_identification:_identify(src/robot_description/__pycache__) by extensions ['colcon_pkg']
[0.287s] Level 1:colcon.colcon_core.package_identification:_identify(src/robot_description/__pycache__) by extension 'colcon_pkg'
[0.287s] Level 1:colcon.colcon_core.package_identification:_identify(src/robot_description/__pycache__) by extensions ['colcon_meta']
[0.287s] Level 1:colcon.colcon_core.package_identification:_identify(src/robot_description/__pycache__) by extension 'colcon_meta'
[0.287s] Level 1:colcon.colcon_core.package_identification:_identify(src/robot_description/__pycache__) by extensions ['ros']
[0.287s] Level 1:colcon.colcon_core.package_identification:_identify(src/robot_description/__pycache__) by extension 'ros'
[0.287s] Level 1:colcon.colcon_core.package_identification:_identify(src/robot_description/__pycache__) by extensions ['cmake', 'python']
[0.287s] Level 1:colcon.colcon_core.package_identification:_identify(src/robot_description/__pycache__) by extension 'cmake'
[0.287s] Level 1:colcon.colcon_core.package_identification:_identify(src/robot_description/__pycache__) by extension 'python'
[0.287s] Level 1:colcon.colcon_core.package_identification:_identify(src/robot_description/__pycache__) by extensions ['python_setup_py']
[0.287s] Level 1:colcon.colcon_core.package_identification:_identify(src/robot_description/__pycache__) by extension 'python_setup_py'
[0.287s] Level 1:colcon.colcon_core.package_identification:_identify(src/robot_description/launch) by extensions ['ignore', 'ignore_ament_install']
[0.287s] Level 1:colcon.colcon_core.package_identification:_identify(src/robot_description/launch) by extension 'ignore'
[0.287s] Level 1:colcon.colcon_core.package_identification:_identify(src/robot_description/launch) by extension 'ignore_ament_install'
[0.287s] Level 1:colcon.colcon_core.package_identification:_identify(src/robot_description/launch) by extensions ['colcon_pkg']
[0.287s] Level 1:colcon.colcon_core.package_identification:_identify(src/robot_description/launch) by extension 'colcon_pkg'
[0.287s] Level 1:colcon.colcon_core.package_identification:_identify(src/robot_description/launch) by extensions ['colcon_meta']
[0.287s] Level 1:colcon.colcon_core.package_identification:_identify(src/robot_description/launch) by extension 'colcon_meta'
[0.287s] Level 1:colcon.colcon_core.package_identification:_identify(src/robot_description/launch) by extensions ['ros']
[0.287s] Level 1:colcon.colcon_core.package_identification:_identify(src/robot_description/launch) by extension 'ros'
[0.287s] Level 1:colcon.colcon_core.package_identification:_identify(src/robot_description/launch) by extensions ['cmake', 'python']
[0.287s] Level 1:colcon.colcon_core.package_identification:_identify(src/robot_description/launch) by extension 'cmake'
[0.287s] Level 1:colcon.colcon_core.package_identification:_identify(src/robot_description/launch) by extension 'python'
[0.287s] Level 1:colcon.colcon_core.package_identification:_identify(src/robot_description/launch) by extensions ['python_setup_py']
[0.287s] Level 1:colcon.colcon_core.package_identification:_identify(src/robot_description/launch) by extension 'python_setup_py'
[0.288s] Level 1:colcon.colcon_core.package_identification:_identify(src/robot_description/launch/__pycache__) by extensions ['ignore', 'ignore_ament_install']
[0.288s] Level 1:colcon.colcon_core.package_identification:_identify(src/robot_description/launch/__pycache__) by extension 'ignore'
[0.288s] Level 1:colcon.colcon_core.package_identification:_identify(src/robot_description/launch/__pycache__) by extension 'ignore_ament_install'
[0.288s] Level 1:colcon.colcon_core.package_identification:_identify(src/robot_description/launch/__pycache__) by extensions ['colcon_pkg']
[0.288s] Level 1:colcon.colcon_core.package_identification:_identify(src/robot_description/launch/__pycache__) by extension 'colcon_pkg'
[0.288s] Level 1:colcon.colcon_core.package_identification:_identify(src/robot_description/launch/__pycache__) by extensions ['colcon_meta']
[0.288s] Level 1:colcon.colcon_core.package_identification:_identify(src/robot_description/launch/__pycache__) by extension 'colcon_meta'
[0.288s] Level 1:colcon.colcon_core.package_identification:_identify(src/robot_description/launch/__pycache__) by extensions ['ros']
[0.288s] Level 1:colcon.colcon_core.package_identification:_identify(src/robot_description/launch/__pycache__) by extension 'ros'
[0.288s] Level 1:colcon.colcon_core.package_identification:_identify(src/robot_description/launch/__pycache__) by extensions ['cmake', 'python']
[0.288s] Level 1:colcon.colcon_core.package_identification:_identify(src/robot_description/launch/__pycache__) by extension 'cmake'
[0.288s] Level 1:colcon.colcon_core.package_identification:_identify(src/robot_description/launch/__pycache__) by extension 'python'
[0.288s] Level 1:colcon.colcon_core.package_identification:_identify(src/robot_description/launch/__pycache__) by extensions ['python_setup_py']
[0.288s] Level 1:colcon.colcon_core.package_identification:_identify(src/robot_description/launch/__pycache__) by extension 'python_setup_py'
[0.288s] Level 1:colcon.colcon_core.package_identification:_identify(src/robot_simulation) by extensions ['ignore', 'ignore_ament_install']
[0.288s] Level 1:colcon.colcon_core.package_identification:_identify(src/robot_simulation) by extension 'ignore'
[0.288s] Level 1:colcon.colcon_core.package_identification:_identify(src/robot_simulation) by extension 'ignore_ament_install'
[0.288s] Level 1:colcon.colcon_core.package_identification:_identify(src/robot_simulation) by extensions ['colcon_pkg']
[0.288s] Level 1:colcon.colcon_core.package_identification:_identify(src/robot_simulation) by extension 'colcon_pkg'
[0.288s] Level 1:colcon.colcon_core.package_identification:_identify(src/robot_simulation) by extensions ['colcon_meta']
[0.288s] Level 1:colcon.colcon_core.package_identification:_identify(src/robot_simulation) by extension 'colcon_meta'
[0.288s] Level 1:colcon.colcon_core.package_identification:_identify(src/robot_simulation) by extensions ['ros']
[0.288s] Level 1:colcon.colcon_core.package_identification:_identify(src/robot_simulation) by extension 'ros'
[0.289s] Level 1:colcon.colcon_core.package_identification:_identify(src/robot_simulation) by extensions ['cmake', 'python']
[0.289s] Level 1:colcon.colcon_core.package_identification:_identify(src/robot_simulation) by extension 'cmake'
[0.289s] Level 1:colcon.colcon_core.package_identification:_identify(src/robot_simulation) by extension 'python'
[0.289s] Level 1:colcon.colcon_core.package_identification:_identify(src/robot_simulation) by extensions ['python_setup_py']
[0.289s] Level 1:colcon.colcon_core.package_identification:_identify(src/robot_simulation) by extension 'python_setup_py'
[0.289s] Level 1:colcon.colcon_core.package_identification:_identify(src/robot_simulation/__pycache__) by extensions ['ignore', 'ignore_ament_install']
[0.289s] Level 1:colcon.colcon_core.package_identification:_identify(src/robot_simulation/__pycache__) by extension 'ignore'
[0.289s] Level 1:colcon.colcon_core.package_identification:_identify(src/robot_simulation/__pycache__) by extension 'ignore_ament_install'
[0.289s] Level 1:colcon.colcon_core.package_identification:_identify(src/robot_simulation/__pycache__) by extensions ['colcon_pkg']
[0.289s] Level 1:colcon.colcon_core.package_identification:_identify(src/robot_simulation/__pycache__) by extension 'colcon_pkg'
[0.289s] Level 1:colcon.colcon_core.package_identification:_identify(src/robot_simulation/__pycache__) by extensions ['colcon_meta']
[0.289s] Level 1:colcon.colcon_core.package_identification:_identify(src/robot_simulation/__pycache__) by extension 'colcon_meta'
[0.289s] Level 1:colcon.colcon_core.package_identification:_identify(src/robot_simulation/__pycache__) by extensions ['ros']
[0.289s] Level 1:colcon.colcon_core.package_identification:_identify(src/robot_simulation/__pycache__) by extension 'ros'
[0.289s] Level 1:colcon.colcon_core.package_identification:_identify(src/robot_simulation/__pycache__) by extensions ['cmake', 'python']
[0.289s] Level 1:colcon.colcon_core.package_identification:_identify(src/robot_simulation/__pycache__) by extension 'cmake'
[0.289s] Level 1:colcon.colcon_core.package_identification:_identify(src/robot_simulation/__pycache__) by extension 'python'
[0.289s] Level 1:colcon.colcon_core.package_identification:_identify(src/robot_simulation/__pycache__) by extensions ['python_setup_py']
[0.289s] Level 1:colcon.colcon_core.package_identification:_identify(src/robot_simulation/__pycache__) by extension 'python_setup_py'
[0.289s] Level 1:colcon.colcon_core.package_identification:_identify(src/robot_simulation/launch) by extensions ['ignore', 'ignore_ament_install']
[0.289s] Level 1:colcon.colcon_core.package_identification:_identify(src/robot_simulation/launch) by extension 'ignore'
[0.289s] Level 1:colcon.colcon_core.package_identification:_identify(src/robot_simulation/launch) by extension 'ignore_ament_install'
[0.289s] Level 1:colcon.colcon_core.package_identification:_identify(src/robot_simulation/launch) by extensions ['colcon_pkg']
[0.290s] Level 1:colcon.colcon_core.package_identification:_identify(src/robot_simulation/launch) by extension 'colcon_pkg'
[0.290s] Level 1:colcon.colcon_core.package_identification:_identify(src/robot_simulation/launch) by extensions ['colcon_meta']
[0.290s] Level 1:colcon.colcon_core.package_identification:_identify(src/robot_simulation/launch) by extension 'colcon_meta'
[0.290s] Level 1:colcon.colcon_core.package_identification:_identify(src/robot_simulation/launch) by extensions ['ros']
[0.290s] Level 1:colcon.colcon_core.package_identification:_identify(src/robot_simulation/launch) by extension 'ros'
[0.290s] Level 1:colcon.colcon_core.package_identification:_identify(src/robot_simulation/launch) by extensions ['cmake', 'python']
[0.290s] Level 1:colcon.colcon_core.package_identification:_identify(src/robot_simulation/launch) by extension 'cmake'
[0.290s] Level 1:colcon.colcon_core.package_identification:_identify(src/robot_simulation/launch) by extension 'python'
[0.290s] Level 1:colcon.colcon_core.package_identification:_identify(src/robot_simulation/launch) by extensions ['python_setup_py']
[0.290s] Level 1:colcon.colcon_core.package_identification:_identify(src/robot_simulation/launch) by extension 'python_setup_py'
[0.290s] Level 1:colcon.colcon_core.package_identification:_identify(src/robot_simulation/launch/__pycache__) by extensions ['ignore', 'ignore_ament_install']
[0.290s] Level 1:colcon.colcon_core.package_identification:_identify(src/robot_simulation/launch/__pycache__) by extension 'ignore'
[0.290s] Level 1:colcon.colcon_core.package_identification:_identify(src/robot_simulation/launch/__pycache__) by extension 'ignore_ament_install'
[0.290s] Level 1:colcon.colcon_core.package_identification:_identify(src/robot_simulation/launch/__pycache__) by extensions ['colcon_pkg']
[0.290s] Level 1:colcon.colcon_core.package_identification:_identify(src/robot_simulation/launch/__pycache__) by extension 'colcon_pkg'
[0.290s] Level 1:colcon.colcon_core.package_identification:_identify(src/robot_simulation/launch/__pycache__) by extensions ['colcon_meta']
[0.290s] Level 1:colcon.colcon_core.package_identification:_identify(src/robot_simulation/launch/__pycache__) by extension 'colcon_meta'
[0.291s] Level 1:colcon.colcon_core.package_identification:_identify(src/robot_simulation/launch/__pycache__) by extensions ['ros']
[0.291s] Level 1:colcon.colcon_core.package_identification:_identify(src/robot_simulation/launch/__pycache__) by extension 'ros'
[0.291s] Level 1:colcon.colcon_core.package_identification:_identify(src/robot_simulation/launch/__pycache__) by extensions ['cmake', 'python']
[0.291s] Level 1:colcon.colcon_core.package_identification:_identify(src/robot_simulation/launch/__pycache__) by extension 'cmake'
[0.291s] Level 1:colcon.colcon_core.package_identification:_identify(src/robot_simulation/launch/__pycache__) by extension 'python'
[0.291s] Level 1:colcon.colcon_core.package_identification:_identify(src/robot_simulation/launch/__pycache__) by extensions ['python_setup_py']
[0.291s] Level 1:colcon.colcon_core.package_identification:_identify(src/robot_simulation/launch/__pycache__) by extension 'python_setup_py'
[0.291s] Level 1:colcon.colcon_core.package_identification:_identify(src/safety_layer) by extensions ['ignore', 'ignore_ament_install']
[0.291s] Level 1:colcon.colcon_core.package_identification:_identify(src/safety_layer) by extension 'ignore'
[0.291s] Level 1:colcon.colcon_core.package_identification:_identify(src/safety_layer) by extension 'ignore_ament_install'
[0.291s] Level 1:colcon.colcon_core.package_identification:_identify(src/safety_layer) by extensions ['colcon_pkg']
[0.291s] Level 1:colcon.colcon_core.package_identification:_identify(src/safety_layer) by extension 'colcon_pkg'
[0.291s] Level 1:colcon.colcon_core.package_identification:_identify(src/safety_layer) by extensions ['colcon_meta']
[0.291s] Level 1:colcon.colcon_core.package_identification:_identify(src/safety_layer) by extension 'colcon_meta'
[0.291s] Level 1:colcon.colcon_core.package_identification:_identify(src/safety_layer) by extensions ['ros']
[0.291s] Level 1:colcon.colcon_core.package_identification:_identify(src/safety_layer) by extension 'ros'
[0.292s] DEBUG:colcon.colcon_core.package_identification:Package 'src/safety_layer' with type 'ros.ament_python' and name 'safety_layer'
[0.292s] Level 1:colcon.colcon_core.package_identification:_identify(src/thesis_bringup) by extensions ['ignore', 'ignore_ament_install']
[0.292s] Level 1:colcon.colcon_core.package_identification:_identify(src/thesis_bringup) by extension 'ignore'
[0.292s] Level 1:colcon.colcon_core.package_identification:_identify(src/thesis_bringup) by extension 'ignore_ament_install'
[0.292s] Level 1:colcon.colcon_core.package_identification:_identify(src/thesis_bringup) by extensions ['colcon_pkg']
[0.292s] Level 1:colcon.colcon_core.package_identification:_identify(src/thesis_bringup) by extension 'colcon_pkg'
[0.292s] Level 1:colcon.colcon_core.package_identification:_identify(src/thesis_bringup) by extensions ['colcon_meta']
[0.292s] Level 1:colcon.colcon_core.package_identification:_identify(src/thesis_bringup) by extension 'colcon_meta'
[0.292s] Level 1:colcon.colcon_core.package_identification:_identify(src/thesis_bringup) by extensions ['ros']
[0.292s] Level 1:colcon.colcon_core.package_identification:_identify(src/thesis_bringup) by extension 'ros'
[0.293s] DEBUG:colcon.colcon_core.package_identification:Package 'src/thesis_bringup' with type 'ros.ament_python' and name 'thesis_bringup'
[0.293s] Level 1:colcon.colcon_core.package_discovery:discover_packages(recursive) using defaults
[0.293s] Level 1:colcon.colcon_core.package_discovery:discover_packages(ignore) discover
[0.293s] Level 1:colcon.colcon_core.package_discovery:discover_packages(ignore) using defaults
[0.293s] Level 1:colcon.colcon_core.package_discovery:discover_packages(path) discover
[0.293s] Level 1:colcon.colcon_core.package_discovery:discover_packages(path) using defaults
[0.315s] INFO:colcon.colcon_core.package_selection:Skipping not selected package 'experiment_manager' in 'src/experiment_manager'
[0.315s] INFO:colcon.colcon_core.package_selection:Skipping not selected package 'first_robot_demo' in 'src/first_robot_demo'
[0.315s] INFO:colcon.colcon_core.package_selection:Skipping not selected package 'kuka_gazebo' in 'src/external/kuka_robot_descriptions/kuka_gazebo'
[0.315s] INFO:colcon.colcon_core.package_selection:Skipping not selected package 'kuka_kl_support' in 'src/external/kuka_robot_descriptions/kuka_kl_support'
[0.315s] INFO:colcon.colcon_core.package_selection:Skipping not selected package 'kuka_mock_hardware_interface' in 'src/external/kuka_robot_descriptions/kuka_mock_hardware_interface'
[0.315s] INFO:colcon.colcon_core.package_selection:Skipping not selected package 'kuka_resources' in 'src/external/kuka_robot_descriptions/kuka_resources'
[0.315s] INFO:colcon.colcon_core.package_selection:Skipping not selected package 'learning_interface' in 'src/learning_interface'
[0.316s] INFO:colcon.colcon_core.package_selection:Skipping not selected package 'peg_in_hole_description' in 'src/peg_in_hole_description'
[0.316s] INFO:colcon.colcon_core.package_selection:Skipping not selected package 'perception_pipeline' in 'src/perception_pipeline'
[0.316s] INFO:colcon.colcon_core.package_selection:Skipping not selected package 'safety_layer' in 'src/safety_layer'
[0.316s] INFO:colcon.colcon_core.package_selection:Skipping not selected package 'kuka_agilus_support' in 'src/external/kuka_robot_descriptions/kuka_agilus_support'
[0.316s] INFO:colcon.colcon_core.package_selection:Skipping not selected package 'kuka_cybertech_support' in 'src/external/kuka_robot_descriptions/kuka_cybertech_support'
[0.316s] INFO:colcon.colcon_core.package_selection:Skipping not selected package 'kuka_fortec_support' in 'src/external/kuka_robot_descriptions/kuka_fortec_support'
[0.316s] INFO:colcon.colcon_core.package_selection:Skipping not selected package 'kuka_iontec_support' in 'src/external/kuka_robot_descriptions/kuka_iontec_support'
[0.316s] INFO:colcon.colcon_core.package_selection:Skipping not selected package 'kuka_kr_moveit_config' in 'src/external/kuka_robot_descriptions/kuka_kr_moveit_config'
[0.316s] INFO:colcon.colcon_core.package_selection:Skipping not selected package 'kuka_lbr_iisy_moveit_config' in 'src/external/kuka_robot_descriptions/kuka_lbr_iisy_moveit_config'
[0.316s] INFO:colcon.colcon_core.package_selection:Skipping not selected package 'kuka_lbr_iisy_support' in 'src/external/kuka_robot_descriptions/kuka_lbr_iisy_support'
[0.316s] INFO:colcon.colcon_core.package_selection:Skipping not selected package 'kuka_lbr_iiwa_moveit_config' in 'src/external/kuka_robot_descriptions/kuka_lbr_iiwa_moveit_config'
[0.316s] INFO:colcon.colcon_core.package_selection:Skipping not selected package 'kuka_lbr_iiwa_support' in 'src/external/kuka_robot_descriptions/kuka_lbr_iiwa_support'
[0.316s] INFO:colcon.colcon_core.package_selection:Skipping not selected package 'kuka_quantec_support' in 'src/external/kuka_robot_descriptions/kuka_quantec_support'
[0.316s] INFO:colcon.colcon_core.package_selection:Skipping not selected package 'thesis_bringup' in 'src/thesis_bringup'
[0.316s] INFO:colcon.colcon_core.package_selection:Skipping not selected package 'kuka_robot_descriptions' in 'src/external/kuka_robot_descriptions/kuka_robot_descriptions'
[0.316s] Level 1:colcon.colcon_core.package_discovery:discover_packages(prefix_path) check parameters
[0.316s] Level 1:colcon.colcon_core.package_discovery:discover_packages(prefix_path) discover
[0.319s] DEBUG:colcon.colcon_installed_package_information.package_discovery:Found 26 installed packages in /home/omar/code/robotics_project/ros2_ws/install
[0.321s] DEBUG:colcon.colcon_installed_package_information.package_discovery:Found 384 installed packages in /opt/ros/jazzy
[0.322s] Level 1:colcon.colcon_core.package_discovery:discover_packages(prefix_path) using defaults
[0.372s] WARNING:colcon.colcon_core.package_selection:Some selected packages are already built in one or more underlay workspaces:
	'kuka_task_control' is in: /home/omar/code/robotics_project/ros2_ws/install/kuka_task_control
If a package in a merged underlay workspace is overridden and it installs headers, then all packages in the overlay must sort their include directories by workspace order. Failure to do so may result in build failures or undefined behavior at run time.
If the overridden package is used by another package in any underlay, then the overriding package in the overlay must be API and ABI compatible or undefined behavior at run time may occur.

If you understand the risks and want to override a package anyways, add the following to the command line:
	--allow-overriding kuka_task_control

This may be promoted to an error in a future release of colcon-override-check.
[0.373s] Level 5:colcon.colcon_core.verb:set package 'kuka_task_control' build argument 'cmake_args' from command line to 'None'
[0.373s] Level 5:colcon.colcon_core.verb:set package 'kuka_task_control' build argument 'cmake_target' from command line to 'None'
[0.374s] Level 5:colcon.colcon_core.verb:set package 'kuka_task_control' build argument 'cmake_target_skip_unavailable' from command line to 'False'
[0.374s] Level 5:colcon.colcon_core.verb:set package 'kuka_task_control' build argument 'cmake_clean_cache' from command line to 'False'
[0.374s] Level 5:colcon.colcon_core.verb:set package 'kuka_task_control' build argument 'cmake_clean_first' from command line to 'False'
[0.374s] Level 5:colcon.colcon_core.verb:set package 'kuka_task_control' build argument 'cmake_force_configure' from command line to 'False'
[0.374s] Level 5:colcon.colcon_core.verb:set package 'kuka_task_control' build argument 'ament_cmake_args' from command line to 'None'
[0.374s] Level 5:colcon.colcon_core.verb:set package 'kuka_task_control' build argument 'catkin_cmake_args' from command line to 'None'
[0.374s] Level 5:colcon.colcon_core.verb:set package 'kuka_task_control' build argument 'catkin_skip_building_tests' from command line to 'False'
[0.374s] DEBUG:colcon.colcon_core.verb:Building package 'kuka_task_control' with the following arguments: {'ament_cmake_args': None, 'build_base': '/home/omar/code/robotics_project/ros2_ws/build/kuka_task_control', 'catkin_cmake_args': None, 'catkin_skip_building_tests': False, 'cmake_args': None, 'cmake_clean_cache': False, 'cmake_clean_first': False, 'cmake_force_configure': False, 'cmake_target': None, 'cmake_target_skip_unavailable': False, 'install_base': '/home/omar/code/robotics_project/ros2_ws/install/kuka_task_control', 'merge_install': False, 'path': '/home/omar/code/robotics_project/ros2_ws/src/kuka_task_control', 'symlink_install': False, 'test_result_base': None}
[0.374s] INFO:colcon.colcon_core.executor:Executing jobs using 'parallel' executor
[0.375s] DEBUG:colcon.colcon_parallel_executor.executor.parallel:run_until_complete
[0.375s] INFO:colcon.colcon_ros.task.ament_python.build:Building ROS package in '/home/omar/code/robotics_project/ros2_ws/src/kuka_task_control' with build type 'ament_python'
[0.375s] Level 1:colcon.colcon_core.shell:create_environment_hook('kuka_task_control', 'ament_prefix_path')
[0.378s] INFO:colcon.colcon_core.plugin_system:Skipping extension 'colcon_core.shell.bat': Not used on non-Windows systems
[0.378s] INFO:colcon.colcon_core.shell:Creating environment hook '/home/omar/code/robotics_project/ros2_ws/install/kuka_task_control/share/kuka_task_control/hook/ament_prefix_path.ps1'
[0.379s] INFO:colcon.colcon_core.shell:Creating environment descriptor '/home/omar/code/robotics_project/ros2_ws/install/kuka_task_control/share/kuka_task_control/hook/ament_prefix_path.dsv'
[0.379s] INFO:colcon.colcon_core.shell:Creating environment hook '/home/omar/code/robotics_project/ros2_ws/install/kuka_task_control/share/kuka_task_control/hook/ament_prefix_path.sh'
[0.380s] INFO:colcon.colcon_core.shell:Skip shell extension 'powershell' for command environment: Not usable outside of PowerShell
[0.380s] DEBUG:colcon.colcon_core.shell:Skip shell extension 'dsv' for command environment
[0.627s] INFO:colcon.colcon_core.task.python.build:Building Python package in '/home/omar/code/robotics_project/ros2_ws/src/kuka_task_control'
[0.627s] INFO:colcon.colcon_core.shell:Skip shell extension 'powershell' for command environment: Not usable outside of PowerShell
[0.627s] DEBUG:colcon.colcon_core.shell:Skip shell extension 'dsv' for command environment
[1.300s] DEBUG:colcon.colcon_core.event_handler.log_command:Invoking command in '/home/omar/code/robotics_project/ros2_ws/src/kuka_task_control': PYTHONPATH=/home/omar/code/robotics_project/ros2_ws/build/kuka_task_control/prefix_override:/usr/lib/python3/dist-packages/colcon_core/task/python/colcon_distutils_commands:/home/omar/code/robotics_project/ros2_ws/install/kuka_task_control/lib/python3.12/site-packages:${PYTHONPATH} /usr/bin/python3 -W ignore:setup.py install is deprecated -W ignore:easy_install command is deprecated setup.py egg_info --egg-base ../../build/kuka_task_control build --build-base /home/omar/code/robotics_project/ros2_ws/build/kuka_task_control/build install --record /home/omar/code/robotics_project/ros2_ws/build/kuka_task_control/install.log --single-version-externally-managed install_data
[1.898s] DEBUG:colcon.colcon_core.event_handler.log_command:Invoked command in '/home/omar/code/robotics_project/ros2_ws/src/kuka_task_control' returned '0': PYTHONPATH=/home/omar/code/robotics_project/ros2_ws/build/kuka_task_control/prefix_override:/usr/lib/python3/dist-packages/colcon_core/task/python/colcon_distutils_commands:/home/omar/code/robotics_project/ros2_ws/install/kuka_task_control/lib/python3.12/site-packages:${PYTHONPATH} /usr/bin/python3 -W ignore:setup.py install is deprecated -W ignore:easy_install command is deprecated setup.py egg_info --egg-base ../../build/kuka_task_control build --build-base /home/omar/code/robotics_project/ros2_ws/build/kuka_task_control/build install --record /home/omar/code/robotics_project/ros2_ws/build/kuka_task_control/install.log --single-version-externally-managed install_data
[1.900s] Level 1:colcon.colcon_core.environment:checking '/home/omar/code/robotics_project/ros2_ws/install/kuka_task_control' for CMake module files
[1.900s] Level 1:colcon.colcon_core.environment:checking '/home/omar/code/robotics_project/ros2_ws/install/kuka_task_control' for CMake config files
[1.901s] Level 1:colcon.colcon_core.environment:checking '/home/omar/code/robotics_project/ros2_ws/install/kuka_task_control/lib'
[1.901s] Level 1:colcon.colcon_core.environment:checking '/home/omar/code/robotics_project/ros2_ws/install/kuka_task_control/bin'
[1.901s] Level 1:colcon.colcon_core.environment:checking '/home/omar/code/robotics_project/ros2_ws/install/kuka_task_control/lib/pkgconfig/kuka_task_control.pc'
[1.902s] Level 1:colcon.colcon_core.environment:checking '/home/omar/code/robotics_project/ros2_ws/install/kuka_task_control/lib/python3.12/site-packages'
[1.902s] Level 1:colcon.colcon_core.shell:create_environment_hook('kuka_task_control', 'pythonpath')
[1.902s] INFO:colcon.colcon_core.shell:Creating environment hook '/home/omar/code/robotics_project/ros2_ws/install/kuka_task_control/share/kuka_task_control/hook/pythonpath.ps1'
[1.902s] INFO:colcon.colcon_core.shell:Creating environment descriptor '/home/omar/code/robotics_project/ros2_ws/install/kuka_task_control/share/kuka_task_control/hook/pythonpath.dsv'
[1.903s] INFO:colcon.colcon_core.shell:Creating environment hook '/home/omar/code/robotics_project/ros2_ws/install/kuka_task_control/share/kuka_task_control/hook/pythonpath.sh'
[1.904s] Level 1:colcon.colcon_core.environment:checking '/home/omar/code/robotics_project/ros2_ws/install/kuka_task_control/bin'
[1.904s] Level 1:colcon.colcon_core.environment:create_environment_scripts_only(kuka_task_control)
[1.904s] INFO:colcon.colcon_core.shell:Creating package script '/home/omar/code/robotics_project/ros2_ws/install/kuka_task_control/share/kuka_task_control/package.ps1'
[1.905s] INFO:colcon.colcon_core.shell:Creating package descriptor '/home/omar/code/robotics_project/ros2_ws/install/kuka_task_control/share/kuka_task_control/package.dsv'
[1.905s] INFO:colcon.colcon_core.shell:Creating package script '/home/omar/code/robotics_project/ros2_ws/install/kuka_task_control/share/kuka_task_control/package.sh'
[1.906s] INFO:colcon.colcon_core.shell:Creating package script '/home/omar/code/robotics_project/ros2_ws/install/kuka_task_control/share/kuka_task_control/package.bash'
[1.906s] INFO:colcon.colcon_core.shell:Creating package script '/home/omar/code/robotics_project/ros2_ws/install/kuka_task_control/share/kuka_task_control/package.zsh'
[1.907s] Level 1:colcon.colcon_core.environment:create_file_with_runtime_dependencies(/home/omar/code/robotics_project/ros2_ws/install/kuka_task_control/share/colcon-core/packages/kuka_task_control)
[1.907s] DEBUG:colcon.colcon_parallel_executor.executor.parallel:closing loop
[1.908s] DEBUG:colcon.colcon_parallel_executor.executor.parallel:loop closed
[1.908s] DEBUG:colcon.colcon_parallel_executor.executor.parallel:run_until_complete finished with '0'
[1.908s] DEBUG:colcon.colcon_core.event_reactor:joining thread
[1.962s] INFO:colcon.colcon_core.plugin_system:Skipping extension 'colcon_notification.desktop_notification.notify_send': Could not find 'notify-send'
[1.962s] INFO:colcon.colcon_core.plugin_system:Skipping extension 'colcon_notification.desktop_notification.terminal_notifier': Not used on non-Darwin systems
[1.962s] INFO:colcon.colcon_core.plugin_system:Skipping extension 'colcon_notification.desktop_notification.win32': Not used on non-Windows systems
[1.962s] INFO:colcon.colcon_notification.desktop_notification:Sending desktop notification using 'notify2'
[1.969s] DEBUG:colcon.colcon_notification.desktop_notification.notify2:Failed to initialize notify2: org.freedesktop.DBus.Error.ServiceUnknown: The name org.freedesktop.Notifications was not provided by any .service files
[1.970s] DEBUG:colcon.colcon_core.event_reactor:joined thread
[1.970s] INFO:colcon.colcon_core.shell:Creating prefix script '/home/omar/code/robotics_project/ros2_ws/install/local_setup.ps1'
[1.971s] INFO:colcon.colcon_core.shell:Creating prefix util module '/home/omar/code/robotics_project/ros2_ws/install/_local_setup_util_ps1.py'
[1.973s] INFO:colcon.colcon_core.shell:Creating prefix chain script '/home/omar/code/robotics_project/ros2_ws/install/setup.ps1'
[1.974s] INFO:colcon.colcon_core.shell:Creating prefix script '/home/omar/code/robotics_project/ros2_ws/install/local_setup.sh'
[1.975s] INFO:colcon.colcon_core.shell:Creating prefix util module '/home/omar/code/robotics_project/ros2_ws/install/_local_setup_util_sh.py'
[1.976s] INFO:colcon.colcon_core.shell:Creating prefix chain script '/home/omar/code/robotics_project/ros2_ws/install/setup.sh'
[1.977s] INFO:colcon.colcon_core.shell:Creating prefix script '/home/omar/code/robotics_project/ros2_ws/install/local_setup.bash'
[1.978s] INFO:colcon.colcon_core.shell:Creating prefix chain script '/home/omar/code/robotics_project/ros2_ws/install/setup.bash'
[1.979s] INFO:colcon.colcon_core.shell:Creating prefix script '/home/omar/code/robotics_project/ros2_ws/install/local_setup.zsh'
[1.980s] INFO:colcon.colcon_core.shell:Creating prefix chain script '/home/omar/code/robotics_project/ros2_ws/install/setup.zsh'
