[0.898s] Invoking command in '/home/omar/code/robotics_project/ros2_ws/src/kuka_task_control': PYTHONPATH=/home/omar/code/robotics_project/ros2_ws/build/kuka_task_control/prefix_override:/usr/lib/python3/dist-packages/colcon_core/task/python/colcon_distutils_commands:/home/omar/code/robotics_project/ros2_ws/install/kuka_task_control/lib/python3.12/site-packages:${PYTHONPATH} /usr/bin/python3 -W ignore:setup.py install is deprecated -W ignore:easy_install command is deprecated setup.py egg_info --egg-base ../../build/kuka_task_control build --build-base /home/omar/code/robotics_project/ros2_ws/build/kuka_task_control/build install --record /home/omar/code/robotics_project/ros2_ws/build/kuka_task_control/install.log --single-version-externally-managed install_data
[1.169s] running egg_info
[1.191s] writing ../../build/kuka_task_control/kuka_task_control.egg-info/PKG-INFO
[1.191s] writing dependency_links to ../../build/kuka_task_control/kuka_task_control.egg-info/dependency_links.txt
[1.192s] writing entry points to ../../build/kuka_task_control/kuka_task_control.egg-info/entry_points.txt
[1.192s] writing requirements to ../../build/kuka_task_control/kuka_task_control.egg-info/requires.txt
[1.192s] writing top-level names to ../../build/kuka_task_control/kuka_task_control.egg-info/top_level.txt
[1.235s] reading manifest file '../../build/kuka_task_control/kuka_task_control.egg-info/SOURCES.txt'
[1.236s] writing manifest file '../../build/kuka_task_control/kuka_task_control.egg-info/SOURCES.txt'
[1.236s] running build
[1.236s] running build_py
[1.237s] copying kuka_task_control/task_trajectory_executor.py -> /home/omar/code/robotics_project/ros2_ws/build/kuka_task_control/build/lib/kuka_task_control
[1.237s] running install
[1.243s] running install_lib
[1.266s] copying /home/omar/code/robotics_project/ros2_ws/build/kuka_task_control/build/lib/kuka_task_control/task_trajectory_executor.py -> /home/omar/code/robotics_project/ros2_ws/install/kuka_task_control/lib/python3.12/site-packages/kuka_task_control
[1.266s] byte-compiling /home/omar/code/robotics_project/ros2_ws/install/kuka_task_control/lib/python3.12/site-packages/kuka_task_control/task_trajectory_executor.py to task_trajectory_executor.cpython-312.pyc
[1.270s] running install_data
[1.270s] copying config/baseline_task_sequence.yaml -> /home/omar/code/robotics_project/ros2_ws/install/kuka_task_control/share/kuka_task_control/config
[1.270s] running install_egg_info
[1.294s] removing '/home/omar/code/robotics_project/ros2_ws/install/kuka_task_control/lib/python3.12/site-packages/kuka_task_control-0.1.0-py3.12.egg-info' (and everything under it)
[1.294s] Copying ../../build/kuka_task_control/kuka_task_control.egg-info to /home/omar/code/robotics_project/ros2_ws/install/kuka_task_control/lib/python3.12/site-packages/kuka_task_control-0.1.0-py3.12.egg-info
[1.296s] running install_scripts
[1.429s] Installing baseline_joint_sequence_executor script to /home/omar/code/robotics_project/ros2_ws/install/kuka_task_control/lib/kuka_task_control
[1.429s] Installing baseline_trajectory_client script to /home/omar/code/robotics_project/ros2_ws/install/kuka_task_control/lib/kuka_task_control
[1.429s] Installing task_trajectory_executor script to /home/omar/code/robotics_project/ros2_ws/install/kuka_task_control/lib/kuka_task_control
[1.430s] writing list of installed files to '/home/omar/code/robotics_project/ros2_ws/build/kuka_task_control/install.log'
[1.454s] Invoked command in '/home/omar/code/robotics_project/ros2_ws/src/kuka_task_control' returned '0': PYTHONPATH=/home/omar/code/robotics_project/ros2_ws/build/kuka_task_control/prefix_override:/usr/lib/python3/dist-packages/colcon_core/task/python/colcon_distutils_commands:/home/omar/code/robotics_project/ros2_ws/install/kuka_task_control/lib/python3.12/site-packages:${PYTHONPATH} /usr/bin/python3 -W ignore:setup.py install is deprecated -W ignore:easy_install command is deprecated setup.py egg_info --egg-base ../../build/kuka_task_control build --build-base /home/omar/code/robotics_project/ros2_ws/build/kuka_task_control/build install --record /home/omar/code/robotics_project/ros2_ws/build/kuka_task_control/install.log --single-version-externally-managed install_data
