running develop
running egg_info
writing experiment_manager.egg-info/PKG-INFO
writing dependency_links to experiment_manager.egg-info/dependency_links.txt
writing entry points to experiment_manager.egg-info/entry_points.txt
writing requirements to experiment_manager.egg-info/requires.txt
writing top-level names to experiment_manager.egg-info/top_level.txt
reading manifest file 'experiment_manager.egg-info/SOURCES.txt'
writing manifest file 'experiment_manager.egg-info/SOURCES.txt'
running build_ext
Creating /home/omar/code/robotics_project/ros2_ws/install/experiment_manager/lib/python3.12/site-packages/experiment-manager.egg-link (link to .)
Installing baseline_trial_manager script to /home/omar/code/robotics_project/ros2_ws/install/experiment_manager/lib/experiment_manager
Installing research_baseline_v2_4_experiment_runner script to /home/omar/code/robotics_project/ros2_ws/install/experiment_manager/lib/experiment_manager

Installed /home/omar/code/robotics_project/ros2_ws/build/experiment_manager
running symlink_data
symbolically linking /home/omar/code/robotics_project/ros2_ws/build/experiment_manager/resource/experiment_manager -> /home/omar/code/robotics_project/ros2_ws/install/experiment_manager/share/ament_index/resource_index/packages
symbolically linking /home/omar/code/robotics_project/ros2_ws/build/experiment_manager/package.xml -> /home/omar/code/robotics_project/ros2_ws/install/experiment_manager/share/experiment_manager
symbolically linking /home/omar/code/robotics_project/ros2_ws/build/experiment_manager/README.md -> /home/omar/code/robotics_project/ros2_ws/install/experiment_manager/share/experiment_manager
symbolically linking /home/omar/code/robotics_project/ros2_ws/build/experiment_manager/launch/experiment_manager.launch.py -> /home/omar/code/robotics_project/ros2_ws/install/experiment_manager/share/experiment_manager/launch
symbolically linking /home/omar/code/robotics_project/ros2_ws/build/experiment_manager/launch/run_baseline_logging.launch.py -> /home/omar/code/robotics_project/ros2_ws/install/experiment_manager/share/experiment_manager/launch
symbolically linking /home/omar/code/robotics_project/ros2_ws/build/experiment_manager/config/logging.yaml -> /home/omar/code/robotics_project/ros2_ws/install/experiment_manager/share/experiment_manager/config
symbolically linking /home/omar/code/robotics_project/ros2_ws/build/experiment_manager/experiments/baseline_trials.yaml -> /home/omar/code/robotics_project/ros2_ws/install/experiment_manager/share/experiment_manager/experiments
