[1.742s] Invoking command in '/home/omar/code/robotics_project/ros2_ws/src/first_robot_demo': PYTHONPATH=/home/omar/code/robotics_project/ros2_ws/build/first_robot_demo/prefix_override:/usr/lib/python3/dist-packages/colcon_core/task/python/colcon_distutils_commands:/home/omar/code/robotics_project/ros2_ws/install/first_robot_demo/lib/python3.12/site-packages:${PYTHONPATH} /usr/bin/python3 -W ignore:setup.py install is deprecated -W ignore:easy_install command is deprecated setup.py egg_info --egg-base ../../build/first_robot_demo build --build-base /home/omar/code/robotics_project/ros2_ws/build/first_robot_demo/build install --record /home/omar/code/robotics_project/ros2_ws/build/first_robot_demo/install.log --single-version-externally-managed install_data
[2.098s] running egg_info
[2.129s] writing ../../build/first_robot_demo/first_robot_demo.egg-info/PKG-INFO
[2.129s] writing dependency_links to ../../build/first_robot_demo/first_robot_demo.egg-info/dependency_links.txt
[2.129s] writing entry points to ../../build/first_robot_demo/first_robot_demo.egg-info/entry_points.txt
[2.130s] writing requirements to ../../build/first_robot_demo/first_robot_demo.egg-info/requires.txt
[2.130s] writing top-level names to ../../build/first_robot_demo/first_robot_demo.egg-info/top_level.txt
[2.188s] reading manifest file '../../build/first_robot_demo/first_robot_demo.egg-info/SOURCES.txt'
[2.216s] writing manifest file '../../build/first_robot_demo/first_robot_demo.egg-info/SOURCES.txt'
[2.216s] running build
[2.217s] running build_py
[2.217s] running install
[2.223s] running install_lib
[2.282s] running install_data
[2.282s] running install_egg_info
[2.326s] removing '/home/omar/code/robotics_project/ros2_ws/install/first_robot_demo/lib/python3.12/site-packages/first_robot_demo-0.0.0-py3.12.egg-info' (and everything under it)
[2.327s] Copying ../../build/first_robot_demo/first_robot_demo.egg-info to /home/omar/code/robotics_project/ros2_ws/install/first_robot_demo/lib/python3.12/site-packages/first_robot_demo-0.0.0-py3.12.egg-info
[2.338s] running install_scripts
[2.530s] Installing simple_listener script to /home/omar/code/robotics_project/ros2_ws/install/first_robot_demo/lib/first_robot_demo
[2.530s] Installing simple_talker script to /home/omar/code/robotics_project/ros2_ws/install/first_robot_demo/lib/first_robot_demo
[2.531s] writing list of installed files to '/home/omar/code/robotics_project/ros2_ws/build/first_robot_demo/install.log'
[2.593s] Invoked command in '/home/omar/code/robotics_project/ros2_ws/src/first_robot_demo' returned '0': PYTHONPATH=/home/omar/code/robotics_project/ros2_ws/build/first_robot_demo/prefix_override:/usr/lib/python3/dist-packages/colcon_core/task/python/colcon_distutils_commands:/home/omar/code/robotics_project/ros2_ws/install/first_robot_demo/lib/python3.12/site-packages:${PYTHONPATH} /usr/bin/python3 -W ignore:setup.py install is deprecated -W ignore:easy_install command is deprecated setup.py egg_info --egg-base ../../build/first_robot_demo build --build-base /home/omar/code/robotics_project/ros2_ws/build/first_robot_demo/build install --record /home/omar/code/robotics_project/ros2_ws/build/first_robot_demo/install.log --single-version-externally-managed install_data
