[2.996s] Invoking command in '/home/omar/code/robotics_project/ros2_ws/src/peg_in_hole_metrics': PYTHONPATH=/home/omar/code/robotics_project/ros2_ws/build/peg_in_hole_metrics/prefix_override:/usr/lib/python3/dist-packages/colcon_core/task/python/colcon_distutils_commands:/home/omar/code/robotics_project/ros2_ws/install/peg_in_hole_metrics/lib/python3.12/site-packages:${PYTHONPATH} /usr/bin/python3 -W ignore:setup.py install is deprecated -W ignore:easy_install command is deprecated setup.py egg_info --egg-base ../../build/peg_in_hole_metrics build --build-base /home/omar/code/robotics_project/ros2_ws/build/peg_in_hole_metrics/build install --record /home/omar/code/robotics_project/ros2_ws/build/peg_in_hole_metrics/install.log --single-version-externally-managed install_data
[3.366s] running egg_info
[3.390s] writing ../../build/peg_in_hole_metrics/peg_in_hole_metrics.egg-info/PKG-INFO
[3.390s] writing dependency_links to ../../build/peg_in_hole_metrics/peg_in_hole_metrics.egg-info/dependency_links.txt
[3.390s] writing entry points to ../../build/peg_in_hole_metrics/peg_in_hole_metrics.egg-info/entry_points.txt
[3.390s] writing requirements to ../../build/peg_in_hole_metrics/peg_in_hole_metrics.egg-info/requires.txt
[3.391s] writing top-level names to ../../build/peg_in_hole_metrics/peg_in_hole_metrics.egg-info/top_level.txt
[3.444s] reading manifest file '../../build/peg_in_hole_metrics/peg_in_hole_metrics.egg-info/SOURCES.txt'
[3.445s] writing manifest file '../../build/peg_in_hole_metrics/peg_in_hole_metrics.egg-info/SOURCES.txt'
[3.446s] running build
[3.446s] running build_py
[3.446s] running install
[3.455s] running install_lib
[3.483s] running install_data
[3.483s] running install_egg_info
[3.512s] removing '/home/omar/code/robotics_project/ros2_ws/install/peg_in_hole_metrics/lib/python3.12/site-packages/peg_in_hole_metrics-0.1.0-py3.12.egg-info' (and everything under it)
[3.519s] Copying ../../build/peg_in_hole_metrics/peg_in_hole_metrics.egg-info to /home/omar/code/robotics_project/ros2_ws/install/peg_in_hole_metrics/lib/python3.12/site-packages/peg_in_hole_metrics-0.1.0-py3.12.egg-info
[3.519s] running install_scripts
[3.755s] Installing contact_metrics_node script to /home/omar/code/robotics_project/ros2_ws/install/peg_in_hole_metrics/lib/peg_in_hole_metrics
[3.755s] writing list of installed files to '/home/omar/code/robotics_project/ros2_ws/build/peg_in_hole_metrics/install.log'
[4.111s] Invoked command in '/home/omar/code/robotics_project/ros2_ws/src/peg_in_hole_metrics' returned '0': PYTHONPATH=/home/omar/code/robotics_project/ros2_ws/build/peg_in_hole_metrics/prefix_override:/usr/lib/python3/dist-packages/colcon_core/task/python/colcon_distutils_commands:/home/omar/code/robotics_project/ros2_ws/install/peg_in_hole_metrics/lib/python3.12/site-packages:${PYTHONPATH} /usr/bin/python3 -W ignore:setup.py install is deprecated -W ignore:easy_install command is deprecated setup.py egg_info --egg-base ../../build/peg_in_hole_metrics build --build-base /home/omar/code/robotics_project/ros2_ws/build/peg_in_hole_metrics/build install --record /home/omar/code/robotics_project/ros2_ws/build/peg_in_hole_metrics/install.log --single-version-externally-managed install_data
