[7.494s] Invoking command in '/home/omar/code/robotics_project/ros2_ws/src/peg_in_hole_description': PYTHONPATH=/home/omar/code/robotics_project/ros2_ws/build/peg_in_hole_description/prefix_override:/usr/lib/python3/dist-packages/colcon_core/task/python/colcon_distutils_commands:/home/omar/code/robotics_project/ros2_ws/install/peg_in_hole_description/lib/python3.12/site-packages:${PYTHONPATH} /usr/bin/python3 -W ignore:setup.py install is deprecated -W ignore:easy_install command is deprecated setup.py egg_info --egg-base ../../build/peg_in_hole_description build --build-base /home/omar/code/robotics_project/ros2_ws/build/peg_in_hole_description/build install --record /home/omar/code/robotics_project/ros2_ws/build/peg_in_hole_description/install.log --single-version-externally-managed install_data
[7.761s] running egg_info
[7.783s] writing ../../build/peg_in_hole_description/peg_in_hole_description.egg-info/PKG-INFO
[7.783s] writing dependency_links to ../../build/peg_in_hole_description/peg_in_hole_description.egg-info/dependency_links.txt
[7.784s] writing requirements to ../../build/peg_in_hole_description/peg_in_hole_description.egg-info/requires.txt
[7.784s] writing top-level names to ../../build/peg_in_hole_description/peg_in_hole_description.egg-info/top_level.txt
[7.825s] reading manifest file '../../build/peg_in_hole_description/peg_in_hole_description.egg-info/SOURCES.txt'
[7.870s] writing manifest file '../../build/peg_in_hole_description/peg_in_hole_description.egg-info/SOURCES.txt'
[7.871s] running build
[7.871s] running build_py
[7.872s] running install
[7.894s] running install_lib
[7.942s] running install_data
[7.943s] copying worlds/peg_in_hole_robot_contact_validation_world.sdf -> /home/omar/code/robotics_project/ros2_ws/install/peg_in_hole_description/share/peg_in_hole_description/worlds
[7.969s] running install_egg_info
[8.019s] removing '/home/omar/code/robotics_project/ros2_ws/install/peg_in_hole_description/lib/python3.12/site-packages/peg_in_hole_description-0.1.0-py3.12.egg-info' (and everything under it)
[8.024s] Copying ../../build/peg_in_hole_description/peg_in_hole_description.egg-info to /home/omar/code/robotics_project/ros2_ws/install/peg_in_hole_description/lib/python3.12/site-packages/peg_in_hole_description-0.1.0-py3.12.egg-info
[8.113s] running install_scripts
[8.244s] writing list of installed files to '/home/omar/code/robotics_project/ros2_ws/build/peg_in_hole_description/install.log'
[8.790s] Invoked command in '/home/omar/code/robotics_project/ros2_ws/src/peg_in_hole_description' returned '0': PYTHONPATH=/home/omar/code/robotics_project/ros2_ws/build/peg_in_hole_description/prefix_override:/usr/lib/python3/dist-packages/colcon_core/task/python/colcon_distutils_commands:/home/omar/code/robotics_project/ros2_ws/install/peg_in_hole_description/lib/python3.12/site-packages:${PYTHONPATH} /usr/bin/python3 -W ignore:setup.py install is deprecated -W ignore:easy_install command is deprecated setup.py egg_info --egg-base ../../build/peg_in_hole_description build --build-base /home/omar/code/robotics_project/ros2_ws/build/peg_in_hole_description/build install --record /home/omar/code/robotics_project/ros2_ws/build/peg_in_hole_description/install.log --single-version-externally-managed install_data
