[9.345s] Invoking command in '/home/omar/code/robotics_project/ros2_ws/src/peg_in_hole_description': PYTHONPATH=/home/omar/code/robotics_project/ros2_ws/build/peg_in_hole_description/prefix_override:/usr/lib/python3/dist-packages/colcon_core/task/python/colcon_distutils_commands:/home/omar/code/robotics_project/ros2_ws/install/peg_in_hole_description/lib/python3.12/site-packages:${PYTHONPATH} /usr/bin/python3 -W ignore:setup.py install is deprecated -W ignore:easy_install command is deprecated setup.py egg_info --egg-base ../../build/peg_in_hole_description build --build-base /home/omar/code/robotics_project/ros2_ws/build/peg_in_hole_description/build install --record /home/omar/code/robotics_project/ros2_ws/build/peg_in_hole_description/install.log --single-version-externally-managed install_data
[9.612s] running egg_info
[9.634s] writing ../../build/peg_in_hole_description/peg_in_hole_description.egg-info/PKG-INFO
[9.634s] writing dependency_links to ../../build/peg_in_hole_description/peg_in_hole_description.egg-info/dependency_links.txt
[9.634s] writing requirements to ../../build/peg_in_hole_description/peg_in_hole_description.egg-info/requires.txt
[9.634s] writing top-level names to ../../build/peg_in_hole_description/peg_in_hole_description.egg-info/top_level.txt
[9.679s] reading manifest file '../../build/peg_in_hole_description/peg_in_hole_description.egg-info/SOURCES.txt'
[9.704s] writing manifest file '../../build/peg_in_hole_description/peg_in_hole_description.egg-info/SOURCES.txt'
[9.704s] running build
[9.704s] running build_py
[9.705s] running install
[9.711s] running install_lib
[9.814s] running install_data
[9.814s] copying worlds/peg_in_hole_robot_contact_validation_world.sdf -> /home/omar/code/robotics_project/ros2_ws/install/peg_in_hole_description/share/peg_in_hole_description/worlds
[9.928s] running install_egg_info
[9.978s] removing '/home/omar/code/robotics_project/ros2_ws/install/peg_in_hole_description/lib/python3.12/site-packages/peg_in_hole_description-0.1.0-py3.12.egg-info' (and everything under it)
[9.979s] Copying ../../build/peg_in_hole_description/peg_in_hole_description.egg-info to /home/omar/code/robotics_project/ros2_ws/install/peg_in_hole_description/lib/python3.12/site-packages/peg_in_hole_description-0.1.0-py3.12.egg-info
[9.993s] running install_scripts
[10.144s] writing list of installed files to '/home/omar/code/robotics_project/ros2_ws/build/peg_in_hole_description/install.log'
[11.150s] Invoked command in '/home/omar/code/robotics_project/ros2_ws/src/peg_in_hole_description' returned '0': PYTHONPATH=/home/omar/code/robotics_project/ros2_ws/build/peg_in_hole_description/prefix_override:/usr/lib/python3/dist-packages/colcon_core/task/python/colcon_distutils_commands:/home/omar/code/robotics_project/ros2_ws/install/peg_in_hole_description/lib/python3.12/site-packages:${PYTHONPATH} /usr/bin/python3 -W ignore:setup.py install is deprecated -W ignore:easy_install command is deprecated setup.py egg_info --egg-base ../../build/peg_in_hole_description build --build-base /home/omar/code/robotics_project/ros2_ws/build/peg_in_hole_description/build install --record /home/omar/code/robotics_project/ros2_ws/build/peg_in_hole_description/install.log --single-version-externally-managed install_data
