-- Install configuration: ""
-- Up-to-date: /home/omar/code/robotics_project/ros2_ws/install/kuka_fortec_support/share/kuka_fortec_support/config
-- Up-to-date: /home/omar/code/robotics_project/ros2_ws/install/kuka_fortec_support/share/kuka_fortec_support/config/kr500_r2800_2_joint_limits.yaml
-- Up-to-date: /home/omar/code/robotics_project/ros2_ws/install/kuka_fortec_support/share/kuka_fortec_support/config/kr360_r2830_joint_limits.yaml
-- Up-to-date: /home/omar/code/robotics_project/ros2_ws/install/kuka_fortec_support/share/kuka_fortec_support/config/kr300_r2800_2_mt_joint_limits.yaml
-- Up-to-date: /home/omar/code/robotics_project/ros2_ws/install/kuka_fortec_support/share/kuka_fortec_support/config/kr240_r3330_joint_limits.yaml
-- Up-to-date: /home/omar/code/robotics_project/ros2_ws/install/kuka_fortec_support/share/kuka_fortec_support/config/kr560_r3100_2_joint_limits.yaml
-- Up-to-date: /home/omar/code/robotics_project/ros2_ws/install/kuka_fortec_support/share/kuka_fortec_support/config/kr800_r2800_2_joint_limits.yaml
-- Up-to-date: /home/omar/code/robotics_project/ros2_ws/install/kuka_fortec_support/share/kuka_fortec_support/launch
-- Up-to-date: /home/omar/code/robotics_project/ros2_ws/install/kuka_fortec_support/share/kuka_fortec_support/launch/test_kr300_r2800_2_mt.launch.py
-- Up-to-date: /home/omar/code/robotics_project/ros2_ws/install/kuka_fortec_support/share/kuka_fortec_support/launch/test_kr360_r2830.launch.py
-- Up-to-date: /home/omar/code/robotics_project/ros2_ws/install/kuka_fortec_support/share/kuka_fortec_support/launch/test_kr240r3330.launch.py
-- Up-to-date: /home/omar/code/robotics_project/ros2_ws/install/kuka_fortec_support/share/kuka_fortec_support/launch/test_kr500_r2800_2.launch.py
-- Up-to-date: /home/omar/code/robotics_project/ros2_ws/install/kuka_fortec_support/share/kuka_fortec_support/launch/test_kr560_r3100_2.launch.py
-- Up-to-date: /home/omar/code/robotics_project/ros2_ws/install/kuka_fortec_support/share/kuka_fortec_support/launch/test_kr800_r2800_2.launch.py
-- Up-to-date: /home/omar/code/robotics_project/ros2_ws/install/kuka_fortec_support/share/kuka_fortec_support/meshes
-- Up-to-date: /home/omar/code/robotics_project/ros2_ws/install/kuka_fortec_support/share/kuka_fortec_support/meshes/kr300_r2800_2_mt
-- Up-to-date: /home/omar/code/robotics_project/ros2_ws/install/kuka_fortec_support/share/kuka_fortec_support/meshes/kr300_r2800_2_mt/visual
-- Up-to-date: /home/omar/code/robotics_project/ros2_ws/install/kuka_fortec_support/share/kuka_fortec_support/meshes/kr300_r2800_2_mt/visual/link_5.dae
-- Up-to-date: /home/omar/code/robotics_project/ros2_ws/install/kuka_fortec_support/share/kuka_fortec_support/meshes/kr300_r2800_2_mt/visual/link_1.dae
-- Up-to-date: /home/omar/code/robotics_project/ros2_ws/install/kuka_fortec_support/share/kuka_fortec_support/meshes/kr300_r2800_2_mt/visual/link_4.dae
-- Up-to-date: /home/omar/code/robotics_project/ros2_ws/install/kuka_fortec_support/share/kuka_fortec_support/meshes/kr300_r2800_2_mt/visual/base_link.dae
-- Up-to-date: /home/omar/code/robotics_project/ros2_ws/install/kuka_fortec_support/share/kuka_fortec_support/meshes/kr300_r2800_2_mt/visual/link_3.dae
-- Up-to-date: /home/omar/code/robotics_project/ros2_ws/install/kuka_fortec_support/share/kuka_fortec_support/meshes/kr300_r2800_2_mt/visual/link_2.dae
-- Up-to-date: /home/omar/code/robotics_project/ros2_ws/install/kuka_fortec_support/share/kuka_fortec_support/meshes/kr300_r2800_2_mt/visual/link_6.dae
-- Up-to-date: /home/omar/code/robotics_project/ros2_ws/install/kuka_fortec_support/share/kuka_fortec_support/meshes/kr300_r2800_2_mt/collision
-- Up-to-date: /home/omar/code/robotics_project/ros2_ws/install/kuka_fortec_support/share/kuka_fortec_support/meshes/kr300_r2800_2_mt/collision/link_5.stl
-- Up-to-date: /home/omar/code/robotics_project/ros2_ws/install/kuka_fortec_support/share/kuka_fortec_support/meshes/kr300_r2800_2_mt/collision/link_4.stl
-- Up-to-date: /home/omar/code/robotics_project/ros2_ws/install/kuka_fortec_support/share/kuka_fortec_support/meshes/kr300_r2800_2_mt/collision/link_2.stl
-- Up-to-date: /home/omar/code/robotics_project/ros2_ws/install/kuka_fortec_support/share/kuka_fortec_support/meshes/kr300_r2800_2_mt/collision/base_link.stl
-- Up-to-date: /home/omar/code/robotics_project/ros2_ws/install/kuka_fortec_support/share/kuka_fortec_support/meshes/kr300_r2800_2_mt/collision/link_6.stl
-- Up-to-date: /home/omar/code/robotics_project/ros2_ws/install/kuka_fortec_support/share/kuka_fortec_support/meshes/kr300_r2800_2_mt/collision/link_3.stl
-- Up-to-date: /home/omar/code/robotics_project/ros2_ws/install/kuka_fortec_support/share/kuka_fortec_support/meshes/kr300_r2800_2_mt/collision/link_1.stl
-- Up-to-date: /home/omar/code/robotics_project/ros2_ws/install/kuka_fortec_support/share/kuka_fortec_support/meshes/kr360_r2830
-- Up-to-date: /home/omar/code/robotics_project/ros2_ws/install/kuka_fortec_support/share/kuka_fortec_support/meshes/kr360_r2830/visual
-- Up-to-date: /home/omar/code/robotics_project/ros2_ws/install/kuka_fortec_support/share/kuka_fortec_support/meshes/kr360_r2830/visual/link_5.dae
-- Up-to-date: /home/omar/code/robotics_project/ros2_ws/install/kuka_fortec_support/share/kuka_fortec_support/meshes/kr360_r2830/visual/link_1.dae
-- Up-to-date: /home/omar/code/robotics_project/ros2_ws/install/kuka_fortec_support/share/kuka_fortec_support/meshes/kr360_r2830/visual/link_4.dae
-- Up-to-date: /home/omar/code/robotics_project/ros2_ws/install/kuka_fortec_support/share/kuka_fortec_support/meshes/kr360_r2830/visual/base_link.dae
-- Up-to-date: /home/omar/code/robotics_project/ros2_ws/install/kuka_fortec_support/share/kuka_fortec_support/meshes/kr360_r2830/visual/link_3.dae
-- Up-to-date: /home/omar/code/robotics_project/ros2_ws/install/kuka_fortec_support/share/kuka_fortec_support/meshes/kr360_r2830/visual/link_2.dae
-- Up-to-date: /home/omar/code/robotics_project/ros2_ws/install/kuka_fortec_support/share/kuka_fortec_support/meshes/kr360_r2830/visual/link_6.dae
-- Up-to-date: /home/omar/code/robotics_project/ros2_ws/install/kuka_fortec_support/share/kuka_fortec_support/meshes/kr360_r2830/collision
-- Up-to-date: /home/omar/code/robotics_project/ros2_ws/install/kuka_fortec_support/share/kuka_fortec_support/meshes/kr360_r2830/collision/link_5.stl
-- Up-to-date: /home/omar/code/robotics_project/ros2_ws/install/kuka_fortec_support/share/kuka_fortec_support/meshes/kr360_r2830/collision/link_4.stl
-- Up-to-date: /home/omar/code/robotics_project/ros2_ws/install/kuka_fortec_support/share/kuka_fortec_support/meshes/kr360_r2830/collision/link_2.stl
-- Up-to-date: /home/omar/code/robotics_project/ros2_ws/install/kuka_fortec_support/share/kuka_fortec_support/meshes/kr360_r2830/collision/base_link.stl
-- Up-to-date: /home/omar/code/robotics_project/ros2_ws/install/kuka_fortec_support/share/kuka_fortec_support/meshes/kr360_r2830/collision/link_6.stl
-- Up-to-date: /home/omar/code/robotics_project/ros2_ws/install/kuka_fortec_support/share/kuka_fortec_support/meshes/kr360_r2830/collision/link_3.stl
-- Up-to-date: /home/omar/code/robotics_project/ros2_ws/install/kuka_fortec_support/share/kuka_fortec_support/meshes/kr360_r2830/collision/link_1.stl
-- Up-to-date: /home/omar/code/robotics_project/ros2_ws/install/kuka_fortec_support/share/kuka_fortec_support/meshes/kr560_r3100_2
-- Up-to-date: /home/omar/code/robotics_project/ros2_ws/install/kuka_fortec_support/share/kuka_fortec_support/meshes/kr560_r3100_2/visual
-- Up-to-date: /home/omar/code/robotics_project/ros2_ws/install/kuka_fortec_support/share/kuka_fortec_support/meshes/kr560_r3100_2/visual/link_5.dae
-- Up-to-date: /home/omar/code/robotics_project/ros2_ws/install/kuka_fortec_support/share/kuka_fortec_support/meshes/kr560_r3100_2/visual/link_1.dae
-- Up-to-date: /home/omar/code/robotics_project/ros2_ws/install/kuka_fortec_support/share/kuka_fortec_support/meshes/kr560_r3100_2/visual/link_4.dae
-- Up-to-date: /home/omar/code/robotics_project/ros2_ws/install/kuka_fortec_support/share/kuka_fortec_support/meshes/kr560_r3100_2/visual/base_link.dae
-- Up-to-date: /home/omar/code/robotics_project/ros2_ws/install/kuka_fortec_support/share/kuka_fortec_support/meshes/kr560_r3100_2/visual/link_3.dae
-- Up-to-date: /home/omar/code/robotics_project/ros2_ws/install/kuka_fortec_support/share/kuka_fortec_support/meshes/kr560_r3100_2/visual/link_2.dae
-- Up-to-date: /home/omar/code/robotics_project/ros2_ws/install/kuka_fortec_support/share/kuka_fortec_support/meshes/kr560_r3100_2/visual/link_6.dae
-- Up-to-date: /home/omar/code/robotics_project/ros2_ws/install/kuka_fortec_support/share/kuka_fortec_support/meshes/kr560_r3100_2/collision
-- Up-to-date: /home/omar/code/robotics_project/ros2_ws/install/kuka_fortec_support/share/kuka_fortec_support/meshes/kr560_r3100_2/collision/link_5.stl
-- Up-to-date: /home/omar/code/robotics_project/ros2_ws/install/kuka_fortec_support/share/kuka_fortec_support/meshes/kr560_r3100_2/collision/link_4.stl
-- Up-to-date: /home/omar/code/robotics_project/ros2_ws/install/kuka_fortec_support/share/kuka_fortec_support/meshes/kr560_r3100_2/collision/link_2.stl
-- Up-to-date: /home/omar/code/robotics_project/ros2_ws/install/kuka_fortec_support/share/kuka_fortec_support/meshes/kr560_r3100_2/collision/base_link.stl
-- Up-to-date: /home/omar/code/robotics_project/ros2_ws/install/kuka_fortec_support/share/kuka_fortec_support/meshes/kr560_r3100_2/collision/link_6.stl
-- Up-to-date: /home/omar/code/robotics_project/ros2_ws/install/kuka_fortec_support/share/kuka_fortec_support/meshes/kr560_r3100_2/collision/link_3.stl
-- Up-to-date: /home/omar/code/robotics_project/ros2_ws/install/kuka_fortec_support/share/kuka_fortec_support/meshes/kr560_r3100_2/collision/link_1.stl
-- Up-to-date: /home/omar/code/robotics_project/ros2_ws/install/kuka_fortec_support/share/kuka_fortec_support/meshes/kr500_r2800_2
-- Up-to-date: /home/omar/code/robotics_project/ros2_ws/install/kuka_fortec_support/share/kuka_fortec_support/meshes/kr500_r2800_2/visual
-- Up-to-date: /home/omar/code/robotics_project/ros2_ws/install/kuka_fortec_support/share/kuka_fortec_support/meshes/kr500_r2800_2/visual/link_5.dae
-- Up-to-date: /home/omar/code/robotics_project/ros2_ws/install/kuka_fortec_support/share/kuka_fortec_support/meshes/kr500_r2800_2/visual/link_1.dae
-- Up-to-date: /home/omar/code/robotics_project/ros2_ws/install/kuka_fortec_support/share/kuka_fortec_support/meshes/kr500_r2800_2/visual/link_4.dae
-- Up-to-date: /home/omar/code/robotics_project/ros2_ws/install/kuka_fortec_support/share/kuka_fortec_support/meshes/kr500_r2800_2/visual/base_link.dae
-- Up-to-date: /home/omar/code/robotics_project/ros2_ws/install/kuka_fortec_support/share/kuka_fortec_support/meshes/kr500_r2800_2/visual/link_3.dae
-- Up-to-date: /home/omar/code/robotics_project/ros2_ws/install/kuka_fortec_support/share/kuka_fortec_support/meshes/kr500_r2800_2/visual/link_2.dae
-- Up-to-date: /home/omar/code/robotics_project/ros2_ws/install/kuka_fortec_support/share/kuka_fortec_support/meshes/kr500_r2800_2/visual/link_6.dae
-- Up-to-date: /home/omar/code/robotics_project/ros2_ws/install/kuka_fortec_support/share/kuka_fortec_support/meshes/kr500_r2800_2/collision
-- Up-to-date: /home/omar/code/robotics_project/ros2_ws/install/kuka_fortec_support/share/kuka_fortec_support/meshes/kr500_r2800_2/collision/link_5.stl
-- Up-to-date: /home/omar/code/robotics_project/ros2_ws/install/kuka_fortec_support/share/kuka_fortec_support/meshes/kr500_r2800_2/collision/link_4.stl
-- Up-to-date: /home/omar/code/robotics_project/ros2_ws/install/kuka_fortec_support/share/kuka_fortec_support/meshes/kr500_r2800_2/collision/link_2.stl
-- Up-to-date: /home/omar/code/robotics_project/ros2_ws/install/kuka_fortec_support/share/kuka_fortec_support/meshes/kr500_r2800_2/collision/base_link.stl
-- Up-to-date: /home/omar/code/robotics_project/ros2_ws/install/kuka_fortec_support/share/kuka_fortec_support/meshes/kr500_r2800_2/collision/link_6.stl
-- Up-to-date: /home/omar/code/robotics_project/ros2_ws/install/kuka_fortec_support/share/kuka_fortec_support/meshes/kr500_r2800_2/collision/link_3.stl
-- Up-to-date: /home/omar/code/robotics_project/ros2_ws/install/kuka_fortec_support/share/kuka_fortec_support/meshes/kr500_r2800_2/collision/link_1.stl
-- Up-to-date: /home/omar/code/robotics_project/ros2_ws/install/kuka_fortec_support/share/kuka_fortec_support/meshes/kr240_r3330
-- Up-to-date: /home/omar/code/robotics_project/ros2_ws/install/kuka_fortec_support/share/kuka_fortec_support/meshes/kr240_r3330/visual
-- Up-to-date: /home/omar/code/robotics_project/ros2_ws/install/kuka_fortec_support/share/kuka_fortec_support/meshes/kr240_r3330/visual/link_5.dae
-- Up-to-date: /home/omar/code/robotics_project/ros2_ws/install/kuka_fortec_support/share/kuka_fortec_support/meshes/kr240_r3330/visual/link_1.dae
-- Up-to-date: /home/omar/code/robotics_project/ros2_ws/install/kuka_fortec_support/share/kuka_fortec_support/meshes/kr240_r3330/visual/link_4.dae
-- Up-to-date: /home/omar/code/robotics_project/ros2_ws/install/kuka_fortec_support/share/kuka_fortec_support/meshes/kr240_r3330/visual/base_link.dae
-- Up-to-date: /home/omar/code/robotics_project/ros2_ws/install/kuka_fortec_support/share/kuka_fortec_support/meshes/kr240_r3330/visual/link_3.dae
-- Up-to-date: /home/omar/code/robotics_project/ros2_ws/install/kuka_fortec_support/share/kuka_fortec_support/meshes/kr240_r3330/visual/link_2.dae
-- Up-to-date: /home/omar/code/robotics_project/ros2_ws/install/kuka_fortec_support/share/kuka_fortec_support/meshes/kr240_r3330/visual/link_6.dae
-- Up-to-date: /home/omar/code/robotics_project/ros2_ws/install/kuka_fortec_support/share/kuka_fortec_support/meshes/kr240_r3330/collision
-- Up-to-date: /home/omar/code/robotics_project/ros2_ws/install/kuka_fortec_support/share/kuka_fortec_support/meshes/kr240_r3330/collision/link_5.stl
-- Up-to-date: /home/omar/code/robotics_project/ros2_ws/install/kuka_fortec_support/share/kuka_fortec_support/meshes/kr240_r3330/collision/link_4.stl
-- Up-to-date: /home/omar/code/robotics_project/ros2_ws/install/kuka_fortec_support/share/kuka_fortec_support/meshes/kr240_r3330/collision/link_2.stl
-- Up-to-date: /home/omar/code/robotics_project/ros2_ws/install/kuka_fortec_support/share/kuka_fortec_support/meshes/kr240_r3330/collision/base_link.stl
-- Up-to-date: /home/omar/code/robotics_project/ros2_ws/install/kuka_fortec_support/share/kuka_fortec_support/meshes/kr240_r3330/collision/link_6.stl
-- Up-to-date: /home/omar/code/robotics_project/ros2_ws/install/kuka_fortec_support/share/kuka_fortec_support/meshes/kr240_r3330/collision/link_3.stl
-- Up-to-date: /home/omar/code/robotics_project/ros2_ws/install/kuka_fortec_support/share/kuka_fortec_support/meshes/kr240_r3330/collision/link_1.stl
-- Up-to-date: /home/omar/code/robotics_project/ros2_ws/install/kuka_fortec_support/share/kuka_fortec_support/meshes/kr800_r2800_2
-- Up-to-date: /home/omar/code/robotics_project/ros2_ws/install/kuka_fortec_support/share/kuka_fortec_support/meshes/kr800_r2800_2/visual
-- Up-to-date: /home/omar/code/robotics_project/ros2_ws/install/kuka_fortec_support/share/kuka_fortec_support/meshes/kr800_r2800_2/visual/link_5.dae
-- Up-to-date: /home/omar/code/robotics_project/ros2_ws/install/kuka_fortec_support/share/kuka_fortec_support/meshes/kr800_r2800_2/visual/link_1.dae
-- Up-to-date: /home/omar/code/robotics_project/ros2_ws/install/kuka_fortec_support/share/kuka_fortec_support/meshes/kr800_r2800_2/visual/link_4.dae
-- Up-to-date: /home/omar/code/robotics_project/ros2_ws/install/kuka_fortec_support/share/kuka_fortec_support/meshes/kr800_r2800_2/visual/base_link.dae
-- Up-to-date: /home/omar/code/robotics_project/ros2_ws/install/kuka_fortec_support/share/kuka_fortec_support/meshes/kr800_r2800_2/visual/link_3.dae
-- Up-to-date: /home/omar/code/robotics_project/ros2_ws/install/kuka_fortec_support/share/kuka_fortec_support/meshes/kr800_r2800_2/visual/link_2.dae
-- Up-to-date: /home/omar/code/robotics_project/ros2_ws/install/kuka_fortec_support/share/kuka_fortec_support/meshes/kr800_r2800_2/visual/link_6.dae
-- Up-to-date: /home/omar/code/robotics_project/ros2_ws/install/kuka_fortec_support/share/kuka_fortec_support/meshes/kr800_r2800_2/collision
-- Up-to-date: /home/omar/code/robotics_project/ros2_ws/install/kuka_fortec_support/share/kuka_fortec_support/meshes/kr800_r2800_2/collision/link_5.stl
-- Up-to-date: /home/omar/code/robotics_project/ros2_ws/install/kuka_fortec_support/share/kuka_fortec_support/meshes/kr800_r2800_2/collision/link_4.stl
-- Up-to-date: /home/omar/code/robotics_project/ros2_ws/install/kuka_fortec_support/share/kuka_fortec_support/meshes/kr800_r2800_2/collision/link_2.stl
-- Up-to-date: /home/omar/code/robotics_project/ros2_ws/install/kuka_fortec_support/share/kuka_fortec_support/meshes/kr800_r2800_2/collision/base_link.stl
-- Up-to-date: /home/omar/code/robotics_project/ros2_ws/install/kuka_fortec_support/share/kuka_fortec_support/meshes/kr800_r2800_2/collision/link_6.stl
-- Up-to-date: /home/omar/code/robotics_project/ros2_ws/install/kuka_fortec_support/share/kuka_fortec_support/meshes/kr800_r2800_2/collision/link_3.stl
-- Up-to-date: /home/omar/code/robotics_project/ros2_ws/install/kuka_fortec_support/share/kuka_fortec_support/meshes/kr800_r2800_2/collision/link_1.stl
-- Up-to-date: /home/omar/code/robotics_project/ros2_ws/install/kuka_fortec_support/share/kuka_fortec_support/urdf
-- Up-to-date: /home/omar/code/robotics_project/ros2_ws/install/kuka_fortec_support/share/kuka_fortec_support/urdf/kr800_r2800_2_macro.xacro
-- Up-to-date: /home/omar/code/robotics_project/ros2_ws/install/kuka_fortec_support/share/kuka_fortec_support/urdf/kr560_r3100_2.urdf.xacro
-- Up-to-date: /home/omar/code/robotics_project/ros2_ws/install/kuka_fortec_support/share/kuka_fortec_support/urdf/kr360_r2830_macro.xacro
-- Up-to-date: /home/omar/code/robotics_project/ros2_ws/install/kuka_fortec_support/share/kuka_fortec_support/urdf/kr800_r2800_2.urdf.xacro
-- Up-to-date: /home/omar/code/robotics_project/ros2_ws/install/kuka_fortec_support/share/kuka_fortec_support/urdf/kr360_r2830.urdf.xacro
-- Up-to-date: /home/omar/code/robotics_project/ros2_ws/install/kuka_fortec_support/share/kuka_fortec_support/urdf/kr300_r2800_2_mt_macro.xacro
-- Up-to-date: /home/omar/code/robotics_project/ros2_ws/install/kuka_fortec_support/share/kuka_fortec_support/urdf/kr240_r3330.urdf.xacro
-- Up-to-date: /home/omar/code/robotics_project/ros2_ws/install/kuka_fortec_support/share/kuka_fortec_support/urdf/kr300_r2800_2_mt.urdf.xacro
-- Up-to-date: /home/omar/code/robotics_project/ros2_ws/install/kuka_fortec_support/share/kuka_fortec_support/urdf/kr560_r3100_2_macro.xacro
-- Up-to-date: /home/omar/code/robotics_project/ros2_ws/install/kuka_fortec_support/share/kuka_fortec_support/urdf/kr500_r2800_2_macro.xacro
-- Up-to-date: /home/omar/code/robotics_project/ros2_ws/install/kuka_fortec_support/share/kuka_fortec_support/urdf/kr240_r3330_macro.xacro
-- Up-to-date: /home/omar/code/robotics_project/ros2_ws/install/kuka_fortec_support/share/kuka_fortec_support/urdf/kr_fortec_ros2_control_macro.xacro
-- Up-to-date: /home/omar/code/robotics_project/ros2_ws/install/kuka_fortec_support/share/kuka_fortec_support/urdf/kr500_r2800_2.urdf.xacro
-- Up-to-date: /home/omar/code/robotics_project/ros2_ws/install/kuka_fortec_support/share/kuka_fortec_support/environment/kuka_fortec_support.dsv
-- Up-to-date: /home/omar/code/robotics_project/ros2_ws/install/kuka_fortec_support/share/ament_index/resource_index/package_run_dependencies/kuka_fortec_support
-- Up-to-date: /home/omar/code/robotics_project/ros2_ws/install/kuka_fortec_support/share/ament_index/resource_index/parent_prefix_path/kuka_fortec_support
-- Up-to-date: /home/omar/code/robotics_project/ros2_ws/install/kuka_fortec_support/share/kuka_fortec_support/environment/ament_prefix_path.sh
-- Up-to-date: /home/omar/code/robotics_project/ros2_ws/install/kuka_fortec_support/share/kuka_fortec_support/environment/ament_prefix_path.dsv
-- Up-to-date: /home/omar/code/robotics_project/ros2_ws/install/kuka_fortec_support/share/kuka_fortec_support/environment/path.sh
-- Up-to-date: /home/omar/code/robotics_project/ros2_ws/install/kuka_fortec_support/share/kuka_fortec_support/environment/path.dsv
-- Up-to-date: /home/omar/code/robotics_project/ros2_ws/install/kuka_fortec_support/share/kuka_fortec_support/local_setup.bash
-- Up-to-date: /home/omar/code/robotics_project/ros2_ws/install/kuka_fortec_support/share/kuka_fortec_support/local_setup.sh
-- Up-to-date: /home/omar/code/robotics_project/ros2_ws/install/kuka_fortec_support/share/kuka_fortec_support/local_setup.zsh
-- Up-to-date: /home/omar/code/robotics_project/ros2_ws/install/kuka_fortec_support/share/kuka_fortec_support/local_setup.dsv
-- Installing: /home/omar/code/robotics_project/ros2_ws/install/kuka_fortec_support/share/kuka_fortec_support/package.dsv
-- Up-to-date: /home/omar/code/robotics_project/ros2_ws/install/kuka_fortec_support/share/ament_index/resource_index/packages/kuka_fortec_support
-- Up-to-date: /home/omar/code/robotics_project/ros2_ws/install/kuka_fortec_support/share/kuka_fortec_support/cmake/kuka_fortec_supportConfig.cmake
-- Up-to-date: /home/omar/code/robotics_project/ros2_ws/install/kuka_fortec_support/share/kuka_fortec_support/cmake/kuka_fortec_supportConfig-version.cmake
-- Up-to-date: /home/omar/code/robotics_project/ros2_ws/install/kuka_fortec_support/share/kuka_fortec_support/package.xml
