[0.146s] Invoking command in '/home/omar/code/robotics_project/ros2_ws/build/kuka_gazebo': CMAKE_PREFIX_PATH=${CMAKE_PREFIX_PATH}:/home/omar/code/robotics_project/ros2_ws/install/thesis_bringup:/home/omar/code/robotics_project/ros2_ws/install/safety_layer:/home/omar/code/robotics_project/ros2_ws/install/robot_simulation:/home/omar/code/robotics_project/ros2_ws/install/robot_description:/home/omar/code/robotics_project/ros2_ws/install/perception_pipeline:/home/omar/code/robotics_project/ros2_ws/install/peg_in_hole_metrics:/home/omar/code/robotics_project/ros2_ws/install/peg_in_hole_description:/home/omar/code/robotics_project/ros2_ws/install/learning_interface:/home/omar/code/robotics_project/ros2_ws/install/kuka_task_control:/home/omar/code/robotics_project/ros2_ws/install/kuka_description:/home/omar/code/robotics_project/ros2_ws/install/first_robot_demo:/home/omar/code/robotics_project/ros2_ws/install/experiment_manager:/opt/ros/jazzy /usr/bin/cmake --build /home/omar/code/robotics_project/ros2_ws/build/kuka_gazebo -- -j8 -l8
[1.349s] [100%] Built target test_keep_alive
[1.608s] Invoked command in '/home/omar/code/robotics_project/ros2_ws/build/kuka_gazebo' returned '0': CMAKE_PREFIX_PATH=${CMAKE_PREFIX_PATH}:/home/omar/code/robotics_project/ros2_ws/install/thesis_bringup:/home/omar/code/robotics_project/ros2_ws/install/safety_layer:/home/omar/code/robotics_project/ros2_ws/install/robot_simulation:/home/omar/code/robotics_project/ros2_ws/install/robot_description:/home/omar/code/robotics_project/ros2_ws/install/perception_pipeline:/home/omar/code/robotics_project/ros2_ws/install/peg_in_hole_metrics:/home/omar/code/robotics_project/ros2_ws/install/peg_in_hole_description:/home/omar/code/robotics_project/ros2_ws/install/learning_interface:/home/omar/code/robotics_project/ros2_ws/install/kuka_task_control:/home/omar/code/robotics_project/ros2_ws/install/kuka_description:/home/omar/code/robotics_project/ros2_ws/install/first_robot_demo:/home/omar/code/robotics_project/ros2_ws/install/experiment_manager:/opt/ros/jazzy /usr/bin/cmake --build /home/omar/code/robotics_project/ros2_ws/build/kuka_gazebo -- -j8 -l8
[1.625s] Invoking command in '/home/omar/code/robotics_project/ros2_ws/build/kuka_gazebo': CMAKE_PREFIX_PATH=${CMAKE_PREFIX_PATH}:/home/omar/code/robotics_project/ros2_ws/install/thesis_bringup:/home/omar/code/robotics_project/ros2_ws/install/safety_layer:/home/omar/code/robotics_project/ros2_ws/install/robot_simulation:/home/omar/code/robotics_project/ros2_ws/install/robot_description:/home/omar/code/robotics_project/ros2_ws/install/perception_pipeline:/home/omar/code/robotics_project/ros2_ws/install/peg_in_hole_metrics:/home/omar/code/robotics_project/ros2_ws/install/peg_in_hole_description:/home/omar/code/robotics_project/ros2_ws/install/learning_interface:/home/omar/code/robotics_project/ros2_ws/install/kuka_task_control:/home/omar/code/robotics_project/ros2_ws/install/kuka_description:/home/omar/code/robotics_project/ros2_ws/install/first_robot_demo:/home/omar/code/robotics_project/ros2_ws/install/experiment_manager:/opt/ros/jazzy /usr/bin/cmake --install /home/omar/code/robotics_project/ros2_ws/build/kuka_gazebo
[1.658s] -- Install configuration: ""
[1.658s] -- Up-to-date: /home/omar/code/robotics_project/ros2_ws/install/kuka_gazebo/share/kuka_gazebo/gazebo
[1.658s] -- Up-to-date: /home/omar/code/robotics_project/ros2_ws/install/kuka_gazebo/share/kuka_gazebo/gazebo/kuka_gazebo.xacro
[1.660s] -- Up-to-date: /home/omar/code/robotics_project/ros2_ws/install/kuka_gazebo/share/kuka_gazebo/launch
[1.677s] -- Up-to-date: /home/omar/code/robotics_project/ros2_ws/install/kuka_gazebo/share/kuka_gazebo/launch/gazebo_startup.launch.py
[1.704s] -- Up-to-date: /home/omar/code/robotics_project/ros2_ws/install/kuka_gazebo/share/kuka_gazebo/launch/__pycache__
[1.750s] -- Up-to-date: /home/omar/code/robotics_project/ros2_ws/install/kuka_gazebo/share/kuka_gazebo/launch/__pycache__/gazebo_startup.launch.cpython-312.pyc
[1.750s] -- Up-to-date: /home/omar/code/robotics_project/ros2_ws/install/kuka_gazebo/share/kuka_gazebo/world
[1.767s] -- Up-to-date: /home/omar/code/robotics_project/ros2_ws/install/kuka_gazebo/share/kuka_gazebo/world/empty_world.sdf
[1.767s] -- Up-to-date: /home/omar/code/robotics_project/ros2_ws/install/kuka_gazebo/share/kuka_gazebo/world/box.sdf
[1.767s] -- Up-to-date: /home/omar/code/robotics_project/ros2_ws/install/kuka_gazebo/share/kuka_gazebo/config
[1.784s] -- Up-to-date: /home/omar/code/robotics_project/ros2_ws/install/kuka_gazebo/share/kuka_gazebo/config/bridge_config.yaml
[1.784s] -- Up-to-date: /home/omar/code/robotics_project/ros2_ws/install/kuka_gazebo/lib/kuka_gazebo/gazebo_support_test.py
[1.784s] -- Up-to-date: /home/omar/code/robotics_project/ros2_ws/install/kuka_gazebo/lib/kuka_gazebo/run_gazebo_tests.py
[1.784s] -- Up-to-date: /home/omar/code/robotics_project/ros2_ws/install/kuka_gazebo/lib/kuka_gazebo/test_gazebo_robot_support.py
[1.784s] -- Up-to-date: /home/omar/code/robotics_project/ros2_ws/install/kuka_gazebo/share/kuka_gazebo/README.md
[1.830s] -- Up-to-date: /home/omar/code/robotics_project/ros2_ws/install/kuka_gazebo/lib/kuka_gazebo/test_keep_alive
[1.831s] -- Up-to-date: /home/omar/code/robotics_project/ros2_ws/install/kuka_gazebo/share/ament_index/resource_index/package_run_dependencies/kuka_gazebo
[1.831s] -- Up-to-date: /home/omar/code/robotics_project/ros2_ws/install/kuka_gazebo/share/ament_index/resource_index/parent_prefix_path/kuka_gazebo
[1.831s] -- Up-to-date: /home/omar/code/robotics_project/ros2_ws/install/kuka_gazebo/share/kuka_gazebo/environment/ament_prefix_path.sh
[1.831s] -- Up-to-date: /home/omar/code/robotics_project/ros2_ws/install/kuka_gazebo/share/kuka_gazebo/environment/ament_prefix_path.dsv
[1.831s] -- Up-to-date: /home/omar/code/robotics_project/ros2_ws/install/kuka_gazebo/share/kuka_gazebo/environment/path.sh
[1.831s] -- Up-to-date: /home/omar/code/robotics_project/ros2_ws/install/kuka_gazebo/share/kuka_gazebo/environment/path.dsv
[1.831s] -- Up-to-date: /home/omar/code/robotics_project/ros2_ws/install/kuka_gazebo/share/kuka_gazebo/local_setup.bash
[1.831s] -- Up-to-date: /home/omar/code/robotics_project/ros2_ws/install/kuka_gazebo/share/kuka_gazebo/local_setup.sh
[1.831s] -- Up-to-date: /home/omar/code/robotics_project/ros2_ws/install/kuka_gazebo/share/kuka_gazebo/local_setup.zsh
[1.831s] -- Up-to-date: /home/omar/code/robotics_project/ros2_ws/install/kuka_gazebo/share/kuka_gazebo/local_setup.dsv
[1.831s] -- Installing: /home/omar/code/robotics_project/ros2_ws/install/kuka_gazebo/share/kuka_gazebo/package.dsv
[1.847s] -- Up-to-date: /home/omar/code/robotics_project/ros2_ws/install/kuka_gazebo/share/ament_index/resource_index/packages/kuka_gazebo
[1.847s] -- Up-to-date: /home/omar/code/robotics_project/ros2_ws/install/kuka_gazebo/share/kuka_gazebo/cmake/kuka_gazeboConfig.cmake
[1.847s] -- Up-to-date: /home/omar/code/robotics_project/ros2_ws/install/kuka_gazebo/share/kuka_gazebo/cmake/kuka_gazeboConfig-version.cmake
[1.847s] -- Up-to-date: /home/omar/code/robotics_project/ros2_ws/install/kuka_gazebo/share/kuka_gazebo/package.xml
[2.128s] Invoked command in '/home/omar/code/robotics_project/ros2_ws/build/kuka_gazebo' returned '0': CMAKE_PREFIX_PATH=${CMAKE_PREFIX_PATH}:/home/omar/code/robotics_project/ros2_ws/install/thesis_bringup:/home/omar/code/robotics_project/ros2_ws/install/safety_layer:/home/omar/code/robotics_project/ros2_ws/install/robot_simulation:/home/omar/code/robotics_project/ros2_ws/install/robot_description:/home/omar/code/robotics_project/ros2_ws/install/perception_pipeline:/home/omar/code/robotics_project/ros2_ws/install/peg_in_hole_metrics:/home/omar/code/robotics_project/ros2_ws/install/peg_in_hole_description:/home/omar/code/robotics_project/ros2_ws/install/learning_interface:/home/omar/code/robotics_project/ros2_ws/install/kuka_task_control:/home/omar/code/robotics_project/ros2_ws/install/kuka_description:/home/omar/code/robotics_project/ros2_ws/install/first_robot_demo:/home/omar/code/robotics_project/ros2_ws/install/experiment_manager:/opt/ros/jazzy /usr/bin/cmake --install /home/omar/code/robotics_project/ros2_ws/build/kuka_gazebo
