[1.728s] Invoking command in '/home/omar/code/robotics_project/ros2_ws/src/peg_in_hole_description': PYTHONPATH=/home/omar/code/robotics_project/ros2_ws/build/peg_in_hole_description/prefix_override:/usr/lib/python3/dist-packages/colcon_core/task/python/colcon_distutils_commands:/home/omar/code/robotics_project/ros2_ws/install/peg_in_hole_description/lib/python3.12/site-packages:${PYTHONPATH} /usr/bin/python3 -W ignore:setup.py install is deprecated -W ignore:easy_install command is deprecated setup.py egg_info --egg-base ../../build/peg_in_hole_description build --build-base /home/omar/code/robotics_project/ros2_ws/build/peg_in_hole_description/build install --record /home/omar/code/robotics_project/ros2_ws/build/peg_in_hole_description/install.log --single-version-externally-managed install_data
[1.998s] running egg_info
[2.020s] writing ../../build/peg_in_hole_description/peg_in_hole_description.egg-info/PKG-INFO
[2.020s] writing dependency_links to ../../build/peg_in_hole_description/peg_in_hole_description.egg-info/dependency_links.txt
[2.020s] writing requirements to ../../build/peg_in_hole_description/peg_in_hole_description.egg-info/requires.txt
[2.020s] writing top-level names to ../../build/peg_in_hole_description/peg_in_hole_description.egg-info/top_level.txt
[2.062s] reading manifest file '../../build/peg_in_hole_description/peg_in_hole_description.egg-info/SOURCES.txt'
[2.063s] writing manifest file '../../build/peg_in_hole_description/peg_in_hole_description.egg-info/SOURCES.txt'
[2.063s] running build
[2.063s] running build_py
[2.064s] running install
[2.069s] running install_lib
[2.090s] running install_data
[2.090s] copying urdf/lbr_iisy6_r1300_moveit_diagnostic.urdf.xacro -> /home/omar/code/robotics_project/ros2_ws/install/peg_in_hole_description/share/peg_in_hole_description/urdf
[2.091s] running install_egg_info
[2.113s] removing '/home/omar/code/robotics_project/ros2_ws/install/peg_in_hole_description/lib/python3.12/site-packages/peg_in_hole_description-0.1.0-py3.12.egg-info' (and everything under it)
[2.114s] Copying ../../build/peg_in_hole_description/peg_in_hole_description.egg-info to /home/omar/code/robotics_project/ros2_ws/install/peg_in_hole_description/lib/python3.12/site-packages/peg_in_hole_description-0.1.0-py3.12.egg-info
[2.115s] running install_scripts
[2.247s] writing list of installed files to '/home/omar/code/robotics_project/ros2_ws/build/peg_in_hole_description/install.log'
[2.328s] Invoked command in '/home/omar/code/robotics_project/ros2_ws/src/peg_in_hole_description' returned '0': PYTHONPATH=/home/omar/code/robotics_project/ros2_ws/build/peg_in_hole_description/prefix_override:/usr/lib/python3/dist-packages/colcon_core/task/python/colcon_distutils_commands:/home/omar/code/robotics_project/ros2_ws/install/peg_in_hole_description/lib/python3.12/site-packages:${PYTHONPATH} /usr/bin/python3 -W ignore:setup.py install is deprecated -W ignore:easy_install command is deprecated setup.py egg_info --egg-base ../../build/peg_in_hole_description build --build-base /home/omar/code/robotics_project/ros2_ws/build/peg_in_hole_description/build install --record /home/omar/code/robotics_project/ros2_ws/build/peg_in_hole_description/install.log --single-version-externally-managed install_data
