[6.046s] Invoking command in '/home/omar/code/robotics_project/ros2_ws/src/first_robot_demo': PYTHONPATH=/home/omar/code/robotics_project/ros2_ws/build/first_robot_demo/prefix_override:/usr/lib/python3/dist-packages/colcon_core/task/python/colcon_distutils_commands:/home/omar/code/robotics_project/ros2_ws/install/first_robot_demo/lib/python3.12/site-packages:${PYTHONPATH} /usr/bin/python3 -W ignore:setup.py install is deprecated -W ignore:easy_install command is deprecated setup.py egg_info --egg-base ../../build/first_robot_demo build --build-base /home/omar/code/robotics_project/ros2_ws/build/first_robot_demo/build install --record /home/omar/code/robotics_project/ros2_ws/build/first_robot_demo/install.log --single-version-externally-managed install_data
[6.296s] running egg_info
[6.296s] creating ../../build/first_robot_demo/first_robot_demo.egg-info
[6.315s] writing ../../build/first_robot_demo/first_robot_demo.egg-info/PKG-INFO
[6.315s] writing dependency_links to ../../build/first_robot_demo/first_robot_demo.egg-info/dependency_links.txt
[6.315s] writing requirements to ../../build/first_robot_demo/first_robot_demo.egg-info/requires.txt
[6.315s] writing top-level names to ../../build/first_robot_demo/first_robot_demo.egg-info/top_level.txt
[6.315s] writing manifest file '../../build/first_robot_demo/first_robot_demo.egg-info/SOURCES.txt'
[6.352s] reading manifest file '../../build/first_robot_demo/first_robot_demo.egg-info/SOURCES.txt'
[6.353s] writing manifest file '../../build/first_robot_demo/first_robot_demo.egg-info/SOURCES.txt'
[6.353s] running build
[6.353s] running build_py
[6.353s] creating /home/omar/code/robotics_project/ros2_ws/build/first_robot_demo/build
[6.354s] creating /home/omar/code/robotics_project/ros2_ws/build/first_robot_demo/build/lib
[6.369s] creating /home/omar/code/robotics_project/ros2_ws/build/first_robot_demo/build/lib/first_robot_demo
[6.369s] copying first_robot_demo/__init__.py -> /home/omar/code/robotics_project/ros2_ws/build/first_robot_demo/build/lib/first_robot_demo
[6.370s] running install
[6.375s] running install_lib
[6.394s] creating /home/omar/code/robotics_project/ros2_ws/install/first_robot_demo/lib/python3.12/site-packages/first_robot_demo
[6.394s] copying /home/omar/code/robotics_project/ros2_ws/build/first_robot_demo/build/lib/first_robot_demo/__init__.py -> /home/omar/code/robotics_project/ros2_ws/install/first_robot_demo/lib/python3.12/site-packages/first_robot_demo
[6.406s] byte-compiling /home/omar/code/robotics_project/ros2_ws/install/first_robot_demo/lib/python3.12/site-packages/first_robot_demo/__init__.py to __init__.cpython-312.pyc
[6.407s] running install_data
[6.407s] creating /home/omar/code/robotics_project/ros2_ws/install/first_robot_demo/share/ament_index
[6.407s] creating /home/omar/code/robotics_project/ros2_ws/install/first_robot_demo/share/ament_index/resource_index
[6.407s] creating /home/omar/code/robotics_project/ros2_ws/install/first_robot_demo/share/ament_index/resource_index/packages
[6.410s] copying resource/first_robot_demo -> /home/omar/code/robotics_project/ros2_ws/install/first_robot_demo/share/ament_index/resource_index/packages
[6.410s] copying package.xml -> /home/omar/code/robotics_project/ros2_ws/install/first_robot_demo/share/first_robot_demo
[6.410s] running install_egg_info
[6.430s] Copying ../../build/first_robot_demo/first_robot_demo.egg-info to /home/omar/code/robotics_project/ros2_ws/install/first_robot_demo/lib/python3.12/site-packages/first_robot_demo-0.0.0-py3.12.egg-info
[6.430s] running install_scripts
[6.543s] writing list of installed files to '/home/omar/code/robotics_project/ros2_ws/build/first_robot_demo/install.log'
[6.568s] Invoked command in '/home/omar/code/robotics_project/ros2_ws/src/first_robot_demo' returned '0': PYTHONPATH=/home/omar/code/robotics_project/ros2_ws/build/first_robot_demo/prefix_override:/usr/lib/python3/dist-packages/colcon_core/task/python/colcon_distutils_commands:/home/omar/code/robotics_project/ros2_ws/install/first_robot_demo/lib/python3.12/site-packages:${PYTHONPATH} /usr/bin/python3 -W ignore:setup.py install is deprecated -W ignore:easy_install command is deprecated setup.py egg_info --egg-base ../../build/first_robot_demo build --build-base /home/omar/code/robotics_project/ros2_ws/build/first_robot_demo/build install --record /home/omar/code/robotics_project/ros2_ws/build/first_robot_demo/install.log --single-version-externally-managed install_data
