[1.250s] Invoking command in '/home/omar/code/robotics_project/ros2_ws/src/safety_layer': PYTHONPATH=/home/omar/code/robotics_project/ros2_ws/build/safety_layer/prefix_override:/usr/lib/python3/dist-packages/colcon_core/task/python/colcon_distutils_commands:/home/omar/code/robotics_project/ros2_ws/install/safety_layer/lib/python3.12/site-packages:${PYTHONPATH} /usr/bin/python3 -W ignore:setup.py install is deprecated -W ignore:easy_install command is deprecated setup.py egg_info --egg-base ../../build/safety_layer build --build-base /home/omar/code/robotics_project/ros2_ws/build/safety_layer/build install --record /home/omar/code/robotics_project/ros2_ws/build/safety_layer/install.log --single-version-externally-managed install_data
[1.531s] running egg_info
[1.552s] writing ../../build/safety_layer/safety_layer.egg-info/PKG-INFO
[1.552s] writing dependency_links to ../../build/safety_layer/safety_layer.egg-info/dependency_links.txt
[1.552s] writing entry points to ../../build/safety_layer/safety_layer.egg-info/entry_points.txt
[1.553s] writing requirements to ../../build/safety_layer/safety_layer.egg-info/requires.txt
[1.553s] writing top-level names to ../../build/safety_layer/safety_layer.egg-info/top_level.txt
[1.594s] reading manifest file '../../build/safety_layer/safety_layer.egg-info/SOURCES.txt'
[1.595s] writing manifest file '../../build/safety_layer/safety_layer.egg-info/SOURCES.txt'
[1.595s] running build
[1.595s] running build_py
[1.595s] running install
[1.601s] running install_lib
[1.623s] running install_data
[1.623s] running install_egg_info
[1.645s] removing '/home/omar/code/robotics_project/ros2_ws/install/safety_layer/lib/python3.12/site-packages/safety_layer-0.1.0-py3.12.egg-info' (and everything under it)
[1.645s] Copying ../../build/safety_layer/safety_layer.egg-info to /home/omar/code/robotics_project/ros2_ws/install/safety_layer/lib/python3.12/site-packages/safety_layer-0.1.0-py3.12.egg-info
[1.646s] running install_scripts
[1.777s] Installing safety_monitor script to /home/omar/code/robotics_project/ros2_ws/install/safety_layer/lib/safety_layer
[1.777s] writing list of installed files to '/home/omar/code/robotics_project/ros2_ws/build/safety_layer/install.log'
[1.820s] Invoked command in '/home/omar/code/robotics_project/ros2_ws/src/safety_layer' returned '0': PYTHONPATH=/home/omar/code/robotics_project/ros2_ws/build/safety_layer/prefix_override:/usr/lib/python3/dist-packages/colcon_core/task/python/colcon_distutils_commands:/home/omar/code/robotics_project/ros2_ws/install/safety_layer/lib/python3.12/site-packages:${PYTHONPATH} /usr/bin/python3 -W ignore:setup.py install is deprecated -W ignore:easy_install command is deprecated setup.py egg_info --egg-base ../../build/safety_layer build --build-base /home/omar/code/robotics_project/ros2_ws/build/safety_layer/build install --record /home/omar/code/robotics_project/ros2_ws/build/safety_layer/install.log --single-version-externally-managed install_data
