running develop
Removing /home/omar/code/robotics_project/ros2_ws/install/safety_layer/lib/python3.12/site-packages/safety-layer.egg-link (link to .)
running egg_info
writing ../../build/safety_layer/safety_layer.egg-info/PKG-INFO
writing dependency_links to ../../build/safety_layer/safety_layer.egg-info/dependency_links.txt
writing entry points to ../../build/safety_layer/safety_layer.egg-info/entry_points.txt
writing requirements to ../../build/safety_layer/safety_layer.egg-info/requires.txt
writing top-level names to ../../build/safety_layer/safety_layer.egg-info/top_level.txt
reading manifest file '../../build/safety_layer/safety_layer.egg-info/SOURCES.txt'
writing manifest file '../../build/safety_layer/safety_layer.egg-info/SOURCES.txt'
running build
running build_py
running install
running install_lib
creating /home/omar/code/robotics_project/ros2_ws/install/safety_layer/lib/python3.12/site-packages/safety_layer
copying /home/omar/code/robotics_project/ros2_ws/build/safety_layer/build/lib/safety_layer/__init__.py -> /home/omar/code/robotics_project/ros2_ws/install/safety_layer/lib/python3.12/site-packages/safety_layer
copying /home/omar/code/robotics_project/ros2_ws/build/safety_layer/build/lib/safety_layer/safety_monitor.py -> /home/omar/code/robotics_project/ros2_ws/install/safety_layer/lib/python3.12/site-packages/safety_layer
byte-compiling /home/omar/code/robotics_project/ros2_ws/install/safety_layer/lib/python3.12/site-packages/safety_layer/__init__.py to __init__.cpython-312.pyc
byte-compiling /home/omar/code/robotics_project/ros2_ws/install/safety_layer/lib/python3.12/site-packages/safety_layer/safety_monitor.py to safety_monitor.cpython-312.pyc
running install_data
copying resource/safety_layer -> /home/omar/code/robotics_project/ros2_ws/install/safety_layer/share/ament_index/resource_index/packages
copying package.xml -> /home/omar/code/robotics_project/ros2_ws/install/safety_layer/share/safety_layer
copying README.md -> /home/omar/code/robotics_project/ros2_ws/install/safety_layer/share/safety_layer
copying launch/safety_layer.launch.py -> /home/omar/code/robotics_project/ros2_ws/install/safety_layer/share/safety_layer/launch
copying launch/safety_monitor.launch.py -> /home/omar/code/robotics_project/ros2_ws/install/safety_layer/share/safety_layer/launch
copying config/safety_limits.yaml -> /home/omar/code/robotics_project/ros2_ws/install/safety_layer/share/safety_layer/config
running install_egg_info
Copying ../../build/safety_layer/safety_layer.egg-info to /home/omar/code/robotics_project/ros2_ws/install/safety_layer/lib/python3.12/site-packages/safety_layer-0.1.0-py3.12.egg-info
running install_scripts
Installing safety_monitor script to /home/omar/code/robotics_project/ros2_ws/install/safety_layer/lib/safety_layer
writing list of installed files to '/home/omar/code/robotics_project/ros2_ws/build/safety_layer/install.log'
