[100%] Built target test_keep_alive
-- Install configuration: ""
-- Up-to-date: /home/omar/code/robotics_project/ros2_ws/install/kuka_gazebo/share/kuka_gazebo/gazebo
-- Up-to-date: /home/omar/code/robotics_project/ros2_ws/install/kuka_gazebo/share/kuka_gazebo/gazebo/kuka_gazebo.xacro
-- Up-to-date: /home/omar/code/robotics_project/ros2_ws/install/kuka_gazebo/share/kuka_gazebo/launch
-- Up-to-date: /home/omar/code/robotics_project/ros2_ws/install/kuka_gazebo/share/kuka_gazebo/launch/gazebo_startup.launch.py
-- Up-to-date: /home/omar/code/robotics_project/ros2_ws/install/kuka_gazebo/share/kuka_gazebo/launch/__pycache__
-- Up-to-date: /home/omar/code/robotics_project/ros2_ws/install/kuka_gazebo/share/kuka_gazebo/launch/__pycache__/gazebo_startup.launch.cpython-312.pyc
-- Up-to-date: /home/omar/code/robotics_project/ros2_ws/install/kuka_gazebo/share/kuka_gazebo/world
-- Up-to-date: /home/omar/code/robotics_project/ros2_ws/install/kuka_gazebo/share/kuka_gazebo/world/empty_world.sdf
-- Up-to-date: /home/omar/code/robotics_project/ros2_ws/install/kuka_gazebo/share/kuka_gazebo/world/box.sdf
-- Up-to-date: /home/omar/code/robotics_project/ros2_ws/install/kuka_gazebo/share/kuka_gazebo/config
-- Up-to-date: /home/omar/code/robotics_project/ros2_ws/install/kuka_gazebo/share/kuka_gazebo/config/bridge_config.yaml
-- Up-to-date: /home/omar/code/robotics_project/ros2_ws/install/kuka_gazebo/lib/kuka_gazebo/gazebo_support_test.py
-- Up-to-date: /home/omar/code/robotics_project/ros2_ws/install/kuka_gazebo/lib/kuka_gazebo/run_gazebo_tests.py
-- Up-to-date: /home/omar/code/robotics_project/ros2_ws/install/kuka_gazebo/lib/kuka_gazebo/test_gazebo_robot_support.py
-- Up-to-date: /home/omar/code/robotics_project/ros2_ws/install/kuka_gazebo/share/kuka_gazebo/README.md
-- Up-to-date: /home/omar/code/robotics_project/ros2_ws/install/kuka_gazebo/lib/kuka_gazebo/test_keep_alive
-- Up-to-date: /home/omar/code/robotics_project/ros2_ws/install/kuka_gazebo/share/ament_index/resource_index/package_run_dependencies/kuka_gazebo
-- Up-to-date: /home/omar/code/robotics_project/ros2_ws/install/kuka_gazebo/share/ament_index/resource_index/parent_prefix_path/kuka_gazebo
-- Up-to-date: /home/omar/code/robotics_project/ros2_ws/install/kuka_gazebo/share/kuka_gazebo/environment/ament_prefix_path.sh
-- Up-to-date: /home/omar/code/robotics_project/ros2_ws/install/kuka_gazebo/share/kuka_gazebo/environment/ament_prefix_path.dsv
-- Up-to-date: /home/omar/code/robotics_project/ros2_ws/install/kuka_gazebo/share/kuka_gazebo/environment/path.sh
-- Up-to-date: /home/omar/code/robotics_project/ros2_ws/install/kuka_gazebo/share/kuka_gazebo/environment/path.dsv
-- Up-to-date: /home/omar/code/robotics_project/ros2_ws/install/kuka_gazebo/share/kuka_gazebo/local_setup.bash
-- Up-to-date: /home/omar/code/robotics_project/ros2_ws/install/kuka_gazebo/share/kuka_gazebo/local_setup.sh
-- Up-to-date: /home/omar/code/robotics_project/ros2_ws/install/kuka_gazebo/share/kuka_gazebo/local_setup.zsh
-- Up-to-date: /home/omar/code/robotics_project/ros2_ws/install/kuka_gazebo/share/kuka_gazebo/local_setup.dsv
-- Installing: /home/omar/code/robotics_project/ros2_ws/install/kuka_gazebo/share/kuka_gazebo/package.dsv
-- Up-to-date: /home/omar/code/robotics_project/ros2_ws/install/kuka_gazebo/share/ament_index/resource_index/packages/kuka_gazebo
-- Up-to-date: /home/omar/code/robotics_project/ros2_ws/install/kuka_gazebo/share/kuka_gazebo/cmake/kuka_gazeboConfig.cmake
-- Up-to-date: /home/omar/code/robotics_project/ros2_ws/install/kuka_gazebo/share/kuka_gazebo/cmake/kuka_gazeboConfig-version.cmake
-- Up-to-date: /home/omar/code/robotics_project/ros2_ws/install/kuka_gazebo/share/kuka_gazebo/package.xml
