[0.147s] Invoking command in '/home/omar/code/robotics_project/ros2_ws/build/kuka_gazebo': CMAKE_PREFIX_PATH=${CMAKE_PREFIX_PATH}:/opt/ros/jazzy /usr/bin/cmake --build /home/omar/code/robotics_project/ros2_ws/build/kuka_gazebo -- -j8 -l8
[1.419s] [100%] Built target test_keep_alive
[1.695s] Invoked command in '/home/omar/code/robotics_project/ros2_ws/build/kuka_gazebo' returned '0': CMAKE_PREFIX_PATH=${CMAKE_PREFIX_PATH}:/opt/ros/jazzy /usr/bin/cmake --build /home/omar/code/robotics_project/ros2_ws/build/kuka_gazebo -- -j8 -l8
[1.703s] Invoking command in '/home/omar/code/robotics_project/ros2_ws/build/kuka_gazebo': CMAKE_PREFIX_PATH=${CMAKE_PREFIX_PATH}:/opt/ros/jazzy /usr/bin/cmake --install /home/omar/code/robotics_project/ros2_ws/build/kuka_gazebo
[1.732s] -- Install configuration: ""
[1.732s] -- Up-to-date: /home/omar/code/robotics_project/ros2_ws/install/kuka_gazebo/share/kuka_gazebo/gazebo
[1.732s] -- Up-to-date: /home/omar/code/robotics_project/ros2_ws/install/kuka_gazebo/share/kuka_gazebo/gazebo/kuka_gazebo.xacro
[1.747s] -- Up-to-date: /home/omar/code/robotics_project/ros2_ws/install/kuka_gazebo/share/kuka_gazebo/launch
[1.764s] -- Up-to-date: /home/omar/code/robotics_project/ros2_ws/install/kuka_gazebo/share/kuka_gazebo/launch/gazebo_startup.launch.py
[1.790s] -- Up-to-date: /home/omar/code/robotics_project/ros2_ws/install/kuka_gazebo/share/kuka_gazebo/launch/__pycache__
[1.962s] -- Up-to-date: /home/omar/code/robotics_project/ros2_ws/install/kuka_gazebo/share/kuka_gazebo/launch/__pycache__/gazebo_startup.launch.cpython-312.pyc
[1.962s] -- Up-to-date: /home/omar/code/robotics_project/ros2_ws/install/kuka_gazebo/share/kuka_gazebo/world
[1.986s] -- Up-to-date: /home/omar/code/robotics_project/ros2_ws/install/kuka_gazebo/share/kuka_gazebo/world/empty_world.sdf
[1.986s] -- Up-to-date: /home/omar/code/robotics_project/ros2_ws/install/kuka_gazebo/share/kuka_gazebo/world/box.sdf
[1.986s] -- Up-to-date: /home/omar/code/robotics_project/ros2_ws/install/kuka_gazebo/share/kuka_gazebo/config
[2.003s] -- Up-to-date: /home/omar/code/robotics_project/ros2_ws/install/kuka_gazebo/share/kuka_gazebo/config/bridge_config.yaml
[2.003s] -- Up-to-date: /home/omar/code/robotics_project/ros2_ws/install/kuka_gazebo/lib/kuka_gazebo/gazebo_support_test.py
[2.004s] -- Up-to-date: /home/omar/code/robotics_project/ros2_ws/install/kuka_gazebo/lib/kuka_gazebo/run_gazebo_tests.py
[2.004s] -- Up-to-date: /home/omar/code/robotics_project/ros2_ws/install/kuka_gazebo/lib/kuka_gazebo/test_gazebo_robot_support.py
[2.004s] -- Up-to-date: /home/omar/code/robotics_project/ros2_ws/install/kuka_gazebo/share/kuka_gazebo/README.md
[2.050s] -- Up-to-date: /home/omar/code/robotics_project/ros2_ws/install/kuka_gazebo/lib/kuka_gazebo/test_keep_alive
[2.050s] -- Up-to-date: /home/omar/code/robotics_project/ros2_ws/install/kuka_gazebo/share/ament_index/resource_index/package_run_dependencies/kuka_gazebo
[2.050s] -- Up-to-date: /home/omar/code/robotics_project/ros2_ws/install/kuka_gazebo/share/ament_index/resource_index/parent_prefix_path/kuka_gazebo
[2.051s] -- Up-to-date: /home/omar/code/robotics_project/ros2_ws/install/kuka_gazebo/share/kuka_gazebo/environment/ament_prefix_path.sh
[2.051s] -- Up-to-date: /home/omar/code/robotics_project/ros2_ws/install/kuka_gazebo/share/kuka_gazebo/environment/ament_prefix_path.dsv
[2.051s] -- Up-to-date: /home/omar/code/robotics_project/ros2_ws/install/kuka_gazebo/share/kuka_gazebo/environment/path.sh
[2.051s] -- Up-to-date: /home/omar/code/robotics_project/ros2_ws/install/kuka_gazebo/share/kuka_gazebo/environment/path.dsv
[2.051s] -- Up-to-date: /home/omar/code/robotics_project/ros2_ws/install/kuka_gazebo/share/kuka_gazebo/local_setup.bash
[2.051s] -- Up-to-date: /home/omar/code/robotics_project/ros2_ws/install/kuka_gazebo/share/kuka_gazebo/local_setup.sh
[2.051s] -- Up-to-date: /home/omar/code/robotics_project/ros2_ws/install/kuka_gazebo/share/kuka_gazebo/local_setup.zsh
[2.051s] -- Up-to-date: /home/omar/code/robotics_project/ros2_ws/install/kuka_gazebo/share/kuka_gazebo/local_setup.dsv
[2.051s] -- Installing: /home/omar/code/robotics_project/ros2_ws/install/kuka_gazebo/share/kuka_gazebo/package.dsv
[2.058s] -- Up-to-date: /home/omar/code/robotics_project/ros2_ws/install/kuka_gazebo/share/ament_index/resource_index/packages/kuka_gazebo
[2.058s] -- Up-to-date: /home/omar/code/robotics_project/ros2_ws/install/kuka_gazebo/share/kuka_gazebo/cmake/kuka_gazeboConfig.cmake
[2.058s] -- Up-to-date: /home/omar/code/robotics_project/ros2_ws/install/kuka_gazebo/share/kuka_gazebo/cmake/kuka_gazeboConfig-version.cmake
[2.058s] -- Up-to-date: /home/omar/code/robotics_project/ros2_ws/install/kuka_gazebo/share/kuka_gazebo/package.xml
[2.413s] Invoked command in '/home/omar/code/robotics_project/ros2_ws/build/kuka_gazebo' returned '0': CMAKE_PREFIX_PATH=${CMAKE_PREFIX_PATH}:/opt/ros/jazzy /usr/bin/cmake --install /home/omar/code/robotics_project/ros2_ws/build/kuka_gazebo
