[6.453s] Invoking command in '/home/omar/code/robotics_project/ros2_ws/src/safety_layer': PYTHONPATH=/home/omar/code/robotics_project/ros2_ws/build/safety_layer/prefix_override:/usr/lib/python3/dist-packages/colcon_core/task/python/colcon_distutils_commands:/home/omar/code/robotics_project/ros2_ws/install/safety_layer/lib/python3.12/site-packages:${PYTHONPATH} /usr/bin/python3 -W ignore:setup.py install is deprecated -W ignore:easy_install command is deprecated setup.py egg_info --egg-base ../../build/safety_layer build --build-base /home/omar/code/robotics_project/ros2_ws/build/safety_layer/build install --record /home/omar/code/robotics_project/ros2_ws/build/safety_layer/install.log --single-version-externally-managed install_data
[6.705s] running egg_info
[6.725s] writing ../../build/safety_layer/safety_layer.egg-info/PKG-INFO
[6.725s] writing dependency_links to ../../build/safety_layer/safety_layer.egg-info/dependency_links.txt
[6.726s] writing entry points to ../../build/safety_layer/safety_layer.egg-info/entry_points.txt
[6.726s] writing requirements to ../../build/safety_layer/safety_layer.egg-info/requires.txt
[6.726s] writing top-level names to ../../build/safety_layer/safety_layer.egg-info/top_level.txt
[6.765s] reading manifest file '../../build/safety_layer/safety_layer.egg-info/SOURCES.txt'
[6.952s] writing manifest file '../../build/safety_layer/safety_layer.egg-info/SOURCES.txt'
[6.953s] running build
[6.953s] running build_py
[6.955s] copying safety_layer/safety_monitor.py -> /home/omar/code/robotics_project/ros2_ws/build/safety_layer/build/lib/safety_layer
[6.968s] running install
[6.987s] running install_lib
[7.025s] copying /home/omar/code/robotics_project/ros2_ws/build/safety_layer/build/lib/safety_layer/safety_monitor.py -> /home/omar/code/robotics_project/ros2_ws/install/safety_layer/lib/python3.12/site-packages/safety_layer
[7.035s] byte-compiling /home/omar/code/robotics_project/ros2_ws/install/safety_layer/lib/python3.12/site-packages/safety_layer/safety_monitor.py to safety_monitor.cpython-312.pyc
[7.045s] running install_data
[7.045s] running install_egg_info
[7.066s] removing '/home/omar/code/robotics_project/ros2_ws/install/safety_layer/lib/python3.12/site-packages/safety_layer-0.1.0-py3.12.egg-info' (and everything under it)
[7.067s] Copying ../../build/safety_layer/safety_layer.egg-info to /home/omar/code/robotics_project/ros2_ws/install/safety_layer/lib/python3.12/site-packages/safety_layer-0.1.0-py3.12.egg-info
[7.075s] running install_scripts
[7.198s] Installing safety_monitor script to /home/omar/code/robotics_project/ros2_ws/install/safety_layer/lib/safety_layer
[7.199s] writing list of installed files to '/home/omar/code/robotics_project/ros2_ws/build/safety_layer/install.log'
[7.233s] Invoked command in '/home/omar/code/robotics_project/ros2_ws/src/safety_layer' returned '0': PYTHONPATH=/home/omar/code/robotics_project/ros2_ws/build/safety_layer/prefix_override:/usr/lib/python3/dist-packages/colcon_core/task/python/colcon_distutils_commands:/home/omar/code/robotics_project/ros2_ws/install/safety_layer/lib/python3.12/site-packages:${PYTHONPATH} /usr/bin/python3 -W ignore:setup.py install is deprecated -W ignore:easy_install command is deprecated setup.py egg_info --egg-base ../../build/safety_layer build --build-base /home/omar/code/robotics_project/ros2_ws/build/safety_layer/build install --record /home/omar/code/robotics_project/ros2_ws/build/safety_layer/install.log --single-version-externally-managed install_data
