[0.306s] Invoking command in '/home/omar/code/robotics_project/ros2_ws/build/kuka_iontec_support': AMENT_PREFIX_PATH=/home/omar/code/robotics_project/ros2_ws/install/kuka_resources:/home/omar/code/robotics_project/ros2_ws/install/kuka_gazebo:${AMENT_PREFIX_PATH} CMAKE_PREFIX_PATH=/home/omar/code/robotics_project/ros2_ws/install/kuka_resources:/home/omar/code/robotics_project/ros2_ws/install/kuka_gazebo:/opt/ros/jazzy/opt/gz_sim_vendor:/opt/ros/jazzy/opt/gz_sensors_vendor:/opt/ros/jazzy/opt/gz_physics_vendor:/opt/ros/jazzy/opt/sdformat_vendor:/opt/ros/jazzy/opt/gz_gui_vendor:/opt/ros/jazzy/opt/gz_transport_vendor:/opt/ros/jazzy/opt/gz_rendering_vendor:/opt/ros/jazzy/opt/gz_plugin_vendor:/opt/ros/jazzy/opt/gz_fuel_tools_vendor:/opt/ros/jazzy/opt/gz_msgs_vendor:/opt/ros/jazzy/opt/gz_common_vendor:/opt/ros/jazzy/opt/gz_math_vendor:/opt/ros/jazzy/opt/gz_utils_vendor:/opt/ros/jazzy/opt/gz_tools_vendor:/opt/ros/jazzy/opt/gz_ogre_next_vendor:/opt/ros/jazzy/opt/gz_dartsim_vendor:/opt/ros/jazzy/opt/gz_cmake_vendor:/opt/ros/jazzy /usr/bin/cmake --build /home/omar/code/robotics_project/ros2_ws/build/kuka_iontec_support -- -j8 -l8
[0.342s] Invoked command in '/home/omar/code/robotics_project/ros2_ws/build/kuka_iontec_support' returned '0': AMENT_PREFIX_PATH=/home/omar/code/robotics_project/ros2_ws/install/kuka_resources:/home/omar/code/robotics_project/ros2_ws/install/kuka_gazebo:${AMENT_PREFIX_PATH} CMAKE_PREFIX_PATH=/home/omar/code/robotics_project/ros2_ws/install/kuka_resources:/home/omar/code/robotics_project/ros2_ws/install/kuka_gazebo:/opt/ros/jazzy/opt/gz_sim_vendor:/opt/ros/jazzy/opt/gz_sensors_vendor:/opt/ros/jazzy/opt/gz_physics_vendor:/opt/ros/jazzy/opt/sdformat_vendor:/opt/ros/jazzy/opt/gz_gui_vendor:/opt/ros/jazzy/opt/gz_transport_vendor:/opt/ros/jazzy/opt/gz_rendering_vendor:/opt/ros/jazzy/opt/gz_plugin_vendor:/opt/ros/jazzy/opt/gz_fuel_tools_vendor:/opt/ros/jazzy/opt/gz_msgs_vendor:/opt/ros/jazzy/opt/gz_common_vendor:/opt/ros/jazzy/opt/gz_math_vendor:/opt/ros/jazzy/opt/gz_utils_vendor:/opt/ros/jazzy/opt/gz_tools_vendor:/opt/ros/jazzy/opt/gz_ogre_next_vendor:/opt/ros/jazzy/opt/gz_dartsim_vendor:/opt/ros/jazzy/opt/gz_cmake_vendor:/opt/ros/jazzy /usr/bin/cmake --build /home/omar/code/robotics_project/ros2_ws/build/kuka_iontec_support -- -j8 -l8
[0.363s] Invoking command in '/home/omar/code/robotics_project/ros2_ws/build/kuka_iontec_support': AMENT_PREFIX_PATH=/home/omar/code/robotics_project/ros2_ws/install/kuka_resources:/home/omar/code/robotics_project/ros2_ws/install/kuka_gazebo:${AMENT_PREFIX_PATH} CMAKE_PREFIX_PATH=/home/omar/code/robotics_project/ros2_ws/install/kuka_resources:/home/omar/code/robotics_project/ros2_ws/install/kuka_gazebo:/opt/ros/jazzy/opt/gz_sim_vendor:/opt/ros/jazzy/opt/gz_sensors_vendor:/opt/ros/jazzy/opt/gz_physics_vendor:/opt/ros/jazzy/opt/sdformat_vendor:/opt/ros/jazzy/opt/gz_gui_vendor:/opt/ros/jazzy/opt/gz_transport_vendor:/opt/ros/jazzy/opt/gz_rendering_vendor:/opt/ros/jazzy/opt/gz_plugin_vendor:/opt/ros/jazzy/opt/gz_fuel_tools_vendor:/opt/ros/jazzy/opt/gz_msgs_vendor:/opt/ros/jazzy/opt/gz_common_vendor:/opt/ros/jazzy/opt/gz_math_vendor:/opt/ros/jazzy/opt/gz_utils_vendor:/opt/ros/jazzy/opt/gz_tools_vendor:/opt/ros/jazzy/opt/gz_ogre_next_vendor:/opt/ros/jazzy/opt/gz_dartsim_vendor:/opt/ros/jazzy/opt/gz_cmake_vendor:/opt/ros/jazzy /usr/bin/cmake --install /home/omar/code/robotics_project/ros2_ws/build/kuka_iontec_support
[0.370s] -- Install configuration: ""
[0.370s] -- Up-to-date: /home/omar/code/robotics_project/ros2_ws/install/kuka_iontec_support/share/kuka_iontec_support/config
[0.373s] -- Up-to-date: /home/omar/code/robotics_project/ros2_ws/install/kuka_iontec_support/share/kuka_iontec_support/config/kr30_r2100_joint_limits.yaml
[0.373s] -- Up-to-date: /home/omar/code/robotics_project/ros2_ws/install/kuka_iontec_support/share/kuka_iontec_support/config/kr70_r2100_joint_limits.yaml
[0.373s] -- Up-to-date: /home/omar/code/robotics_project/ros2_ws/install/kuka_iontec_support/share/kuka_iontec_support/config/kr50_r2500_joint_limits.yaml
[0.373s] -- Up-to-date: /home/omar/code/robotics_project/ros2_ws/install/kuka_iontec_support/share/kuka_iontec_support/config/kr20_r3100_joint_limits.yaml
[0.373s] -- Up-to-date: /home/omar/code/robotics_project/ros2_ws/install/kuka_iontec_support/share/kuka_iontec_support/launch
[0.405s] -- Up-to-date: /home/omar/code/robotics_project/ros2_ws/install/kuka_iontec_support/share/kuka_iontec_support/launch/test_kr30_r2100.launch.py
[0.405s] -- Up-to-date: /home/omar/code/robotics_project/ros2_ws/install/kuka_iontec_support/share/kuka_iontec_support/launch/test_kr50_r2500.launch.py
[0.405s] -- Up-to-date: /home/omar/code/robotics_project/ros2_ws/install/kuka_iontec_support/share/kuka_iontec_support/launch/test_kr70_r2100.launch.py
[0.405s] -- Up-to-date: /home/omar/code/robotics_project/ros2_ws/install/kuka_iontec_support/share/kuka_iontec_support/launch/test_kr20_r3100.launch.py
[0.405s] -- Up-to-date: /home/omar/code/robotics_project/ros2_ws/install/kuka_iontec_support/share/kuka_iontec_support/meshes
[0.419s] -- Up-to-date: /home/omar/code/robotics_project/ros2_ws/install/kuka_iontec_support/share/kuka_iontec_support/meshes/kr20_r3100
[0.439s] -- Up-to-date: /home/omar/code/robotics_project/ros2_ws/install/kuka_iontec_support/share/kuka_iontec_support/meshes/kr20_r3100/visual
[0.465s] -- Up-to-date: /home/omar/code/robotics_project/ros2_ws/install/kuka_iontec_support/share/kuka_iontec_support/meshes/kr20_r3100/visual/link_5.dae
[0.465s] -- Up-to-date: /home/omar/code/robotics_project/ros2_ws/install/kuka_iontec_support/share/kuka_iontec_support/meshes/kr20_r3100/visual/link_1.dae
[0.465s] -- Up-to-date: /home/omar/code/robotics_project/ros2_ws/install/kuka_iontec_support/share/kuka_iontec_support/meshes/kr20_r3100/visual/link_4.dae
[0.465s] -- Up-to-date: /home/omar/code/robotics_project/ros2_ws/install/kuka_iontec_support/share/kuka_iontec_support/meshes/kr20_r3100/visual/base_link.dae
[0.465s] -- Up-to-date: /home/omar/code/robotics_project/ros2_ws/install/kuka_iontec_support/share/kuka_iontec_support/meshes/kr20_r3100/visual/link_3.dae
[0.465s] -- Up-to-date: /home/omar/code/robotics_project/ros2_ws/install/kuka_iontec_support/share/kuka_iontec_support/meshes/kr20_r3100/visual/link_2.dae
[0.465s] -- Up-to-date: /home/omar/code/robotics_project/ros2_ws/install/kuka_iontec_support/share/kuka_iontec_support/meshes/kr20_r3100/visual/link_6.dae
[0.465s] -- Up-to-date: /home/omar/code/robotics_project/ros2_ws/install/kuka_iontec_support/share/kuka_iontec_support/meshes/kr20_r3100/collision
[0.501s] -- Up-to-date: /home/omar/code/robotics_project/ros2_ws/install/kuka_iontec_support/share/kuka_iontec_support/meshes/kr20_r3100/collision/link_5.stl
[0.502s] -- Up-to-date: /home/omar/code/robotics_project/ros2_ws/install/kuka_iontec_support/share/kuka_iontec_support/meshes/kr20_r3100/collision/link_4.stl
[0.502s] -- Up-to-date: /home/omar/code/robotics_project/ros2_ws/install/kuka_iontec_support/share/kuka_iontec_support/meshes/kr20_r3100/collision/link_2.stl
[0.502s] -- Up-to-date: /home/omar/code/robotics_project/ros2_ws/install/kuka_iontec_support/share/kuka_iontec_support/meshes/kr20_r3100/collision/base_link.stl
[0.502s] -- Up-to-date: /home/omar/code/robotics_project/ros2_ws/install/kuka_iontec_support/share/kuka_iontec_support/meshes/kr20_r3100/collision/link_6.stl
[0.502s] -- Up-to-date: /home/omar/code/robotics_project/ros2_ws/install/kuka_iontec_support/share/kuka_iontec_support/meshes/kr20_r3100/collision/link_3.stl
[0.502s] -- Up-to-date: /home/omar/code/robotics_project/ros2_ws/install/kuka_iontec_support/share/kuka_iontec_support/meshes/kr20_r3100/collision/link_1.stl
[0.502s] -- Up-to-date: /home/omar/code/robotics_project/ros2_ws/install/kuka_iontec_support/share/kuka_iontec_support/meshes/kr70_r2100
[0.546s] -- Up-to-date: /home/omar/code/robotics_project/ros2_ws/install/kuka_iontec_support/share/kuka_iontec_support/meshes/kr70_r2100/visual
[0.553s] -- Up-to-date: /home/omar/code/robotics_project/ros2_ws/install/kuka_iontec_support/share/kuka_iontec_support/meshes/kr70_r2100/visual/link_5.dae
[0.553s] -- Up-to-date: /home/omar/code/robotics_project/ros2_ws/install/kuka_iontec_support/share/kuka_iontec_support/meshes/kr70_r2100/visual/link_1.dae
[0.553s] -- Up-to-date: /home/omar/code/robotics_project/ros2_ws/install/kuka_iontec_support/share/kuka_iontec_support/meshes/kr70_r2100/visual/link_4.dae
[0.553s] -- Up-to-date: /home/omar/code/robotics_project/ros2_ws/install/kuka_iontec_support/share/kuka_iontec_support/meshes/kr70_r2100/visual/base_link.dae
[0.553s] -- Up-to-date: /home/omar/code/robotics_project/ros2_ws/install/kuka_iontec_support/share/kuka_iontec_support/meshes/kr70_r2100/visual/link_3.dae
[0.553s] -- Up-to-date: /home/omar/code/robotics_project/ros2_ws/install/kuka_iontec_support/share/kuka_iontec_support/meshes/kr70_r2100/visual/link_2.dae
[0.553s] -- Up-to-date: /home/omar/code/robotics_project/ros2_ws/install/kuka_iontec_support/share/kuka_iontec_support/meshes/kr70_r2100/visual/link_6.dae
[0.554s] -- Up-to-date: /home/omar/code/robotics_project/ros2_ws/install/kuka_iontec_support/share/kuka_iontec_support/meshes/kr70_r2100/collision
[0.561s] -- Up-to-date: /home/omar/code/robotics_project/ros2_ws/install/kuka_iontec_support/share/kuka_iontec_support/meshes/kr70_r2100/collision/link_5.stl
[0.561s] -- Up-to-date: /home/omar/code/robotics_project/ros2_ws/install/kuka_iontec_support/share/kuka_iontec_support/meshes/kr70_r2100/collision/link_4.stl
[0.569s] -- Up-to-date: /home/omar/code/robotics_project/ros2_ws/install/kuka_iontec_support/share/kuka_iontec_support/meshes/kr70_r2100/collision/link_2.stl
[0.569s] -- Up-to-date: /home/omar/code/robotics_project/ros2_ws/install/kuka_iontec_support/share/kuka_iontec_support/meshes/kr70_r2100/collision/base_link.stl
[0.569s] -- Up-to-date: /home/omar/code/robotics_project/ros2_ws/install/kuka_iontec_support/share/kuka_iontec_support/meshes/kr70_r2100/collision/link_6.stl
[0.569s] -- Up-to-date: /home/omar/code/robotics_project/ros2_ws/install/kuka_iontec_support/share/kuka_iontec_support/meshes/kr70_r2100/collision/link_3.stl
[0.570s] -- Up-to-date: /home/omar/code/robotics_project/ros2_ws/install/kuka_iontec_support/share/kuka_iontec_support/meshes/kr70_r2100/collision/link_1.stl
[0.570s] -- Up-to-date: /home/omar/code/robotics_project/ros2_ws/install/kuka_iontec_support/share/kuka_iontec_support/meshes/kr50_r2500
[0.570s] -- Up-to-date: /home/omar/code/robotics_project/ros2_ws/install/kuka_iontec_support/share/kuka_iontec_support/meshes/kr50_r2500/visual
[0.580s] -- Up-to-date: /home/omar/code/robotics_project/ros2_ws/install/kuka_iontec_support/share/kuka_iontec_support/meshes/kr50_r2500/visual/link_5.dae
[0.580s] -- Up-to-date: /home/omar/code/robotics_project/ros2_ws/install/kuka_iontec_support/share/kuka_iontec_support/meshes/kr50_r2500/visual/link_1.dae
[0.580s] -- Up-to-date: /home/omar/code/robotics_project/ros2_ws/install/kuka_iontec_support/share/kuka_iontec_support/meshes/kr50_r2500/visual/link_4.dae
[0.580s] -- Up-to-date: /home/omar/code/robotics_project/ros2_ws/install/kuka_iontec_support/share/kuka_iontec_support/meshes/kr50_r2500/visual/base_link.dae
[0.580s] -- Up-to-date: /home/omar/code/robotics_project/ros2_ws/install/kuka_iontec_support/share/kuka_iontec_support/meshes/kr50_r2500/visual/link_3.dae
[0.580s] -- Up-to-date: /home/omar/code/robotics_project/ros2_ws/install/kuka_iontec_support/share/kuka_iontec_support/meshes/kr50_r2500/visual/link_2.dae
[0.581s] -- Up-to-date: /home/omar/code/robotics_project/ros2_ws/install/kuka_iontec_support/share/kuka_iontec_support/meshes/kr50_r2500/visual/link_6.dae
[0.581s] -- Up-to-date: /home/omar/code/robotics_project/ros2_ws/install/kuka_iontec_support/share/kuka_iontec_support/meshes/kr50_r2500/collision
[0.590s] -- Up-to-date: /home/omar/code/robotics_project/ros2_ws/install/kuka_iontec_support/share/kuka_iontec_support/meshes/kr50_r2500/collision/link_5.stl
[0.591s] -- Up-to-date: /home/omar/code/robotics_project/ros2_ws/install/kuka_iontec_support/share/kuka_iontec_support/meshes/kr50_r2500/collision/link_4.stl
[0.591s] -- Up-to-date: /home/omar/code/robotics_project/ros2_ws/install/kuka_iontec_support/share/kuka_iontec_support/meshes/kr50_r2500/collision/link_2.stl
[0.591s] -- Up-to-date: /home/omar/code/robotics_project/ros2_ws/install/kuka_iontec_support/share/kuka_iontec_support/meshes/kr50_r2500/collision/base_link.stl
[0.591s] -- Up-to-date: /home/omar/code/robotics_project/ros2_ws/install/kuka_iontec_support/share/kuka_iontec_support/meshes/kr50_r2500/collision/link_6.stl
[0.592s] -- Up-to-date: /home/omar/code/robotics_project/ros2_ws/install/kuka_iontec_support/share/kuka_iontec_support/meshes/kr50_r2500/collision/link_3.stl
[0.592s] -- Up-to-date: /home/omar/code/robotics_project/ros2_ws/install/kuka_iontec_support/share/kuka_iontec_support/meshes/kr50_r2500/collision/link_1.stl
[0.592s] -- Up-to-date: /home/omar/code/robotics_project/ros2_ws/install/kuka_iontec_support/share/kuka_iontec_support/meshes/kr30_r2100
[0.592s] -- Up-to-date: /home/omar/code/robotics_project/ros2_ws/install/kuka_iontec_support/share/kuka_iontec_support/meshes/kr30_r2100/visual
[0.606s] -- Up-to-date: /home/omar/code/robotics_project/ros2_ws/install/kuka_iontec_support/share/kuka_iontec_support/meshes/kr30_r2100/visual/link_5.dae
[0.607s] -- Up-to-date: /home/omar/code/robotics_project/ros2_ws/install/kuka_iontec_support/share/kuka_iontec_support/meshes/kr30_r2100/visual/link_1.dae
[0.607s] -- Up-to-date: /home/omar/code/robotics_project/ros2_ws/install/kuka_iontec_support/share/kuka_iontec_support/meshes/kr30_r2100/visual/link_4.dae
[0.607s] -- Up-to-date: /home/omar/code/robotics_project/ros2_ws/install/kuka_iontec_support/share/kuka_iontec_support/meshes/kr30_r2100/visual/base_link.dae
[0.607s] -- Up-to-date: /home/omar/code/robotics_project/ros2_ws/install/kuka_iontec_support/share/kuka_iontec_support/meshes/kr30_r2100/visual/link_3.dae
[0.607s] -- Up-to-date: /home/omar/code/robotics_project/ros2_ws/install/kuka_iontec_support/share/kuka_iontec_support/meshes/kr30_r2100/visual/link_2.dae
[0.607s] -- Up-to-date: /home/omar/code/robotics_project/ros2_ws/install/kuka_iontec_support/share/kuka_iontec_support/meshes/kr30_r2100/visual/link_6.dae
[0.607s] -- Up-to-date: /home/omar/code/robotics_project/ros2_ws/install/kuka_iontec_support/share/kuka_iontec_support/meshes/kr30_r2100/collision
[0.634s] -- Up-to-date: /home/omar/code/robotics_project/ros2_ws/install/kuka_iontec_support/share/kuka_iontec_support/meshes/kr30_r2100/collision/link_5.stl
[0.634s] -- Up-to-date: /home/omar/code/robotics_project/ros2_ws/install/kuka_iontec_support/share/kuka_iontec_support/meshes/kr30_r2100/collision/link_4.stl
[0.634s] -- Up-to-date: /home/omar/code/robotics_project/ros2_ws/install/kuka_iontec_support/share/kuka_iontec_support/meshes/kr30_r2100/collision/link_2.stl
[0.634s] -- Up-to-date: /home/omar/code/robotics_project/ros2_ws/install/kuka_iontec_support/share/kuka_iontec_support/meshes/kr30_r2100/collision/base_link.stl
[0.634s] -- Up-to-date: /home/omar/code/robotics_project/ros2_ws/install/kuka_iontec_support/share/kuka_iontec_support/meshes/kr30_r2100/collision/link_6.stl
[0.635s] -- Up-to-date: /home/omar/code/robotics_project/ros2_ws/install/kuka_iontec_support/share/kuka_iontec_support/meshes/kr30_r2100/collision/link_3.stl
[0.635s] -- Up-to-date: /home/omar/code/robotics_project/ros2_ws/install/kuka_iontec_support/share/kuka_iontec_support/meshes/kr30_r2100/collision/link_1.stl
[0.635s] -- Up-to-date: /home/omar/code/robotics_project/ros2_ws/install/kuka_iontec_support/share/kuka_iontec_support/urdf
[0.687s] -- Up-to-date: /home/omar/code/robotics_project/ros2_ws/install/kuka_iontec_support/share/kuka_iontec_support/urdf/kr50_r2500_macro.xacro
[0.687s] -- Up-to-date: /home/omar/code/robotics_project/ros2_ws/install/kuka_iontec_support/share/kuka_iontec_support/urdf/kr_iontec_ros2_control_macro.xacro
[0.687s] -- Up-to-date: /home/omar/code/robotics_project/ros2_ws/install/kuka_iontec_support/share/kuka_iontec_support/urdf/kr70_r2100_macro.xacro
[0.688s] -- Up-to-date: /home/omar/code/robotics_project/ros2_ws/install/kuka_iontec_support/share/kuka_iontec_support/urdf/kr20_r3100_macro.xacro
[0.688s] -- Up-to-date: /home/omar/code/robotics_project/ros2_ws/install/kuka_iontec_support/share/kuka_iontec_support/urdf/kr30_r2100_macro.xacro
[0.688s] -- Up-to-date: /home/omar/code/robotics_project/ros2_ws/install/kuka_iontec_support/share/kuka_iontec_support/urdf/kr70_r2100.urdf.xacro
[0.688s] -- Up-to-date: /home/omar/code/robotics_project/ros2_ws/install/kuka_iontec_support/share/kuka_iontec_support/urdf/kr50_r2500.urdf.xacro
[0.688s] -- Up-to-date: /home/omar/code/robotics_project/ros2_ws/install/kuka_iontec_support/share/kuka_iontec_support/urdf/kr20_r3100.urdf.xacro
[0.688s] -- Up-to-date: /home/omar/code/robotics_project/ros2_ws/install/kuka_iontec_support/share/kuka_iontec_support/urdf/kr30_r2100.urdf.xacro
[0.688s] -- Up-to-date: /home/omar/code/robotics_project/ros2_ws/install/kuka_iontec_support/share/kuka_iontec_support/environment/kuka_iontec_support.dsv
[0.688s] -- Up-to-date: /home/omar/code/robotics_project/ros2_ws/install/kuka_iontec_support/share/ament_index/resource_index/package_run_dependencies/kuka_iontec_support
[0.688s] -- Up-to-date: /home/omar/code/robotics_project/ros2_ws/install/kuka_iontec_support/share/ament_index/resource_index/parent_prefix_path/kuka_iontec_support
[0.688s] -- Up-to-date: /home/omar/code/robotics_project/ros2_ws/install/kuka_iontec_support/share/kuka_iontec_support/environment/ament_prefix_path.sh
[0.689s] -- Up-to-date: /home/omar/code/robotics_project/ros2_ws/install/kuka_iontec_support/share/kuka_iontec_support/environment/ament_prefix_path.dsv
[0.689s] -- Up-to-date: /home/omar/code/robotics_project/ros2_ws/install/kuka_iontec_support/share/kuka_iontec_support/environment/path.sh
[0.689s] -- Up-to-date: /home/omar/code/robotics_project/ros2_ws/install/kuka_iontec_support/share/kuka_iontec_support/environment/path.dsv
[0.689s] -- Up-to-date: /home/omar/code/robotics_project/ros2_ws/install/kuka_iontec_support/share/kuka_iontec_support/local_setup.bash
[0.689s] -- Up-to-date: /home/omar/code/robotics_project/ros2_ws/install/kuka_iontec_support/share/kuka_iontec_support/local_setup.sh
[0.689s] -- Up-to-date: /home/omar/code/robotics_project/ros2_ws/install/kuka_iontec_support/share/kuka_iontec_support/local_setup.zsh
[0.689s] -- Up-to-date: /home/omar/code/robotics_project/ros2_ws/install/kuka_iontec_support/share/kuka_iontec_support/local_setup.dsv
[0.689s] -- Installing: /home/omar/code/robotics_project/ros2_ws/install/kuka_iontec_support/share/kuka_iontec_support/package.dsv
[0.697s] -- Up-to-date: /home/omar/code/robotics_project/ros2_ws/install/kuka_iontec_support/share/ament_index/resource_index/packages/kuka_iontec_support
[0.697s] -- Up-to-date: /home/omar/code/robotics_project/ros2_ws/install/kuka_iontec_support/share/kuka_iontec_support/cmake/kuka_iontec_supportConfig.cmake
[0.697s] -- Up-to-date: /home/omar/code/robotics_project/ros2_ws/install/kuka_iontec_support/share/kuka_iontec_support/cmake/kuka_iontec_supportConfig-version.cmake
[0.697s] -- Up-to-date: /home/omar/code/robotics_project/ros2_ws/install/kuka_iontec_support/share/kuka_iontec_support/package.xml
[0.750s] Invoked command in '/home/omar/code/robotics_project/ros2_ws/build/kuka_iontec_support' returned '0': AMENT_PREFIX_PATH=/home/omar/code/robotics_project/ros2_ws/install/kuka_resources:/home/omar/code/robotics_project/ros2_ws/install/kuka_gazebo:${AMENT_PREFIX_PATH} CMAKE_PREFIX_PATH=/home/omar/code/robotics_project/ros2_ws/install/kuka_resources:/home/omar/code/robotics_project/ros2_ws/install/kuka_gazebo:/opt/ros/jazzy/opt/gz_sim_vendor:/opt/ros/jazzy/opt/gz_sensors_vendor:/opt/ros/jazzy/opt/gz_physics_vendor:/opt/ros/jazzy/opt/sdformat_vendor:/opt/ros/jazzy/opt/gz_gui_vendor:/opt/ros/jazzy/opt/gz_transport_vendor:/opt/ros/jazzy/opt/gz_rendering_vendor:/opt/ros/jazzy/opt/gz_plugin_vendor:/opt/ros/jazzy/opt/gz_fuel_tools_vendor:/opt/ros/jazzy/opt/gz_msgs_vendor:/opt/ros/jazzy/opt/gz_common_vendor:/opt/ros/jazzy/opt/gz_math_vendor:/opt/ros/jazzy/opt/gz_utils_vendor:/opt/ros/jazzy/opt/gz_tools_vendor:/opt/ros/jazzy/opt/gz_ogre_next_vendor:/opt/ros/jazzy/opt/gz_dartsim_vendor:/opt/ros/jazzy/opt/gz_cmake_vendor:/opt/ros/jazzy /usr/bin/cmake --install /home/omar/code/robotics_project/ros2_ws/build/kuka_iontec_support
