[0.097s] Invoking command in '/home/omar/code/robotics_project/ros2_ws/build/kuka_fortec_support': AMENT_PREFIX_PATH=/home/omar/code/robotics_project/ros2_ws/install/kuka_resources:${AMENT_PREFIX_PATH} CMAKE_PREFIX_PATH=/home/omar/code/robotics_project/ros2_ws/install/kuka_resources:/opt/ros/jazzy/opt/gz_sim_vendor:/opt/ros/jazzy/opt/gz_sensors_vendor:/opt/ros/jazzy/opt/gz_physics_vendor:/opt/ros/jazzy/opt/sdformat_vendor:/opt/ros/jazzy/opt/gz_gui_vendor:/opt/ros/jazzy/opt/gz_transport_vendor:/opt/ros/jazzy/opt/gz_rendering_vendor:/opt/ros/jazzy/opt/gz_plugin_vendor:/opt/ros/jazzy/opt/gz_fuel_tools_vendor:/opt/ros/jazzy/opt/gz_msgs_vendor:/opt/ros/jazzy/opt/gz_common_vendor:/opt/ros/jazzy/opt/gz_math_vendor:/opt/ros/jazzy/opt/gz_utils_vendor:/opt/ros/jazzy/opt/gz_tools_vendor:/opt/ros/jazzy/opt/gz_ogre_next_vendor:/opt/ros/jazzy/opt/gz_dartsim_vendor:/opt/ros/jazzy/opt/gz_cmake_vendor:/opt/ros/jazzy /usr/bin/cmake --build /home/omar/code/robotics_project/ros2_ws/build/kuka_fortec_support -- -j8 -l8
[0.145s] Invoked command in '/home/omar/code/robotics_project/ros2_ws/build/kuka_fortec_support' returned '0': AMENT_PREFIX_PATH=/home/omar/code/robotics_project/ros2_ws/install/kuka_resources:${AMENT_PREFIX_PATH} CMAKE_PREFIX_PATH=/home/omar/code/robotics_project/ros2_ws/install/kuka_resources:/opt/ros/jazzy/opt/gz_sim_vendor:/opt/ros/jazzy/opt/gz_sensors_vendor:/opt/ros/jazzy/opt/gz_physics_vendor:/opt/ros/jazzy/opt/sdformat_vendor:/opt/ros/jazzy/opt/gz_gui_vendor:/opt/ros/jazzy/opt/gz_transport_vendor:/opt/ros/jazzy/opt/gz_rendering_vendor:/opt/ros/jazzy/opt/gz_plugin_vendor:/opt/ros/jazzy/opt/gz_fuel_tools_vendor:/opt/ros/jazzy/opt/gz_msgs_vendor:/opt/ros/jazzy/opt/gz_common_vendor:/opt/ros/jazzy/opt/gz_math_vendor:/opt/ros/jazzy/opt/gz_utils_vendor:/opt/ros/jazzy/opt/gz_tools_vendor:/opt/ros/jazzy/opt/gz_ogre_next_vendor:/opt/ros/jazzy/opt/gz_dartsim_vendor:/opt/ros/jazzy/opt/gz_cmake_vendor:/opt/ros/jazzy /usr/bin/cmake --build /home/omar/code/robotics_project/ros2_ws/build/kuka_fortec_support -- -j8 -l8
[0.168s] Invoking command in '/home/omar/code/robotics_project/ros2_ws/build/kuka_fortec_support': AMENT_PREFIX_PATH=/home/omar/code/robotics_project/ros2_ws/install/kuka_resources:${AMENT_PREFIX_PATH} CMAKE_PREFIX_PATH=/home/omar/code/robotics_project/ros2_ws/install/kuka_resources:/opt/ros/jazzy/opt/gz_sim_vendor:/opt/ros/jazzy/opt/gz_sensors_vendor:/opt/ros/jazzy/opt/gz_physics_vendor:/opt/ros/jazzy/opt/sdformat_vendor:/opt/ros/jazzy/opt/gz_gui_vendor:/opt/ros/jazzy/opt/gz_transport_vendor:/opt/ros/jazzy/opt/gz_rendering_vendor:/opt/ros/jazzy/opt/gz_plugin_vendor:/opt/ros/jazzy/opt/gz_fuel_tools_vendor:/opt/ros/jazzy/opt/gz_msgs_vendor:/opt/ros/jazzy/opt/gz_common_vendor:/opt/ros/jazzy/opt/gz_math_vendor:/opt/ros/jazzy/opt/gz_utils_vendor:/opt/ros/jazzy/opt/gz_tools_vendor:/opt/ros/jazzy/opt/gz_ogre_next_vendor:/opt/ros/jazzy/opt/gz_dartsim_vendor:/opt/ros/jazzy/opt/gz_cmake_vendor:/opt/ros/jazzy /usr/bin/cmake --install /home/omar/code/robotics_project/ros2_ws/build/kuka_fortec_support
[0.175s] -- Install configuration: ""
[0.175s] -- Up-to-date: /home/omar/code/robotics_project/ros2_ws/install/kuka_fortec_support/share/kuka_fortec_support/config
[0.203s] -- Up-to-date: /home/omar/code/robotics_project/ros2_ws/install/kuka_fortec_support/share/kuka_fortec_support/config/kr500_r2800_2_joint_limits.yaml
[0.203s] -- Up-to-date: /home/omar/code/robotics_project/ros2_ws/install/kuka_fortec_support/share/kuka_fortec_support/config/kr360_r2830_joint_limits.yaml
[0.203s] -- Up-to-date: /home/omar/code/robotics_project/ros2_ws/install/kuka_fortec_support/share/kuka_fortec_support/config/kr300_r2800_2_mt_joint_limits.yaml
[0.203s] -- Up-to-date: /home/omar/code/robotics_project/ros2_ws/install/kuka_fortec_support/share/kuka_fortec_support/config/kr240_r3330_joint_limits.yaml
[0.203s] -- Up-to-date: /home/omar/code/robotics_project/ros2_ws/install/kuka_fortec_support/share/kuka_fortec_support/config/kr560_r3100_2_joint_limits.yaml
[0.203s] -- Up-to-date: /home/omar/code/robotics_project/ros2_ws/install/kuka_fortec_support/share/kuka_fortec_support/config/kr800_r2800_2_joint_limits.yaml
[0.203s] -- Up-to-date: /home/omar/code/robotics_project/ros2_ws/install/kuka_fortec_support/share/kuka_fortec_support/launch
[0.213s] -- Up-to-date: /home/omar/code/robotics_project/ros2_ws/install/kuka_fortec_support/share/kuka_fortec_support/launch/test_kr300_r2800_2_mt.launch.py
[0.213s] -- Up-to-date: /home/omar/code/robotics_project/ros2_ws/install/kuka_fortec_support/share/kuka_fortec_support/launch/test_kr360_r2830.launch.py
[0.213s] -- Up-to-date: /home/omar/code/robotics_project/ros2_ws/install/kuka_fortec_support/share/kuka_fortec_support/launch/test_kr240r3330.launch.py
[0.213s] -- Up-to-date: /home/omar/code/robotics_project/ros2_ws/install/kuka_fortec_support/share/kuka_fortec_support/launch/test_kr500_r2800_2.launch.py
[0.213s] -- Up-to-date: /home/omar/code/robotics_project/ros2_ws/install/kuka_fortec_support/share/kuka_fortec_support/launch/test_kr560_r3100_2.launch.py
[0.213s] -- Up-to-date: /home/omar/code/robotics_project/ros2_ws/install/kuka_fortec_support/share/kuka_fortec_support/launch/test_kr800_r2800_2.launch.py
[0.213s] -- Up-to-date: /home/omar/code/robotics_project/ros2_ws/install/kuka_fortec_support/share/kuka_fortec_support/meshes
[0.221s] -- Up-to-date: /home/omar/code/robotics_project/ros2_ws/install/kuka_fortec_support/share/kuka_fortec_support/meshes/kr300_r2800_2_mt
[0.226s] -- Up-to-date: /home/omar/code/robotics_project/ros2_ws/install/kuka_fortec_support/share/kuka_fortec_support/meshes/kr300_r2800_2_mt/visual
[0.257s] -- Up-to-date: /home/omar/code/robotics_project/ros2_ws/install/kuka_fortec_support/share/kuka_fortec_support/meshes/kr300_r2800_2_mt/visual/link_5.dae
[0.257s] -- Up-to-date: /home/omar/code/robotics_project/ros2_ws/install/kuka_fortec_support/share/kuka_fortec_support/meshes/kr300_r2800_2_mt/visual/link_1.dae
[0.257s] -- Up-to-date: /home/omar/code/robotics_project/ros2_ws/install/kuka_fortec_support/share/kuka_fortec_support/meshes/kr300_r2800_2_mt/visual/link_4.dae
[0.257s] -- Up-to-date: /home/omar/code/robotics_project/ros2_ws/install/kuka_fortec_support/share/kuka_fortec_support/meshes/kr300_r2800_2_mt/visual/base_link.dae
[0.258s] -- Up-to-date: /home/omar/code/robotics_project/ros2_ws/install/kuka_fortec_support/share/kuka_fortec_support/meshes/kr300_r2800_2_mt/visual/link_3.dae
[0.258s] -- Up-to-date: /home/omar/code/robotics_project/ros2_ws/install/kuka_fortec_support/share/kuka_fortec_support/meshes/kr300_r2800_2_mt/visual/link_2.dae
[0.258s] -- Up-to-date: /home/omar/code/robotics_project/ros2_ws/install/kuka_fortec_support/share/kuka_fortec_support/meshes/kr300_r2800_2_mt/visual/link_6.dae
[0.258s] -- Up-to-date: /home/omar/code/robotics_project/ros2_ws/install/kuka_fortec_support/share/kuka_fortec_support/meshes/kr300_r2800_2_mt/collision
[0.281s] -- Up-to-date: /home/omar/code/robotics_project/ros2_ws/install/kuka_fortec_support/share/kuka_fortec_support/meshes/kr300_r2800_2_mt/collision/link_5.stl
[0.281s] -- Up-to-date: /home/omar/code/robotics_project/ros2_ws/install/kuka_fortec_support/share/kuka_fortec_support/meshes/kr300_r2800_2_mt/collision/link_4.stl
[0.282s] -- Up-to-date: /home/omar/code/robotics_project/ros2_ws/install/kuka_fortec_support/share/kuka_fortec_support/meshes/kr300_r2800_2_mt/collision/link_2.stl
[0.282s] -- Up-to-date: /home/omar/code/robotics_project/ros2_ws/install/kuka_fortec_support/share/kuka_fortec_support/meshes/kr300_r2800_2_mt/collision/base_link.stl
[0.282s] -- Up-to-date: /home/omar/code/robotics_project/ros2_ws/install/kuka_fortec_support/share/kuka_fortec_support/meshes/kr300_r2800_2_mt/collision/link_6.stl
[0.282s] -- Up-to-date: /home/omar/code/robotics_project/ros2_ws/install/kuka_fortec_support/share/kuka_fortec_support/meshes/kr300_r2800_2_mt/collision/link_3.stl
[0.282s] -- Up-to-date: /home/omar/code/robotics_project/ros2_ws/install/kuka_fortec_support/share/kuka_fortec_support/meshes/kr300_r2800_2_mt/collision/link_1.stl
[0.282s] -- Up-to-date: /home/omar/code/robotics_project/ros2_ws/install/kuka_fortec_support/share/kuka_fortec_support/meshes/kr360_r2830
[0.301s] -- Up-to-date: /home/omar/code/robotics_project/ros2_ws/install/kuka_fortec_support/share/kuka_fortec_support/meshes/kr360_r2830/visual
[0.317s] -- Up-to-date: /home/omar/code/robotics_project/ros2_ws/install/kuka_fortec_support/share/kuka_fortec_support/meshes/kr360_r2830/visual/link_5.dae
[0.318s] -- Up-to-date: /home/omar/code/robotics_project/ros2_ws/install/kuka_fortec_support/share/kuka_fortec_support/meshes/kr360_r2830/visual/link_1.dae
[0.318s] -- Up-to-date: /home/omar/code/robotics_project/ros2_ws/install/kuka_fortec_support/share/kuka_fortec_support/meshes/kr360_r2830/visual/link_4.dae
[0.319s] -- Up-to-date: /home/omar/code/robotics_project/ros2_ws/install/kuka_fortec_support/share/kuka_fortec_support/meshes/kr360_r2830/visual/base_link.dae
[0.320s] -- Up-to-date: /home/omar/code/robotics_project/ros2_ws/install/kuka_fortec_support/share/kuka_fortec_support/meshes/kr360_r2830/visual/link_3.dae
[0.320s] -- Up-to-date: /home/omar/code/robotics_project/ros2_ws/install/kuka_fortec_support/share/kuka_fortec_support/meshes/kr360_r2830/visual/link_2.dae
[0.320s] -- Up-to-date: /home/omar/code/robotics_project/ros2_ws/install/kuka_fortec_support/share/kuka_fortec_support/meshes/kr360_r2830/visual/link_6.dae
[0.320s] -- Up-to-date: /home/omar/code/robotics_project/ros2_ws/install/kuka_fortec_support/share/kuka_fortec_support/meshes/kr360_r2830/collision
[0.329s] -- Up-to-date: /home/omar/code/robotics_project/ros2_ws/install/kuka_fortec_support/share/kuka_fortec_support/meshes/kr360_r2830/collision/link_5.stl
[0.329s] -- Up-to-date: /home/omar/code/robotics_project/ros2_ws/install/kuka_fortec_support/share/kuka_fortec_support/meshes/kr360_r2830/collision/link_4.stl
[0.329s] -- Up-to-date: /home/omar/code/robotics_project/ros2_ws/install/kuka_fortec_support/share/kuka_fortec_support/meshes/kr360_r2830/collision/link_2.stl
[0.329s] -- Up-to-date: /home/omar/code/robotics_project/ros2_ws/install/kuka_fortec_support/share/kuka_fortec_support/meshes/kr360_r2830/collision/base_link.stl
[0.330s] -- Up-to-date: /home/omar/code/robotics_project/ros2_ws/install/kuka_fortec_support/share/kuka_fortec_support/meshes/kr360_r2830/collision/link_6.stl
[0.330s] -- Up-to-date: /home/omar/code/robotics_project/ros2_ws/install/kuka_fortec_support/share/kuka_fortec_support/meshes/kr360_r2830/collision/link_3.stl
[0.330s] -- Up-to-date: /home/omar/code/robotics_project/ros2_ws/install/kuka_fortec_support/share/kuka_fortec_support/meshes/kr360_r2830/collision/link_1.stl
[0.330s] -- Up-to-date: /home/omar/code/robotics_project/ros2_ws/install/kuka_fortec_support/share/kuka_fortec_support/meshes/kr560_r3100_2
[0.340s] -- Up-to-date: /home/omar/code/robotics_project/ros2_ws/install/kuka_fortec_support/share/kuka_fortec_support/meshes/kr560_r3100_2/visual
[0.347s] -- Up-to-date: /home/omar/code/robotics_project/ros2_ws/install/kuka_fortec_support/share/kuka_fortec_support/meshes/kr560_r3100_2/visual/link_5.dae
[0.348s] -- Up-to-date: /home/omar/code/robotics_project/ros2_ws/install/kuka_fortec_support/share/kuka_fortec_support/meshes/kr560_r3100_2/visual/link_1.dae
[0.348s] -- Up-to-date: /home/omar/code/robotics_project/ros2_ws/install/kuka_fortec_support/share/kuka_fortec_support/meshes/kr560_r3100_2/visual/link_4.dae
[0.348s] -- Up-to-date: /home/omar/code/robotics_project/ros2_ws/install/kuka_fortec_support/share/kuka_fortec_support/meshes/kr560_r3100_2/visual/base_link.dae
[0.348s] -- Up-to-date: /home/omar/code/robotics_project/ros2_ws/install/kuka_fortec_support/share/kuka_fortec_support/meshes/kr560_r3100_2/visual/link_3.dae
[0.349s] -- Up-to-date: /home/omar/code/robotics_project/ros2_ws/install/kuka_fortec_support/share/kuka_fortec_support/meshes/kr560_r3100_2/visual/link_2.dae
[0.349s] -- Up-to-date: /home/omar/code/robotics_project/ros2_ws/install/kuka_fortec_support/share/kuka_fortec_support/meshes/kr560_r3100_2/visual/link_6.dae
[0.349s] -- Up-to-date: /home/omar/code/robotics_project/ros2_ws/install/kuka_fortec_support/share/kuka_fortec_support/meshes/kr560_r3100_2/collision
[0.354s] -- Up-to-date: /home/omar/code/robotics_project/ros2_ws/install/kuka_fortec_support/share/kuka_fortec_support/meshes/kr560_r3100_2/collision/link_5.stl
[0.355s] -- Up-to-date: /home/omar/code/robotics_project/ros2_ws/install/kuka_fortec_support/share/kuka_fortec_support/meshes/kr560_r3100_2/collision/link_4.stl
[0.355s] -- Up-to-date: /home/omar/code/robotics_project/ros2_ws/install/kuka_fortec_support/share/kuka_fortec_support/meshes/kr560_r3100_2/collision/link_2.stl
[0.355s] -- Up-to-date: /home/omar/code/robotics_project/ros2_ws/install/kuka_fortec_support/share/kuka_fortec_support/meshes/kr560_r3100_2/collision/base_link.stl
[0.356s] -- Up-to-date: /home/omar/code/robotics_project/ros2_ws/install/kuka_fortec_support/share/kuka_fortec_support/meshes/kr560_r3100_2/collision/link_6.stl
[0.356s] -- Up-to-date: /home/omar/code/robotics_project/ros2_ws/install/kuka_fortec_support/share/kuka_fortec_support/meshes/kr560_r3100_2/collision/link_3.stl
[0.356s] -- Up-to-date: /home/omar/code/robotics_project/ros2_ws/install/kuka_fortec_support/share/kuka_fortec_support/meshes/kr560_r3100_2/collision/link_1.stl
[0.356s] -- Up-to-date: /home/omar/code/robotics_project/ros2_ws/install/kuka_fortec_support/share/kuka_fortec_support/meshes/kr500_r2800_2
[0.359s] -- Up-to-date: /home/omar/code/robotics_project/ros2_ws/install/kuka_fortec_support/share/kuka_fortec_support/meshes/kr500_r2800_2/visual
[0.366s] -- Up-to-date: /home/omar/code/robotics_project/ros2_ws/install/kuka_fortec_support/share/kuka_fortec_support/meshes/kr500_r2800_2/visual/link_5.dae
[0.367s] -- Up-to-date: /home/omar/code/robotics_project/ros2_ws/install/kuka_fortec_support/share/kuka_fortec_support/meshes/kr500_r2800_2/visual/link_1.dae
[0.367s] -- Up-to-date: /home/omar/code/robotics_project/ros2_ws/install/kuka_fortec_support/share/kuka_fortec_support/meshes/kr500_r2800_2/visual/link_4.dae
[0.368s] -- Up-to-date: /home/omar/code/robotics_project/ros2_ws/install/kuka_fortec_support/share/kuka_fortec_support/meshes/kr500_r2800_2/visual/base_link.dae
[0.368s] -- Up-to-date: /home/omar/code/robotics_project/ros2_ws/install/kuka_fortec_support/share/kuka_fortec_support/meshes/kr500_r2800_2/visual/link_3.dae
[0.368s] -- Up-to-date: /home/omar/code/robotics_project/ros2_ws/install/kuka_fortec_support/share/kuka_fortec_support/meshes/kr500_r2800_2/visual/link_2.dae
[0.368s] -- Up-to-date: /home/omar/code/robotics_project/ros2_ws/install/kuka_fortec_support/share/kuka_fortec_support/meshes/kr500_r2800_2/visual/link_6.dae
[0.369s] -- Up-to-date: /home/omar/code/robotics_project/ros2_ws/install/kuka_fortec_support/share/kuka_fortec_support/meshes/kr500_r2800_2/collision
[0.374s] -- Up-to-date: /home/omar/code/robotics_project/ros2_ws/install/kuka_fortec_support/share/kuka_fortec_support/meshes/kr500_r2800_2/collision/link_5.stl
[0.374s] -- Up-to-date: /home/omar/code/robotics_project/ros2_ws/install/kuka_fortec_support/share/kuka_fortec_support/meshes/kr500_r2800_2/collision/link_4.stl
[0.374s] -- Up-to-date: /home/omar/code/robotics_project/ros2_ws/install/kuka_fortec_support/share/kuka_fortec_support/meshes/kr500_r2800_2/collision/link_2.stl
[0.374s] -- Up-to-date: /home/omar/code/robotics_project/ros2_ws/install/kuka_fortec_support/share/kuka_fortec_support/meshes/kr500_r2800_2/collision/base_link.stl
[0.375s] -- Up-to-date: /home/omar/code/robotics_project/ros2_ws/install/kuka_fortec_support/share/kuka_fortec_support/meshes/kr500_r2800_2/collision/link_6.stl
[0.375s] -- Up-to-date: /home/omar/code/robotics_project/ros2_ws/install/kuka_fortec_support/share/kuka_fortec_support/meshes/kr500_r2800_2/collision/link_3.stl
[0.375s] -- Up-to-date: /home/omar/code/robotics_project/ros2_ws/install/kuka_fortec_support/share/kuka_fortec_support/meshes/kr500_r2800_2/collision/link_1.stl
[0.375s] -- Up-to-date: /home/omar/code/robotics_project/ros2_ws/install/kuka_fortec_support/share/kuka_fortec_support/meshes/kr240_r3330
[0.389s] -- Up-to-date: /home/omar/code/robotics_project/ros2_ws/install/kuka_fortec_support/share/kuka_fortec_support/meshes/kr240_r3330/visual
[0.425s] -- Up-to-date: /home/omar/code/robotics_project/ros2_ws/install/kuka_fortec_support/share/kuka_fortec_support/meshes/kr240_r3330/visual/link_5.dae
[0.425s] -- Up-to-date: /home/omar/code/robotics_project/ros2_ws/install/kuka_fortec_support/share/kuka_fortec_support/meshes/kr240_r3330/visual/link_1.dae
[0.425s] -- Up-to-date: /home/omar/code/robotics_project/ros2_ws/install/kuka_fortec_support/share/kuka_fortec_support/meshes/kr240_r3330/visual/link_4.dae
[0.425s] -- Up-to-date: /home/omar/code/robotics_project/ros2_ws/install/kuka_fortec_support/share/kuka_fortec_support/meshes/kr240_r3330/visual/base_link.dae
[0.425s] -- Up-to-date: /home/omar/code/robotics_project/ros2_ws/install/kuka_fortec_support/share/kuka_fortec_support/meshes/kr240_r3330/visual/link_3.dae
[0.425s] -- Up-to-date: /home/omar/code/robotics_project/ros2_ws/install/kuka_fortec_support/share/kuka_fortec_support/meshes/kr240_r3330/visual/link_2.dae
[0.426s] -- Up-to-date: /home/omar/code/robotics_project/ros2_ws/install/kuka_fortec_support/share/kuka_fortec_support/meshes/kr240_r3330/visual/link_6.dae
[0.426s] -- Up-to-date: /home/omar/code/robotics_project/ros2_ws/install/kuka_fortec_support/share/kuka_fortec_support/meshes/kr240_r3330/collision
[0.439s] -- Up-to-date: /home/omar/code/robotics_project/ros2_ws/install/kuka_fortec_support/share/kuka_fortec_support/meshes/kr240_r3330/collision/link_5.stl
[0.439s] -- Up-to-date: /home/omar/code/robotics_project/ros2_ws/install/kuka_fortec_support/share/kuka_fortec_support/meshes/kr240_r3330/collision/link_4.stl
[0.439s] -- Up-to-date: /home/omar/code/robotics_project/ros2_ws/install/kuka_fortec_support/share/kuka_fortec_support/meshes/kr240_r3330/collision/link_2.stl
[0.440s] -- Up-to-date: /home/omar/code/robotics_project/ros2_ws/install/kuka_fortec_support/share/kuka_fortec_support/meshes/kr240_r3330/collision/base_link.stl
[0.440s] -- Up-to-date: /home/omar/code/robotics_project/ros2_ws/install/kuka_fortec_support/share/kuka_fortec_support/meshes/kr240_r3330/collision/link_6.stl
[0.440s] -- Up-to-date: /home/omar/code/robotics_project/ros2_ws/install/kuka_fortec_support/share/kuka_fortec_support/meshes/kr240_r3330/collision/link_3.stl
[0.440s] -- Up-to-date: /home/omar/code/robotics_project/ros2_ws/install/kuka_fortec_support/share/kuka_fortec_support/meshes/kr240_r3330/collision/link_1.stl
[0.440s] -- Up-to-date: /home/omar/code/robotics_project/ros2_ws/install/kuka_fortec_support/share/kuka_fortec_support/meshes/kr800_r2800_2
[0.445s] -- Up-to-date: /home/omar/code/robotics_project/ros2_ws/install/kuka_fortec_support/share/kuka_fortec_support/meshes/kr800_r2800_2/visual
[0.463s] -- Up-to-date: /home/omar/code/robotics_project/ros2_ws/install/kuka_fortec_support/share/kuka_fortec_support/meshes/kr800_r2800_2/visual/link_5.dae
[0.463s] -- Up-to-date: /home/omar/code/robotics_project/ros2_ws/install/kuka_fortec_support/share/kuka_fortec_support/meshes/kr800_r2800_2/visual/link_1.dae
[0.463s] -- Up-to-date: /home/omar/code/robotics_project/ros2_ws/install/kuka_fortec_support/share/kuka_fortec_support/meshes/kr800_r2800_2/visual/link_4.dae
[0.464s] -- Up-to-date: /home/omar/code/robotics_project/ros2_ws/install/kuka_fortec_support/share/kuka_fortec_support/meshes/kr800_r2800_2/visual/base_link.dae
[0.464s] -- Up-to-date: /home/omar/code/robotics_project/ros2_ws/install/kuka_fortec_support/share/kuka_fortec_support/meshes/kr800_r2800_2/visual/link_3.dae
[0.464s] -- Up-to-date: /home/omar/code/robotics_project/ros2_ws/install/kuka_fortec_support/share/kuka_fortec_support/meshes/kr800_r2800_2/visual/link_2.dae
[0.464s] -- Up-to-date: /home/omar/code/robotics_project/ros2_ws/install/kuka_fortec_support/share/kuka_fortec_support/meshes/kr800_r2800_2/visual/link_6.dae
[0.465s] -- Up-to-date: /home/omar/code/robotics_project/ros2_ws/install/kuka_fortec_support/share/kuka_fortec_support/meshes/kr800_r2800_2/collision
[0.507s] -- Up-to-date: /home/omar/code/robotics_project/ros2_ws/install/kuka_fortec_support/share/kuka_fortec_support/meshes/kr800_r2800_2/collision/link_5.stl
[0.507s] -- Up-to-date: /home/omar/code/robotics_project/ros2_ws/install/kuka_fortec_support/share/kuka_fortec_support/meshes/kr800_r2800_2/collision/link_4.stl
[0.507s] -- Up-to-date: /home/omar/code/robotics_project/ros2_ws/install/kuka_fortec_support/share/kuka_fortec_support/meshes/kr800_r2800_2/collision/link_2.stl
[0.507s] -- Up-to-date: /home/omar/code/robotics_project/ros2_ws/install/kuka_fortec_support/share/kuka_fortec_support/meshes/kr800_r2800_2/collision/base_link.stl
[0.507s] -- Up-to-date: /home/omar/code/robotics_project/ros2_ws/install/kuka_fortec_support/share/kuka_fortec_support/meshes/kr800_r2800_2/collision/link_6.stl
[0.507s] -- Up-to-date: /home/omar/code/robotics_project/ros2_ws/install/kuka_fortec_support/share/kuka_fortec_support/meshes/kr800_r2800_2/collision/link_3.stl
[0.507s] -- Up-to-date: /home/omar/code/robotics_project/ros2_ws/install/kuka_fortec_support/share/kuka_fortec_support/meshes/kr800_r2800_2/collision/link_1.stl
[0.507s] -- Up-to-date: /home/omar/code/robotics_project/ros2_ws/install/kuka_fortec_support/share/kuka_fortec_support/urdf
[0.580s] -- Up-to-date: /home/omar/code/robotics_project/ros2_ws/install/kuka_fortec_support/share/kuka_fortec_support/urdf/kr800_r2800_2_macro.xacro
[0.580s] -- Up-to-date: /home/omar/code/robotics_project/ros2_ws/install/kuka_fortec_support/share/kuka_fortec_support/urdf/kr560_r3100_2.urdf.xacro
[0.581s] -- Up-to-date: /home/omar/code/robotics_project/ros2_ws/install/kuka_fortec_support/share/kuka_fortec_support/urdf/kr360_r2830_macro.xacro
[0.581s] -- Up-to-date: /home/omar/code/robotics_project/ros2_ws/install/kuka_fortec_support/share/kuka_fortec_support/urdf/kr800_r2800_2.urdf.xacro
[0.582s] -- Up-to-date: /home/omar/code/robotics_project/ros2_ws/install/kuka_fortec_support/share/kuka_fortec_support/urdf/kr360_r2830.urdf.xacro
[0.582s] -- Up-to-date: /home/omar/code/robotics_project/ros2_ws/install/kuka_fortec_support/share/kuka_fortec_support/urdf/kr300_r2800_2_mt_macro.xacro
[0.582s] -- Up-to-date: /home/omar/code/robotics_project/ros2_ws/install/kuka_fortec_support/share/kuka_fortec_support/urdf/kr240_r3330.urdf.xacro
[0.583s] -- Up-to-date: /home/omar/code/robotics_project/ros2_ws/install/kuka_fortec_support/share/kuka_fortec_support/urdf/kr300_r2800_2_mt.urdf.xacro
[0.586s] -- Up-to-date: /home/omar/code/robotics_project/ros2_ws/install/kuka_fortec_support/share/kuka_fortec_support/urdf/kr560_r3100_2_macro.xacro
[0.587s] -- Up-to-date: /home/omar/code/robotics_project/ros2_ws/install/kuka_fortec_support/share/kuka_fortec_support/urdf/kr500_r2800_2_macro.xacro
[0.587s] -- Up-to-date: /home/omar/code/robotics_project/ros2_ws/install/kuka_fortec_support/share/kuka_fortec_support/urdf/kr240_r3330_macro.xacro
[0.588s] -- Up-to-date: /home/omar/code/robotics_project/ros2_ws/install/kuka_fortec_support/share/kuka_fortec_support/urdf/kr_fortec_ros2_control_macro.xacro
[0.588s] -- Up-to-date: /home/omar/code/robotics_project/ros2_ws/install/kuka_fortec_support/share/kuka_fortec_support/urdf/kr500_r2800_2.urdf.xacro
[0.589s] -- Up-to-date: /home/omar/code/robotics_project/ros2_ws/install/kuka_fortec_support/share/kuka_fortec_support/environment/kuka_fortec_support.dsv
[0.589s] -- Up-to-date: /home/omar/code/robotics_project/ros2_ws/install/kuka_fortec_support/share/ament_index/resource_index/package_run_dependencies/kuka_fortec_support
[0.589s] -- Up-to-date: /home/omar/code/robotics_project/ros2_ws/install/kuka_fortec_support/share/ament_index/resource_index/parent_prefix_path/kuka_fortec_support
[0.590s] -- Up-to-date: /home/omar/code/robotics_project/ros2_ws/install/kuka_fortec_support/share/kuka_fortec_support/environment/ament_prefix_path.sh
[0.591s] -- Up-to-date: /home/omar/code/robotics_project/ros2_ws/install/kuka_fortec_support/share/kuka_fortec_support/environment/ament_prefix_path.dsv
[0.591s] -- Up-to-date: /home/omar/code/robotics_project/ros2_ws/install/kuka_fortec_support/share/kuka_fortec_support/environment/path.sh
[0.591s] -- Up-to-date: /home/omar/code/robotics_project/ros2_ws/install/kuka_fortec_support/share/kuka_fortec_support/environment/path.dsv
[0.592s] -- Up-to-date: /home/omar/code/robotics_project/ros2_ws/install/kuka_fortec_support/share/kuka_fortec_support/local_setup.bash
[0.592s] -- Up-to-date: /home/omar/code/robotics_project/ros2_ws/install/kuka_fortec_support/share/kuka_fortec_support/local_setup.sh
[0.592s] -- Up-to-date: /home/omar/code/robotics_project/ros2_ws/install/kuka_fortec_support/share/kuka_fortec_support/local_setup.zsh
[0.592s] -- Up-to-date: /home/omar/code/robotics_project/ros2_ws/install/kuka_fortec_support/share/kuka_fortec_support/local_setup.dsv
[0.593s] -- Installing: /home/omar/code/robotics_project/ros2_ws/install/kuka_fortec_support/share/kuka_fortec_support/package.dsv
[0.607s] -- Up-to-date: /home/omar/code/robotics_project/ros2_ws/install/kuka_fortec_support/share/ament_index/resource_index/packages/kuka_fortec_support
[0.607s] -- Up-to-date: /home/omar/code/robotics_project/ros2_ws/install/kuka_fortec_support/share/kuka_fortec_support/cmake/kuka_fortec_supportConfig.cmake
[0.608s] -- Up-to-date: /home/omar/code/robotics_project/ros2_ws/install/kuka_fortec_support/share/kuka_fortec_support/cmake/kuka_fortec_supportConfig-version.cmake
[0.608s] -- Up-to-date: /home/omar/code/robotics_project/ros2_ws/install/kuka_fortec_support/share/kuka_fortec_support/package.xml
[0.685s] Invoked command in '/home/omar/code/robotics_project/ros2_ws/build/kuka_fortec_support' returned '0': AMENT_PREFIX_PATH=/home/omar/code/robotics_project/ros2_ws/install/kuka_resources:${AMENT_PREFIX_PATH} CMAKE_PREFIX_PATH=/home/omar/code/robotics_project/ros2_ws/install/kuka_resources:/opt/ros/jazzy/opt/gz_sim_vendor:/opt/ros/jazzy/opt/gz_sensors_vendor:/opt/ros/jazzy/opt/gz_physics_vendor:/opt/ros/jazzy/opt/sdformat_vendor:/opt/ros/jazzy/opt/gz_gui_vendor:/opt/ros/jazzy/opt/gz_transport_vendor:/opt/ros/jazzy/opt/gz_rendering_vendor:/opt/ros/jazzy/opt/gz_plugin_vendor:/opt/ros/jazzy/opt/gz_fuel_tools_vendor:/opt/ros/jazzy/opt/gz_msgs_vendor:/opt/ros/jazzy/opt/gz_common_vendor:/opt/ros/jazzy/opt/gz_math_vendor:/opt/ros/jazzy/opt/gz_utils_vendor:/opt/ros/jazzy/opt/gz_tools_vendor:/opt/ros/jazzy/opt/gz_ogre_next_vendor:/opt/ros/jazzy/opt/gz_dartsim_vendor:/opt/ros/jazzy/opt/gz_cmake_vendor:/opt/ros/jazzy /usr/bin/cmake --install /home/omar/code/robotics_project/ros2_ws/build/kuka_fortec_support
