proposal_simulation_cell_v2_15_context_action_ablation_validation
status=context_action_ablation_validated
scenario_count=5
expected_run_count=10
runs_attempted=10
runs_validated=10
baseline_runs_validated=5
context_conditioned_runs_validated=5
failed_scenarios=[]
context_embedding_count=5
all_action_parameters_within_bounds=true
all_initial_no_contact_verified=true
all_contact_triggers_after_motion=true
max_observed_force_n=0.09392207892099151
learning_executed=false
policy_training_executed=false
rl_training_executed=false
fake_result_created=false
real_robot_used=false
peg_insertion_executed=false
forceful_contact_executed=false
