-- Install configuration: ""
-- Up-to-date: /home/omar/code/robotics_project/ros2_ws/install/kuka_quantec_support/share/kuka_quantec_support/config
-- Up-to-date: /home/omar/code/robotics_project/ros2_ws/install/kuka_quantec_support/share/kuka_quantec_support/config/kr210_r2700_2_joint_limits.yaml
-- Up-to-date: /home/omar/code/robotics_project/ros2_ws/install/kuka_quantec_support/share/kuka_quantec_support/config/kr150_r3100_2_joint_limits.yaml
-- Up-to-date: /home/omar/code/robotics_project/ros2_ws/install/kuka_quantec_support/share/kuka_quantec_support/config/kr240_r2900_2_joint_limits.yaml
-- Up-to-date: /home/omar/code/robotics_project/ros2_ws/install/kuka_quantec_support/share/kuka_quantec_support/config/kr210_r3300_2_k_joint_limits.yaml
-- Up-to-date: /home/omar/code/robotics_project/ros2_ws/install/kuka_quantec_support/share/kuka_quantec_support/config/kr300_r2700_2_joint_limits.yaml
-- Up-to-date: /home/omar/code/robotics_project/ros2_ws/install/kuka_quantec_support/share/kuka_quantec_support/config/kr210_r3100_2_joint_limits.yaml
-- Up-to-date: /home/omar/code/robotics_project/ros2_ws/install/kuka_quantec_support/share/kuka_quantec_support/config/kr210_r3100_ultra_joint_limits.yaml
-- Up-to-date: /home/omar/code/robotics_project/ros2_ws/install/kuka_quantec_support/share/kuka_quantec_support/launch
-- Up-to-date: /home/omar/code/robotics_project/ros2_ws/install/kuka_quantec_support/share/kuka_quantec_support/launch/test_kr210_r2700_2.launch.py
-- Up-to-date: /home/omar/code/robotics_project/ros2_ws/install/kuka_quantec_support/share/kuka_quantec_support/launch/test_kr210_r3100_2.launch.py
-- Up-to-date: /home/omar/code/robotics_project/ros2_ws/install/kuka_quantec_support/share/kuka_quantec_support/launch/test_kr210_r3100_ultra.launch.py
-- Up-to-date: /home/omar/code/robotics_project/ros2_ws/install/kuka_quantec_support/share/kuka_quantec_support/launch/test_kr240_r2900_2.launch.py
-- Up-to-date: /home/omar/code/robotics_project/ros2_ws/install/kuka_quantec_support/share/kuka_quantec_support/launch/test_kr210_r3300_2_k.launch.py
-- Up-to-date: /home/omar/code/robotics_project/ros2_ws/install/kuka_quantec_support/share/kuka_quantec_support/launch/test_kr150_r3100_2.launch.py
-- Up-to-date: /home/omar/code/robotics_project/ros2_ws/install/kuka_quantec_support/share/kuka_quantec_support/launch/test_kr300_r2700_2.launch.py
-- Up-to-date: /home/omar/code/robotics_project/ros2_ws/install/kuka_quantec_support/share/kuka_quantec_support/meshes
-- Up-to-date: /home/omar/code/robotics_project/ros2_ws/install/kuka_quantec_support/share/kuka_quantec_support/meshes/kr210_r2700_2
-- Up-to-date: /home/omar/code/robotics_project/ros2_ws/install/kuka_quantec_support/share/kuka_quantec_support/meshes/kr210_r2700_2/visual
-- Up-to-date: /home/omar/code/robotics_project/ros2_ws/install/kuka_quantec_support/share/kuka_quantec_support/meshes/kr210_r2700_2/visual/link_5.stl
-- Up-to-date: /home/omar/code/robotics_project/ros2_ws/install/kuka_quantec_support/share/kuka_quantec_support/meshes/kr210_r2700_2/visual/link_4.stl
-- Up-to-date: /home/omar/code/robotics_project/ros2_ws/install/kuka_quantec_support/share/kuka_quantec_support/meshes/kr210_r2700_2/visual/link_2.stl
-- Up-to-date: /home/omar/code/robotics_project/ros2_ws/install/kuka_quantec_support/share/kuka_quantec_support/meshes/kr210_r2700_2/visual/base_link.stl
-- Up-to-date: /home/omar/code/robotics_project/ros2_ws/install/kuka_quantec_support/share/kuka_quantec_support/meshes/kr210_r2700_2/visual/link_6.stl
-- Up-to-date: /home/omar/code/robotics_project/ros2_ws/install/kuka_quantec_support/share/kuka_quantec_support/meshes/kr210_r2700_2/visual/link_3.stl
-- Up-to-date: /home/omar/code/robotics_project/ros2_ws/install/kuka_quantec_support/share/kuka_quantec_support/meshes/kr210_r2700_2/visual/link_1.stl
-- Up-to-date: /home/omar/code/robotics_project/ros2_ws/install/kuka_quantec_support/share/kuka_quantec_support/meshes/kr210_r2700_2/collision
-- Up-to-date: /home/omar/code/robotics_project/ros2_ws/install/kuka_quantec_support/share/kuka_quantec_support/meshes/kr210_r2700_2/collision/link_5.stl
-- Up-to-date: /home/omar/code/robotics_project/ros2_ws/install/kuka_quantec_support/share/kuka_quantec_support/meshes/kr210_r2700_2/collision/link_4.stl
-- Up-to-date: /home/omar/code/robotics_project/ros2_ws/install/kuka_quantec_support/share/kuka_quantec_support/meshes/kr210_r2700_2/collision/link_2.stl
-- Up-to-date: /home/omar/code/robotics_project/ros2_ws/install/kuka_quantec_support/share/kuka_quantec_support/meshes/kr210_r2700_2/collision/base_link.stl
-- Up-to-date: /home/omar/code/robotics_project/ros2_ws/install/kuka_quantec_support/share/kuka_quantec_support/meshes/kr210_r2700_2/collision/link_6.stl
-- Up-to-date: /home/omar/code/robotics_project/ros2_ws/install/kuka_quantec_support/share/kuka_quantec_support/meshes/kr210_r2700_2/collision/link_3.stl
-- Up-to-date: /home/omar/code/robotics_project/ros2_ws/install/kuka_quantec_support/share/kuka_quantec_support/meshes/kr210_r2700_2/collision/link_1.stl
-- Up-to-date: /home/omar/code/robotics_project/ros2_ws/install/kuka_quantec_support/share/kuka_quantec_support/meshes/kr210_r3100_2
-- Up-to-date: /home/omar/code/robotics_project/ros2_ws/install/kuka_quantec_support/share/kuka_quantec_support/meshes/kr210_r3100_2/visual
-- Up-to-date: /home/omar/code/robotics_project/ros2_ws/install/kuka_quantec_support/share/kuka_quantec_support/meshes/kr210_r3100_2/visual/link_5.stl
-- Up-to-date: /home/omar/code/robotics_project/ros2_ws/install/kuka_quantec_support/share/kuka_quantec_support/meshes/kr210_r3100_2/visual/link_4.stl
-- Up-to-date: /home/omar/code/robotics_project/ros2_ws/install/kuka_quantec_support/share/kuka_quantec_support/meshes/kr210_r3100_2/visual/link_2.stl
-- Up-to-date: /home/omar/code/robotics_project/ros2_ws/install/kuka_quantec_support/share/kuka_quantec_support/meshes/kr210_r3100_2/visual/base_link.stl
-- Up-to-date: /home/omar/code/robotics_project/ros2_ws/install/kuka_quantec_support/share/kuka_quantec_support/meshes/kr210_r3100_2/visual/link_6.stl
-- Up-to-date: /home/omar/code/robotics_project/ros2_ws/install/kuka_quantec_support/share/kuka_quantec_support/meshes/kr210_r3100_2/visual/link_3.stl
-- Up-to-date: /home/omar/code/robotics_project/ros2_ws/install/kuka_quantec_support/share/kuka_quantec_support/meshes/kr210_r3100_2/visual/link_1.stl
-- Up-to-date: /home/omar/code/robotics_project/ros2_ws/install/kuka_quantec_support/share/kuka_quantec_support/meshes/kr210_r3100_2/collision
-- Up-to-date: /home/omar/code/robotics_project/ros2_ws/install/kuka_quantec_support/share/kuka_quantec_support/meshes/kr210_r3100_2/collision/link_5.stl
-- Up-to-date: /home/omar/code/robotics_project/ros2_ws/install/kuka_quantec_support/share/kuka_quantec_support/meshes/kr210_r3100_2/collision/link_4.stl
-- Up-to-date: /home/omar/code/robotics_project/ros2_ws/install/kuka_quantec_support/share/kuka_quantec_support/meshes/kr210_r3100_2/collision/link_2.stl
-- Up-to-date: /home/omar/code/robotics_project/ros2_ws/install/kuka_quantec_support/share/kuka_quantec_support/meshes/kr210_r3100_2/collision/base_link.stl
-- Up-to-date: /home/omar/code/robotics_project/ros2_ws/install/kuka_quantec_support/share/kuka_quantec_support/meshes/kr210_r3100_2/collision/link_6.stl
-- Up-to-date: /home/omar/code/robotics_project/ros2_ws/install/kuka_quantec_support/share/kuka_quantec_support/meshes/kr210_r3100_2/collision/link_3.stl
-- Up-to-date: /home/omar/code/robotics_project/ros2_ws/install/kuka_quantec_support/share/kuka_quantec_support/meshes/kr210_r3100_2/collision/link_1.stl
-- Up-to-date: /home/omar/code/robotics_project/ros2_ws/install/kuka_quantec_support/share/kuka_quantec_support/meshes/kr240_r2900_2
-- Up-to-date: /home/omar/code/robotics_project/ros2_ws/install/kuka_quantec_support/share/kuka_quantec_support/meshes/kr240_r2900_2/visual
-- Up-to-date: /home/omar/code/robotics_project/ros2_ws/install/kuka_quantec_support/share/kuka_quantec_support/meshes/kr240_r2900_2/visual/link_5.dae
-- Up-to-date: /home/omar/code/robotics_project/ros2_ws/install/kuka_quantec_support/share/kuka_quantec_support/meshes/kr240_r2900_2/visual/link_1.dae
-- Up-to-date: /home/omar/code/robotics_project/ros2_ws/install/kuka_quantec_support/share/kuka_quantec_support/meshes/kr240_r2900_2/visual/link_4.dae
-- Up-to-date: /home/omar/code/robotics_project/ros2_ws/install/kuka_quantec_support/share/kuka_quantec_support/meshes/kr240_r2900_2/visual/base_link.dae
-- Up-to-date: /home/omar/code/robotics_project/ros2_ws/install/kuka_quantec_support/share/kuka_quantec_support/meshes/kr240_r2900_2/visual/link_3.dae
-- Up-to-date: /home/omar/code/robotics_project/ros2_ws/install/kuka_quantec_support/share/kuka_quantec_support/meshes/kr240_r2900_2/visual/link_2.dae
-- Up-to-date: /home/omar/code/robotics_project/ros2_ws/install/kuka_quantec_support/share/kuka_quantec_support/meshes/kr240_r2900_2/visual/link_6.dae
-- Up-to-date: /home/omar/code/robotics_project/ros2_ws/install/kuka_quantec_support/share/kuka_quantec_support/meshes/kr240_r2900_2/collision
-- Up-to-date: /home/omar/code/robotics_project/ros2_ws/install/kuka_quantec_support/share/kuka_quantec_support/meshes/kr240_r2900_2/collision/link_5.stl
-- Up-to-date: /home/omar/code/robotics_project/ros2_ws/install/kuka_quantec_support/share/kuka_quantec_support/meshes/kr240_r2900_2/collision/link_4.stl
-- Up-to-date: /home/omar/code/robotics_project/ros2_ws/install/kuka_quantec_support/share/kuka_quantec_support/meshes/kr240_r2900_2/collision/link_2.stl
-- Up-to-date: /home/omar/code/robotics_project/ros2_ws/install/kuka_quantec_support/share/kuka_quantec_support/meshes/kr240_r2900_2/collision/base_link.stl
-- Up-to-date: /home/omar/code/robotics_project/ros2_ws/install/kuka_quantec_support/share/kuka_quantec_support/meshes/kr240_r2900_2/collision/link_6.stl
-- Up-to-date: /home/omar/code/robotics_project/ros2_ws/install/kuka_quantec_support/share/kuka_quantec_support/meshes/kr240_r2900_2/collision/link_3.stl
-- Up-to-date: /home/omar/code/robotics_project/ros2_ws/install/kuka_quantec_support/share/kuka_quantec_support/meshes/kr240_r2900_2/collision/link_1.stl
-- Up-to-date: /home/omar/code/robotics_project/ros2_ws/install/kuka_quantec_support/share/kuka_quantec_support/meshes/kr300_r2700_2
-- Up-to-date: /home/omar/code/robotics_project/ros2_ws/install/kuka_quantec_support/share/kuka_quantec_support/meshes/kr300_r2700_2/visual
-- Up-to-date: /home/omar/code/robotics_project/ros2_ws/install/kuka_quantec_support/share/kuka_quantec_support/meshes/kr300_r2700_2/visual/link_5.dae
-- Up-to-date: /home/omar/code/robotics_project/ros2_ws/install/kuka_quantec_support/share/kuka_quantec_support/meshes/kr300_r2700_2/visual/link_1.dae
-- Up-to-date: /home/omar/code/robotics_project/ros2_ws/install/kuka_quantec_support/share/kuka_quantec_support/meshes/kr300_r2700_2/visual/link_4.dae
-- Up-to-date: /home/omar/code/robotics_project/ros2_ws/install/kuka_quantec_support/share/kuka_quantec_support/meshes/kr300_r2700_2/visual/base_link.dae
-- Up-to-date: /home/omar/code/robotics_project/ros2_ws/install/kuka_quantec_support/share/kuka_quantec_support/meshes/kr300_r2700_2/visual/link_3.dae
-- Up-to-date: /home/omar/code/robotics_project/ros2_ws/install/kuka_quantec_support/share/kuka_quantec_support/meshes/kr300_r2700_2/visual/link_2.dae
-- Up-to-date: /home/omar/code/robotics_project/ros2_ws/install/kuka_quantec_support/share/kuka_quantec_support/meshes/kr300_r2700_2/visual/link_6.dae
-- Up-to-date: /home/omar/code/robotics_project/ros2_ws/install/kuka_quantec_support/share/kuka_quantec_support/meshes/kr300_r2700_2/collision
-- Up-to-date: /home/omar/code/robotics_project/ros2_ws/install/kuka_quantec_support/share/kuka_quantec_support/meshes/kr300_r2700_2/collision/link_5.stl
-- Up-to-date: /home/omar/code/robotics_project/ros2_ws/install/kuka_quantec_support/share/kuka_quantec_support/meshes/kr300_r2700_2/collision/link_4.stl
-- Up-to-date: /home/omar/code/robotics_project/ros2_ws/install/kuka_quantec_support/share/kuka_quantec_support/meshes/kr300_r2700_2/collision/link_2.stl
-- Up-to-date: /home/omar/code/robotics_project/ros2_ws/install/kuka_quantec_support/share/kuka_quantec_support/meshes/kr300_r2700_2/collision/base_link.stl
-- Up-to-date: /home/omar/code/robotics_project/ros2_ws/install/kuka_quantec_support/share/kuka_quantec_support/meshes/kr300_r2700_2/collision/link_6.stl
-- Up-to-date: /home/omar/code/robotics_project/ros2_ws/install/kuka_quantec_support/share/kuka_quantec_support/meshes/kr300_r2700_2/collision/link_3.stl
-- Up-to-date: /home/omar/code/robotics_project/ros2_ws/install/kuka_quantec_support/share/kuka_quantec_support/meshes/kr300_r2700_2/collision/link_1.stl
-- Up-to-date: /home/omar/code/robotics_project/ros2_ws/install/kuka_quantec_support/share/kuka_quantec_support/meshes/kr210_r3100_ultra
-- Up-to-date: /home/omar/code/robotics_project/ros2_ws/install/kuka_quantec_support/share/kuka_quantec_support/meshes/kr210_r3100_ultra/visual
-- Up-to-date: /home/omar/code/robotics_project/ros2_ws/install/kuka_quantec_support/share/kuka_quantec_support/meshes/kr210_r3100_ultra/visual/link_5.dae
-- Up-to-date: /home/omar/code/robotics_project/ros2_ws/install/kuka_quantec_support/share/kuka_quantec_support/meshes/kr210_r3100_ultra/visual/link_1.dae
-- Up-to-date: /home/omar/code/robotics_project/ros2_ws/install/kuka_quantec_support/share/kuka_quantec_support/meshes/kr210_r3100_ultra/visual/link_4.dae
-- Up-to-date: /home/omar/code/robotics_project/ros2_ws/install/kuka_quantec_support/share/kuka_quantec_support/meshes/kr210_r3100_ultra/visual/base_link.dae
-- Up-to-date: /home/omar/code/robotics_project/ros2_ws/install/kuka_quantec_support/share/kuka_quantec_support/meshes/kr210_r3100_ultra/visual/link_3.dae
-- Up-to-date: /home/omar/code/robotics_project/ros2_ws/install/kuka_quantec_support/share/kuka_quantec_support/meshes/kr210_r3100_ultra/visual/link_2.dae
-- Up-to-date: /home/omar/code/robotics_project/ros2_ws/install/kuka_quantec_support/share/kuka_quantec_support/meshes/kr210_r3100_ultra/visual/link_6.dae
-- Up-to-date: /home/omar/code/robotics_project/ros2_ws/install/kuka_quantec_support/share/kuka_quantec_support/meshes/kr210_r3100_ultra/collision
-- Up-to-date: /home/omar/code/robotics_project/ros2_ws/install/kuka_quantec_support/share/kuka_quantec_support/meshes/kr210_r3100_ultra/collision/link_5.stl
-- Up-to-date: /home/omar/code/robotics_project/ros2_ws/install/kuka_quantec_support/share/kuka_quantec_support/meshes/kr210_r3100_ultra/collision/link_4.stl
-- Up-to-date: /home/omar/code/robotics_project/ros2_ws/install/kuka_quantec_support/share/kuka_quantec_support/meshes/kr210_r3100_ultra/collision/link_2.stl
-- Up-to-date: /home/omar/code/robotics_project/ros2_ws/install/kuka_quantec_support/share/kuka_quantec_support/meshes/kr210_r3100_ultra/collision/base_link.stl
-- Up-to-date: /home/omar/code/robotics_project/ros2_ws/install/kuka_quantec_support/share/kuka_quantec_support/meshes/kr210_r3100_ultra/collision/link_6.stl
-- Up-to-date: /home/omar/code/robotics_project/ros2_ws/install/kuka_quantec_support/share/kuka_quantec_support/meshes/kr210_r3100_ultra/collision/link_3.stl
-- Up-to-date: /home/omar/code/robotics_project/ros2_ws/install/kuka_quantec_support/share/kuka_quantec_support/meshes/kr210_r3100_ultra/collision/link_1.stl
-- Up-to-date: /home/omar/code/robotics_project/ros2_ws/install/kuka_quantec_support/share/kuka_quantec_support/meshes/kr150_r3100_2
-- Up-to-date: /home/omar/code/robotics_project/ros2_ws/install/kuka_quantec_support/share/kuka_quantec_support/meshes/kr150_r3100_2/visual
-- Up-to-date: /home/omar/code/robotics_project/ros2_ws/install/kuka_quantec_support/share/kuka_quantec_support/meshes/kr150_r3100_2/visual/link_5.dae
-- Up-to-date: /home/omar/code/robotics_project/ros2_ws/install/kuka_quantec_support/share/kuka_quantec_support/meshes/kr150_r3100_2/visual/link_1.dae
-- Up-to-date: /home/omar/code/robotics_project/ros2_ws/install/kuka_quantec_support/share/kuka_quantec_support/meshes/kr150_r3100_2/visual/link_4.dae
-- Up-to-date: /home/omar/code/robotics_project/ros2_ws/install/kuka_quantec_support/share/kuka_quantec_support/meshes/kr150_r3100_2/visual/base_link.dae
-- Up-to-date: /home/omar/code/robotics_project/ros2_ws/install/kuka_quantec_support/share/kuka_quantec_support/meshes/kr150_r3100_2/visual/link_3.dae
-- Up-to-date: /home/omar/code/robotics_project/ros2_ws/install/kuka_quantec_support/share/kuka_quantec_support/meshes/kr150_r3100_2/visual/link_2.dae
-- Up-to-date: /home/omar/code/robotics_project/ros2_ws/install/kuka_quantec_support/share/kuka_quantec_support/meshes/kr150_r3100_2/visual/link_6.dae
-- Up-to-date: /home/omar/code/robotics_project/ros2_ws/install/kuka_quantec_support/share/kuka_quantec_support/meshes/kr150_r3100_2/collision
-- Up-to-date: /home/omar/code/robotics_project/ros2_ws/install/kuka_quantec_support/share/kuka_quantec_support/meshes/kr150_r3100_2/collision/link_5.stl
-- Up-to-date: /home/omar/code/robotics_project/ros2_ws/install/kuka_quantec_support/share/kuka_quantec_support/meshes/kr150_r3100_2/collision/link_4.stl
-- Up-to-date: /home/omar/code/robotics_project/ros2_ws/install/kuka_quantec_support/share/kuka_quantec_support/meshes/kr150_r3100_2/collision/link_2.stl
-- Up-to-date: /home/omar/code/robotics_project/ros2_ws/install/kuka_quantec_support/share/kuka_quantec_support/meshes/kr150_r3100_2/collision/base_link.stl
-- Up-to-date: /home/omar/code/robotics_project/ros2_ws/install/kuka_quantec_support/share/kuka_quantec_support/meshes/kr150_r3100_2/collision/link_6.stl
-- Up-to-date: /home/omar/code/robotics_project/ros2_ws/install/kuka_quantec_support/share/kuka_quantec_support/meshes/kr150_r3100_2/collision/link_3.stl
-- Up-to-date: /home/omar/code/robotics_project/ros2_ws/install/kuka_quantec_support/share/kuka_quantec_support/meshes/kr150_r3100_2/collision/link_1.stl
-- Up-to-date: /home/omar/code/robotics_project/ros2_ws/install/kuka_quantec_support/share/kuka_quantec_support/meshes/kr210_r3300_2_k
-- Up-to-date: /home/omar/code/robotics_project/ros2_ws/install/kuka_quantec_support/share/kuka_quantec_support/meshes/kr210_r3300_2_k/visual
-- Up-to-date: /home/omar/code/robotics_project/ros2_ws/install/kuka_quantec_support/share/kuka_quantec_support/meshes/kr210_r3300_2_k/visual/link_5.dae
-- Up-to-date: /home/omar/code/robotics_project/ros2_ws/install/kuka_quantec_support/share/kuka_quantec_support/meshes/kr210_r3300_2_k/visual/link_1.dae
-- Up-to-date: /home/omar/code/robotics_project/ros2_ws/install/kuka_quantec_support/share/kuka_quantec_support/meshes/kr210_r3300_2_k/visual/link_4.dae
-- Up-to-date: /home/omar/code/robotics_project/ros2_ws/install/kuka_quantec_support/share/kuka_quantec_support/meshes/kr210_r3300_2_k/visual/base_link.dae
-- Up-to-date: /home/omar/code/robotics_project/ros2_ws/install/kuka_quantec_support/share/kuka_quantec_support/meshes/kr210_r3300_2_k/visual/link_3.dae
-- Up-to-date: /home/omar/code/robotics_project/ros2_ws/install/kuka_quantec_support/share/kuka_quantec_support/meshes/kr210_r3300_2_k/visual/link_2.dae
-- Up-to-date: /home/omar/code/robotics_project/ros2_ws/install/kuka_quantec_support/share/kuka_quantec_support/meshes/kr210_r3300_2_k/visual/link_6.dae
-- Up-to-date: /home/omar/code/robotics_project/ros2_ws/install/kuka_quantec_support/share/kuka_quantec_support/meshes/kr210_r3300_2_k/collision
-- Up-to-date: /home/omar/code/robotics_project/ros2_ws/install/kuka_quantec_support/share/kuka_quantec_support/meshes/kr210_r3300_2_k/collision/link_5.stl
-- Up-to-date: /home/omar/code/robotics_project/ros2_ws/install/kuka_quantec_support/share/kuka_quantec_support/meshes/kr210_r3300_2_k/collision/link_4.stl
-- Up-to-date: /home/omar/code/robotics_project/ros2_ws/install/kuka_quantec_support/share/kuka_quantec_support/meshes/kr210_r3300_2_k/collision/link_2.stl
-- Up-to-date: /home/omar/code/robotics_project/ros2_ws/install/kuka_quantec_support/share/kuka_quantec_support/meshes/kr210_r3300_2_k/collision/base_link.stl
-- Up-to-date: /home/omar/code/robotics_project/ros2_ws/install/kuka_quantec_support/share/kuka_quantec_support/meshes/kr210_r3300_2_k/collision/link_6.stl
-- Up-to-date: /home/omar/code/robotics_project/ros2_ws/install/kuka_quantec_support/share/kuka_quantec_support/meshes/kr210_r3300_2_k/collision/link_3.stl
-- Up-to-date: /home/omar/code/robotics_project/ros2_ws/install/kuka_quantec_support/share/kuka_quantec_support/meshes/kr210_r3300_2_k/collision/link_1.stl
-- Up-to-date: /home/omar/code/robotics_project/ros2_ws/install/kuka_quantec_support/share/kuka_quantec_support/urdf
-- Up-to-date: /home/omar/code/robotics_project/ros2_ws/install/kuka_quantec_support/share/kuka_quantec_support/urdf/kr240_r2900_2.urdf.xacro
-- Up-to-date: /home/omar/code/robotics_project/ros2_ws/install/kuka_quantec_support/share/kuka_quantec_support/urdf/kr150_r3100_2_macro.xacro
-- Up-to-date: /home/omar/code/robotics_project/ros2_ws/install/kuka_quantec_support/share/kuka_quantec_support/urdf/kr210_r3100_2_macro.xacro
-- Up-to-date: /home/omar/code/robotics_project/ros2_ws/install/kuka_quantec_support/share/kuka_quantec_support/urdf/kr_quantec_ros2_control_macro.xacro
-- Up-to-date: /home/omar/code/robotics_project/ros2_ws/install/kuka_quantec_support/share/kuka_quantec_support/urdf/kr240_r2900_2_macro.xacro
-- Up-to-date: /home/omar/code/robotics_project/ros2_ws/install/kuka_quantec_support/share/kuka_quantec_support/urdf/kr210_r3300_2_k.urdf.xacro
-- Up-to-date: /home/omar/code/robotics_project/ros2_ws/install/kuka_quantec_support/share/kuka_quantec_support/urdf/kr210_r3100_ultra.urdf.xacro
-- Up-to-date: /home/omar/code/robotics_project/ros2_ws/install/kuka_quantec_support/share/kuka_quantec_support/urdf/kr150_r3100_2.urdf.xacro
-- Up-to-date: /home/omar/code/robotics_project/ros2_ws/install/kuka_quantec_support/share/kuka_quantec_support/urdf/kr210_r3100_ultra_macro.xacro
-- Up-to-date: /home/omar/code/robotics_project/ros2_ws/install/kuka_quantec_support/share/kuka_quantec_support/urdf/kr210_r2700_2_macro.xacro
-- Up-to-date: /home/omar/code/robotics_project/ros2_ws/install/kuka_quantec_support/share/kuka_quantec_support/urdf/kr300_r2700_2_macro.xacro
-- Up-to-date: /home/omar/code/robotics_project/ros2_ws/install/kuka_quantec_support/share/kuka_quantec_support/urdf/kr210_r3100_2.urdf.xacro
-- Up-to-date: /home/omar/code/robotics_project/ros2_ws/install/kuka_quantec_support/share/kuka_quantec_support/urdf/kr210_r3300_2_k_macro.xacro
-- Up-to-date: /home/omar/code/robotics_project/ros2_ws/install/kuka_quantec_support/share/kuka_quantec_support/urdf/kr300_r2700_2.urdf.xacro
-- Up-to-date: /home/omar/code/robotics_project/ros2_ws/install/kuka_quantec_support/share/kuka_quantec_support/urdf/kr210_r2700_2.urdf.xacro
-- Up-to-date: /home/omar/code/robotics_project/ros2_ws/install/kuka_quantec_support/share/kuka_quantec_support/environment/kuka_quantec_support.dsv
-- Up-to-date: /home/omar/code/robotics_project/ros2_ws/install/kuka_quantec_support/share/ament_index/resource_index/package_run_dependencies/kuka_quantec_support
-- Up-to-date: /home/omar/code/robotics_project/ros2_ws/install/kuka_quantec_support/share/ament_index/resource_index/parent_prefix_path/kuka_quantec_support
-- Up-to-date: /home/omar/code/robotics_project/ros2_ws/install/kuka_quantec_support/share/kuka_quantec_support/environment/ament_prefix_path.sh
-- Up-to-date: /home/omar/code/robotics_project/ros2_ws/install/kuka_quantec_support/share/kuka_quantec_support/environment/ament_prefix_path.dsv
-- Up-to-date: /home/omar/code/robotics_project/ros2_ws/install/kuka_quantec_support/share/kuka_quantec_support/environment/path.sh
-- Up-to-date: /home/omar/code/robotics_project/ros2_ws/install/kuka_quantec_support/share/kuka_quantec_support/environment/path.dsv
-- Up-to-date: /home/omar/code/robotics_project/ros2_ws/install/kuka_quantec_support/share/kuka_quantec_support/local_setup.bash
-- Up-to-date: /home/omar/code/robotics_project/ros2_ws/install/kuka_quantec_support/share/kuka_quantec_support/local_setup.sh
-- Up-to-date: /home/omar/code/robotics_project/ros2_ws/install/kuka_quantec_support/share/kuka_quantec_support/local_setup.zsh
-- Up-to-date: /home/omar/code/robotics_project/ros2_ws/install/kuka_quantec_support/share/kuka_quantec_support/local_setup.dsv
-- Installing: /home/omar/code/robotics_project/ros2_ws/install/kuka_quantec_support/share/kuka_quantec_support/package.dsv
-- Up-to-date: /home/omar/code/robotics_project/ros2_ws/install/kuka_quantec_support/share/ament_index/resource_index/packages/kuka_quantec_support
-- Up-to-date: /home/omar/code/robotics_project/ros2_ws/install/kuka_quantec_support/share/kuka_quantec_support/cmake/kuka_quantec_supportConfig.cmake
-- Up-to-date: /home/omar/code/robotics_project/ros2_ws/install/kuka_quantec_support/share/kuka_quantec_support/cmake/kuka_quantec_supportConfig-version.cmake
-- Up-to-date: /home/omar/code/robotics_project/ros2_ws/install/kuka_quantec_support/share/kuka_quantec_support/package.xml
