[5.559s] Invoking command in '/home/omar/code/robotics_project/ros2_ws/build/peg_in_hole_description': PYTHONPATH=/home/omar/code/robotics_project/ros2_ws/build/peg_in_hole_description/prefix_override:/usr/lib/python3/dist-packages/colcon_core/task/python/colcon_distutils_commands:/home/omar/code/robotics_project/ros2_ws/install/peg_in_hole_description/lib/python3.12/site-packages:${PYTHONPATH} /usr/bin/python3 -W ignore:setup.py install is deprecated -W ignore:easy_install command is deprecated setup.py develop --editable --build-directory /home/omar/code/robotics_project/ros2_ws/build/peg_in_hole_description/build --no-deps symlink_data --force
[6.039s] running develop
[6.256s] running egg_info
[6.278s] writing peg_in_hole_description.egg-info/PKG-INFO
[6.278s] writing dependency_links to peg_in_hole_description.egg-info/dependency_links.txt
[6.278s] writing requirements to peg_in_hole_description.egg-info/requires.txt
[6.278s] writing top-level names to peg_in_hole_description.egg-info/top_level.txt
[6.326s] reading manifest file 'peg_in_hole_description.egg-info/SOURCES.txt'
[6.336s] writing manifest file 'peg_in_hole_description.egg-info/SOURCES.txt'
[6.360s] running build_ext
[6.360s] Creating /home/omar/code/robotics_project/ros2_ws/install/peg_in_hole_description/lib/python3.12/site-packages/peg-in-hole-description.egg-link (link to .)
[6.360s] 
[6.361s] Installed /home/omar/code/robotics_project/ros2_ws/build/peg_in_hole_description
[6.361s] running symlink_data
[6.368s] symbolically linking /home/omar/code/robotics_project/ros2_ws/build/peg_in_hole_description/resource/peg_in_hole_description -> /home/omar/code/robotics_project/ros2_ws/install/peg_in_hole_description/share/ament_index/resource_index/packages
[6.372s] symbolically linking /home/omar/code/robotics_project/ros2_ws/build/peg_in_hole_description/package.xml -> /home/omar/code/robotics_project/ros2_ws/install/peg_in_hole_description/share/peg_in_hole_description
[6.372s] symbolically linking /home/omar/code/robotics_project/ros2_ws/build/peg_in_hole_description/README.md -> /home/omar/code/robotics_project/ros2_ws/install/peg_in_hole_description/share/peg_in_hole_description
[6.626s] symbolically linking /home/omar/code/robotics_project/ros2_ws/build/peg_in_hole_description/launch/peg_in_hole_scene.launch.py -> /home/omar/code/robotics_project/ros2_ws/install/peg_in_hole_description/share/peg_in_hole_description/launch
[6.626s] symbolically linking /home/omar/code/robotics_project/ros2_ws/build/peg_in_hole_description/config/task_geometry.yaml -> /home/omar/code/robotics_project/ros2_ws/install/peg_in_hole_description/share/peg_in_hole_description/config
[6.626s] error: can't copy '/home/omar/code/robotics_project/ros2_ws/build/peg_in_hole_description/urdf/lbr_iisy6_r1300_moveit_diagnostic.urdf.xacro': doesn't exist or not a regular file
[6.627s] Invoked command in '/home/omar/code/robotics_project/ros2_ws/build/peg_in_hole_description' returned '1': PYTHONPATH=/home/omar/code/robotics_project/ros2_ws/build/peg_in_hole_description/prefix_override:/usr/lib/python3/dist-packages/colcon_core/task/python/colcon_distutils_commands:/home/omar/code/robotics_project/ros2_ws/install/peg_in_hole_description/lib/python3.12/site-packages:${PYTHONPATH} /usr/bin/python3 -W ignore:setup.py install is deprecated -W ignore:easy_install command is deprecated setup.py develop --editable --build-directory /home/omar/code/robotics_project/ros2_ws/build/peg_in_hole_description/build --no-deps symlink_data --force
