[5.423s] Invoking command in '/home/omar/code/robotics_project/ros2_ws/src/first_robot_demo': PYTHONPATH=/home/omar/code/robotics_project/ros2_ws/build/first_robot_demo/prefix_override:/usr/lib/python3/dist-packages/colcon_core/task/python/colcon_distutils_commands:/home/omar/code/robotics_project/ros2_ws/install/first_robot_demo/lib/python3.12/site-packages:${PYTHONPATH} /usr/bin/python3 -W ignore:setup.py install is deprecated -W ignore:easy_install command is deprecated setup.py egg_info --egg-base ../../build/first_robot_demo build --build-base /home/omar/code/robotics_project/ros2_ws/build/first_robot_demo/build install --record /home/omar/code/robotics_project/ros2_ws/build/first_robot_demo/install.log --single-version-externally-managed install_data
[5.724s] running egg_info
[5.746s] writing ../../build/first_robot_demo/first_robot_demo.egg-info/PKG-INFO
[5.746s] writing dependency_links to ../../build/first_robot_demo/first_robot_demo.egg-info/dependency_links.txt
[5.746s] writing entry points to ../../build/first_robot_demo/first_robot_demo.egg-info/entry_points.txt
[5.754s] writing requirements to ../../build/first_robot_demo/first_robot_demo.egg-info/requires.txt
[5.766s] writing top-level names to ../../build/first_robot_demo/first_robot_demo.egg-info/top_level.txt
[5.824s] reading manifest file '../../build/first_robot_demo/first_robot_demo.egg-info/SOURCES.txt'
[5.843s] writing manifest file '../../build/first_robot_demo/first_robot_demo.egg-info/SOURCES.txt'
[5.868s] running build
[5.868s] running build_py
[5.868s] running install
[5.874s] running install_lib
[6.005s] running install_data
[6.005s] running install_egg_info
[6.075s] removing '/home/omar/code/robotics_project/ros2_ws/install/first_robot_demo/lib/python3.12/site-packages/first_robot_demo-0.0.0-py3.12.egg-info' (and everything under it)
[6.076s] Copying ../../build/first_robot_demo/first_robot_demo.egg-info to /home/omar/code/robotics_project/ros2_ws/install/first_robot_demo/lib/python3.12/site-packages/first_robot_demo-0.0.0-py3.12.egg-info
[6.088s] running install_scripts
[6.231s] Installing simple_listener script to /home/omar/code/robotics_project/ros2_ws/install/first_robot_demo/lib/first_robot_demo
[6.231s] Installing simple_talker script to /home/omar/code/robotics_project/ros2_ws/install/first_robot_demo/lib/first_robot_demo
[6.232s] writing list of installed files to '/home/omar/code/robotics_project/ros2_ws/build/first_robot_demo/install.log'
[6.726s] Invoked command in '/home/omar/code/robotics_project/ros2_ws/src/first_robot_demo' returned '0': PYTHONPATH=/home/omar/code/robotics_project/ros2_ws/build/first_robot_demo/prefix_override:/usr/lib/python3/dist-packages/colcon_core/task/python/colcon_distutils_commands:/home/omar/code/robotics_project/ros2_ws/install/first_robot_demo/lib/python3.12/site-packages:${PYTHONPATH} /usr/bin/python3 -W ignore:setup.py install is deprecated -W ignore:easy_install command is deprecated setup.py egg_info --egg-base ../../build/first_robot_demo build --build-base /home/omar/code/robotics_project/ros2_ws/build/first_robot_demo/build install --record /home/omar/code/robotics_project/ros2_ws/build/first_robot_demo/install.log --single-version-externally-managed install_data
