[0.268s] Invoking command in '/home/omar/code/robotics_project/ros2_ws/build/kuka_agilus_support': CMAKE_PREFIX_PATH=/home/omar/code/robotics_project/ros2_ws/install/kuka_resources:/home/omar/code/robotics_project/ros2_ws/install/kuka_robot_descriptions:/home/omar/code/robotics_project/ros2_ws/install/kuka_quantec_support:/home/omar/code/robotics_project/ros2_ws/install/kuka_lbr_iiwa_support:/home/omar/code/robotics_project/ros2_ws/install/kuka_lbr_iiwa_moveit_config:/home/omar/code/robotics_project/ros2_ws/install/kuka_lbr_iisy_support:/home/omar/code/robotics_project/ros2_ws/install/kuka_lbr_iisy_moveit_config:/home/omar/code/robotics_project/ros2_ws/install/kuka_kr_moveit_config:/home/omar/code/robotics_project/ros2_ws/install/kuka_iontec_support:/home/omar/code/robotics_project/ros2_ws/install/kuka_fortec_support:/home/omar/code/robotics_project/ros2_ws/install/kuka_cybertech_support:/home/omar/code/robotics_project/ros2_ws/install/kuka_agilus_support:/home/omar/code/robotics_project/ros2_ws/install/kuka_mock_hardware_interface:/home/omar/code/robotics_project/ros2_ws/install/kuka_kl_support:/home/omar/code/robotics_project/ros2_ws/install/kuka_gazebo:/opt/ros/jazzy/opt/gz_sim_vendor:/opt/ros/jazzy/opt/gz_sensors_vendor:/opt/ros/jazzy/opt/gz_physics_vendor:/opt/ros/jazzy/opt/sdformat_vendor:/opt/ros/jazzy/opt/gz_gui_vendor:/opt/ros/jazzy/opt/gz_transport_vendor:/opt/ros/jazzy/opt/gz_rendering_vendor:/opt/ros/jazzy/opt/gz_plugin_vendor:/opt/ros/jazzy/opt/gz_fuel_tools_vendor:/opt/ros/jazzy/opt/gz_msgs_vendor:/opt/ros/jazzy/opt/gz_common_vendor:/opt/ros/jazzy/opt/gz_math_vendor:/opt/ros/jazzy/opt/gz_utils_vendor:/opt/ros/jazzy/opt/gz_tools_vendor:/opt/ros/jazzy/opt/gz_ogre_next_vendor:/opt/ros/jazzy/opt/gz_dartsim_vendor:/opt/ros/jazzy/opt/gz_cmake_vendor:/home/omar/code/robotics_project/ros2_ws/install/thesis_bringup:/home/omar/code/robotics_project/ros2_ws/install/safety_layer:/home/omar/code/robotics_project/ros2_ws/install/robot_simulation:/home/omar/code/robotics_project/ros2_ws/install/robot_description:/home/omar/code/robotics_project/ros2_ws/install/perception_pipeline:/home/omar/code/robotics_project/ros2_ws/install/peg_in_hole_metrics:/home/omar/code/robotics_project/ros2_ws/install/peg_in_hole_description:/home/omar/code/robotics_project/ros2_ws/install/learning_interface:/home/omar/code/robotics_project/ros2_ws/install/kuka_task_control:/home/omar/code/robotics_project/ros2_ws/install/kuka_description:/home/omar/code/robotics_project/ros2_ws/install/first_robot_demo:/home/omar/code/robotics_project/ros2_ws/install/experiment_manager:/opt/ros/jazzy /usr/bin/cmake --build /home/omar/code/robotics_project/ros2_ws/build/kuka_agilus_support -- -j8 -l8
[0.315s] Invoked command in '/home/omar/code/robotics_project/ros2_ws/build/kuka_agilus_support' returned '0': CMAKE_PREFIX_PATH=/home/omar/code/robotics_project/ros2_ws/install/kuka_resources:/home/omar/code/robotics_project/ros2_ws/install/kuka_robot_descriptions:/home/omar/code/robotics_project/ros2_ws/install/kuka_quantec_support:/home/omar/code/robotics_project/ros2_ws/install/kuka_lbr_iiwa_support:/home/omar/code/robotics_project/ros2_ws/install/kuka_lbr_iiwa_moveit_config:/home/omar/code/robotics_project/ros2_ws/install/kuka_lbr_iisy_support:/home/omar/code/robotics_project/ros2_ws/install/kuka_lbr_iisy_moveit_config:/home/omar/code/robotics_project/ros2_ws/install/kuka_kr_moveit_config:/home/omar/code/robotics_project/ros2_ws/install/kuka_iontec_support:/home/omar/code/robotics_project/ros2_ws/install/kuka_fortec_support:/home/omar/code/robotics_project/ros2_ws/install/kuka_cybertech_support:/home/omar/code/robotics_project/ros2_ws/install/kuka_agilus_support:/home/omar/code/robotics_project/ros2_ws/install/kuka_mock_hardware_interface:/home/omar/code/robotics_project/ros2_ws/install/kuka_kl_support:/home/omar/code/robotics_project/ros2_ws/install/kuka_gazebo:/opt/ros/jazzy/opt/gz_sim_vendor:/opt/ros/jazzy/opt/gz_sensors_vendor:/opt/ros/jazzy/opt/gz_physics_vendor:/opt/ros/jazzy/opt/sdformat_vendor:/opt/ros/jazzy/opt/gz_gui_vendor:/opt/ros/jazzy/opt/gz_transport_vendor:/opt/ros/jazzy/opt/gz_rendering_vendor:/opt/ros/jazzy/opt/gz_plugin_vendor:/opt/ros/jazzy/opt/gz_fuel_tools_vendor:/opt/ros/jazzy/opt/gz_msgs_vendor:/opt/ros/jazzy/opt/gz_common_vendor:/opt/ros/jazzy/opt/gz_math_vendor:/opt/ros/jazzy/opt/gz_utils_vendor:/opt/ros/jazzy/opt/gz_tools_vendor:/opt/ros/jazzy/opt/gz_ogre_next_vendor:/opt/ros/jazzy/opt/gz_dartsim_vendor:/opt/ros/jazzy/opt/gz_cmake_vendor:/home/omar/code/robotics_project/ros2_ws/install/thesis_bringup:/home/omar/code/robotics_project/ros2_ws/install/safety_layer:/home/omar/code/robotics_project/ros2_ws/install/robot_simulation:/home/omar/code/robotics_project/ros2_ws/install/robot_description:/home/omar/code/robotics_project/ros2_ws/install/perception_pipeline:/home/omar/code/robotics_project/ros2_ws/install/peg_in_hole_metrics:/home/omar/code/robotics_project/ros2_ws/install/peg_in_hole_description:/home/omar/code/robotics_project/ros2_ws/install/learning_interface:/home/omar/code/robotics_project/ros2_ws/install/kuka_task_control:/home/omar/code/robotics_project/ros2_ws/install/kuka_description:/home/omar/code/robotics_project/ros2_ws/install/first_robot_demo:/home/omar/code/robotics_project/ros2_ws/install/experiment_manager:/opt/ros/jazzy /usr/bin/cmake --build /home/omar/code/robotics_project/ros2_ws/build/kuka_agilus_support -- -j8 -l8
[0.337s] Invoking command in '/home/omar/code/robotics_project/ros2_ws/build/kuka_agilus_support': CMAKE_PREFIX_PATH=/home/omar/code/robotics_project/ros2_ws/install/kuka_resources:/home/omar/code/robotics_project/ros2_ws/install/kuka_robot_descriptions:/home/omar/code/robotics_project/ros2_ws/install/kuka_quantec_support:/home/omar/code/robotics_project/ros2_ws/install/kuka_lbr_iiwa_support:/home/omar/code/robotics_project/ros2_ws/install/kuka_lbr_iiwa_moveit_config:/home/omar/code/robotics_project/ros2_ws/install/kuka_lbr_iisy_support:/home/omar/code/robotics_project/ros2_ws/install/kuka_lbr_iisy_moveit_config:/home/omar/code/robotics_project/ros2_ws/install/kuka_kr_moveit_config:/home/omar/code/robotics_project/ros2_ws/install/kuka_iontec_support:/home/omar/code/robotics_project/ros2_ws/install/kuka_fortec_support:/home/omar/code/robotics_project/ros2_ws/install/kuka_cybertech_support:/home/omar/code/robotics_project/ros2_ws/install/kuka_agilus_support:/home/omar/code/robotics_project/ros2_ws/install/kuka_mock_hardware_interface:/home/omar/code/robotics_project/ros2_ws/install/kuka_kl_support:/home/omar/code/robotics_project/ros2_ws/install/kuka_gazebo:/opt/ros/jazzy/opt/gz_sim_vendor:/opt/ros/jazzy/opt/gz_sensors_vendor:/opt/ros/jazzy/opt/gz_physics_vendor:/opt/ros/jazzy/opt/sdformat_vendor:/opt/ros/jazzy/opt/gz_gui_vendor:/opt/ros/jazzy/opt/gz_transport_vendor:/opt/ros/jazzy/opt/gz_rendering_vendor:/opt/ros/jazzy/opt/gz_plugin_vendor:/opt/ros/jazzy/opt/gz_fuel_tools_vendor:/opt/ros/jazzy/opt/gz_msgs_vendor:/opt/ros/jazzy/opt/gz_common_vendor:/opt/ros/jazzy/opt/gz_math_vendor:/opt/ros/jazzy/opt/gz_utils_vendor:/opt/ros/jazzy/opt/gz_tools_vendor:/opt/ros/jazzy/opt/gz_ogre_next_vendor:/opt/ros/jazzy/opt/gz_dartsim_vendor:/opt/ros/jazzy/opt/gz_cmake_vendor:/home/omar/code/robotics_project/ros2_ws/install/thesis_bringup:/home/omar/code/robotics_project/ros2_ws/install/safety_layer:/home/omar/code/robotics_project/ros2_ws/install/robot_simulation:/home/omar/code/robotics_project/ros2_ws/install/robot_description:/home/omar/code/robotics_project/ros2_ws/install/perception_pipeline:/home/omar/code/robotics_project/ros2_ws/install/peg_in_hole_metrics:/home/omar/code/robotics_project/ros2_ws/install/peg_in_hole_description:/home/omar/code/robotics_project/ros2_ws/install/learning_interface:/home/omar/code/robotics_project/ros2_ws/install/kuka_task_control:/home/omar/code/robotics_project/ros2_ws/install/kuka_description:/home/omar/code/robotics_project/ros2_ws/install/first_robot_demo:/home/omar/code/robotics_project/ros2_ws/install/experiment_manager:/opt/ros/jazzy /usr/bin/cmake --install /home/omar/code/robotics_project/ros2_ws/build/kuka_agilus_support
[0.344s] -- Install configuration: ""
[0.344s] -- Up-to-date: /home/omar/code/robotics_project/ros2_ws/install/kuka_agilus_support/share/kuka_agilus_support/config
[0.357s] -- Up-to-date: /home/omar/code/robotics_project/ros2_ws/install/kuka_agilus_support/share/kuka_agilus_support/config/opw_kinematics_kr6r700sixx.yaml
[0.358s] -- Up-to-date: /home/omar/code/robotics_project/ros2_ws/install/kuka_agilus_support/share/kuka_agilus_support/config/kr10_r900_2_joint_limits.yaml
[0.358s] -- Up-to-date: /home/omar/code/robotics_project/ros2_ws/install/kuka_agilus_support/share/kuka_agilus_support/config/kr6_r900_sixx_joint_limits.yaml
[0.358s] -- Up-to-date: /home/omar/code/robotics_project/ros2_ws/install/kuka_agilus_support/share/kuka_agilus_support/config/kr10_r1100_2_joint_limits.yaml
[0.358s] -- Up-to-date: /home/omar/code/robotics_project/ros2_ws/install/kuka_agilus_support/share/kuka_agilus_support/config/opw_parameters_kr6r900_2.yaml
[0.358s] -- Up-to-date: /home/omar/code/robotics_project/ros2_ws/install/kuka_agilus_support/share/kuka_agilus_support/config/kr6_r700_sixx_joint_limits.yaml
[0.358s] -- Up-to-date: /home/omar/code/robotics_project/ros2_ws/install/kuka_agilus_support/share/kuka_agilus_support/config/kr6_r900_2_joint_limits.yaml
[0.358s] -- Up-to-date: /home/omar/code/robotics_project/ros2_ws/install/kuka_agilus_support/share/kuka_agilus_support/config/kr6_r700_2_joint_limits.yaml
[0.358s] -- Up-to-date: /home/omar/code/robotics_project/ros2_ws/install/kuka_agilus_support/share/kuka_agilus_support/config/kr4_r600_joint_limits.yaml
[0.358s] -- Up-to-date: /home/omar/code/robotics_project/ros2_ws/install/kuka_agilus_support/share/kuka_agilus_support/launch
[0.380s] -- Up-to-date: /home/omar/code/robotics_project/ros2_ws/install/kuka_agilus_support/share/kuka_agilus_support/launch/test_kr10_r900_2.launch.py
[0.381s] -- Up-to-date: /home/omar/code/robotics_project/ros2_ws/install/kuka_agilus_support/share/kuka_agilus_support/launch/test_kr6_r700_2.launch.py
[0.382s] -- Up-to-date: /home/omar/code/robotics_project/ros2_ws/install/kuka_agilus_support/share/kuka_agilus_support/launch/test_kr4_r600.launch.py
[0.382s] -- Up-to-date: /home/omar/code/robotics_project/ros2_ws/install/kuka_agilus_support/share/kuka_agilus_support/launch/test_kr6_r900_sixx.launch.py
[0.383s] -- Up-to-date: /home/omar/code/robotics_project/ros2_ws/install/kuka_agilus_support/share/kuka_agilus_support/launch/test_kr6_r700_sixx.launch.py
[0.383s] -- Up-to-date: /home/omar/code/robotics_project/ros2_ws/install/kuka_agilus_support/share/kuka_agilus_support/launch/test_kr6_r900_2.launch.py
[0.384s] -- Up-to-date: /home/omar/code/robotics_project/ros2_ws/install/kuka_agilus_support/share/kuka_agilus_support/launch/test_kr10_r1100_2.launch.py
[0.384s] -- Up-to-date: /home/omar/code/robotics_project/ros2_ws/install/kuka_agilus_support/share/kuka_agilus_support/meshes
[0.392s] -- Up-to-date: /home/omar/code/robotics_project/ros2_ws/install/kuka_agilus_support/share/kuka_agilus_support/meshes/kr4_r600
[0.409s] -- Up-to-date: /home/omar/code/robotics_project/ros2_ws/install/kuka_agilus_support/share/kuka_agilus_support/meshes/kr4_r600/visual
[0.411s] -- Up-to-date: /home/omar/code/robotics_project/ros2_ws/install/kuka_agilus_support/share/kuka_agilus_support/meshes/kr4_r600/visual/link_5.dae
[0.411s] -- Up-to-date: /home/omar/code/robotics_project/ros2_ws/install/kuka_agilus_support/share/kuka_agilus_support/meshes/kr4_r600/visual/link_1.dae
[0.411s] -- Up-to-date: /home/omar/code/robotics_project/ros2_ws/install/kuka_agilus_support/share/kuka_agilus_support/meshes/kr4_r600/visual/link_4.dae
[0.411s] -- Up-to-date: /home/omar/code/robotics_project/ros2_ws/install/kuka_agilus_support/share/kuka_agilus_support/meshes/kr4_r600/visual/base_link.dae
[0.411s] -- Up-to-date: /home/omar/code/robotics_project/ros2_ws/install/kuka_agilus_support/share/kuka_agilus_support/meshes/kr4_r600/visual/link_3.dae
[0.411s] -- Up-to-date: /home/omar/code/robotics_project/ros2_ws/install/kuka_agilus_support/share/kuka_agilus_support/meshes/kr4_r600/visual/link_2.dae
[0.411s] -- Up-to-date: /home/omar/code/robotics_project/ros2_ws/install/kuka_agilus_support/share/kuka_agilus_support/meshes/kr4_r600/visual/link_6.dae
[0.411s] -- Up-to-date: /home/omar/code/robotics_project/ros2_ws/install/kuka_agilus_support/share/kuka_agilus_support/meshes/kr4_r600/collision
[0.432s] -- Up-to-date: /home/omar/code/robotics_project/ros2_ws/install/kuka_agilus_support/share/kuka_agilus_support/meshes/kr4_r600/collision/link_5.stl
[0.433s] -- Up-to-date: /home/omar/code/robotics_project/ros2_ws/install/kuka_agilus_support/share/kuka_agilus_support/meshes/kr4_r600/collision/link_4.stl
[0.433s] -- Up-to-date: /home/omar/code/robotics_project/ros2_ws/install/kuka_agilus_support/share/kuka_agilus_support/meshes/kr4_r600/collision/link_2.stl
[0.433s] -- Up-to-date: /home/omar/code/robotics_project/ros2_ws/install/kuka_agilus_support/share/kuka_agilus_support/meshes/kr4_r600/collision/base_link.stl
[0.433s] -- Up-to-date: /home/omar/code/robotics_project/ros2_ws/install/kuka_agilus_support/share/kuka_agilus_support/meshes/kr4_r600/collision/link_6.stl
[0.434s] -- Up-to-date: /home/omar/code/robotics_project/ros2_ws/install/kuka_agilus_support/share/kuka_agilus_support/meshes/kr4_r600/collision/link_3.stl
[0.434s] -- Up-to-date: /home/omar/code/robotics_project/ros2_ws/install/kuka_agilus_support/share/kuka_agilus_support/meshes/kr4_r600/collision/link_1.stl
[0.435s] -- Up-to-date: /home/omar/code/robotics_project/ros2_ws/install/kuka_agilus_support/share/kuka_agilus_support/meshes/kr6_r700_2
[0.456s] -- Up-to-date: /home/omar/code/robotics_project/ros2_ws/install/kuka_agilus_support/share/kuka_agilus_support/meshes/kr6_r700_2/visual
[0.469s] -- Up-to-date: /home/omar/code/robotics_project/ros2_ws/install/kuka_agilus_support/share/kuka_agilus_support/meshes/kr6_r700_2/visual/link_5.dae
[0.470s] -- Up-to-date: /home/omar/code/robotics_project/ros2_ws/install/kuka_agilus_support/share/kuka_agilus_support/meshes/kr6_r700_2/visual/link_1.dae
[0.471s] -- Up-to-date: /home/omar/code/robotics_project/ros2_ws/install/kuka_agilus_support/share/kuka_agilus_support/meshes/kr6_r700_2/visual/link_4.dae
[0.472s] -- Up-to-date: /home/omar/code/robotics_project/ros2_ws/install/kuka_agilus_support/share/kuka_agilus_support/meshes/kr6_r700_2/visual/base_link.dae
[0.473s] -- Up-to-date: /home/omar/code/robotics_project/ros2_ws/install/kuka_agilus_support/share/kuka_agilus_support/meshes/kr6_r700_2/visual/link_3.dae
[0.474s] -- Up-to-date: /home/omar/code/robotics_project/ros2_ws/install/kuka_agilus_support/share/kuka_agilus_support/meshes/kr6_r700_2/visual/link_2.dae
[0.476s] -- Up-to-date: /home/omar/code/robotics_project/ros2_ws/install/kuka_agilus_support/share/kuka_agilus_support/meshes/kr6_r700_2/visual/link_6.dae
[0.476s] -- Up-to-date: /home/omar/code/robotics_project/ros2_ws/install/kuka_agilus_support/share/kuka_agilus_support/meshes/kr6_r700_2/collision
[0.503s] -- Up-to-date: /home/omar/code/robotics_project/ros2_ws/install/kuka_agilus_support/share/kuka_agilus_support/meshes/kr6_r700_2/collision/link_5.stl
[0.503s] -- Up-to-date: /home/omar/code/robotics_project/ros2_ws/install/kuka_agilus_support/share/kuka_agilus_support/meshes/kr6_r700_2/collision/link_4.stl
[0.503s] -- Up-to-date: /home/omar/code/robotics_project/ros2_ws/install/kuka_agilus_support/share/kuka_agilus_support/meshes/kr6_r700_2/collision/link_2.stl
[0.503s] -- Up-to-date: /home/omar/code/robotics_project/ros2_ws/install/kuka_agilus_support/share/kuka_agilus_support/meshes/kr6_r700_2/collision/base_link.stl
[0.504s] -- Up-to-date: /home/omar/code/robotics_project/ros2_ws/install/kuka_agilus_support/share/kuka_agilus_support/meshes/kr6_r700_2/collision/link_6.stl
[0.504s] -- Up-to-date: /home/omar/code/robotics_project/ros2_ws/install/kuka_agilus_support/share/kuka_agilus_support/meshes/kr6_r700_2/collision/link_3.stl
[0.504s] -- Up-to-date: /home/omar/code/robotics_project/ros2_ws/install/kuka_agilus_support/share/kuka_agilus_support/meshes/kr6_r700_2/collision/link_1.stl
[0.504s] -- Up-to-date: /home/omar/code/robotics_project/ros2_ws/install/kuka_agilus_support/share/kuka_agilus_support/meshes/kr10_r900_2
[0.512s] -- Up-to-date: /home/omar/code/robotics_project/ros2_ws/install/kuka_agilus_support/share/kuka_agilus_support/meshes/kr10_r900_2/visual
[0.518s] -- Up-to-date: /home/omar/code/robotics_project/ros2_ws/install/kuka_agilus_support/share/kuka_agilus_support/meshes/kr10_r900_2/visual/link_5.dae
[0.519s] -- Up-to-date: /home/omar/code/robotics_project/ros2_ws/install/kuka_agilus_support/share/kuka_agilus_support/meshes/kr10_r900_2/visual/link_1.dae
[0.519s] -- Up-to-date: /home/omar/code/robotics_project/ros2_ws/install/kuka_agilus_support/share/kuka_agilus_support/meshes/kr10_r900_2/visual/link_4.dae
[0.519s] -- Up-to-date: /home/omar/code/robotics_project/ros2_ws/install/kuka_agilus_support/share/kuka_agilus_support/meshes/kr10_r900_2/visual/base_link.dae
[0.519s] -- Up-to-date: /home/omar/code/robotics_project/ros2_ws/install/kuka_agilus_support/share/kuka_agilus_support/meshes/kr10_r900_2/visual/link_3.dae
[0.519s] -- Up-to-date: /home/omar/code/robotics_project/ros2_ws/install/kuka_agilus_support/share/kuka_agilus_support/meshes/kr10_r900_2/visual/link_2.dae
[0.519s] -- Up-to-date: /home/omar/code/robotics_project/ros2_ws/install/kuka_agilus_support/share/kuka_agilus_support/meshes/kr10_r900_2/visual/link_6.dae
[0.519s] -- Up-to-date: /home/omar/code/robotics_project/ros2_ws/install/kuka_agilus_support/share/kuka_agilus_support/meshes/kr10_r900_2/collision
[0.525s] -- Up-to-date: /home/omar/code/robotics_project/ros2_ws/install/kuka_agilus_support/share/kuka_agilus_support/meshes/kr10_r900_2/collision/link_5.stl
[0.525s] -- Up-to-date: /home/omar/code/robotics_project/ros2_ws/install/kuka_agilus_support/share/kuka_agilus_support/meshes/kr10_r900_2/collision/link_4.stl
[0.525s] -- Up-to-date: /home/omar/code/robotics_project/ros2_ws/install/kuka_agilus_support/share/kuka_agilus_support/meshes/kr10_r900_2/collision/link_2.stl
[0.525s] -- Up-to-date: /home/omar/code/robotics_project/ros2_ws/install/kuka_agilus_support/share/kuka_agilus_support/meshes/kr10_r900_2/collision/base_link.stl
[0.525s] -- Up-to-date: /home/omar/code/robotics_project/ros2_ws/install/kuka_agilus_support/share/kuka_agilus_support/meshes/kr10_r900_2/collision/link_6.stl
[0.525s] -- Up-to-date: /home/omar/code/robotics_project/ros2_ws/install/kuka_agilus_support/share/kuka_agilus_support/meshes/kr10_r900_2/collision/link_3.stl
[0.525s] -- Up-to-date: /home/omar/code/robotics_project/ros2_ws/install/kuka_agilus_support/share/kuka_agilus_support/meshes/kr10_r900_2/collision/link_1.stl
[0.526s] -- Up-to-date: /home/omar/code/robotics_project/ros2_ws/install/kuka_agilus_support/share/kuka_agilus_support/meshes/kr6_r900_2
[0.537s] -- Up-to-date: /home/omar/code/robotics_project/ros2_ws/install/kuka_agilus_support/share/kuka_agilus_support/meshes/kr6_r900_2/visual
[0.549s] -- Up-to-date: /home/omar/code/robotics_project/ros2_ws/install/kuka_agilus_support/share/kuka_agilus_support/meshes/kr6_r900_2/visual/link_5.dae
[0.550s] -- Up-to-date: /home/omar/code/robotics_project/ros2_ws/install/kuka_agilus_support/share/kuka_agilus_support/meshes/kr6_r900_2/visual/link_1.dae
[0.550s] -- Up-to-date: /home/omar/code/robotics_project/ros2_ws/install/kuka_agilus_support/share/kuka_agilus_support/meshes/kr6_r900_2/visual/link_4.dae
[0.550s] -- Up-to-date: /home/omar/code/robotics_project/ros2_ws/install/kuka_agilus_support/share/kuka_agilus_support/meshes/kr6_r900_2/visual/base_link.dae
[0.550s] -- Up-to-date: /home/omar/code/robotics_project/ros2_ws/install/kuka_agilus_support/share/kuka_agilus_support/meshes/kr6_r900_2/visual/link_3.dae
[0.550s] -- Up-to-date: /home/omar/code/robotics_project/ros2_ws/install/kuka_agilus_support/share/kuka_agilus_support/meshes/kr6_r900_2/visual/link_2.dae
[0.550s] -- Up-to-date: /home/omar/code/robotics_project/ros2_ws/install/kuka_agilus_support/share/kuka_agilus_support/meshes/kr6_r900_2/visual/link_6.dae
[0.550s] -- Up-to-date: /home/omar/code/robotics_project/ros2_ws/install/kuka_agilus_support/share/kuka_agilus_support/meshes/kr6_r900_2/collision
[0.577s] -- Up-to-date: /home/omar/code/robotics_project/ros2_ws/install/kuka_agilus_support/share/kuka_agilus_support/meshes/kr6_r900_2/collision/link_5.stl
[0.578s] -- Up-to-date: /home/omar/code/robotics_project/ros2_ws/install/kuka_agilus_support/share/kuka_agilus_support/meshes/kr6_r900_2/collision/link_4.stl
[0.578s] -- Up-to-date: /home/omar/code/robotics_project/ros2_ws/install/kuka_agilus_support/share/kuka_agilus_support/meshes/kr6_r900_2/collision/link_2.stl
[0.578s] -- Up-to-date: /home/omar/code/robotics_project/ros2_ws/install/kuka_agilus_support/share/kuka_agilus_support/meshes/kr6_r900_2/collision/base_link.stl
[0.578s] -- Up-to-date: /home/omar/code/robotics_project/ros2_ws/install/kuka_agilus_support/share/kuka_agilus_support/meshes/kr6_r900_2/collision/link_6.stl
[0.578s] -- Up-to-date: /home/omar/code/robotics_project/ros2_ws/install/kuka_agilus_support/share/kuka_agilus_support/meshes/kr6_r900_2/collision/link_3.stl
[0.578s] -- Up-to-date: /home/omar/code/robotics_project/ros2_ws/install/kuka_agilus_support/share/kuka_agilus_support/meshes/kr6_r900_2/collision/link_1.stl
[0.579s] -- Up-to-date: /home/omar/code/robotics_project/ros2_ws/install/kuka_agilus_support/share/kuka_agilus_support/meshes/kr6_r700_sixx
[0.579s] -- Up-to-date: /home/omar/code/robotics_project/ros2_ws/install/kuka_agilus_support/share/kuka_agilus_support/meshes/kr6_r700_sixx/visual
[0.619s] -- Up-to-date: /home/omar/code/robotics_project/ros2_ws/install/kuka_agilus_support/share/kuka_agilus_support/meshes/kr6_r700_sixx/visual/link_5.dae
[0.620s] -- Up-to-date: /home/omar/code/robotics_project/ros2_ws/install/kuka_agilus_support/share/kuka_agilus_support/meshes/kr6_r700_sixx/visual/link_1.dae
[0.620s] -- Up-to-date: /home/omar/code/robotics_project/ros2_ws/install/kuka_agilus_support/share/kuka_agilus_support/meshes/kr6_r700_sixx/visual/link_4.dae
[0.620s] -- Up-to-date: /home/omar/code/robotics_project/ros2_ws/install/kuka_agilus_support/share/kuka_agilus_support/meshes/kr6_r700_sixx/visual/base_link.dae
[0.620s] -- Up-to-date: /home/omar/code/robotics_project/ros2_ws/install/kuka_agilus_support/share/kuka_agilus_support/meshes/kr6_r700_sixx/visual/link_3.dae
[0.620s] -- Up-to-date: /home/omar/code/robotics_project/ros2_ws/install/kuka_agilus_support/share/kuka_agilus_support/meshes/kr6_r700_sixx/visual/link_2.dae
[0.620s] -- Up-to-date: /home/omar/code/robotics_project/ros2_ws/install/kuka_agilus_support/share/kuka_agilus_support/meshes/kr6_r700_sixx/visual/link_6.dae
[0.621s] -- Up-to-date: /home/omar/code/robotics_project/ros2_ws/install/kuka_agilus_support/share/kuka_agilus_support/meshes/kr6_r700_sixx/collision
[0.636s] -- Up-to-date: /home/omar/code/robotics_project/ros2_ws/install/kuka_agilus_support/share/kuka_agilus_support/meshes/kr6_r700_sixx/collision/link_5.stl
[0.636s] -- Up-to-date: /home/omar/code/robotics_project/ros2_ws/install/kuka_agilus_support/share/kuka_agilus_support/meshes/kr6_r700_sixx/collision/link_4.stl
[0.636s] -- Up-to-date: /home/omar/code/robotics_project/ros2_ws/install/kuka_agilus_support/share/kuka_agilus_support/meshes/kr6_r700_sixx/collision/link_2.stl
[0.637s] -- Up-to-date: /home/omar/code/robotics_project/ros2_ws/install/kuka_agilus_support/share/kuka_agilus_support/meshes/kr6_r700_sixx/collision/base_link.stl
[0.637s] -- Up-to-date: /home/omar/code/robotics_project/ros2_ws/install/kuka_agilus_support/share/kuka_agilus_support/meshes/kr6_r700_sixx/collision/link_6.stl
[0.637s] -- Up-to-date: /home/omar/code/robotics_project/ros2_ws/install/kuka_agilus_support/share/kuka_agilus_support/meshes/kr6_r700_sixx/collision/link_3.stl
[0.638s] -- Up-to-date: /home/omar/code/robotics_project/ros2_ws/install/kuka_agilus_support/share/kuka_agilus_support/meshes/kr6_r700_sixx/collision/link_1.stl
[0.638s] -- Up-to-date: /home/omar/code/robotics_project/ros2_ws/install/kuka_agilus_support/share/kuka_agilus_support/meshes/kr10_r1100_2
[0.638s] -- Up-to-date: /home/omar/code/robotics_project/ros2_ws/install/kuka_agilus_support/share/kuka_agilus_support/meshes/kr10_r1100_2/visual
[0.679s] -- Up-to-date: /home/omar/code/robotics_project/ros2_ws/install/kuka_agilus_support/share/kuka_agilus_support/meshes/kr10_r1100_2/visual/link_5.stl
[0.679s] -- Up-to-date: /home/omar/code/robotics_project/ros2_ws/install/kuka_agilus_support/share/kuka_agilus_support/meshes/kr10_r1100_2/visual/link_5.dae
[0.679s] -- Up-to-date: /home/omar/code/robotics_project/ros2_ws/install/kuka_agilus_support/share/kuka_agilus_support/meshes/kr10_r1100_2/visual/link_4.stl
[0.679s] -- Up-to-date: /home/omar/code/robotics_project/ros2_ws/install/kuka_agilus_support/share/kuka_agilus_support/meshes/kr10_r1100_2/visual/link_2.stl
[0.680s] -- Up-to-date: /home/omar/code/robotics_project/ros2_ws/install/kuka_agilus_support/share/kuka_agilus_support/meshes/kr10_r1100_2/visual/link_1.dae
[0.680s] -- Up-to-date: /home/omar/code/robotics_project/ros2_ws/install/kuka_agilus_support/share/kuka_agilus_support/meshes/kr10_r1100_2/visual/base_link.stl
[0.680s] -- Up-to-date: /home/omar/code/robotics_project/ros2_ws/install/kuka_agilus_support/share/kuka_agilus_support/meshes/kr10_r1100_2/visual/link_4.dae
[0.680s] -- Up-to-date: /home/omar/code/robotics_project/ros2_ws/install/kuka_agilus_support/share/kuka_agilus_support/meshes/kr10_r1100_2/visual/base_link.dae
[0.681s] -- Up-to-date: /home/omar/code/robotics_project/ros2_ws/install/kuka_agilus_support/share/kuka_agilus_support/meshes/kr10_r1100_2/visual/link_3.dae
[0.681s] -- Up-to-date: /home/omar/code/robotics_project/ros2_ws/install/kuka_agilus_support/share/kuka_agilus_support/meshes/kr10_r1100_2/visual/link_2.dae
[0.681s] -- Up-to-date: /home/omar/code/robotics_project/ros2_ws/install/kuka_agilus_support/share/kuka_agilus_support/meshes/kr10_r1100_2/visual/link_6.stl
[0.681s] -- Up-to-date: /home/omar/code/robotics_project/ros2_ws/install/kuka_agilus_support/share/kuka_agilus_support/meshes/kr10_r1100_2/visual/link_3.stl
[0.681s] -- Up-to-date: /home/omar/code/robotics_project/ros2_ws/install/kuka_agilus_support/share/kuka_agilus_support/meshes/kr10_r1100_2/visual/link_6.dae
[0.681s] -- Up-to-date: /home/omar/code/robotics_project/ros2_ws/install/kuka_agilus_support/share/kuka_agilus_support/meshes/kr10_r1100_2/visual/link_1.stl
[0.681s] -- Up-to-date: /home/omar/code/robotics_project/ros2_ws/install/kuka_agilus_support/share/kuka_agilus_support/meshes/kr10_r1100_2/collision
[0.764s] -- Up-to-date: /home/omar/code/robotics_project/ros2_ws/install/kuka_agilus_support/share/kuka_agilus_support/meshes/kr10_r1100_2/collision/link_5.stl
[0.765s] -- Up-to-date: /home/omar/code/robotics_project/ros2_ws/install/kuka_agilus_support/share/kuka_agilus_support/meshes/kr10_r1100_2/collision/link_4.stl
[0.767s] -- Up-to-date: /home/omar/code/robotics_project/ros2_ws/install/kuka_agilus_support/share/kuka_agilus_support/meshes/kr10_r1100_2/collision/link_2.stl
[0.767s] -- Up-to-date: /home/omar/code/robotics_project/ros2_ws/install/kuka_agilus_support/share/kuka_agilus_support/meshes/kr10_r1100_2/collision/base_link.stl
[0.767s] -- Up-to-date: /home/omar/code/robotics_project/ros2_ws/install/kuka_agilus_support/share/kuka_agilus_support/meshes/kr10_r1100_2/collision/link_6.stl
[0.768s] -- Up-to-date: /home/omar/code/robotics_project/ros2_ws/install/kuka_agilus_support/share/kuka_agilus_support/meshes/kr10_r1100_2/collision/link_3.stl
[0.769s] -- Up-to-date: /home/omar/code/robotics_project/ros2_ws/install/kuka_agilus_support/share/kuka_agilus_support/meshes/kr10_r1100_2/collision/link_1.stl
[0.770s] -- Up-to-date: /home/omar/code/robotics_project/ros2_ws/install/kuka_agilus_support/share/kuka_agilus_support/meshes/kr6_r900_sixx
[0.770s] -- Up-to-date: /home/omar/code/robotics_project/ros2_ws/install/kuka_agilus_support/share/kuka_agilus_support/meshes/kr6_r900_sixx/visual
[0.782s] -- Up-to-date: /home/omar/code/robotics_project/ros2_ws/install/kuka_agilus_support/share/kuka_agilus_support/meshes/kr6_r900_sixx/visual/link_5.dae
[0.782s] -- Up-to-date: /home/omar/code/robotics_project/ros2_ws/install/kuka_agilus_support/share/kuka_agilus_support/meshes/kr6_r900_sixx/visual/link_1.dae
[0.782s] -- Up-to-date: /home/omar/code/robotics_project/ros2_ws/install/kuka_agilus_support/share/kuka_agilus_support/meshes/kr6_r900_sixx/visual/link_4.dae
[0.782s] -- Up-to-date: /home/omar/code/robotics_project/ros2_ws/install/kuka_agilus_support/share/kuka_agilus_support/meshes/kr6_r900_sixx/visual/base_link.dae
[0.782s] -- Up-to-date: /home/omar/code/robotics_project/ros2_ws/install/kuka_agilus_support/share/kuka_agilus_support/meshes/kr6_r900_sixx/visual/link_3.dae
[0.782s] -- Up-to-date: /home/omar/code/robotics_project/ros2_ws/install/kuka_agilus_support/share/kuka_agilus_support/meshes/kr6_r900_sixx/visual/link_2.dae
[0.783s] -- Up-to-date: /home/omar/code/robotics_project/ros2_ws/install/kuka_agilus_support/share/kuka_agilus_support/meshes/kr6_r900_sixx/visual/link_6.dae
[0.783s] -- Up-to-date: /home/omar/code/robotics_project/ros2_ws/install/kuka_agilus_support/share/kuka_agilus_support/meshes/kr6_r900_sixx/collision
[0.790s] -- Up-to-date: /home/omar/code/robotics_project/ros2_ws/install/kuka_agilus_support/share/kuka_agilus_support/meshes/kr6_r900_sixx/collision/link_5.stl
[0.790s] -- Up-to-date: /home/omar/code/robotics_project/ros2_ws/install/kuka_agilus_support/share/kuka_agilus_support/meshes/kr6_r900_sixx/collision/link_4.stl
[0.790s] -- Up-to-date: /home/omar/code/robotics_project/ros2_ws/install/kuka_agilus_support/share/kuka_agilus_support/meshes/kr6_r900_sixx/collision/link_2.stl
[0.790s] -- Up-to-date: /home/omar/code/robotics_project/ros2_ws/install/kuka_agilus_support/share/kuka_agilus_support/meshes/kr6_r900_sixx/collision/base_link.stl
[0.790s] -- Up-to-date: /home/omar/code/robotics_project/ros2_ws/install/kuka_agilus_support/share/kuka_agilus_support/meshes/kr6_r900_sixx/collision/link_6.stl
[0.790s] -- Up-to-date: /home/omar/code/robotics_project/ros2_ws/install/kuka_agilus_support/share/kuka_agilus_support/meshes/kr6_r900_sixx/collision/link_3.stl
[0.791s] -- Up-to-date: /home/omar/code/robotics_project/ros2_ws/install/kuka_agilus_support/share/kuka_agilus_support/meshes/kr6_r900_sixx/collision/link_1.stl
[0.791s] -- Up-to-date: /home/omar/code/robotics_project/ros2_ws/install/kuka_agilus_support/share/kuka_agilus_support/urdf
[0.797s] -- Up-to-date: /home/omar/code/robotics_project/ros2_ws/install/kuka_agilus_support/share/kuka_agilus_support/urdf/kr10_r900_2_macro.xacro
[0.797s] -- Up-to-date: /home/omar/code/robotics_project/ros2_ws/install/kuka_agilus_support/share/kuka_agilus_support/urdf/kr10_r1100_2_macro.xacro
[0.798s] -- Up-to-date: /home/omar/code/robotics_project/ros2_ws/install/kuka_agilus_support/share/kuka_agilus_support/urdf/kr10_r1100_2.urdf.xacro
[0.798s] -- Up-to-date: /home/omar/code/robotics_project/ros2_ws/install/kuka_agilus_support/share/kuka_agilus_support/urdf/kr10_r900_2.urdf.xacro
[0.798s] -- Up-to-date: /home/omar/code/robotics_project/ros2_ws/install/kuka_agilus_support/share/kuka_agilus_support/urdf/kr4_r600.urdf.xacro
[0.798s] -- Up-to-date: /home/omar/code/robotics_project/ros2_ws/install/kuka_agilus_support/share/kuka_agilus_support/urdf/kr6_r700_sixx_macro.xacro
[0.798s] -- Up-to-date: /home/omar/code/robotics_project/ros2_ws/install/kuka_agilus_support/share/kuka_agilus_support/urdf/kr6_r900_sixx.urdf.xacro
[0.798s] -- Up-to-date: /home/omar/code/robotics_project/ros2_ws/install/kuka_agilus_support/share/kuka_agilus_support/urdf/kr_agilus_ros2_control_macro.xacro
[0.799s] -- Up-to-date: /home/omar/code/robotics_project/ros2_ws/install/kuka_agilus_support/share/kuka_agilus_support/urdf/kr6_r700_2_macro.xacro
[0.799s] -- Up-to-date: /home/omar/code/robotics_project/ros2_ws/install/kuka_agilus_support/share/kuka_agilus_support/urdf/kr6_r900_2_macro.xacro
[0.799s] -- Up-to-date: /home/omar/code/robotics_project/ros2_ws/install/kuka_agilus_support/share/kuka_agilus_support/urdf/kr6_r900_sixx_macro.xacro
[0.799s] -- Up-to-date: /home/omar/code/robotics_project/ros2_ws/install/kuka_agilus_support/share/kuka_agilus_support/urdf/kr4_r600_macro.xacro
[0.799s] -- Up-to-date: /home/omar/code/robotics_project/ros2_ws/install/kuka_agilus_support/share/kuka_agilus_support/urdf/kr6_r700_sixx.urdf.xacro
[0.799s] -- Up-to-date: /home/omar/code/robotics_project/ros2_ws/install/kuka_agilus_support/share/kuka_agilus_support/urdf/kr6_r700_2.urdf.xacro
[0.799s] -- Up-to-date: /home/omar/code/robotics_project/ros2_ws/install/kuka_agilus_support/share/kuka_agilus_support/urdf/kr6_r900_2.urdf.xacro
[0.799s] -- Up-to-date: /home/omar/code/robotics_project/ros2_ws/install/kuka_agilus_support/share/kuka_agilus_support/environment/kuka_agilus_support.dsv
[0.799s] -- Up-to-date: /home/omar/code/robotics_project/ros2_ws/install/kuka_agilus_support/share/ament_index/resource_index/package_run_dependencies/kuka_agilus_support
[0.799s] -- Up-to-date: /home/omar/code/robotics_project/ros2_ws/install/kuka_agilus_support/share/ament_index/resource_index/parent_prefix_path/kuka_agilus_support
[0.799s] -- Up-to-date: /home/omar/code/robotics_project/ros2_ws/install/kuka_agilus_support/share/kuka_agilus_support/environment/ament_prefix_path.sh
[0.799s] -- Up-to-date: /home/omar/code/robotics_project/ros2_ws/install/kuka_agilus_support/share/kuka_agilus_support/environment/ament_prefix_path.dsv
[0.799s] -- Up-to-date: /home/omar/code/robotics_project/ros2_ws/install/kuka_agilus_support/share/kuka_agilus_support/environment/path.sh
[0.799s] -- Up-to-date: /home/omar/code/robotics_project/ros2_ws/install/kuka_agilus_support/share/kuka_agilus_support/environment/path.dsv
[0.799s] -- Up-to-date: /home/omar/code/robotics_project/ros2_ws/install/kuka_agilus_support/share/kuka_agilus_support/local_setup.bash
[0.800s] -- Up-to-date: /home/omar/code/robotics_project/ros2_ws/install/kuka_agilus_support/share/kuka_agilus_support/local_setup.sh
[0.800s] -- Up-to-date: /home/omar/code/robotics_project/ros2_ws/install/kuka_agilus_support/share/kuka_agilus_support/local_setup.zsh
[0.800s] -- Up-to-date: /home/omar/code/robotics_project/ros2_ws/install/kuka_agilus_support/share/kuka_agilus_support/local_setup.dsv
[0.800s] -- Installing: /home/omar/code/robotics_project/ros2_ws/install/kuka_agilus_support/share/kuka_agilus_support/package.dsv
[0.811s] -- Up-to-date: /home/omar/code/robotics_project/ros2_ws/install/kuka_agilus_support/share/ament_index/resource_index/packages/kuka_agilus_support
[0.811s] -- Up-to-date: /home/omar/code/robotics_project/ros2_ws/install/kuka_agilus_support/share/kuka_agilus_support/cmake/kuka_agilus_supportConfig.cmake
[0.811s] -- Up-to-date: /home/omar/code/robotics_project/ros2_ws/install/kuka_agilus_support/share/kuka_agilus_support/cmake/kuka_agilus_supportConfig-version.cmake
[0.811s] -- Up-to-date: /home/omar/code/robotics_project/ros2_ws/install/kuka_agilus_support/share/kuka_agilus_support/package.xml
[1.001s] Invoked command in '/home/omar/code/robotics_project/ros2_ws/build/kuka_agilus_support' returned '0': CMAKE_PREFIX_PATH=/home/omar/code/robotics_project/ros2_ws/install/kuka_resources:/home/omar/code/robotics_project/ros2_ws/install/kuka_robot_descriptions:/home/omar/code/robotics_project/ros2_ws/install/kuka_quantec_support:/home/omar/code/robotics_project/ros2_ws/install/kuka_lbr_iiwa_support:/home/omar/code/robotics_project/ros2_ws/install/kuka_lbr_iiwa_moveit_config:/home/omar/code/robotics_project/ros2_ws/install/kuka_lbr_iisy_support:/home/omar/code/robotics_project/ros2_ws/install/kuka_lbr_iisy_moveit_config:/home/omar/code/robotics_project/ros2_ws/install/kuka_kr_moveit_config:/home/omar/code/robotics_project/ros2_ws/install/kuka_iontec_support:/home/omar/code/robotics_project/ros2_ws/install/kuka_fortec_support:/home/omar/code/robotics_project/ros2_ws/install/kuka_cybertech_support:/home/omar/code/robotics_project/ros2_ws/install/kuka_agilus_support:/home/omar/code/robotics_project/ros2_ws/install/kuka_mock_hardware_interface:/home/omar/code/robotics_project/ros2_ws/install/kuka_kl_support:/home/omar/code/robotics_project/ros2_ws/install/kuka_gazebo:/opt/ros/jazzy/opt/gz_sim_vendor:/opt/ros/jazzy/opt/gz_sensors_vendor:/opt/ros/jazzy/opt/gz_physics_vendor:/opt/ros/jazzy/opt/sdformat_vendor:/opt/ros/jazzy/opt/gz_gui_vendor:/opt/ros/jazzy/opt/gz_transport_vendor:/opt/ros/jazzy/opt/gz_rendering_vendor:/opt/ros/jazzy/opt/gz_plugin_vendor:/opt/ros/jazzy/opt/gz_fuel_tools_vendor:/opt/ros/jazzy/opt/gz_msgs_vendor:/opt/ros/jazzy/opt/gz_common_vendor:/opt/ros/jazzy/opt/gz_math_vendor:/opt/ros/jazzy/opt/gz_utils_vendor:/opt/ros/jazzy/opt/gz_tools_vendor:/opt/ros/jazzy/opt/gz_ogre_next_vendor:/opt/ros/jazzy/opt/gz_dartsim_vendor:/opt/ros/jazzy/opt/gz_cmake_vendor:/home/omar/code/robotics_project/ros2_ws/install/thesis_bringup:/home/omar/code/robotics_project/ros2_ws/install/safety_layer:/home/omar/code/robotics_project/ros2_ws/install/robot_simulation:/home/omar/code/robotics_project/ros2_ws/install/robot_description:/home/omar/code/robotics_project/ros2_ws/install/perception_pipeline:/home/omar/code/robotics_project/ros2_ws/install/peg_in_hole_metrics:/home/omar/code/robotics_project/ros2_ws/install/peg_in_hole_description:/home/omar/code/robotics_project/ros2_ws/install/learning_interface:/home/omar/code/robotics_project/ros2_ws/install/kuka_task_control:/home/omar/code/robotics_project/ros2_ws/install/kuka_description:/home/omar/code/robotics_project/ros2_ws/install/first_robot_demo:/home/omar/code/robotics_project/ros2_ws/install/experiment_manager:/opt/ros/jazzy /usr/bin/cmake --install /home/omar/code/robotics_project/ros2_ws/build/kuka_agilus_support
