[6.516s] Invoking command in '/home/omar/code/robotics_project/ros2_ws/src/safety_layer': PYTHONPATH=/home/omar/code/robotics_project/ros2_ws/build/safety_layer/prefix_override:/usr/lib/python3/dist-packages/colcon_core/task/python/colcon_distutils_commands:/home/omar/code/robotics_project/ros2_ws/install/safety_layer/lib/python3.12/site-packages:${PYTHONPATH} /usr/bin/python3 -W ignore:setup.py install is deprecated -W ignore:easy_install command is deprecated setup.py egg_info --egg-base ../../build/safety_layer build --build-base /home/omar/code/robotics_project/ros2_ws/build/safety_layer/build install --record /home/omar/code/robotics_project/ros2_ws/build/safety_layer/install.log --single-version-externally-managed install_data
[6.798s] running egg_info
[6.820s] writing ../../build/safety_layer/safety_layer.egg-info/PKG-INFO
[6.820s] writing dependency_links to ../../build/safety_layer/safety_layer.egg-info/dependency_links.txt
[6.821s] writing entry points to ../../build/safety_layer/safety_layer.egg-info/entry_points.txt
[6.821s] writing requirements to ../../build/safety_layer/safety_layer.egg-info/requires.txt
[6.821s] writing top-level names to ../../build/safety_layer/safety_layer.egg-info/top_level.txt
[6.866s] reading manifest file '../../build/safety_layer/safety_layer.egg-info/SOURCES.txt'
[6.884s] writing manifest file '../../build/safety_layer/safety_layer.egg-info/SOURCES.txt'
[6.884s] running build
[6.885s] running build_py
[6.885s] running install
[6.891s] running install_lib
[6.940s] running install_data
[6.940s] running install_egg_info
[6.963s] removing '/home/omar/code/robotics_project/ros2_ws/install/safety_layer/lib/python3.12/site-packages/safety_layer-0.1.0-py3.12.egg-info' (and everything under it)
[6.963s] Copying ../../build/safety_layer/safety_layer.egg-info to /home/omar/code/robotics_project/ros2_ws/install/safety_layer/lib/python3.12/site-packages/safety_layer-0.1.0-py3.12.egg-info
[6.970s] running install_scripts
[7.102s] Installing safety_monitor script to /home/omar/code/robotics_project/ros2_ws/install/safety_layer/lib/safety_layer
[7.103s] writing list of installed files to '/home/omar/code/robotics_project/ros2_ws/build/safety_layer/install.log'
[7.474s] Invoked command in '/home/omar/code/robotics_project/ros2_ws/src/safety_layer' returned '0': PYTHONPATH=/home/omar/code/robotics_project/ros2_ws/build/safety_layer/prefix_override:/usr/lib/python3/dist-packages/colcon_core/task/python/colcon_distutils_commands:/home/omar/code/robotics_project/ros2_ws/install/safety_layer/lib/python3.12/site-packages:${PYTHONPATH} /usr/bin/python3 -W ignore:setup.py install is deprecated -W ignore:easy_install command is deprecated setup.py egg_info --egg-base ../../build/safety_layer build --build-base /home/omar/code/robotics_project/ros2_ws/build/safety_layer/build install --record /home/omar/code/robotics_project/ros2_ws/build/safety_layer/install.log --single-version-externally-managed install_data
