[1.248s] Invoking command in '/home/omar/code/robotics_project/ros2_ws/src/safety_layer': PYTHONPATH=/home/omar/code/robotics_project/ros2_ws/build/safety_layer/prefix_override:/usr/lib/python3/dist-packages/colcon_core/task/python/colcon_distutils_commands:/home/omar/code/robotics_project/ros2_ws/install/safety_layer/lib/python3.12/site-packages:${PYTHONPATH} /usr/bin/python3 -W ignore:setup.py install is deprecated -W ignore:easy_install command is deprecated setup.py egg_info --egg-base ../../build/safety_layer build --build-base /home/omar/code/robotics_project/ros2_ws/build/safety_layer/build install --record /home/omar/code/robotics_project/ros2_ws/build/safety_layer/install.log --single-version-externally-managed install_data
[1.531s] running egg_info
[1.554s] writing ../../build/safety_layer/safety_layer.egg-info/PKG-INFO
[1.554s] writing dependency_links to ../../build/safety_layer/safety_layer.egg-info/dependency_links.txt
[1.554s] writing entry points to ../../build/safety_layer/safety_layer.egg-info/entry_points.txt
[1.555s] writing requirements to ../../build/safety_layer/safety_layer.egg-info/requires.txt
[1.555s] writing top-level names to ../../build/safety_layer/safety_layer.egg-info/top_level.txt
[1.599s] reading manifest file '../../build/safety_layer/safety_layer.egg-info/SOURCES.txt'
[1.600s] writing manifest file '../../build/safety_layer/safety_layer.egg-info/SOURCES.txt'
[1.600s] running build
[1.601s] running build_py
[1.601s] running install
[1.607s] running install_lib
[1.630s] running install_data
[1.630s] running install_egg_info
[1.653s] removing '/home/omar/code/robotics_project/ros2_ws/install/safety_layer/lib/python3.12/site-packages/safety_layer-0.1.0-py3.12.egg-info' (and everything under it)
[1.654s] Copying ../../build/safety_layer/safety_layer.egg-info to /home/omar/code/robotics_project/ros2_ws/install/safety_layer/lib/python3.12/site-packages/safety_layer-0.1.0-py3.12.egg-info
[1.654s] running install_scripts
[1.786s] Installing safety_monitor script to /home/omar/code/robotics_project/ros2_ws/install/safety_layer/lib/safety_layer
[1.787s] writing list of installed files to '/home/omar/code/robotics_project/ros2_ws/build/safety_layer/install.log'
[1.832s] Invoked command in '/home/omar/code/robotics_project/ros2_ws/src/safety_layer' returned '0': PYTHONPATH=/home/omar/code/robotics_project/ros2_ws/build/safety_layer/prefix_override:/usr/lib/python3/dist-packages/colcon_core/task/python/colcon_distutils_commands:/home/omar/code/robotics_project/ros2_ws/install/safety_layer/lib/python3.12/site-packages:${PYTHONPATH} /usr/bin/python3 -W ignore:setup.py install is deprecated -W ignore:easy_install command is deprecated setup.py egg_info --egg-base ../../build/safety_layer build --build-base /home/omar/code/robotics_project/ros2_ws/build/safety_layer/build install --record /home/omar/code/robotics_project/ros2_ws/build/safety_layer/install.log --single-version-externally-managed install_data
