[6.914s] Invoking command in '/home/omar/code/robotics_project/ros2_ws/build/kuka_task_control': PYTHONPATH=/home/omar/code/robotics_project/ros2_ws/build/kuka_task_control/prefix_override:/usr/lib/python3/dist-packages/colcon_core/task/python/colcon_distutils_commands:/home/omar/code/robotics_project/ros2_ws/install/kuka_task_control/lib/python3.12/site-packages:${PYTHONPATH} /usr/bin/python3 -W ignore:setup.py install is deprecated -W ignore:easy_install command is deprecated setup.py develop --editable --build-directory /home/omar/code/robotics_project/ros2_ws/build/kuka_task_control/build --no-deps symlink_data
[7.288s] running develop
[7.552s] running egg_info
[7.576s] writing kuka_task_control.egg-info/PKG-INFO
[7.576s] writing dependency_links to kuka_task_control.egg-info/dependency_links.txt
[7.576s] writing entry points to kuka_task_control.egg-info/entry_points.txt
[7.576s] writing requirements to kuka_task_control.egg-info/requires.txt
[7.576s] writing top-level names to kuka_task_control.egg-info/top_level.txt
[7.623s] reading manifest file 'kuka_task_control.egg-info/SOURCES.txt'
[7.636s] writing manifest file 'kuka_task_control.egg-info/SOURCES.txt'
[7.660s] running build_ext
[7.660s] Creating /home/omar/code/robotics_project/ros2_ws/install/kuka_task_control/lib/python3.12/site-packages/kuka-task-control.egg-link (link to .)
[7.673s] Installing baseline_joint_sequence_executor script to /home/omar/code/robotics_project/ros2_ws/install/kuka_task_control/lib/kuka_task_control
[7.688s] Installing baseline_trajectory_client script to /home/omar/code/robotics_project/ros2_ws/install/kuka_task_control/lib/kuka_task_control
[7.696s] Installing cartesian_insertion_diagnostics script to /home/omar/code/robotics_project/ros2_ws/install/kuka_task_control/lib/kuka_task_control
[7.696s] Installing cartesian_insertion_dry_run_planner script to /home/omar/code/robotics_project/ros2_ws/install/kuka_task_control/lib/kuka_task_control
[7.697s] Installing cartesian_orientation_target_calculator script to /home/omar/code/robotics_project/ros2_ws/install/kuka_task_control/lib/kuka_task_control
[7.702s] Installing execution_gate_monitor script to /home/omar/code/robotics_project/ros2_ws/install/kuka_task_control/lib/kuka_task_control
[7.702s] Installing ik_backend_audit script to /home/omar/code/robotics_project/ros2_ws/install/kuka_task_control/lib/kuka_task_control
[7.702s] Installing ik_feasibility_diagnostics script to /home/omar/code/robotics_project/ros2_ws/install/kuka_task_control/lib/kuka_task_control
[7.703s] Installing move_group_diagnostic_config_builder script to /home/omar/code/robotics_project/ros2_ws/install/kuka_task_control/lib/kuka_task_control
[7.703s] Installing move_group_runtime_audit script to /home/omar/code/robotics_project/ros2_ws/install/kuka_task_control/lib/kuka_task_control
[7.703s] Installing moveit_config_audit script to /home/omar/code/robotics_project/ros2_ws/install/kuka_task_control/lib/kuka_task_control
[7.704s] Installing moveit_diagnostic_input_builder script to /home/omar/code/robotics_project/ros2_ws/install/kuka_task_control/lib/kuka_task_control
[7.704s] Installing moveit_launch_readiness_audit script to /home/omar/code/robotics_project/ros2_ws/install/kuka_task_control/lib/kuka_task_control
[7.704s] Installing peg_hole_frame_publisher script to /home/omar/code/robotics_project/ros2_ws/install/kuka_task_control/lib/kuka_task_control
[7.704s] Installing robot_description_semantic_diagnostics script to /home/omar/code/robotics_project/ros2_ws/install/kuka_task_control/lib/kuka_task_control
[7.704s] Installing segmented_contact_executor script to /home/omar/code/robotics_project/ros2_ws/install/kuka_task_control/lib/kuka_task_control
[7.704s] Installing segmented_guarded_contact_executor script to /home/omar/code/robotics_project/ros2_ws/install/kuka_task_control/lib/kuka_task_control
[7.704s] Installing semantic_model_validator script to /home/omar/code/robotics_project/ros2_ws/install/kuka_task_control/lib/kuka_task_control
[7.704s] Installing task_trajectory_executor script to /home/omar/code/robotics_project/ros2_ws/install/kuka_task_control/lib/kuka_task_control
[7.705s] Installing tool_axis_audit script to /home/omar/code/robotics_project/ros2_ws/install/kuka_task_control/lib/kuka_task_control
[7.705s] Installing tool_link_validator script to /home/omar/code/robotics_project/ros2_ws/install/kuka_task_control/lib/kuka_task_control
[7.705s] 
[7.705s] Installed /home/omar/code/robotics_project/ros2_ws/build/kuka_task_control
[7.705s] running symlink_data
[7.914s] Invoked command in '/home/omar/code/robotics_project/ros2_ws/build/kuka_task_control' returned '0': PYTHONPATH=/home/omar/code/robotics_project/ros2_ws/build/kuka_task_control/prefix_override:/usr/lib/python3/dist-packages/colcon_core/task/python/colcon_distutils_commands:/home/omar/code/robotics_project/ros2_ws/install/kuka_task_control/lib/python3.12/site-packages:${PYTHONPATH} /usr/bin/python3 -W ignore:setup.py install is deprecated -W ignore:easy_install command is deprecated setup.py develop --editable --build-directory /home/omar/code/robotics_project/ros2_ws/build/kuka_task_control/build --no-deps symlink_data
