[0.067s] Invoking command in '/home/omar/code/robotics_project/ros2_ws/build/kuka_lbr_iiwa_support': AMENT_PREFIX_PATH=/home/omar/code/robotics_project/ros2_ws/install/kuka_resources:${AMENT_PREFIX_PATH} CMAKE_PREFIX_PATH=/home/omar/code/robotics_project/ros2_ws/install/kuka_resources:/opt/ros/jazzy/opt/gz_sim_vendor:/opt/ros/jazzy/opt/gz_sensors_vendor:/opt/ros/jazzy/opt/gz_physics_vendor:/opt/ros/jazzy/opt/sdformat_vendor:/opt/ros/jazzy/opt/gz_gui_vendor:/opt/ros/jazzy/opt/gz_transport_vendor:/opt/ros/jazzy/opt/gz_rendering_vendor:/opt/ros/jazzy/opt/gz_plugin_vendor:/opt/ros/jazzy/opt/gz_fuel_tools_vendor:/opt/ros/jazzy/opt/gz_msgs_vendor:/opt/ros/jazzy/opt/gz_common_vendor:/opt/ros/jazzy/opt/gz_math_vendor:/opt/ros/jazzy/opt/gz_utils_vendor:/opt/ros/jazzy/opt/gz_tools_vendor:/opt/ros/jazzy/opt/gz_ogre_next_vendor:/opt/ros/jazzy/opt/gz_dartsim_vendor:/opt/ros/jazzy/opt/gz_cmake_vendor:/opt/ros/jazzy /usr/bin/cmake --build /home/omar/code/robotics_project/ros2_ws/build/kuka_lbr_iiwa_support -- -j8 -l8
[0.134s] Invoked command in '/home/omar/code/robotics_project/ros2_ws/build/kuka_lbr_iiwa_support' returned '0': AMENT_PREFIX_PATH=/home/omar/code/robotics_project/ros2_ws/install/kuka_resources:${AMENT_PREFIX_PATH} CMAKE_PREFIX_PATH=/home/omar/code/robotics_project/ros2_ws/install/kuka_resources:/opt/ros/jazzy/opt/gz_sim_vendor:/opt/ros/jazzy/opt/gz_sensors_vendor:/opt/ros/jazzy/opt/gz_physics_vendor:/opt/ros/jazzy/opt/sdformat_vendor:/opt/ros/jazzy/opt/gz_gui_vendor:/opt/ros/jazzy/opt/gz_transport_vendor:/opt/ros/jazzy/opt/gz_rendering_vendor:/opt/ros/jazzy/opt/gz_plugin_vendor:/opt/ros/jazzy/opt/gz_fuel_tools_vendor:/opt/ros/jazzy/opt/gz_msgs_vendor:/opt/ros/jazzy/opt/gz_common_vendor:/opt/ros/jazzy/opt/gz_math_vendor:/opt/ros/jazzy/opt/gz_utils_vendor:/opt/ros/jazzy/opt/gz_tools_vendor:/opt/ros/jazzy/opt/gz_ogre_next_vendor:/opt/ros/jazzy/opt/gz_dartsim_vendor:/opt/ros/jazzy/opt/gz_cmake_vendor:/opt/ros/jazzy /usr/bin/cmake --build /home/omar/code/robotics_project/ros2_ws/build/kuka_lbr_iiwa_support -- -j8 -l8
[0.134s] Invoking command in '/home/omar/code/robotics_project/ros2_ws/build/kuka_lbr_iiwa_support': AMENT_PREFIX_PATH=/home/omar/code/robotics_project/ros2_ws/install/kuka_resources:${AMENT_PREFIX_PATH} CMAKE_PREFIX_PATH=/home/omar/code/robotics_project/ros2_ws/install/kuka_resources:/opt/ros/jazzy/opt/gz_sim_vendor:/opt/ros/jazzy/opt/gz_sensors_vendor:/opt/ros/jazzy/opt/gz_physics_vendor:/opt/ros/jazzy/opt/sdformat_vendor:/opt/ros/jazzy/opt/gz_gui_vendor:/opt/ros/jazzy/opt/gz_transport_vendor:/opt/ros/jazzy/opt/gz_rendering_vendor:/opt/ros/jazzy/opt/gz_plugin_vendor:/opt/ros/jazzy/opt/gz_fuel_tools_vendor:/opt/ros/jazzy/opt/gz_msgs_vendor:/opt/ros/jazzy/opt/gz_common_vendor:/opt/ros/jazzy/opt/gz_math_vendor:/opt/ros/jazzy/opt/gz_utils_vendor:/opt/ros/jazzy/opt/gz_tools_vendor:/opt/ros/jazzy/opt/gz_ogre_next_vendor:/opt/ros/jazzy/opt/gz_dartsim_vendor:/opt/ros/jazzy/opt/gz_cmake_vendor:/opt/ros/jazzy /usr/bin/cmake --install /home/omar/code/robotics_project/ros2_ws/build/kuka_lbr_iiwa_support
[0.148s] -- Install configuration: ""
[0.149s] -- Up-to-date: /home/omar/code/robotics_project/ros2_ws/install/kuka_lbr_iiwa_support/share/kuka_lbr_iiwa_support/config
[0.150s] -- Up-to-date: /home/omar/code/robotics_project/ros2_ws/install/kuka_lbr_iiwa_support/share/kuka_lbr_iiwa_support/config/lbr_iiwa14_r820_joint_limits.yaml
[0.156s] -- Up-to-date: /home/omar/code/robotics_project/ros2_ws/install/kuka_lbr_iiwa_support/share/kuka_lbr_iiwa_support/launch
[0.156s] -- Up-to-date: /home/omar/code/robotics_project/ros2_ws/install/kuka_lbr_iiwa_support/share/kuka_lbr_iiwa_support/launch/test_lbr_iiwa14_r820.launch.py
[0.157s] -- Up-to-date: /home/omar/code/robotics_project/ros2_ws/install/kuka_lbr_iiwa_support/share/kuka_lbr_iiwa_support/meshes
[0.157s] -- Up-to-date: /home/omar/code/robotics_project/ros2_ws/install/kuka_lbr_iiwa_support/share/kuka_lbr_iiwa_support/meshes/lbr_iiwa14_r820
[0.157s] -- Up-to-date: /home/omar/code/robotics_project/ros2_ws/install/kuka_lbr_iiwa_support/share/kuka_lbr_iiwa_support/meshes/lbr_iiwa14_r820/visual
[0.158s] -- Up-to-date: /home/omar/code/robotics_project/ros2_ws/install/kuka_lbr_iiwa_support/share/kuka_lbr_iiwa_support/meshes/lbr_iiwa14_r820/visual/link_5.stl
[0.159s] -- Up-to-date: /home/omar/code/robotics_project/ros2_ws/install/kuka_lbr_iiwa_support/share/kuka_lbr_iiwa_support/meshes/lbr_iiwa14_r820/visual/link_7.stl
[0.159s] -- Up-to-date: /home/omar/code/robotics_project/ros2_ws/install/kuka_lbr_iiwa_support/share/kuka_lbr_iiwa_support/meshes/lbr_iiwa14_r820/visual/link_4.stl
[0.159s] -- Up-to-date: /home/omar/code/robotics_project/ros2_ws/install/kuka_lbr_iiwa_support/share/kuka_lbr_iiwa_support/meshes/lbr_iiwa14_r820/visual/link_2.stl
[0.159s] -- Up-to-date: /home/omar/code/robotics_project/ros2_ws/install/kuka_lbr_iiwa_support/share/kuka_lbr_iiwa_support/meshes/lbr_iiwa14_r820/visual/base_link.stl
[0.160s] -- Up-to-date: /home/omar/code/robotics_project/ros2_ws/install/kuka_lbr_iiwa_support/share/kuka_lbr_iiwa_support/meshes/lbr_iiwa14_r820/visual/link_6.stl
[0.160s] -- Up-to-date: /home/omar/code/robotics_project/ros2_ws/install/kuka_lbr_iiwa_support/share/kuka_lbr_iiwa_support/meshes/lbr_iiwa14_r820/visual/link_3.stl
[0.160s] -- Up-to-date: /home/omar/code/robotics_project/ros2_ws/install/kuka_lbr_iiwa_support/share/kuka_lbr_iiwa_support/meshes/lbr_iiwa14_r820/visual/link_1.stl
[0.161s] -- Up-to-date: /home/omar/code/robotics_project/ros2_ws/install/kuka_lbr_iiwa_support/share/kuka_lbr_iiwa_support/meshes/lbr_iiwa14_r820/collision
[0.162s] -- Up-to-date: /home/omar/code/robotics_project/ros2_ws/install/kuka_lbr_iiwa_support/share/kuka_lbr_iiwa_support/meshes/lbr_iiwa14_r820/collision/link_5.stl
[0.162s] -- Up-to-date: /home/omar/code/robotics_project/ros2_ws/install/kuka_lbr_iiwa_support/share/kuka_lbr_iiwa_support/meshes/lbr_iiwa14_r820/collision/link_7.stl
[0.162s] -- Up-to-date: /home/omar/code/robotics_project/ros2_ws/install/kuka_lbr_iiwa_support/share/kuka_lbr_iiwa_support/meshes/lbr_iiwa14_r820/collision/link_4.stl
[0.162s] -- Up-to-date: /home/omar/code/robotics_project/ros2_ws/install/kuka_lbr_iiwa_support/share/kuka_lbr_iiwa_support/meshes/lbr_iiwa14_r820/collision/link_2.stl
[0.162s] -- Up-to-date: /home/omar/code/robotics_project/ros2_ws/install/kuka_lbr_iiwa_support/share/kuka_lbr_iiwa_support/meshes/lbr_iiwa14_r820/collision/base_link.stl
[0.162s] -- Up-to-date: /home/omar/code/robotics_project/ros2_ws/install/kuka_lbr_iiwa_support/share/kuka_lbr_iiwa_support/meshes/lbr_iiwa14_r820/collision/link_6.stl
[0.162s] -- Up-to-date: /home/omar/code/robotics_project/ros2_ws/install/kuka_lbr_iiwa_support/share/kuka_lbr_iiwa_support/meshes/lbr_iiwa14_r820/collision/link_3.stl
[0.162s] -- Up-to-date: /home/omar/code/robotics_project/ros2_ws/install/kuka_lbr_iiwa_support/share/kuka_lbr_iiwa_support/meshes/lbr_iiwa14_r820/collision/link_1.stl
[0.162s] -- Up-to-date: /home/omar/code/robotics_project/ros2_ws/install/kuka_lbr_iiwa_support/share/kuka_lbr_iiwa_support/urdf
[0.162s] -- Up-to-date: /home/omar/code/robotics_project/ros2_ws/install/kuka_lbr_iiwa_support/share/kuka_lbr_iiwa_support/urdf/lbr_iiwa14_r820.urdf.xacro
[0.162s] -- Up-to-date: /home/omar/code/robotics_project/ros2_ws/install/kuka_lbr_iiwa_support/share/kuka_lbr_iiwa_support/urdf/lbr_iiwa_ros2_control_macro.xacro
[0.163s] -- Up-to-date: /home/omar/code/robotics_project/ros2_ws/install/kuka_lbr_iiwa_support/share/kuka_lbr_iiwa_support/urdf/lbr_iiwa14_r820_macro.xacro
[0.164s] -- Up-to-date: /home/omar/code/robotics_project/ros2_ws/install/kuka_lbr_iiwa_support/share/kuka_lbr_iiwa_support/environment/kuka_lbr_iiwa_support.dsv
[0.164s] -- Up-to-date: /home/omar/code/robotics_project/ros2_ws/install/kuka_lbr_iiwa_support/share/ament_index/resource_index/package_run_dependencies/kuka_lbr_iiwa_support
[0.164s] -- Up-to-date: /home/omar/code/robotics_project/ros2_ws/install/kuka_lbr_iiwa_support/share/ament_index/resource_index/parent_prefix_path/kuka_lbr_iiwa_support
[0.165s] -- Up-to-date: /home/omar/code/robotics_project/ros2_ws/install/kuka_lbr_iiwa_support/share/kuka_lbr_iiwa_support/environment/ament_prefix_path.sh
[0.165s] -- Up-to-date: /home/omar/code/robotics_project/ros2_ws/install/kuka_lbr_iiwa_support/share/kuka_lbr_iiwa_support/environment/ament_prefix_path.dsv
[0.165s] -- Up-to-date: /home/omar/code/robotics_project/ros2_ws/install/kuka_lbr_iiwa_support/share/kuka_lbr_iiwa_support/environment/path.sh
[0.165s] -- Up-to-date: /home/omar/code/robotics_project/ros2_ws/install/kuka_lbr_iiwa_support/share/kuka_lbr_iiwa_support/environment/path.dsv
[0.165s] -- Up-to-date: /home/omar/code/robotics_project/ros2_ws/install/kuka_lbr_iiwa_support/share/kuka_lbr_iiwa_support/local_setup.bash
[0.165s] -- Up-to-date: /home/omar/code/robotics_project/ros2_ws/install/kuka_lbr_iiwa_support/share/kuka_lbr_iiwa_support/local_setup.sh
[0.165s] -- Up-to-date: /home/omar/code/robotics_project/ros2_ws/install/kuka_lbr_iiwa_support/share/kuka_lbr_iiwa_support/local_setup.zsh
[0.165s] -- Up-to-date: /home/omar/code/robotics_project/ros2_ws/install/kuka_lbr_iiwa_support/share/kuka_lbr_iiwa_support/local_setup.dsv
[0.165s] -- Installing: /home/omar/code/robotics_project/ros2_ws/install/kuka_lbr_iiwa_support/share/kuka_lbr_iiwa_support/package.dsv
[0.165s] -- Up-to-date: /home/omar/code/robotics_project/ros2_ws/install/kuka_lbr_iiwa_support/share/ament_index/resource_index/packages/kuka_lbr_iiwa_support
[0.165s] -- Up-to-date: /home/omar/code/robotics_project/ros2_ws/install/kuka_lbr_iiwa_support/share/kuka_lbr_iiwa_support/cmake/kuka_lbr_iiwa_supportConfig.cmake
[0.166s] -- Up-to-date: /home/omar/code/robotics_project/ros2_ws/install/kuka_lbr_iiwa_support/share/kuka_lbr_iiwa_support/cmake/kuka_lbr_iiwa_supportConfig-version.cmake
[0.166s] -- Up-to-date: /home/omar/code/robotics_project/ros2_ws/install/kuka_lbr_iiwa_support/share/kuka_lbr_iiwa_support/package.xml
[0.170s] Invoked command in '/home/omar/code/robotics_project/ros2_ws/build/kuka_lbr_iiwa_support' returned '0': AMENT_PREFIX_PATH=/home/omar/code/robotics_project/ros2_ws/install/kuka_resources:${AMENT_PREFIX_PATH} CMAKE_PREFIX_PATH=/home/omar/code/robotics_project/ros2_ws/install/kuka_resources:/opt/ros/jazzy/opt/gz_sim_vendor:/opt/ros/jazzy/opt/gz_sensors_vendor:/opt/ros/jazzy/opt/gz_physics_vendor:/opt/ros/jazzy/opt/sdformat_vendor:/opt/ros/jazzy/opt/gz_gui_vendor:/opt/ros/jazzy/opt/gz_transport_vendor:/opt/ros/jazzy/opt/gz_rendering_vendor:/opt/ros/jazzy/opt/gz_plugin_vendor:/opt/ros/jazzy/opt/gz_fuel_tools_vendor:/opt/ros/jazzy/opt/gz_msgs_vendor:/opt/ros/jazzy/opt/gz_common_vendor:/opt/ros/jazzy/opt/gz_math_vendor:/opt/ros/jazzy/opt/gz_utils_vendor:/opt/ros/jazzy/opt/gz_tools_vendor:/opt/ros/jazzy/opt/gz_ogre_next_vendor:/opt/ros/jazzy/opt/gz_dartsim_vendor:/opt/ros/jazzy/opt/gz_cmake_vendor:/opt/ros/jazzy /usr/bin/cmake --install /home/omar/code/robotics_project/ros2_ws/build/kuka_lbr_iiwa_support
