[0.058s] Invoking command in '/home/omar/code/robotics_project/ros2_ws/build/kuka_kr_moveit_config': CMAKE_PREFIX_PATH=/home/omar/code/robotics_project/ros2_ws/install/kuka_resources:/home/omar/code/robotics_project/ros2_ws/install/kuka_robot_descriptions:/home/omar/code/robotics_project/ros2_ws/install/kuka_quantec_support:/home/omar/code/robotics_project/ros2_ws/install/kuka_lbr_iiwa_support:/home/omar/code/robotics_project/ros2_ws/install/kuka_lbr_iiwa_moveit_config:/home/omar/code/robotics_project/ros2_ws/install/kuka_lbr_iisy_support:/home/omar/code/robotics_project/ros2_ws/install/kuka_lbr_iisy_moveit_config:/home/omar/code/robotics_project/ros2_ws/install/kuka_kr_moveit_config:/home/omar/code/robotics_project/ros2_ws/install/kuka_iontec_support:/home/omar/code/robotics_project/ros2_ws/install/kuka_fortec_support:/home/omar/code/robotics_project/ros2_ws/install/kuka_cybertech_support:/home/omar/code/robotics_project/ros2_ws/install/kuka_agilus_support:/home/omar/code/robotics_project/ros2_ws/install/kuka_mock_hardware_interface:/home/omar/code/robotics_project/ros2_ws/install/kuka_kl_support:/home/omar/code/robotics_project/ros2_ws/install/kuka_gazebo:/opt/ros/jazzy/opt/gz_sim_vendor:/opt/ros/jazzy/opt/gz_sensors_vendor:/opt/ros/jazzy/opt/gz_physics_vendor:/opt/ros/jazzy/opt/sdformat_vendor:/opt/ros/jazzy/opt/gz_gui_vendor:/opt/ros/jazzy/opt/gz_transport_vendor:/opt/ros/jazzy/opt/gz_rendering_vendor:/opt/ros/jazzy/opt/gz_plugin_vendor:/opt/ros/jazzy/opt/gz_fuel_tools_vendor:/opt/ros/jazzy/opt/gz_msgs_vendor:/opt/ros/jazzy/opt/gz_common_vendor:/opt/ros/jazzy/opt/gz_math_vendor:/opt/ros/jazzy/opt/gz_utils_vendor:/opt/ros/jazzy/opt/gz_tools_vendor:/opt/ros/jazzy/opt/gz_ogre_next_vendor:/opt/ros/jazzy/opt/gz_dartsim_vendor:/opt/ros/jazzy/opt/gz_cmake_vendor:/home/omar/code/robotics_project/ros2_ws/install/thesis_bringup:/home/omar/code/robotics_project/ros2_ws/install/safety_layer:/home/omar/code/robotics_project/ros2_ws/install/robot_simulation:/home/omar/code/robotics_project/ros2_ws/install/robot_description:/home/omar/code/robotics_project/ros2_ws/install/perception_pipeline:/home/omar/code/robotics_project/ros2_ws/install/peg_in_hole_description:/home/omar/code/robotics_project/ros2_ws/install/learning_interface:/home/omar/code/robotics_project/ros2_ws/install/kuka_task_control:/home/omar/code/robotics_project/ros2_ws/install/kuka_description:/home/omar/code/robotics_project/ros2_ws/install/first_robot_demo:/home/omar/code/robotics_project/ros2_ws/install/experiment_manager:/opt/ros/jazzy /usr/bin/cmake --build /home/omar/code/robotics_project/ros2_ws/build/kuka_kr_moveit_config -- -j8 -l8
[0.169s] [  3%] Built target kuka_kr_moveit_config_kr6_r700_sixx
[0.191s] [  6%] Built target kuka_kr_moveit_config_kr6_r700_2
[0.199s] [ 10%] Built target kuka_kr_moveit_config_kr4_r600
[0.202s] [ 13%] Built target kuka_kr_moveit_config_kr8_r1440_2_arc_hw
[0.208s] [ 16%] Built target kuka_kr_moveit_config_kr6_r900_sixx
[0.225s] [ 20%] Built target kuka_kr_moveit_config_kr6_r900_2
[0.285s] [ 23%] Built target kuka_kr_moveit_config_kr8_r2100_2_arc_hw
[0.285s] [ 26%] Built target kuka_kr_moveit_config_kr10_r900_2
[0.286s] [ 30%] Built target kuka_kr_moveit_config_kr12_r1450_3_hw
[0.302s] [ 33%] Built target kuka_kr_moveit_config_kr10_r1100_2
[0.302s] [ 36%] Built target kuka_kr_moveit_config_kr16_r2010_2
[0.302s] [ 40%] Built target kuka_kr_moveit_config_kr16_r1610_2
[0.315s] [ 43%] Built target kuka_kr_moveit_config_kr20_r1810_2
[0.328s] [ 46%] Built target kuka_kr_moveit_config_kr20_r3100
[0.365s] [ 50%] Built target kuka_kr_moveit_config_kr30_r2100
[0.372s] [ 53%] Built target kuka_kr_moveit_config_kr70_r2100
[0.377s] [ 56%] Built target kuka_kr_moveit_config_kr50_r2500
[0.379s] [ 60%] Built target kuka_kr_moveit_config_kr150_r3100_2
[0.383s] [ 63%] Built target kuka_kr_moveit_config_kr210_r2700_2
[0.390s] [ 66%] Built target kuka_kr_moveit_config_kr210_r3100_2
[0.455s] [ 70%] Built target kuka_kr_moveit_config_kr300_r2800_2_mt
[0.467s] [ 73%] Built target kuka_kr_moveit_config_kr240_r2900_2
[0.471s] [ 76%] Built target kuka_kr_moveit_config_kr210_r3300_2_k
[0.505s] [ 80%] Built target kuka_kr_moveit_config_kr240_r3330
[0.506s] [ 83%] Built target kuka_kr_moveit_config_kr210_r3100_ultra
[0.506s] [ 86%] Built target kuka_kr_moveit_config_kr360_r2830
[0.506s] [ 90%] Built target kuka_kr_moveit_config_kr500_r2800_2
[0.515s] [ 93%] Built target kuka_kr_moveit_config_kr300_r2700_2
[0.537s] [ 96%] Built target kuka_kr_moveit_config_kr560_r3100_2
[0.568s] [100%] Built target kuka_kr_moveit_config_kr800_r2800_2
[0.608s] Invoked command in '/home/omar/code/robotics_project/ros2_ws/build/kuka_kr_moveit_config' returned '0': CMAKE_PREFIX_PATH=/home/omar/code/robotics_project/ros2_ws/install/kuka_resources:/home/omar/code/robotics_project/ros2_ws/install/kuka_robot_descriptions:/home/omar/code/robotics_project/ros2_ws/install/kuka_quantec_support:/home/omar/code/robotics_project/ros2_ws/install/kuka_lbr_iiwa_support:/home/omar/code/robotics_project/ros2_ws/install/kuka_lbr_iiwa_moveit_config:/home/omar/code/robotics_project/ros2_ws/install/kuka_lbr_iisy_support:/home/omar/code/robotics_project/ros2_ws/install/kuka_lbr_iisy_moveit_config:/home/omar/code/robotics_project/ros2_ws/install/kuka_kr_moveit_config:/home/omar/code/robotics_project/ros2_ws/install/kuka_iontec_support:/home/omar/code/robotics_project/ros2_ws/install/kuka_fortec_support:/home/omar/code/robotics_project/ros2_ws/install/kuka_cybertech_support:/home/omar/code/robotics_project/ros2_ws/install/kuka_agilus_support:/home/omar/code/robotics_project/ros2_ws/install/kuka_mock_hardware_interface:/home/omar/code/robotics_project/ros2_ws/install/kuka_kl_support:/home/omar/code/robotics_project/ros2_ws/install/kuka_gazebo:/opt/ros/jazzy/opt/gz_sim_vendor:/opt/ros/jazzy/opt/gz_sensors_vendor:/opt/ros/jazzy/opt/gz_physics_vendor:/opt/ros/jazzy/opt/sdformat_vendor:/opt/ros/jazzy/opt/gz_gui_vendor:/opt/ros/jazzy/opt/gz_transport_vendor:/opt/ros/jazzy/opt/gz_rendering_vendor:/opt/ros/jazzy/opt/gz_plugin_vendor:/opt/ros/jazzy/opt/gz_fuel_tools_vendor:/opt/ros/jazzy/opt/gz_msgs_vendor:/opt/ros/jazzy/opt/gz_common_vendor:/opt/ros/jazzy/opt/gz_math_vendor:/opt/ros/jazzy/opt/gz_utils_vendor:/opt/ros/jazzy/opt/gz_tools_vendor:/opt/ros/jazzy/opt/gz_ogre_next_vendor:/opt/ros/jazzy/opt/gz_dartsim_vendor:/opt/ros/jazzy/opt/gz_cmake_vendor:/home/omar/code/robotics_project/ros2_ws/install/thesis_bringup:/home/omar/code/robotics_project/ros2_ws/install/safety_layer:/home/omar/code/robotics_project/ros2_ws/install/robot_simulation:/home/omar/code/robotics_project/ros2_ws/install/robot_description:/home/omar/code/robotics_project/ros2_ws/install/perception_pipeline:/home/omar/code/robotics_project/ros2_ws/install/peg_in_hole_description:/home/omar/code/robotics_project/ros2_ws/install/learning_interface:/home/omar/code/robotics_project/ros2_ws/install/kuka_task_control:/home/omar/code/robotics_project/ros2_ws/install/kuka_description:/home/omar/code/robotics_project/ros2_ws/install/first_robot_demo:/home/omar/code/robotics_project/ros2_ws/install/experiment_manager:/opt/ros/jazzy /usr/bin/cmake --build /home/omar/code/robotics_project/ros2_ws/build/kuka_kr_moveit_config -- -j8 -l8
[0.610s] Invoking command in '/home/omar/code/robotics_project/ros2_ws/build/kuka_kr_moveit_config': CMAKE_PREFIX_PATH=/home/omar/code/robotics_project/ros2_ws/install/kuka_resources:/home/omar/code/robotics_project/ros2_ws/install/kuka_robot_descriptions:/home/omar/code/robotics_project/ros2_ws/install/kuka_quantec_support:/home/omar/code/robotics_project/ros2_ws/install/kuka_lbr_iiwa_support:/home/omar/code/robotics_project/ros2_ws/install/kuka_lbr_iiwa_moveit_config:/home/omar/code/robotics_project/ros2_ws/install/kuka_lbr_iisy_support:/home/omar/code/robotics_project/ros2_ws/install/kuka_lbr_iisy_moveit_config:/home/omar/code/robotics_project/ros2_ws/install/kuka_kr_moveit_config:/home/omar/code/robotics_project/ros2_ws/install/kuka_iontec_support:/home/omar/code/robotics_project/ros2_ws/install/kuka_fortec_support:/home/omar/code/robotics_project/ros2_ws/install/kuka_cybertech_support:/home/omar/code/robotics_project/ros2_ws/install/kuka_agilus_support:/home/omar/code/robotics_project/ros2_ws/install/kuka_mock_hardware_interface:/home/omar/code/robotics_project/ros2_ws/install/kuka_kl_support:/home/omar/code/robotics_project/ros2_ws/install/kuka_gazebo:/opt/ros/jazzy/opt/gz_sim_vendor:/opt/ros/jazzy/opt/gz_sensors_vendor:/opt/ros/jazzy/opt/gz_physics_vendor:/opt/ros/jazzy/opt/sdformat_vendor:/opt/ros/jazzy/opt/gz_gui_vendor:/opt/ros/jazzy/opt/gz_transport_vendor:/opt/ros/jazzy/opt/gz_rendering_vendor:/opt/ros/jazzy/opt/gz_plugin_vendor:/opt/ros/jazzy/opt/gz_fuel_tools_vendor:/opt/ros/jazzy/opt/gz_msgs_vendor:/opt/ros/jazzy/opt/gz_common_vendor:/opt/ros/jazzy/opt/gz_math_vendor:/opt/ros/jazzy/opt/gz_utils_vendor:/opt/ros/jazzy/opt/gz_tools_vendor:/opt/ros/jazzy/opt/gz_ogre_next_vendor:/opt/ros/jazzy/opt/gz_dartsim_vendor:/opt/ros/jazzy/opt/gz_cmake_vendor:/home/omar/code/robotics_project/ros2_ws/install/thesis_bringup:/home/omar/code/robotics_project/ros2_ws/install/safety_layer:/home/omar/code/robotics_project/ros2_ws/install/robot_simulation:/home/omar/code/robotics_project/ros2_ws/install/robot_description:/home/omar/code/robotics_project/ros2_ws/install/perception_pipeline:/home/omar/code/robotics_project/ros2_ws/install/peg_in_hole_description:/home/omar/code/robotics_project/ros2_ws/install/learning_interface:/home/omar/code/robotics_project/ros2_ws/install/kuka_task_control:/home/omar/code/robotics_project/ros2_ws/install/kuka_description:/home/omar/code/robotics_project/ros2_ws/install/first_robot_demo:/home/omar/code/robotics_project/ros2_ws/install/experiment_manager:/opt/ros/jazzy /usr/bin/cmake --install /home/omar/code/robotics_project/ros2_ws/build/kuka_kr_moveit_config
[0.618s] -- Install configuration: ""
[0.618s] -- Up-to-date: /home/omar/code/robotics_project/ros2_ws/install/kuka_kr_moveit_config/share/kuka_kr_moveit_config/urdf/kr4_r600.srdf
[0.618s] -- Up-to-date: /home/omar/code/robotics_project/ros2_ws/install/kuka_kr_moveit_config/share/kuka_kr_moveit_config/urdf/kr6_r700_sixx.srdf
[0.619s] -- Up-to-date: /home/omar/code/robotics_project/ros2_ws/install/kuka_kr_moveit_config/share/kuka_kr_moveit_config/urdf/kr6_r700_2.srdf
[0.619s] -- Up-to-date: /home/omar/code/robotics_project/ros2_ws/install/kuka_kr_moveit_config/share/kuka_kr_moveit_config/urdf/kr6_r900_sixx.srdf
[0.619s] -- Up-to-date: /home/omar/code/robotics_project/ros2_ws/install/kuka_kr_moveit_config/share/kuka_kr_moveit_config/urdf/kr6_r900_2.srdf
[0.619s] -- Up-to-date: /home/omar/code/robotics_project/ros2_ws/install/kuka_kr_moveit_config/share/kuka_kr_moveit_config/urdf/kr8_r1440_2_arc_hw.srdf
[0.619s] -- Up-to-date: /home/omar/code/robotics_project/ros2_ws/install/kuka_kr_moveit_config/share/kuka_kr_moveit_config/urdf/kr8_r2100_2_arc_hw.srdf
[0.620s] -- Up-to-date: /home/omar/code/robotics_project/ros2_ws/install/kuka_kr_moveit_config/share/kuka_kr_moveit_config/urdf/kr10_r900_2.srdf
[0.620s] -- Up-to-date: /home/omar/code/robotics_project/ros2_ws/install/kuka_kr_moveit_config/share/kuka_kr_moveit_config/urdf/kr10_r1100_2.srdf
[0.620s] -- Up-to-date: /home/omar/code/robotics_project/ros2_ws/install/kuka_kr_moveit_config/share/kuka_kr_moveit_config/urdf/kr12_r1450_3_hw.srdf
[0.621s] -- Up-to-date: /home/omar/code/robotics_project/ros2_ws/install/kuka_kr_moveit_config/share/kuka_kr_moveit_config/urdf/kr16_r1610_2.srdf
[0.621s] -- Up-to-date: /home/omar/code/robotics_project/ros2_ws/install/kuka_kr_moveit_config/share/kuka_kr_moveit_config/urdf/kr16_r2010_2.srdf
[0.621s] -- Up-to-date: /home/omar/code/robotics_project/ros2_ws/install/kuka_kr_moveit_config/share/kuka_kr_moveit_config/urdf/kr20_r1810_2.srdf
[0.622s] -- Up-to-date: /home/omar/code/robotics_project/ros2_ws/install/kuka_kr_moveit_config/share/kuka_kr_moveit_config/urdf/kr20_r3100.srdf
[0.622s] -- Up-to-date: /home/omar/code/robotics_project/ros2_ws/install/kuka_kr_moveit_config/share/kuka_kr_moveit_config/urdf/kr30_r2100.srdf
[0.622s] -- Up-to-date: /home/omar/code/robotics_project/ros2_ws/install/kuka_kr_moveit_config/share/kuka_kr_moveit_config/urdf/kr50_r2500.srdf
[0.622s] -- Up-to-date: /home/omar/code/robotics_project/ros2_ws/install/kuka_kr_moveit_config/share/kuka_kr_moveit_config/urdf/kr70_r2100.srdf
[0.622s] -- Up-to-date: /home/omar/code/robotics_project/ros2_ws/install/kuka_kr_moveit_config/share/kuka_kr_moveit_config/urdf/kr150_r3100_2.srdf
[0.623s] -- Up-to-date: /home/omar/code/robotics_project/ros2_ws/install/kuka_kr_moveit_config/share/kuka_kr_moveit_config/urdf/kr210_r2700_2.srdf
[0.623s] -- Up-to-date: /home/omar/code/robotics_project/ros2_ws/install/kuka_kr_moveit_config/share/kuka_kr_moveit_config/urdf/kr210_r3100_2.srdf
[0.623s] -- Up-to-date: /home/omar/code/robotics_project/ros2_ws/install/kuka_kr_moveit_config/share/kuka_kr_moveit_config/urdf/kr210_r3100_ultra.srdf
[0.623s] -- Up-to-date: /home/omar/code/robotics_project/ros2_ws/install/kuka_kr_moveit_config/share/kuka_kr_moveit_config/urdf/kr210_r3300_2_k.srdf
[0.623s] -- Up-to-date: /home/omar/code/robotics_project/ros2_ws/install/kuka_kr_moveit_config/share/kuka_kr_moveit_config/urdf/kr240_r2900_2.srdf
[0.623s] -- Up-to-date: /home/omar/code/robotics_project/ros2_ws/install/kuka_kr_moveit_config/share/kuka_kr_moveit_config/urdf/kr240_r3330.srdf
[0.623s] -- Up-to-date: /home/omar/code/robotics_project/ros2_ws/install/kuka_kr_moveit_config/share/kuka_kr_moveit_config/urdf/kr300_r2700_2.srdf
[0.623s] -- Up-to-date: /home/omar/code/robotics_project/ros2_ws/install/kuka_kr_moveit_config/share/kuka_kr_moveit_config/urdf/kr300_r2800_2_mt.srdf
[0.623s] -- Up-to-date: /home/omar/code/robotics_project/ros2_ws/install/kuka_kr_moveit_config/share/kuka_kr_moveit_config/urdf/kr360_r2830.srdf
[0.624s] -- Up-to-date: /home/omar/code/robotics_project/ros2_ws/install/kuka_kr_moveit_config/share/kuka_kr_moveit_config/urdf/kr500_r2800_2.srdf
[0.624s] -- Up-to-date: /home/omar/code/robotics_project/ros2_ws/install/kuka_kr_moveit_config/share/kuka_kr_moveit_config/urdf/kr560_r3100_2.srdf
[0.624s] -- Up-to-date: /home/omar/code/robotics_project/ros2_ws/install/kuka_kr_moveit_config/share/kuka_kr_moveit_config/urdf/kr800_r2800_2.srdf
[0.624s] -- Up-to-date: /home/omar/code/robotics_project/ros2_ws/install/kuka_kr_moveit_config/share/kuka_kr_moveit_config/config
[0.624s] -- Up-to-date: /home/omar/code/robotics_project/ros2_ws/install/kuka_kr_moveit_config/share/kuka_kr_moveit_config/config/chomp_planning.yaml
[0.624s] -- Up-to-date: /home/omar/code/robotics_project/ros2_ws/install/kuka_kr_moveit_config/share/kuka_kr_moveit_config/config/kinematics.yaml
[0.624s] -- Up-to-date: /home/omar/code/robotics_project/ros2_ws/install/kuka_kr_moveit_config/share/kuka_kr_moveit_config/config/pilz_cartesian_limits.yaml
[0.625s] -- Up-to-date: /home/omar/code/robotics_project/ros2_ws/install/kuka_kr_moveit_config/share/kuka_kr_moveit_config/config/ompl_planning.yaml
[0.625s] -- Up-to-date: /home/omar/code/robotics_project/ros2_ws/install/kuka_kr_moveit_config/share/kuka_kr_moveit_config/config/moveit_controllers.yaml
[0.625s] -- Up-to-date: /home/omar/code/robotics_project/ros2_ws/install/kuka_kr_moveit_config/share/kuka_kr_moveit_config/config/stomp_planning.yaml
[0.625s] -- Up-to-date: /home/omar/code/robotics_project/ros2_ws/install/kuka_kr_moveit_config/share/kuka_kr_moveit_config/srdf
[0.625s] -- Up-to-date: /home/omar/code/robotics_project/ros2_ws/install/kuka_kr_moveit_config/share/kuka_kr_moveit_config/srdf/kr_arm_macro.xacro
[0.626s] -- Up-to-date: /home/omar/code/robotics_project/ros2_ws/install/kuka_kr_moveit_config/share/kuka_kr_moveit_config/srdf/kr_arm.srdf.xacro
[0.626s] -- Up-to-date: /home/omar/code/robotics_project/ros2_ws/install/kuka_kr_moveit_config/share/kuka_kr_moveit_config/launch
[0.626s] -- Up-to-date: /home/omar/code/robotics_project/ros2_ws/install/kuka_kr_moveit_config/share/kuka_kr_moveit_config/launch/moveit_planning_fake_hardware.launch.py
[0.626s] -- Up-to-date: /home/omar/code/robotics_project/ros2_ws/install/kuka_kr_moveit_config/share/kuka_kr_moveit_config/launch/moveit_server.launch.py
[0.626s] -- Up-to-date: /home/omar/code/robotics_project/ros2_ws/install/kuka_kr_moveit_config/share/ament_index/resource_index/package_run_dependencies/kuka_kr_moveit_config
[0.628s] -- Up-to-date: /home/omar/code/robotics_project/ros2_ws/install/kuka_kr_moveit_config/share/ament_index/resource_index/parent_prefix_path/kuka_kr_moveit_config
[0.629s] -- Up-to-date: /home/omar/code/robotics_project/ros2_ws/install/kuka_kr_moveit_config/share/kuka_kr_moveit_config/environment/ament_prefix_path.sh
[0.629s] -- Up-to-date: /home/omar/code/robotics_project/ros2_ws/install/kuka_kr_moveit_config/share/kuka_kr_moveit_config/environment/ament_prefix_path.dsv
[0.629s] -- Up-to-date: /home/omar/code/robotics_project/ros2_ws/install/kuka_kr_moveit_config/share/kuka_kr_moveit_config/environment/path.sh
[0.630s] -- Up-to-date: /home/omar/code/robotics_project/ros2_ws/install/kuka_kr_moveit_config/share/kuka_kr_moveit_config/environment/path.dsv
[0.630s] -- Up-to-date: /home/omar/code/robotics_project/ros2_ws/install/kuka_kr_moveit_config/share/kuka_kr_moveit_config/local_setup.bash
[0.630s] -- Up-to-date: /home/omar/code/robotics_project/ros2_ws/install/kuka_kr_moveit_config/share/kuka_kr_moveit_config/local_setup.sh
[0.630s] -- Up-to-date: /home/omar/code/robotics_project/ros2_ws/install/kuka_kr_moveit_config/share/kuka_kr_moveit_config/local_setup.zsh
[0.630s] -- Up-to-date: /home/omar/code/robotics_project/ros2_ws/install/kuka_kr_moveit_config/share/kuka_kr_moveit_config/local_setup.dsv
[0.630s] -- Installing: /home/omar/code/robotics_project/ros2_ws/install/kuka_kr_moveit_config/share/kuka_kr_moveit_config/package.dsv
[0.630s] -- Up-to-date: /home/omar/code/robotics_project/ros2_ws/install/kuka_kr_moveit_config/share/ament_index/resource_index/packages/kuka_kr_moveit_config
[0.630s] -- Up-to-date: /home/omar/code/robotics_project/ros2_ws/install/kuka_kr_moveit_config/share/kuka_kr_moveit_config/cmake/kuka_kr_moveit_configConfig.cmake
[0.630s] -- Up-to-date: /home/omar/code/robotics_project/ros2_ws/install/kuka_kr_moveit_config/share/kuka_kr_moveit_config/cmake/kuka_kr_moveit_configConfig-version.cmake
[0.630s] -- Up-to-date: /home/omar/code/robotics_project/ros2_ws/install/kuka_kr_moveit_config/share/kuka_kr_moveit_config/package.xml
[0.654s] Invoked command in '/home/omar/code/robotics_project/ros2_ws/build/kuka_kr_moveit_config' returned '0': CMAKE_PREFIX_PATH=/home/omar/code/robotics_project/ros2_ws/install/kuka_resources:/home/omar/code/robotics_project/ros2_ws/install/kuka_robot_descriptions:/home/omar/code/robotics_project/ros2_ws/install/kuka_quantec_support:/home/omar/code/robotics_project/ros2_ws/install/kuka_lbr_iiwa_support:/home/omar/code/robotics_project/ros2_ws/install/kuka_lbr_iiwa_moveit_config:/home/omar/code/robotics_project/ros2_ws/install/kuka_lbr_iisy_support:/home/omar/code/robotics_project/ros2_ws/install/kuka_lbr_iisy_moveit_config:/home/omar/code/robotics_project/ros2_ws/install/kuka_kr_moveit_config:/home/omar/code/robotics_project/ros2_ws/install/kuka_iontec_support:/home/omar/code/robotics_project/ros2_ws/install/kuka_fortec_support:/home/omar/code/robotics_project/ros2_ws/install/kuka_cybertech_support:/home/omar/code/robotics_project/ros2_ws/install/kuka_agilus_support:/home/omar/code/robotics_project/ros2_ws/install/kuka_mock_hardware_interface:/home/omar/code/robotics_project/ros2_ws/install/kuka_kl_support:/home/omar/code/robotics_project/ros2_ws/install/kuka_gazebo:/opt/ros/jazzy/opt/gz_sim_vendor:/opt/ros/jazzy/opt/gz_sensors_vendor:/opt/ros/jazzy/opt/gz_physics_vendor:/opt/ros/jazzy/opt/sdformat_vendor:/opt/ros/jazzy/opt/gz_gui_vendor:/opt/ros/jazzy/opt/gz_transport_vendor:/opt/ros/jazzy/opt/gz_rendering_vendor:/opt/ros/jazzy/opt/gz_plugin_vendor:/opt/ros/jazzy/opt/gz_fuel_tools_vendor:/opt/ros/jazzy/opt/gz_msgs_vendor:/opt/ros/jazzy/opt/gz_common_vendor:/opt/ros/jazzy/opt/gz_math_vendor:/opt/ros/jazzy/opt/gz_utils_vendor:/opt/ros/jazzy/opt/gz_tools_vendor:/opt/ros/jazzy/opt/gz_ogre_next_vendor:/opt/ros/jazzy/opt/gz_dartsim_vendor:/opt/ros/jazzy/opt/gz_cmake_vendor:/home/omar/code/robotics_project/ros2_ws/install/thesis_bringup:/home/omar/code/robotics_project/ros2_ws/install/safety_layer:/home/omar/code/robotics_project/ros2_ws/install/robot_simulation:/home/omar/code/robotics_project/ros2_ws/install/robot_description:/home/omar/code/robotics_project/ros2_ws/install/perception_pipeline:/home/omar/code/robotics_project/ros2_ws/install/peg_in_hole_description:/home/omar/code/robotics_project/ros2_ws/install/learning_interface:/home/omar/code/robotics_project/ros2_ws/install/kuka_task_control:/home/omar/code/robotics_project/ros2_ws/install/kuka_description:/home/omar/code/robotics_project/ros2_ws/install/first_robot_demo:/home/omar/code/robotics_project/ros2_ws/install/experiment_manager:/opt/ros/jazzy /usr/bin/cmake --install /home/omar/code/robotics_project/ros2_ws/build/kuka_kr_moveit_config
