[1.051s] Invoking command in '/home/omar/code/robotics_project/ros2_ws/src/peg_in_hole_metrics': PYTHONPATH=/home/omar/code/robotics_project/ros2_ws/build/peg_in_hole_metrics/prefix_override:/usr/lib/python3/dist-packages/colcon_core/task/python/colcon_distutils_commands:/home/omar/code/robotics_project/ros2_ws/install/peg_in_hole_metrics/lib/python3.12/site-packages:${PYTHONPATH} /usr/bin/python3 -W ignore:setup.py install is deprecated -W ignore:easy_install command is deprecated setup.py egg_info --egg-base ../../build/peg_in_hole_metrics build --build-base /home/omar/code/robotics_project/ros2_ws/build/peg_in_hole_metrics/build install --record /home/omar/code/robotics_project/ros2_ws/build/peg_in_hole_metrics/install.log --single-version-externally-managed install_data
[1.317s] running egg_info
[1.338s] writing ../../build/peg_in_hole_metrics/peg_in_hole_metrics.egg-info/PKG-INFO
[1.338s] writing dependency_links to ../../build/peg_in_hole_metrics/peg_in_hole_metrics.egg-info/dependency_links.txt
[1.338s] writing entry points to ../../build/peg_in_hole_metrics/peg_in_hole_metrics.egg-info/entry_points.txt
[1.338s] writing requirements to ../../build/peg_in_hole_metrics/peg_in_hole_metrics.egg-info/requires.txt
[1.338s] writing top-level names to ../../build/peg_in_hole_metrics/peg_in_hole_metrics.egg-info/top_level.txt
[1.379s] reading manifest file '../../build/peg_in_hole_metrics/peg_in_hole_metrics.egg-info/SOURCES.txt'
[1.380s] writing manifest file '../../build/peg_in_hole_metrics/peg_in_hole_metrics.egg-info/SOURCES.txt'
[1.380s] running build
[1.380s] running build_py
[1.380s] copying peg_in_hole_metrics/contact_metrics_node.py -> /home/omar/code/robotics_project/ros2_ws/build/peg_in_hole_metrics/build/lib/peg_in_hole_metrics
[1.381s] running install
[1.386s] running install_lib
[1.407s] copying /home/omar/code/robotics_project/ros2_ws/build/peg_in_hole_metrics/build/lib/peg_in_hole_metrics/contact_metrics_node.py -> /home/omar/code/robotics_project/ros2_ws/install/peg_in_hole_metrics/lib/python3.12/site-packages/peg_in_hole_metrics
[1.408s] byte-compiling /home/omar/code/robotics_project/ros2_ws/install/peg_in_hole_metrics/lib/python3.12/site-packages/peg_in_hole_metrics/contact_metrics_node.py to contact_metrics_node.cpython-312.pyc
[1.410s] running install_data
[1.411s] copying config/contact_metrics.yaml -> /home/omar/code/robotics_project/ros2_ws/install/peg_in_hole_metrics/share/peg_in_hole_metrics/config
[1.411s] copying launch/contact_metrics.launch.py -> /home/omar/code/robotics_project/ros2_ws/install/peg_in_hole_metrics/share/peg_in_hole_metrics/launch
[1.411s] running install_egg_info
[1.432s] removing '/home/omar/code/robotics_project/ros2_ws/install/peg_in_hole_metrics/lib/python3.12/site-packages/peg_in_hole_metrics-0.1.0-py3.12.egg-info' (and everything under it)
[1.433s] Copying ../../build/peg_in_hole_metrics/peg_in_hole_metrics.egg-info to /home/omar/code/robotics_project/ros2_ws/install/peg_in_hole_metrics/lib/python3.12/site-packages/peg_in_hole_metrics-0.1.0-py3.12.egg-info
[1.434s] running install_scripts
[1.562s] Installing contact_metrics_node script to /home/omar/code/robotics_project/ros2_ws/install/peg_in_hole_metrics/lib/peg_in_hole_metrics
[1.562s] writing list of installed files to '/home/omar/code/robotics_project/ros2_ws/build/peg_in_hole_metrics/install.log'
[1.603s] Invoked command in '/home/omar/code/robotics_project/ros2_ws/src/peg_in_hole_metrics' returned '0': PYTHONPATH=/home/omar/code/robotics_project/ros2_ws/build/peg_in_hole_metrics/prefix_override:/usr/lib/python3/dist-packages/colcon_core/task/python/colcon_distutils_commands:/home/omar/code/robotics_project/ros2_ws/install/peg_in_hole_metrics/lib/python3.12/site-packages:${PYTHONPATH} /usr/bin/python3 -W ignore:setup.py install is deprecated -W ignore:easy_install command is deprecated setup.py egg_info --egg-base ../../build/peg_in_hole_metrics build --build-base /home/omar/code/robotics_project/ros2_ws/build/peg_in_hole_metrics/build install --record /home/omar/code/robotics_project/ros2_ws/build/peg_in_hole_metrics/install.log --single-version-externally-managed install_data
