running egg_info
writing ../../build/experiment_manager/experiment_manager.egg-info/PKG-INFO
writing dependency_links to ../../build/experiment_manager/experiment_manager.egg-info/dependency_links.txt
writing entry points to ../../build/experiment_manager/experiment_manager.egg-info/entry_points.txt
writing requirements to ../../build/experiment_manager/experiment_manager.egg-info/requires.txt
writing top-level names to ../../build/experiment_manager/experiment_manager.egg-info/top_level.txt
reading manifest file '../../build/experiment_manager/experiment_manager.egg-info/SOURCES.txt'
writing manifest file '../../build/experiment_manager/experiment_manager.egg-info/SOURCES.txt'
running build
running build_py
copying experiment_manager/baseline_trial_manager.py -> /home/omar/code/robotics_project/ros2_ws/build/experiment_manager/build/lib/experiment_manager
running install
running install_lib
copying /home/omar/code/robotics_project/ros2_ws/build/experiment_manager/build/lib/experiment_manager/baseline_trial_manager.py -> /home/omar/code/robotics_project/ros2_ws/install/experiment_manager/lib/python3.12/site-packages/experiment_manager
byte-compiling /home/omar/code/robotics_project/ros2_ws/install/experiment_manager/lib/python3.12/site-packages/experiment_manager/baseline_trial_manager.py to baseline_trial_manager.cpython-312.pyc
running install_data
copying launch/run_baseline_logging.launch.py -> /home/omar/code/robotics_project/ros2_ws/install/experiment_manager/share/experiment_manager/launch
running install_egg_info
removing '/home/omar/code/robotics_project/ros2_ws/install/experiment_manager/lib/python3.12/site-packages/experiment_manager-0.1.0-py3.12.egg-info' (and everything under it)
Copying ../../build/experiment_manager/experiment_manager.egg-info to /home/omar/code/robotics_project/ros2_ws/install/experiment_manager/lib/python3.12/site-packages/experiment_manager-0.1.0-py3.12.egg-info
running install_scripts
Installing baseline_trial_manager script to /home/omar/code/robotics_project/ros2_ws/install/experiment_manager/lib/experiment_manager
writing list of installed files to '/home/omar/code/robotics_project/ros2_ws/build/experiment_manager/install.log'
