[2.622s] Invoking command in '/home/omar/code/robotics_project/ros2_ws/src/thesis_bringup': AMENT_PREFIX_PATH=/home/omar/code/robotics_project/ros2_ws/install/safety_layer:/home/omar/code/robotics_project/ros2_ws/install/peg_in_hole_metrics:/home/omar/code/robotics_project/ros2_ws/install/peg_in_hole_description:/home/omar/code/robotics_project/ros2_ws/install/kuka_task_control:/home/omar/code/robotics_project/ros2_ws/install/kuka_gazebo:/home/omar/code/robotics_project/ros2_ws/install/experiment_manager:${AMENT_PREFIX_PATH} CMAKE_PREFIX_PATH=/home/omar/code/robotics_project/ros2_ws/install/kuka_gazebo:${CMAKE_PREFIX_PATH} PYTHONPATH=/home/omar/code/robotics_project/ros2_ws/build/thesis_bringup/prefix_override:/usr/lib/python3/dist-packages/colcon_core/task/python/colcon_distutils_commands:/home/omar/code/robotics_project/ros2_ws/install/thesis_bringup/lib/python3.12/site-packages:/home/omar/code/robotics_project/ros2_ws/install/safety_layer/lib/python3.12/site-packages:/home/omar/code/robotics_project/ros2_ws/install/peg_in_hole_metrics/lib/python3.12/site-packages:/home/omar/code/robotics_project/ros2_ws/install/peg_in_hole_description/lib/python3.12/site-packages:/home/omar/code/robotics_project/ros2_ws/install/kuka_task_control/lib/python3.12/site-packages:/home/omar/code/robotics_project/ros2_ws/install/experiment_manager/lib/python3.12/site-packages:${PYTHONPATH} /usr/bin/python3 -W ignore:setup.py install is deprecated -W ignore:easy_install command is deprecated setup.py egg_info --egg-base ../../build/thesis_bringup build --build-base /home/omar/code/robotics_project/ros2_ws/build/thesis_bringup/build install --record /home/omar/code/robotics_project/ros2_ws/build/thesis_bringup/install.log --single-version-externally-managed install_data
[2.985s] running egg_info
[3.015s] writing ../../build/thesis_bringup/thesis_bringup.egg-info/PKG-INFO
[3.015s] writing dependency_links to ../../build/thesis_bringup/thesis_bringup.egg-info/dependency_links.txt
[3.016s] writing entry points to ../../build/thesis_bringup/thesis_bringup.egg-info/entry_points.txt
[3.016s] writing requirements to ../../build/thesis_bringup/thesis_bringup.egg-info/requires.txt
[3.016s] writing top-level names to ../../build/thesis_bringup/thesis_bringup.egg-info/top_level.txt
[3.072s] reading manifest file '../../build/thesis_bringup/thesis_bringup.egg-info/SOURCES.txt'
[3.073s] writing manifest file '../../build/thesis_bringup/thesis_bringup.egg-info/SOURCES.txt'
[3.074s] running build
[3.074s] running build_py
[3.075s] running install
[3.082s] running install_lib
[3.109s] running install_data
[3.110s] copying launch/run_contact_probe_validation_trial.launch.py -> /home/omar/code/robotics_project/ros2_ws/install/thesis_bringup/share/thesis_bringup/launch
[3.110s] copying launch/run_full_contact_validation_trial.launch.py -> /home/omar/code/robotics_project/ros2_ws/install/thesis_bringup/share/thesis_bringup/launch
[3.118s] copying config/contact_validation_bridge.yaml -> /home/omar/code/robotics_project/ros2_ws/install/thesis_bringup/share/thesis_bringup/config
[3.118s] running install_egg_info
[3.137s] removing '/home/omar/code/robotics_project/ros2_ws/install/thesis_bringup/lib/python3.12/site-packages/thesis_bringup-0.1.0-py3.12.egg-info' (and everything under it)
[3.139s] Copying ../../build/thesis_bringup/thesis_bringup.egg-info to /home/omar/code/robotics_project/ros2_ws/install/thesis_bringup/lib/python3.12/site-packages/thesis_bringup-0.1.0-py3.12.egg-info
[3.140s] running install_scripts
[3.303s] Installing controller_readiness_gate script to /home/omar/code/robotics_project/ros2_ws/install/thesis_bringup/lib/thesis_bringup
[3.304s] writing list of installed files to '/home/omar/code/robotics_project/ros2_ws/build/thesis_bringup/install.log'
[3.354s] Invoked command in '/home/omar/code/robotics_project/ros2_ws/src/thesis_bringup' returned '0': AMENT_PREFIX_PATH=/home/omar/code/robotics_project/ros2_ws/install/safety_layer:/home/omar/code/robotics_project/ros2_ws/install/peg_in_hole_metrics:/home/omar/code/robotics_project/ros2_ws/install/peg_in_hole_description:/home/omar/code/robotics_project/ros2_ws/install/kuka_task_control:/home/omar/code/robotics_project/ros2_ws/install/kuka_gazebo:/home/omar/code/robotics_project/ros2_ws/install/experiment_manager:${AMENT_PREFIX_PATH} CMAKE_PREFIX_PATH=/home/omar/code/robotics_project/ros2_ws/install/kuka_gazebo:${CMAKE_PREFIX_PATH} PYTHONPATH=/home/omar/code/robotics_project/ros2_ws/build/thesis_bringup/prefix_override:/usr/lib/python3/dist-packages/colcon_core/task/python/colcon_distutils_commands:/home/omar/code/robotics_project/ros2_ws/install/thesis_bringup/lib/python3.12/site-packages:/home/omar/code/robotics_project/ros2_ws/install/safety_layer/lib/python3.12/site-packages:/home/omar/code/robotics_project/ros2_ws/install/peg_in_hole_metrics/lib/python3.12/site-packages:/home/omar/code/robotics_project/ros2_ws/install/peg_in_hole_description/lib/python3.12/site-packages:/home/omar/code/robotics_project/ros2_ws/install/kuka_task_control/lib/python3.12/site-packages:/home/omar/code/robotics_project/ros2_ws/install/experiment_manager/lib/python3.12/site-packages:${PYTHONPATH} /usr/bin/python3 -W ignore:setup.py install is deprecated -W ignore:easy_install command is deprecated setup.py egg_info --egg-base ../../build/thesis_bringup build --build-base /home/omar/code/robotics_project/ros2_ws/build/thesis_bringup/build install --record /home/omar/code/robotics_project/ros2_ws/build/thesis_bringup/install.log --single-version-externally-managed install_data
