[9.657s] Invoking command in '/home/omar/code/robotics_project/ros2_ws/src/experiment_manager': PYTHONPATH=/home/omar/code/robotics_project/ros2_ws/build/experiment_manager/prefix_override:/usr/lib/python3/dist-packages/colcon_core/task/python/colcon_distutils_commands:/home/omar/code/robotics_project/ros2_ws/install/experiment_manager/lib/python3.12/site-packages:${PYTHONPATH} /usr/bin/python3 -W ignore:setup.py install is deprecated -W ignore:easy_install command is deprecated setup.py egg_info --egg-base ../../build/experiment_manager build --build-base /home/omar/code/robotics_project/ros2_ws/build/experiment_manager/build install --record /home/omar/code/robotics_project/ros2_ws/build/experiment_manager/install.log --single-version-externally-managed install_data
[9.947s] running egg_info
[9.968s] writing ../../build/experiment_manager/experiment_manager.egg-info/PKG-INFO
[9.968s] writing dependency_links to ../../build/experiment_manager/experiment_manager.egg-info/dependency_links.txt
[9.968s] writing entry points to ../../build/experiment_manager/experiment_manager.egg-info/entry_points.txt
[9.968s] writing requirements to ../../build/experiment_manager/experiment_manager.egg-info/requires.txt
[9.969s] writing top-level names to ../../build/experiment_manager/experiment_manager.egg-info/top_level.txt
[10.111s] reading manifest file '../../build/experiment_manager/experiment_manager.egg-info/SOURCES.txt'
[10.127s] writing manifest file '../../build/experiment_manager/experiment_manager.egg-info/SOURCES.txt'
[10.127s] running build
[10.127s] running build_py
[10.128s] copying experiment_manager/baseline_trial_manager.py -> /home/omar/code/robotics_project/ros2_ws/build/experiment_manager/build/lib/experiment_manager
[10.177s] running install
[10.183s] running install_lib
[10.224s] copying /home/omar/code/robotics_project/ros2_ws/build/experiment_manager/build/lib/experiment_manager/baseline_trial_manager.py -> /home/omar/code/robotics_project/ros2_ws/install/experiment_manager/lib/python3.12/site-packages/experiment_manager
[10.234s] byte-compiling /home/omar/code/robotics_project/ros2_ws/install/experiment_manager/lib/python3.12/site-packages/experiment_manager/baseline_trial_manager.py to baseline_trial_manager.cpython-312.pyc
[10.280s] running install_data
[10.281s] running install_egg_info
[10.303s] removing '/home/omar/code/robotics_project/ros2_ws/install/experiment_manager/lib/python3.12/site-packages/experiment_manager-0.1.0-py3.12.egg-info' (and everything under it)
[10.303s] Copying ../../build/experiment_manager/experiment_manager.egg-info to /home/omar/code/robotics_project/ros2_ws/install/experiment_manager/lib/python3.12/site-packages/experiment_manager-0.1.0-py3.12.egg-info
[10.332s] running install_scripts
[10.465s] Installing baseline_trial_manager script to /home/omar/code/robotics_project/ros2_ws/install/experiment_manager/lib/experiment_manager
[10.466s] writing list of installed files to '/home/omar/code/robotics_project/ros2_ws/build/experiment_manager/install.log'
[11.032s] Invoked command in '/home/omar/code/robotics_project/ros2_ws/src/experiment_manager' returned '0': PYTHONPATH=/home/omar/code/robotics_project/ros2_ws/build/experiment_manager/prefix_override:/usr/lib/python3/dist-packages/colcon_core/task/python/colcon_distutils_commands:/home/omar/code/robotics_project/ros2_ws/install/experiment_manager/lib/python3.12/site-packages:${PYTHONPATH} /usr/bin/python3 -W ignore:setup.py install is deprecated -W ignore:easy_install command is deprecated setup.py egg_info --egg-base ../../build/experiment_manager build --build-base /home/omar/code/robotics_project/ros2_ws/build/experiment_manager/build install --record /home/omar/code/robotics_project/ros2_ws/build/experiment_manager/install.log --single-version-externally-managed install_data
