[3.303s] Invoking command in '/home/omar/code/robotics_project/ros2_ws/build/thesis_bringup': AMENT_PREFIX_PATH=/home/omar/code/robotics_project/ros2_ws/install/safety_layer:/home/omar/code/robotics_project/ros2_ws/install/peg_in_hole_metrics:/home/omar/code/robotics_project/ros2_ws/install/peg_in_hole_description:/home/omar/code/robotics_project/ros2_ws/install/kuka_task_control:/home/omar/code/robotics_project/ros2_ws/install/kuka_gazebo:/home/omar/code/robotics_project/ros2_ws/install/experiment_manager:${AMENT_PREFIX_PATH} CMAKE_PREFIX_PATH=/home/omar/code/robotics_project/ros2_ws/install/kuka_gazebo:${CMAKE_PREFIX_PATH} PYTHONPATH=/home/omar/code/robotics_project/ros2_ws/build/thesis_bringup/prefix_override:/usr/lib/python3/dist-packages/colcon_core/task/python/colcon_distutils_commands:/home/omar/code/robotics_project/ros2_ws/install/thesis_bringup/lib/python3.12/site-packages:/home/omar/code/robotics_project/ros2_ws/build/safety_layer:/home/omar/code/robotics_project/ros2_ws/install/safety_layer/lib/python3.12/site-packages:/home/omar/code/robotics_project/ros2_ws/install/peg_in_hole_metrics/lib/python3.12/site-packages:/home/omar/code/robotics_project/ros2_ws/build/peg_in_hole_description:/home/omar/code/robotics_project/ros2_ws/install/peg_in_hole_description/lib/python3.12/site-packages:/home/omar/code/robotics_project/ros2_ws/build/kuka_task_control:/home/omar/code/robotics_project/ros2_ws/install/kuka_task_control/lib/python3.12/site-packages:/home/omar/code/robotics_project/ros2_ws/build/experiment_manager:/home/omar/code/robotics_project/ros2_ws/install/experiment_manager/lib/python3.12/site-packages:${PYTHONPATH} /usr/bin/python3 -W ignore:setup.py install is deprecated -W ignore:easy_install command is deprecated setup.py develop --editable --build-directory /home/omar/code/robotics_project/ros2_ws/build/thesis_bringup/build --no-deps symlink_data
[3.646s] running develop
[3.897s] running egg_info
[3.932s] writing thesis_bringup.egg-info/PKG-INFO
[3.932s] writing dependency_links to thesis_bringup.egg-info/dependency_links.txt
[3.933s] writing entry points to thesis_bringup.egg-info/entry_points.txt
[3.933s] writing requirements to thesis_bringup.egg-info/requires.txt
[3.933s] writing top-level names to thesis_bringup.egg-info/top_level.txt
[3.979s] reading manifest file 'thesis_bringup.egg-info/SOURCES.txt'
[3.981s] writing manifest file 'thesis_bringup.egg-info/SOURCES.txt'
[4.005s] running build_ext
[4.005s] Creating /home/omar/code/robotics_project/ros2_ws/install/thesis_bringup/lib/python3.12/site-packages/thesis-bringup.egg-link (link to .)
[4.006s] Installing controller_readiness_gate script to /home/omar/code/robotics_project/ros2_ws/install/thesis_bringup/lib/thesis_bringup
[4.006s] Installing proposal_simulation_cell_monitor script to /home/omar/code/robotics_project/ros2_ws/install/thesis_bringup/lib/thesis_bringup
[4.007s] Installing proposal_simulation_cell_v1_10_experiment_matrix_node script to /home/omar/code/robotics_project/ros2_ws/install/thesis_bringup/lib/thesis_bringup
[4.013s] Installing proposal_simulation_cell_v1_11_single_scenario_loader_node script to /home/omar/code/robotics_project/ros2_ws/install/thesis_bringup/lib/thesis_bringup
[4.014s] Installing proposal_simulation_cell_v1_12_scenario_batch_selector_node script to /home/omar/code/robotics_project/ros2_ws/install/thesis_bringup/lib/thesis_bringup
[4.014s] Installing proposal_simulation_cell_v1_13_batch_execution_plan_node script to /home/omar/code/robotics_project/ros2_ws/install/thesis_bringup/lib/thesis_bringup
[4.014s] Installing proposal_simulation_cell_v1_14_batch_dry_run_orchestrator_node script to /home/omar/code/robotics_project/ros2_ws/install/thesis_bringup/lib/thesis_bringup
[4.022s] Installing proposal_simulation_cell_v1_15_evidence_package_node script to /home/omar/code/robotics_project/ros2_ws/install/thesis_bringup/lib/thesis_bringup
[4.022s] Installing proposal_simulation_cell_v1_16_reproducibility_checklist_node script to /home/omar/code/robotics_project/ros2_ws/install/thesis_bringup/lib/thesis_bringup
[4.023s] Installing proposal_simulation_cell_v1_17_release_index_node script to /home/omar/code/robotics_project/ros2_ws/install/thesis_bringup/lib/thesis_bringup
[4.023s] Installing proposal_simulation_cell_v1_1_validator script to /home/omar/code/robotics_project/ros2_ws/install/thesis_bringup/lib/thesis_bringup
[4.023s] Installing proposal_simulation_cell_v1_2_rgbd_validator script to /home/omar/code/robotics_project/ros2_ws/install/thesis_bringup/lib/thesis_bringup
[4.023s] Installing proposal_simulation_cell_v1_3_contact_validator script to /home/omar/code/robotics_project/ros2_ws/install/thesis_bringup/lib/thesis_bringup
[4.024s] Installing proposal_simulation_cell_v1_5_safety_virtual_force_node script to /home/omar/code/robotics_project/ros2_ws/install/thesis_bringup/lib/thesis_bringup
[4.024s] Installing proposal_simulation_cell_v1_6_readiness_gate_node script to /home/omar/code/robotics_project/ros2_ws/install/thesis_bringup/lib/thesis_bringup
[4.024s] Installing proposal_simulation_cell_v1_7_pre_control_contract_node script to /home/omar/code/robotics_project/ros2_ws/install/thesis_bringup/lib/thesis_bringup
[4.024s] Installing proposal_simulation_cell_v1_8_control_scaffold_node script to /home/omar/code/robotics_project/ros2_ws/install/thesis_bringup/lib/thesis_bringup
[4.024s] Installing proposal_simulation_cell_v1_9_control_law_dry_run_node script to /home/omar/code/robotics_project/ros2_ws/install/thesis_bringup/lib/thesis_bringup
[4.024s] Installing proposal_simulation_cell_v2_0_motion_smoke_test_node script to /home/omar/code/robotics_project/ros2_ws/install/thesis_bringup/lib/thesis_bringup
[4.025s] Installing proposal_simulation_cell_v2_10_misalignment_contact_batch_node script to /home/omar/code/robotics_project/ros2_ws/install/thesis_bringup/lib/thesis_bringup
[4.025s] Installing proposal_simulation_cell_v2_1_motion_validation_suite_node script to /home/omar/code/robotics_project/ros2_ws/install/thesis_bringup/lib/thesis_bringup
[4.025s] Installing proposal_simulation_cell_v2_2_moveit_ik_diagnostic_node script to /home/omar/code/robotics_project/ros2_ws/install/thesis_bringup/lib/thesis_bringup
[4.025s] Installing proposal_simulation_cell_v2_3_model_alignment_plan_only_node script to /home/omar/code/robotics_project/ros2_ws/install/thesis_bringup/lib/thesis_bringup
[4.025s] Installing proposal_simulation_cell_v2_4_moveit_gazebo_execution_node script to /home/omar/code/robotics_project/ros2_ws/install/thesis_bringup/lib/thesis_bringup
[4.025s] Installing proposal_simulation_cell_v2_5_guarded_task_sequence_node script to /home/omar/code/robotics_project/ros2_ws/install/thesis_bringup/lib/thesis_bringup
[4.025s] Installing proposal_simulation_cell_v2_6_contact_gated_guarded_approach_node script to /home/omar/code/robotics_project/ros2_ws/install/thesis_bringup/lib/thesis_bringup
[4.026s] Installing proposal_simulation_cell_v2_7_contact_triggered_guarded_touch_node script to /home/omar/code/robotics_project/ros2_ws/install/thesis_bringup/lib/thesis_bringup
[4.026s] Installing proposal_simulation_cell_v2_8_contact_reachability_trigger_node script to /home/omar/code/robotics_project/ros2_ws/install/thesis_bringup/lib/thesis_bringup
[4.027s] Installing proposal_simulation_cell_v2_9_non_overlapping_contact_node script to /home/omar/code/robotics_project/ros2_ws/install/thesis_bringup/lib/thesis_bringup
[4.027s] 
[4.027s] Installed /home/omar/code/robotics_project/ros2_ws/build/thesis_bringup
[4.027s] running symlink_data
[4.107s] symbolically linking /home/omar/code/robotics_project/ros2_ws/build/thesis_bringup/launch/proposal_simulation_cell_v2_10_misalignment_contact_gate_batch_validation.launch.py -> /home/omar/code/robotics_project/ros2_ws/install/thesis_bringup/share/thesis_bringup/launch
[4.265s] symbolically linking /home/omar/code/robotics_project/ros2_ws/build/thesis_bringup/config/proposal_simulation_cell_v2_10.yaml -> /home/omar/code/robotics_project/ros2_ws/install/thesis_bringup/share/thesis_bringup/config
[4.416s] Invoked command in '/home/omar/code/robotics_project/ros2_ws/build/thesis_bringup' returned '0': AMENT_PREFIX_PATH=/home/omar/code/robotics_project/ros2_ws/install/safety_layer:/home/omar/code/robotics_project/ros2_ws/install/peg_in_hole_metrics:/home/omar/code/robotics_project/ros2_ws/install/peg_in_hole_description:/home/omar/code/robotics_project/ros2_ws/install/kuka_task_control:/home/omar/code/robotics_project/ros2_ws/install/kuka_gazebo:/home/omar/code/robotics_project/ros2_ws/install/experiment_manager:${AMENT_PREFIX_PATH} CMAKE_PREFIX_PATH=/home/omar/code/robotics_project/ros2_ws/install/kuka_gazebo:${CMAKE_PREFIX_PATH} PYTHONPATH=/home/omar/code/robotics_project/ros2_ws/build/thesis_bringup/prefix_override:/usr/lib/python3/dist-packages/colcon_core/task/python/colcon_distutils_commands:/home/omar/code/robotics_project/ros2_ws/install/thesis_bringup/lib/python3.12/site-packages:/home/omar/code/robotics_project/ros2_ws/build/safety_layer:/home/omar/code/robotics_project/ros2_ws/install/safety_layer/lib/python3.12/site-packages:/home/omar/code/robotics_project/ros2_ws/install/peg_in_hole_metrics/lib/python3.12/site-packages:/home/omar/code/robotics_project/ros2_ws/build/peg_in_hole_description:/home/omar/code/robotics_project/ros2_ws/install/peg_in_hole_description/lib/python3.12/site-packages:/home/omar/code/robotics_project/ros2_ws/build/kuka_task_control:/home/omar/code/robotics_project/ros2_ws/install/kuka_task_control/lib/python3.12/site-packages:/home/omar/code/robotics_project/ros2_ws/build/experiment_manager:/home/omar/code/robotics_project/ros2_ws/install/experiment_manager/lib/python3.12/site-packages:${PYTHONPATH} /usr/bin/python3 -W ignore:setup.py install is deprecated -W ignore:easy_install command is deprecated setup.py develop --editable --build-directory /home/omar/code/robotics_project/ros2_ws/build/thesis_bringup/build --no-deps symlink_data
