[6.949s] Invoking command in '/home/omar/code/robotics_project/ros2_ws/build/peg_in_hole_description': PYTHONPATH=/home/omar/code/robotics_project/ros2_ws/build/peg_in_hole_description/prefix_override:/usr/lib/python3/dist-packages/colcon_core/task/python/colcon_distutils_commands:/home/omar/code/robotics_project/ros2_ws/install/peg_in_hole_description/lib/python3.12/site-packages:${PYTHONPATH} /usr/bin/python3 -W ignore:setup.py install is deprecated -W ignore:easy_install command is deprecated setup.py develop --editable --build-directory /home/omar/code/robotics_project/ros2_ws/build/peg_in_hole_description/build --no-deps symlink_data --force
[7.409s] running develop
[7.623s] running egg_info
[7.645s] writing peg_in_hole_description.egg-info/PKG-INFO
[7.645s] writing dependency_links to peg_in_hole_description.egg-info/dependency_links.txt
[7.645s] writing requirements to peg_in_hole_description.egg-info/requires.txt
[7.645s] writing top-level names to peg_in_hole_description.egg-info/top_level.txt
[7.692s] reading manifest file 'peg_in_hole_description.egg-info/SOURCES.txt'
[7.710s] writing manifest file 'peg_in_hole_description.egg-info/SOURCES.txt'
[7.733s] running build_ext
[7.733s] Creating /home/omar/code/robotics_project/ros2_ws/install/peg_in_hole_description/lib/python3.12/site-packages/peg-in-hole-description.egg-link (link to .)
[7.734s] 
[7.734s] Installed /home/omar/code/robotics_project/ros2_ws/build/peg_in_hole_description
[7.734s] running symlink_data
[7.741s] symbolically linking /home/omar/code/robotics_project/ros2_ws/build/peg_in_hole_description/resource/peg_in_hole_description -> /home/omar/code/robotics_project/ros2_ws/install/peg_in_hole_description/share/ament_index/resource_index/packages
[7.760s] symbolically linking /home/omar/code/robotics_project/ros2_ws/build/peg_in_hole_description/package.xml -> /home/omar/code/robotics_project/ros2_ws/install/peg_in_hole_description/share/peg_in_hole_description
[7.761s] symbolically linking /home/omar/code/robotics_project/ros2_ws/build/peg_in_hole_description/README.md -> /home/omar/code/robotics_project/ros2_ws/install/peg_in_hole_description/share/peg_in_hole_description
[7.765s] symbolically linking /home/omar/code/robotics_project/ros2_ws/build/peg_in_hole_description/launch/peg_in_hole_scene.launch.py -> /home/omar/code/robotics_project/ros2_ws/install/peg_in_hole_description/share/peg_in_hole_description/launch
[7.774s] symbolically linking /home/omar/code/robotics_project/ros2_ws/build/peg_in_hole_description/config/task_geometry.yaml -> /home/omar/code/robotics_project/ros2_ws/install/peg_in_hole_description/share/peg_in_hole_description/config
[8.123s] symbolically linking /home/omar/code/robotics_project/ros2_ws/build/peg_in_hole_description/urdf/peg_in_hole_task.urdf.xacro -> /home/omar/code/robotics_project/ros2_ws/install/peg_in_hole_description/share/peg_in_hole_description/urdf
[8.123s] symbolically linking /home/omar/code/robotics_project/ros2_ws/build/peg_in_hole_description/urdf/lbr_iisy3_r760_research_gripper.urdf.xacro -> /home/omar/code/robotics_project/ros2_ws/install/peg_in_hole_description/share/peg_in_hole_description/urdf
[8.123s] symbolically linking /home/omar/code/robotics_project/ros2_ws/build/peg_in_hole_description/urdf/research_parallel_gripper.xacro -> /home/omar/code/robotics_project/ros2_ws/install/peg_in_hole_description/share/peg_in_hole_description/urdf
[8.123s] symbolically linking /home/omar/code/robotics_project/ros2_ws/build/peg_in_hole_description/urdf/proposal_lbr_iisy6_r1300_cell.urdf.xacro -> /home/omar/code/robotics_project/ros2_ws/install/peg_in_hole_description/share/peg_in_hole_description/urdf
[8.123s] symbolically linking /home/omar/code/robotics_project/ros2_ws/build/peg_in_hole_description/worlds/proposal_simulation_cell_v1_2_rgbd_image_bridge_fix.world.sdf -> /home/omar/code/robotics_project/ros2_ws/install/peg_in_hole_description/share/peg_in_hole_description/worlds
[8.123s] symbolically linking /home/omar/code/robotics_project/ros2_ws/build/peg_in_hole_description/worlds/peg_in_hole_robot_contact_validation_world.sdf -> /home/omar/code/robotics_project/ros2_ws/install/peg_in_hole_description/share/peg_in_hole_description/worlds
[8.123s] symbolically linking /home/omar/code/robotics_project/ros2_ws/build/peg_in_hole_description/worlds/proposal_simulation_cell_v1_0.world.sdf -> /home/omar/code/robotics_project/ros2_ws/install/peg_in_hole_description/share/peg_in_hole_description/worlds
[8.123s] symbolically linking /home/omar/code/robotics_project/ros2_ws/build/peg_in_hole_description/worlds/peg_in_hole_world.sdf -> /home/omar/code/robotics_project/ros2_ws/install/peg_in_hole_description/share/peg_in_hole_description/worlds
[8.123s] symbolically linking /home/omar/code/robotics_project/ros2_ws/build/peg_in_hole_description/worlds/peg_in_hole_contact_validation_world.sdf -> /home/omar/code/robotics_project/ros2_ws/install/peg_in_hole_description/share/peg_in_hole_description/worlds
[8.124s] symbolically linking /home/omar/code/robotics_project/ros2_ws/build/peg_in_hole_description/worlds/proposal_simulation_cell_v1_3_contact_physics_validation.world.sdf -> /home/omar/code/robotics_project/ros2_ws/install/peg_in_hole_description/share/peg_in_hole_description/worlds
[8.124s] symbolically linking /home/omar/code/robotics_project/ros2_ws/build/peg_in_hole_description/worlds/minimal_contact_validation_world.sdf -> /home/omar/code/robotics_project/ros2_ws/install/peg_in_hole_description/share/peg_in_hole_description/worlds
[8.124s] symbolically linking /home/omar/code/robotics_project/ros2_ws/build/peg_in_hole_description/worlds/peg_in_hole_insertion_validation_world.sdf -> /home/omar/code/robotics_project/ros2_ws/install/peg_in_hole_description/share/peg_in_hole_description/worlds
[8.124s] symbolically linking /home/omar/code/robotics_project/ros2_ws/build/peg_in_hole_description/models/hole_fixture/model.sdf -> /home/omar/code/robotics_project/ros2_ws/install/peg_in_hole_description/share/peg_in_hole_description/models/hole_fixture
[8.124s] symbolically linking /home/omar/code/robotics_project/ros2_ws/build/peg_in_hole_description/models/hole_fixture/model.config -> /home/omar/code/robotics_project/ros2_ws/install/peg_in_hole_description/share/peg_in_hole_description/models/hole_fixture
[8.124s] symbolically linking /home/omar/code/robotics_project/ros2_ws/build/peg_in_hole_description/models/work_table/model.sdf -> /home/omar/code/robotics_project/ros2_ws/install/peg_in_hole_description/share/peg_in_hole_description/models/work_table
[8.124s] symbolically linking /home/omar/code/robotics_project/ros2_ws/build/peg_in_hole_description/models/work_table/model.config -> /home/omar/code/robotics_project/ros2_ws/install/peg_in_hole_description/share/peg_in_hole_description/models/work_table
[8.124s] symbolically linking /home/omar/code/robotics_project/ros2_ws/build/peg_in_hole_description/models/contact_validation_pad/model.sdf -> /home/omar/code/robotics_project/ros2_ws/install/peg_in_hole_description/share/peg_in_hole_description/models/contact_validation_pad
[8.124s] symbolically linking /home/omar/code/robotics_project/ros2_ws/build/peg_in_hole_description/models/contact_validation_pad/model.config -> /home/omar/code/robotics_project/ros2_ws/install/peg_in_hole_description/share/peg_in_hole_description/models/contact_validation_pad
[8.124s] symbolically linking /home/omar/code/robotics_project/ros2_ws/build/peg_in_hole_description/models/target_plate/model.sdf -> /home/omar/code/robotics_project/ros2_ws/install/peg_in_hole_description/share/peg_in_hole_description/models/target_plate
[8.124s] symbolically linking /home/omar/code/robotics_project/ros2_ws/build/peg_in_hole_description/models/target_plate/model.config -> /home/omar/code/robotics_project/ros2_ws/install/peg_in_hole_description/share/peg_in_hole_description/models/target_plate
[8.124s] symbolically linking /home/omar/code/robotics_project/ros2_ws/build/peg_in_hole_description/models/robot_pedestal/model.sdf -> /home/omar/code/robotics_project/ros2_ws/install/peg_in_hole_description/share/peg_in_hole_description/models/robot_pedestal
[8.124s] symbolically linking /home/omar/code/robotics_project/ros2_ws/build/peg_in_hole_description/models/robot_pedestal/model.config -> /home/omar/code/robotics_project/ros2_ws/install/peg_in_hole_description/share/peg_in_hole_description/models/robot_pedestal
[8.124s] symbolically linking /home/omar/code/robotics_project/ros2_ws/build/peg_in_hole_description/models/cylindrical_peg/model.sdf -> /home/omar/code/robotics_project/ros2_ws/install/peg_in_hole_description/share/peg_in_hole_description/models/cylindrical_peg
[8.124s] symbolically linking /home/omar/code/robotics_project/ros2_ws/build/peg_in_hole_description/models/cylindrical_peg/model.config -> /home/omar/code/robotics_project/ros2_ws/install/peg_in_hole_description/share/peg_in_hole_description/models/cylindrical_peg
[8.129s] Invoked command in '/home/omar/code/robotics_project/ros2_ws/build/peg_in_hole_description' returned '0': PYTHONPATH=/home/omar/code/robotics_project/ros2_ws/build/peg_in_hole_description/prefix_override:/usr/lib/python3/dist-packages/colcon_core/task/python/colcon_distutils_commands:/home/omar/code/robotics_project/ros2_ws/install/peg_in_hole_description/lib/python3.12/site-packages:${PYTHONPATH} /usr/bin/python3 -W ignore:setup.py install is deprecated -W ignore:easy_install command is deprecated setup.py develop --editable --build-directory /home/omar/code/robotics_project/ros2_ws/build/peg_in_hole_description/build --no-deps symlink_data --force
