[1.376s] Invoking command in '/home/omar/code/robotics_project/ros2_ws/build/safety_layer': PYTHONPATH=/home/omar/code/robotics_project/ros2_ws/build/safety_layer/prefix_override:/usr/lib/python3/dist-packages/colcon_core/task/python/colcon_distutils_commands:/home/omar/code/robotics_project/ros2_ws/install/safety_layer/lib/python3.12/site-packages:${PYTHONPATH} /usr/bin/python3 -W ignore:setup.py install is deprecated -W ignore:easy_install command is deprecated setup.py develop --uninstall --editable --build-directory /home/omar/code/robotics_project/ros2_ws/build/safety_layer/build
[1.689s] running develop
[1.906s] Removing /home/omar/code/robotics_project/ros2_ws/install/safety_layer/lib/python3.12/site-packages/safety-layer.egg-link (link to .)
[1.954s] Invoked command in '/home/omar/code/robotics_project/ros2_ws/build/safety_layer' returned '0': PYTHONPATH=/home/omar/code/robotics_project/ros2_ws/build/safety_layer/prefix_override:/usr/lib/python3/dist-packages/colcon_core/task/python/colcon_distutils_commands:/home/omar/code/robotics_project/ros2_ws/install/safety_layer/lib/python3.12/site-packages:${PYTHONPATH} /usr/bin/python3 -W ignore:setup.py install is deprecated -W ignore:easy_install command is deprecated setup.py develop --uninstall --editable --build-directory /home/omar/code/robotics_project/ros2_ws/build/safety_layer/build
[1.955s] Invoking command in '/home/omar/code/robotics_project/ros2_ws/src/safety_layer': PYTHONPATH=/home/omar/code/robotics_project/ros2_ws/build/safety_layer/prefix_override:/usr/lib/python3/dist-packages/colcon_core/task/python/colcon_distutils_commands:/home/omar/code/robotics_project/ros2_ws/install/safety_layer/lib/python3.12/site-packages:${PYTHONPATH} /usr/bin/python3 -W ignore:setup.py install is deprecated -W ignore:easy_install command is deprecated setup.py egg_info --egg-base ../../build/safety_layer build --build-base /home/omar/code/robotics_project/ros2_ws/build/safety_layer/build install --record /home/omar/code/robotics_project/ros2_ws/build/safety_layer/install.log --single-version-externally-managed install_data --force
[2.238s] running egg_info
[2.260s] writing ../../build/safety_layer/safety_layer.egg-info/PKG-INFO
[2.260s] writing dependency_links to ../../build/safety_layer/safety_layer.egg-info/dependency_links.txt
[2.261s] writing entry points to ../../build/safety_layer/safety_layer.egg-info/entry_points.txt
[2.261s] writing requirements to ../../build/safety_layer/safety_layer.egg-info/requires.txt
[2.261s] writing top-level names to ../../build/safety_layer/safety_layer.egg-info/top_level.txt
[2.306s] reading manifest file '../../build/safety_layer/safety_layer.egg-info/SOURCES.txt'
[2.307s] writing manifest file '../../build/safety_layer/safety_layer.egg-info/SOURCES.txt'
[2.307s] running build
[2.307s] running build_py
[2.332s] running install
[2.338s] running install_lib
[2.361s] creating /home/omar/code/robotics_project/ros2_ws/install/safety_layer/lib/python3.12/site-packages/safety_layer
[2.361s] copying /home/omar/code/robotics_project/ros2_ws/build/safety_layer/build/lib/safety_layer/__init__.py -> /home/omar/code/robotics_project/ros2_ws/install/safety_layer/lib/python3.12/site-packages/safety_layer
[2.380s] copying /home/omar/code/robotics_project/ros2_ws/build/safety_layer/build/lib/safety_layer/safety_monitor.py -> /home/omar/code/robotics_project/ros2_ws/install/safety_layer/lib/python3.12/site-packages/safety_layer
[2.393s] byte-compiling /home/omar/code/robotics_project/ros2_ws/install/safety_layer/lib/python3.12/site-packages/safety_layer/__init__.py to __init__.cpython-312.pyc
[2.393s] byte-compiling /home/omar/code/robotics_project/ros2_ws/install/safety_layer/lib/python3.12/site-packages/safety_layer/safety_monitor.py to safety_monitor.cpython-312.pyc
[2.396s] running install_data
[2.397s] copying resource/safety_layer -> /home/omar/code/robotics_project/ros2_ws/install/safety_layer/share/ament_index/resource_index/packages
[2.416s] copying package.xml -> /home/omar/code/robotics_project/ros2_ws/install/safety_layer/share/safety_layer
[2.416s] copying README.md -> /home/omar/code/robotics_project/ros2_ws/install/safety_layer/share/safety_layer
[2.529s] copying launch/safety_layer.launch.py -> /home/omar/code/robotics_project/ros2_ws/install/safety_layer/share/safety_layer/launch
[2.529s] copying launch/safety_monitor.launch.py -> /home/omar/code/robotics_project/ros2_ws/install/safety_layer/share/safety_layer/launch
[2.530s] copying config/safety_limits.yaml -> /home/omar/code/robotics_project/ros2_ws/install/safety_layer/share/safety_layer/config
[2.530s] running install_egg_info
[2.561s] Copying ../../build/safety_layer/safety_layer.egg-info to /home/omar/code/robotics_project/ros2_ws/install/safety_layer/lib/python3.12/site-packages/safety_layer-0.1.0-py3.12.egg-info
[2.706s] running install_scripts
[2.840s] Installing safety_monitor script to /home/omar/code/robotics_project/ros2_ws/install/safety_layer/lib/safety_layer
[2.840s] writing list of installed files to '/home/omar/code/robotics_project/ros2_ws/build/safety_layer/install.log'
[2.868s] Invoked command in '/home/omar/code/robotics_project/ros2_ws/src/safety_layer' returned '0': PYTHONPATH=/home/omar/code/robotics_project/ros2_ws/build/safety_layer/prefix_override:/usr/lib/python3/dist-packages/colcon_core/task/python/colcon_distutils_commands:/home/omar/code/robotics_project/ros2_ws/install/safety_layer/lib/python3.12/site-packages:${PYTHONPATH} /usr/bin/python3 -W ignore:setup.py install is deprecated -W ignore:easy_install command is deprecated setup.py egg_info --egg-base ../../build/safety_layer build --build-base /home/omar/code/robotics_project/ros2_ws/build/safety_layer/build install --record /home/omar/code/robotics_project/ros2_ws/build/safety_layer/install.log --single-version-externally-managed install_data --force
