[1.552s] DEBUG:colcon:Command line arguments: ['/usr/bin/colcon', 'build', '--packages-select', 'first_robot_demo']
[1.552s] DEBUG:colcon:Parsed command line arguments: Namespace(log_base=None, log_level=None, verb_name='build', build_base='build', install_base='install', merge_install=False, symlink_install=False, test_result_base=None, continue_on_error=False, executor='parallel', parallel_workers=8, event_handlers=None, ignore_user_meta=False, metas=['./colcon.meta'], base_paths=['.'], packages_ignore=None, packages_ignore_regex=None, paths=None, packages_up_to=None, packages_up_to_regex=None, packages_above=None, packages_above_and_dependencies=None, packages_above_depth=None, packages_select_by_dep=None, packages_skip_by_dep=None, packages_skip_up_to=None, packages_select_build_failed=False, packages_skip_build_finished=False, packages_select_test_failures=False, packages_skip_test_passed=False, packages_select=['first_robot_demo'], packages_skip=None, packages_select_regex=None, packages_skip_regex=None, packages_start=None, packages_end=None, allow_overriding=[], cmake_args=None, cmake_target=None, cmake_target_skip_unavailable=False, cmake_clean_cache=False, cmake_clean_first=False, cmake_force_configure=False, ament_cmake_args=None, catkin_cmake_args=None, catkin_skip_building_tests=False, mixin_files=None, mixin=None, verb_parser=<colcon_mixin.mixin.mixin_argument.MixinArgumentDecorator object at 0x7f792c121370>, verb_extension=<colcon_core.verb.build.BuildVerb object at 0x7f792c32e4b0>, main=<bound method BuildVerb.main of <colcon_core.verb.build.BuildVerb object at 0x7f792c32e4b0>>, mixin_verb=('build',))
[1.841s] Level 1:colcon.colcon_core.package_discovery:discover_packages(colcon_meta) check parameters
[1.841s] Level 1:colcon.colcon_core.package_discovery:discover_packages(recursive) check parameters
[1.841s] Level 1:colcon.colcon_core.package_discovery:discover_packages(ignore) check parameters
[1.841s] Level 1:colcon.colcon_core.package_discovery:discover_packages(path) check parameters
[1.841s] Level 1:colcon.colcon_core.package_discovery:discover_packages(colcon_meta) discover
[1.842s] Level 1:colcon.colcon_core.package_discovery:discover_packages(recursive) discover
[1.842s] INFO:colcon.colcon_core.package_discovery:Crawling recursively for packages in '/home/omar/code/robotics_project/ros2_ws'
[1.842s] Level 1:colcon.colcon_core.package_identification:_identify(.) by extensions ['ignore', 'ignore_ament_install']
[1.842s] Level 1:colcon.colcon_core.package_identification:_identify(.) by extension 'ignore'
[1.842s] Level 1:colcon.colcon_core.package_identification:_identify(.) by extension 'ignore_ament_install'
[1.842s] Level 1:colcon.colcon_core.package_identification:_identify(.) by extensions ['colcon_pkg']
[1.842s] Level 1:colcon.colcon_core.package_identification:_identify(.) by extension 'colcon_pkg'
[1.842s] Level 1:colcon.colcon_core.package_identification:_identify(.) by extensions ['colcon_meta']
[1.842s] Level 1:colcon.colcon_core.package_identification:_identify(.) by extension 'colcon_meta'
[1.842s] Level 1:colcon.colcon_core.package_identification:_identify(.) by extensions ['ros']
[1.842s] Level 1:colcon.colcon_core.package_identification:_identify(.) by extension 'ros'
[1.865s] Level 1:colcon.colcon_core.package_identification:_identify(.) by extensions ['cmake', 'python']
[1.865s] Level 1:colcon.colcon_core.package_identification:_identify(.) by extension 'cmake'
[1.866s] Level 1:colcon.colcon_core.package_identification:_identify(.) by extension 'python'
[1.866s] Level 1:colcon.colcon_core.package_identification:_identify(.) by extensions ['python_setup_py']
[1.866s] Level 1:colcon.colcon_core.package_identification:_identify(.) by extension 'python_setup_py'
[1.866s] Level 1:colcon.colcon_core.package_identification:_identify(build) by extensions ['ignore', 'ignore_ament_install']
[1.866s] Level 1:colcon.colcon_core.package_identification:_identify(build) by extension 'ignore'
[1.866s] Level 1:colcon.colcon_core.package_identification:_identify(build) ignored
[1.866s] Level 1:colcon.colcon_core.package_identification:_identify(install) by extensions ['ignore', 'ignore_ament_install']
[1.866s] Level 1:colcon.colcon_core.package_identification:_identify(install) by extension 'ignore'
[1.866s] Level 1:colcon.colcon_core.package_identification:_identify(install) ignored
[1.866s] Level 1:colcon.colcon_core.package_identification:_identify(log) by extensions ['ignore', 'ignore_ament_install']
[1.866s] Level 1:colcon.colcon_core.package_identification:_identify(log) by extension 'ignore'
[1.866s] Level 1:colcon.colcon_core.package_identification:_identify(log) ignored
[1.866s] Level 1:colcon.colcon_core.package_identification:_identify(src) by extensions ['ignore', 'ignore_ament_install']
[1.866s] Level 1:colcon.colcon_core.package_identification:_identify(src) by extension 'ignore'
[1.866s] Level 1:colcon.colcon_core.package_identification:_identify(src) by extension 'ignore_ament_install'
[1.866s] Level 1:colcon.colcon_core.package_identification:_identify(src) by extensions ['colcon_pkg']
[1.866s] Level 1:colcon.colcon_core.package_identification:_identify(src) by extension 'colcon_pkg'
[1.866s] Level 1:colcon.colcon_core.package_identification:_identify(src) by extensions ['colcon_meta']
[1.867s] Level 1:colcon.colcon_core.package_identification:_identify(src) by extension 'colcon_meta'
[1.867s] Level 1:colcon.colcon_core.package_identification:_identify(src) by extensions ['ros']
[1.867s] Level 1:colcon.colcon_core.package_identification:_identify(src) by extension 'ros'
[1.867s] Level 1:colcon.colcon_core.package_identification:_identify(src) by extensions ['cmake', 'python']
[1.867s] Level 1:colcon.colcon_core.package_identification:_identify(src) by extension 'cmake'
[1.867s] Level 1:colcon.colcon_core.package_identification:_identify(src) by extension 'python'
[1.867s] Level 1:colcon.colcon_core.package_identification:_identify(src) by extensions ['python_setup_py']
[1.867s] Level 1:colcon.colcon_core.package_identification:_identify(src) by extension 'python_setup_py'
[1.867s] Level 1:colcon.colcon_core.package_identification:_identify(src/first_robot_demo) by extensions ['ignore', 'ignore_ament_install']
[1.867s] Level 1:colcon.colcon_core.package_identification:_identify(src/first_robot_demo) by extension 'ignore'
[1.867s] Level 1:colcon.colcon_core.package_identification:_identify(src/first_robot_demo) by extension 'ignore_ament_install'
[1.867s] Level 1:colcon.colcon_core.package_identification:_identify(src/first_robot_demo) by extensions ['colcon_pkg']
[1.867s] Level 1:colcon.colcon_core.package_identification:_identify(src/first_robot_demo) by extension 'colcon_pkg'
[1.867s] Level 1:colcon.colcon_core.package_identification:_identify(src/first_robot_demo) by extensions ['colcon_meta']
[1.867s] Level 1:colcon.colcon_core.package_identification:_identify(src/first_robot_demo) by extension 'colcon_meta'
[1.867s] Level 1:colcon.colcon_core.package_identification:_identify(src/first_robot_demo) by extensions ['ros']
[1.867s] Level 1:colcon.colcon_core.package_identification:_identify(src/first_robot_demo) by extension 'ros'
[1.900s] DEBUG:colcon.colcon_core.package_identification:Package 'src/first_robot_demo' with type 'ros.ament_python' and name 'first_robot_demo'
[1.900s] Level 1:colcon.colcon_core.package_discovery:discover_packages(recursive) using defaults
[1.900s] Level 1:colcon.colcon_core.package_discovery:discover_packages(ignore) discover
[1.900s] Level 1:colcon.colcon_core.package_discovery:discover_packages(ignore) using defaults
[1.900s] Level 1:colcon.colcon_core.package_discovery:discover_packages(path) discover
[1.900s] Level 1:colcon.colcon_core.package_discovery:discover_packages(path) using defaults
[2.195s] Level 1:colcon.colcon_core.package_discovery:discover_packages(prefix_path) check parameters
[2.195s] Level 1:colcon.colcon_core.package_discovery:discover_packages(prefix_path) discover
[2.247s] DEBUG:colcon.colcon_installed_package_information.package_discovery:Found 287 installed packages in /opt/ros/jazzy
[2.249s] Level 1:colcon.colcon_core.package_discovery:discover_packages(prefix_path) using defaults
[2.314s] Level 5:colcon.colcon_core.verb:set package 'first_robot_demo' build argument 'cmake_args' from command line to 'None'
[2.314s] Level 5:colcon.colcon_core.verb:set package 'first_robot_demo' build argument 'cmake_target' from command line to 'None'
[2.314s] Level 5:colcon.colcon_core.verb:set package 'first_robot_demo' build argument 'cmake_target_skip_unavailable' from command line to 'False'
[2.314s] Level 5:colcon.colcon_core.verb:set package 'first_robot_demo' build argument 'cmake_clean_cache' from command line to 'False'
[2.314s] Level 5:colcon.colcon_core.verb:set package 'first_robot_demo' build argument 'cmake_clean_first' from command line to 'False'
[2.314s] Level 5:colcon.colcon_core.verb:set package 'first_robot_demo' build argument 'cmake_force_configure' from command line to 'False'
[2.314s] Level 5:colcon.colcon_core.verb:set package 'first_robot_demo' build argument 'ament_cmake_args' from command line to 'None'
[2.314s] Level 5:colcon.colcon_core.verb:set package 'first_robot_demo' build argument 'catkin_cmake_args' from command line to 'None'
[2.314s] Level 5:colcon.colcon_core.verb:set package 'first_robot_demo' build argument 'catkin_skip_building_tests' from command line to 'False'
[2.314s] DEBUG:colcon.colcon_core.verb:Building package 'first_robot_demo' with the following arguments: {'ament_cmake_args': None, 'build_base': '/home/omar/code/robotics_project/ros2_ws/build/first_robot_demo', 'catkin_cmake_args': None, 'catkin_skip_building_tests': False, 'cmake_args': None, 'cmake_clean_cache': False, 'cmake_clean_first': False, 'cmake_force_configure': False, 'cmake_target': None, 'cmake_target_skip_unavailable': False, 'install_base': '/home/omar/code/robotics_project/ros2_ws/install/first_robot_demo', 'merge_install': False, 'path': '/home/omar/code/robotics_project/ros2_ws/src/first_robot_demo', 'symlink_install': False, 'test_result_base': None}
[2.315s] INFO:colcon.colcon_core.executor:Executing jobs using 'parallel' executor
[2.315s] DEBUG:colcon.colcon_parallel_executor.executor.parallel:run_until_complete
[2.316s] INFO:colcon.colcon_ros.task.ament_python.build:Building ROS package in '/home/omar/code/robotics_project/ros2_ws/src/first_robot_demo' with build type 'ament_python'
[2.316s] Level 1:colcon.colcon_core.shell:create_environment_hook('first_robot_demo', 'ament_prefix_path')
[2.362s] INFO:colcon.colcon_core.plugin_system:Skipping extension 'colcon_core.shell.bat': Not used on non-Windows systems
[2.362s] INFO:colcon.colcon_core.shell:Creating environment hook '/home/omar/code/robotics_project/ros2_ws/install/first_robot_demo/share/first_robot_demo/hook/ament_prefix_path.ps1'
[2.374s] INFO:colcon.colcon_core.shell:Creating environment descriptor '/home/omar/code/robotics_project/ros2_ws/install/first_robot_demo/share/first_robot_demo/hook/ament_prefix_path.dsv'
[2.385s] INFO:colcon.colcon_core.shell:Creating environment hook '/home/omar/code/robotics_project/ros2_ws/install/first_robot_demo/share/first_robot_demo/hook/ament_prefix_path.sh'
[2.394s] INFO:colcon.colcon_core.shell:Skip shell extension 'powershell' for command environment: Not usable outside of PowerShell
[2.394s] DEBUG:colcon.colcon_core.shell:Skip shell extension 'dsv' for command environment
[2.697s] INFO:colcon.colcon_core.task.python.build:Building Python package in '/home/omar/code/robotics_project/ros2_ws/src/first_robot_demo'
[2.697s] INFO:colcon.colcon_core.shell:Skip shell extension 'powershell' for command environment: Not usable outside of PowerShell
[2.697s] DEBUG:colcon.colcon_core.shell:Skip shell extension 'dsv' for command environment
[8.362s] DEBUG:colcon.colcon_core.event_handler.log_command:Invoking command in '/home/omar/code/robotics_project/ros2_ws/src/first_robot_demo': PYTHONPATH=/home/omar/code/robotics_project/ros2_ws/build/first_robot_demo/prefix_override:/usr/lib/python3/dist-packages/colcon_core/task/python/colcon_distutils_commands:/home/omar/code/robotics_project/ros2_ws/install/first_robot_demo/lib/python3.12/site-packages:${PYTHONPATH} /usr/bin/python3 -W ignore:setup.py install is deprecated -W ignore:easy_install command is deprecated setup.py egg_info --egg-base ../../build/first_robot_demo build --build-base /home/omar/code/robotics_project/ros2_ws/build/first_robot_demo/build install --record /home/omar/code/robotics_project/ros2_ws/build/first_robot_demo/install.log --single-version-externally-managed install_data
[8.884s] DEBUG:colcon.colcon_core.event_handler.log_command:Invoked command in '/home/omar/code/robotics_project/ros2_ws/src/first_robot_demo' returned '0': PYTHONPATH=/home/omar/code/robotics_project/ros2_ws/build/first_robot_demo/prefix_override:/usr/lib/python3/dist-packages/colcon_core/task/python/colcon_distutils_commands:/home/omar/code/robotics_project/ros2_ws/install/first_robot_demo/lib/python3.12/site-packages:${PYTHONPATH} /usr/bin/python3 -W ignore:setup.py install is deprecated -W ignore:easy_install command is deprecated setup.py egg_info --egg-base ../../build/first_robot_demo build --build-base /home/omar/code/robotics_project/ros2_ws/build/first_robot_demo/build install --record /home/omar/code/robotics_project/ros2_ws/build/first_robot_demo/install.log --single-version-externally-managed install_data
[8.956s] Level 1:colcon.colcon_core.environment:checking '/home/omar/code/robotics_project/ros2_ws/install/first_robot_demo' for CMake module files
[8.957s] Level 1:colcon.colcon_core.environment:checking '/home/omar/code/robotics_project/ros2_ws/install/first_robot_demo' for CMake config files
[8.958s] Level 1:colcon.colcon_core.environment:checking '/home/omar/code/robotics_project/ros2_ws/install/first_robot_demo/lib'
[8.958s] Level 1:colcon.colcon_core.environment:checking '/home/omar/code/robotics_project/ros2_ws/install/first_robot_demo/bin'
[8.958s] Level 1:colcon.colcon_core.environment:checking '/home/omar/code/robotics_project/ros2_ws/install/first_robot_demo/lib/pkgconfig/first_robot_demo.pc'
[8.959s] Level 1:colcon.colcon_core.environment:checking '/home/omar/code/robotics_project/ros2_ws/install/first_robot_demo/lib/python3.12/site-packages'
[8.959s] Level 1:colcon.colcon_core.shell:create_environment_hook('first_robot_demo', 'pythonpath')
[8.959s] INFO:colcon.colcon_core.shell:Creating environment hook '/home/omar/code/robotics_project/ros2_ws/install/first_robot_demo/share/first_robot_demo/hook/pythonpath.ps1'
[8.960s] INFO:colcon.colcon_core.shell:Creating environment descriptor '/home/omar/code/robotics_project/ros2_ws/install/first_robot_demo/share/first_robot_demo/hook/pythonpath.dsv'
[8.960s] INFO:colcon.colcon_core.shell:Creating environment hook '/home/omar/code/robotics_project/ros2_ws/install/first_robot_demo/share/first_robot_demo/hook/pythonpath.sh'
[8.962s] Level 1:colcon.colcon_core.environment:checking '/home/omar/code/robotics_project/ros2_ws/install/first_robot_demo/bin'
[8.962s] Level 1:colcon.colcon_core.environment:create_environment_scripts_only(first_robot_demo)
[8.962s] INFO:colcon.colcon_core.shell:Creating package script '/home/omar/code/robotics_project/ros2_ws/install/first_robot_demo/share/first_robot_demo/package.ps1'
[8.975s] INFO:colcon.colcon_core.shell:Creating package descriptor '/home/omar/code/robotics_project/ros2_ws/install/first_robot_demo/share/first_robot_demo/package.dsv'
[8.986s] INFO:colcon.colcon_core.shell:Creating package script '/home/omar/code/robotics_project/ros2_ws/install/first_robot_demo/share/first_robot_demo/package.sh'
[8.988s] INFO:colcon.colcon_core.shell:Creating package script '/home/omar/code/robotics_project/ros2_ws/install/first_robot_demo/share/first_robot_demo/package.bash'
[9.000s] INFO:colcon.colcon_core.shell:Creating package script '/home/omar/code/robotics_project/ros2_ws/install/first_robot_demo/share/first_robot_demo/package.zsh'
[9.015s] Level 1:colcon.colcon_core.environment:create_file_with_runtime_dependencies(/home/omar/code/robotics_project/ros2_ws/install/first_robot_demo/share/colcon-core/packages/first_robot_demo)
[9.017s] DEBUG:colcon.colcon_parallel_executor.executor.parallel:closing loop
[9.018s] DEBUG:colcon.colcon_parallel_executor.executor.parallel:loop closed
[9.019s] DEBUG:colcon.colcon_parallel_executor.executor.parallel:run_until_complete finished with '0'
[9.019s] DEBUG:colcon.colcon_core.event_reactor:joining thread
[9.284s] INFO:colcon.colcon_core.plugin_system:Skipping extension 'colcon_notification.desktop_notification.notify_send': Could not find 'notify-send'
[9.284s] INFO:colcon.colcon_core.plugin_system:Skipping extension 'colcon_notification.desktop_notification.terminal_notifier': Not used on non-Darwin systems
[9.284s] INFO:colcon.colcon_core.plugin_system:Skipping extension 'colcon_notification.desktop_notification.win32': Not used on non-Windows systems
[9.284s] INFO:colcon.colcon_notification.desktop_notification:Sending desktop notification using 'notify2'
[9.660s] DEBUG:colcon.colcon_notification.desktop_notification.notify2:Failed to initialize notify2: org.freedesktop.DBus.Error.ServiceUnknown: The name org.freedesktop.Notifications was not provided by any .service files
[9.661s] DEBUG:colcon.colcon_core.event_reactor:joined thread
[9.661s] INFO:colcon.colcon_core.shell:Creating prefix script '/home/omar/code/robotics_project/ros2_ws/install/local_setup.ps1'
[9.662s] INFO:colcon.colcon_core.shell:Creating prefix util module '/home/omar/code/robotics_project/ros2_ws/install/_local_setup_util_ps1.py'
[9.664s] INFO:colcon.colcon_core.shell:Creating prefix chain script '/home/omar/code/robotics_project/ros2_ws/install/setup.ps1'
[9.665s] INFO:colcon.colcon_core.shell:Creating prefix script '/home/omar/code/robotics_project/ros2_ws/install/local_setup.sh'
[9.666s] INFO:colcon.colcon_core.shell:Creating prefix util module '/home/omar/code/robotics_project/ros2_ws/install/_local_setup_util_sh.py'
[9.666s] INFO:colcon.colcon_core.shell:Creating prefix chain script '/home/omar/code/robotics_project/ros2_ws/install/setup.sh'
[9.667s] INFO:colcon.colcon_core.shell:Creating prefix script '/home/omar/code/robotics_project/ros2_ws/install/local_setup.bash'
[9.668s] INFO:colcon.colcon_core.shell:Creating prefix chain script '/home/omar/code/robotics_project/ros2_ws/install/setup.bash'
[9.669s] INFO:colcon.colcon_core.shell:Creating prefix script '/home/omar/code/robotics_project/ros2_ws/install/local_setup.zsh'
[9.669s] INFO:colcon.colcon_core.shell:Creating prefix chain script '/home/omar/code/robotics_project/ros2_ws/install/setup.zsh'
