[7.394s] Invoking command in '/home/omar/code/robotics_project/ros2_ws/src/experiment_manager': PYTHONPATH=/home/omar/code/robotics_project/ros2_ws/build/experiment_manager/prefix_override:/usr/lib/python3/dist-packages/colcon_core/task/python/colcon_distutils_commands:/home/omar/code/robotics_project/ros2_ws/install/experiment_manager/lib/python3.12/site-packages:${PYTHONPATH} /usr/bin/python3 -W ignore:setup.py install is deprecated -W ignore:easy_install command is deprecated setup.py egg_info --egg-base ../../build/experiment_manager build --build-base /home/omar/code/robotics_project/ros2_ws/build/experiment_manager/build install --record /home/omar/code/robotics_project/ros2_ws/build/experiment_manager/install.log --single-version-externally-managed install_data
[7.661s] running egg_info
[7.696s] writing ../../build/experiment_manager/experiment_manager.egg-info/PKG-INFO
[7.697s] writing dependency_links to ../../build/experiment_manager/experiment_manager.egg-info/dependency_links.txt
[7.697s] writing entry points to ../../build/experiment_manager/experiment_manager.egg-info/entry_points.txt
[7.697s] writing requirements to ../../build/experiment_manager/experiment_manager.egg-info/requires.txt
[7.698s] writing top-level names to ../../build/experiment_manager/experiment_manager.egg-info/top_level.txt
[7.836s] reading manifest file '../../build/experiment_manager/experiment_manager.egg-info/SOURCES.txt'
[7.931s] writing manifest file '../../build/experiment_manager/experiment_manager.egg-info/SOURCES.txt'
[7.932s] running build
[7.932s] running build_py
[7.932s] running install
[7.943s] running install_lib
[7.990s] running install_data
[7.990s] running install_egg_info
[8.012s] removing '/home/omar/code/robotics_project/ros2_ws/install/experiment_manager/lib/python3.12/site-packages/experiment_manager-0.1.0-py3.12.egg-info' (and everything under it)
[8.015s] Copying ../../build/experiment_manager/experiment_manager.egg-info to /home/omar/code/robotics_project/ros2_ws/install/experiment_manager/lib/python3.12/site-packages/experiment_manager-0.1.0-py3.12.egg-info
[8.036s] running install_scripts
[8.181s] Installing baseline_trial_manager script to /home/omar/code/robotics_project/ros2_ws/install/experiment_manager/lib/experiment_manager
[8.181s] writing list of installed files to '/home/omar/code/robotics_project/ros2_ws/build/experiment_manager/install.log'
[8.226s] Invoked command in '/home/omar/code/robotics_project/ros2_ws/src/experiment_manager' returned '0': PYTHONPATH=/home/omar/code/robotics_project/ros2_ws/build/experiment_manager/prefix_override:/usr/lib/python3/dist-packages/colcon_core/task/python/colcon_distutils_commands:/home/omar/code/robotics_project/ros2_ws/install/experiment_manager/lib/python3.12/site-packages:${PYTHONPATH} /usr/bin/python3 -W ignore:setup.py install is deprecated -W ignore:easy_install command is deprecated setup.py egg_info --egg-base ../../build/experiment_manager build --build-base /home/omar/code/robotics_project/ros2_ws/build/experiment_manager/build install --record /home/omar/code/robotics_project/ros2_ws/build/experiment_manager/install.log --single-version-externally-managed install_data
