running develop
Removing /home/omar/code/robotics_project/ros2_ws/install/thesis_bringup/lib/python3.12/site-packages/thesis-bringup.egg-link (link to .)
running egg_info
writing ../../build/thesis_bringup/thesis_bringup.egg-info/PKG-INFO
writing dependency_links to ../../build/thesis_bringup/thesis_bringup.egg-info/dependency_links.txt
writing entry points to ../../build/thesis_bringup/thesis_bringup.egg-info/entry_points.txt
writing requirements to ../../build/thesis_bringup/thesis_bringup.egg-info/requires.txt
writing top-level names to ../../build/thesis_bringup/thesis_bringup.egg-info/top_level.txt
reading manifest file '../../build/thesis_bringup/thesis_bringup.egg-info/SOURCES.txt'
writing manifest file '../../build/thesis_bringup/thesis_bringup.egg-info/SOURCES.txt'
running build
running build_py
copying thesis_bringup/proposal_simulation_cell_v1_2_rgbd_validator.py -> /home/omar/code/robotics_project/ros2_ws/build/thesis_bringup/build/lib/thesis_bringup
running install
running install_lib
creating /home/omar/code/robotics_project/ros2_ws/install/thesis_bringup/lib/python3.12/site-packages/thesis_bringup
copying /home/omar/code/robotics_project/ros2_ws/build/thesis_bringup/build/lib/thesis_bringup/proposal_simulation_cell_v1_1_validator.py -> /home/omar/code/robotics_project/ros2_ws/install/thesis_bringup/lib/python3.12/site-packages/thesis_bringup
copying /home/omar/code/robotics_project/ros2_ws/build/thesis_bringup/build/lib/thesis_bringup/__init__.py -> /home/omar/code/robotics_project/ros2_ws/install/thesis_bringup/lib/python3.12/site-packages/thesis_bringup
copying /home/omar/code/robotics_project/ros2_ws/build/thesis_bringup/build/lib/thesis_bringup/proposal_simulation_cell_monitor.py -> /home/omar/code/robotics_project/ros2_ws/install/thesis_bringup/lib/python3.12/site-packages/thesis_bringup
copying /home/omar/code/robotics_project/ros2_ws/build/thesis_bringup/build/lib/thesis_bringup/controller_readiness_gate.py -> /home/omar/code/robotics_project/ros2_ws/install/thesis_bringup/lib/python3.12/site-packages/thesis_bringup
copying /home/omar/code/robotics_project/ros2_ws/build/thesis_bringup/build/lib/thesis_bringup/proposal_simulation_cell_v1_2_rgbd_validator.py -> /home/omar/code/robotics_project/ros2_ws/install/thesis_bringup/lib/python3.12/site-packages/thesis_bringup
byte-compiling /home/omar/code/robotics_project/ros2_ws/install/thesis_bringup/lib/python3.12/site-packages/thesis_bringup/proposal_simulation_cell_v1_1_validator.py to proposal_simulation_cell_v1_1_validator.cpython-312.pyc
byte-compiling /home/omar/code/robotics_project/ros2_ws/install/thesis_bringup/lib/python3.12/site-packages/thesis_bringup/__init__.py to __init__.cpython-312.pyc
byte-compiling /home/omar/code/robotics_project/ros2_ws/install/thesis_bringup/lib/python3.12/site-packages/thesis_bringup/proposal_simulation_cell_monitor.py to proposal_simulation_cell_monitor.cpython-312.pyc
byte-compiling /home/omar/code/robotics_project/ros2_ws/install/thesis_bringup/lib/python3.12/site-packages/thesis_bringup/controller_readiness_gate.py to controller_readiness_gate.cpython-312.pyc
byte-compiling /home/omar/code/robotics_project/ros2_ws/install/thesis_bringup/lib/python3.12/site-packages/thesis_bringup/proposal_simulation_cell_v1_2_rgbd_validator.py to proposal_simulation_cell_v1_2_rgbd_validator.cpython-312.pyc
running install_data
copying resource/thesis_bringup -> /home/omar/code/robotics_project/ros2_ws/install/thesis_bringup/share/ament_index/resource_index/packages
copying package.xml -> /home/omar/code/robotics_project/ros2_ws/install/thesis_bringup/share/thesis_bringup
copying README.md -> /home/omar/code/robotics_project/ros2_ws/install/thesis_bringup/share/thesis_bringup
copying launch/run_full_robot_contact_validation_trial.launch.py -> /home/omar/code/robotics_project/ros2_ws/install/thesis_bringup/share/thesis_bringup/launch
copying launch/run_move_group_ik_diagnostic.launch.py -> /home/omar/code/robotics_project/ros2_ws/install/thesis_bringup/share/thesis_bringup/launch
copying launch/proposal_simulation_cell_v1_2_rgbd_image_bridge_fix.launch.py -> /home/omar/code/robotics_project/ros2_ws/install/thesis_bringup/share/thesis_bringup/launch
copying launch/run_contact_probe_validation_trial.launch.py -> /home/omar/code/robotics_project/ros2_ws/install/thesis_bringup/share/thesis_bringup/launch
copying launch/run_moveit_ik_diagnostic.launch.py -> /home/omar/code/robotics_project/ros2_ws/install/thesis_bringup/share/thesis_bringup/launch
copying launch/run_full_cartesian_insertion_diagnostics.launch.py -> /home/omar/code/robotics_project/ros2_ws/install/thesis_bringup/share/thesis_bringup/launch
copying launch/research_baseline.launch.py -> /home/omar/code/robotics_project/ros2_ws/install/thesis_bringup/share/thesis_bringup/launch
copying launch/proposal_simulation_cell_v1_0.launch.py -> /home/omar/code/robotics_project/ros2_ws/install/thesis_bringup/share/thesis_bringup/launch
copying launch/run_full_segmented_guarded_contact_trial.launch.py -> /home/omar/code/robotics_project/ros2_ws/install/thesis_bringup/share/thesis_bringup/launch
copying launch/run_full_segmented_robot_contact_trial.launch.py -> /home/omar/code/robotics_project/ros2_ws/install/thesis_bringup/share/thesis_bringup/launch
copying launch/research_baseline_v2_4_experiment_runner.launch.py -> /home/omar/code/robotics_project/ros2_ws/install/thesis_bringup/share/thesis_bringup/launch
copying launch/run_full_contact_validation_trial.launch.py -> /home/omar/code/robotics_project/ros2_ws/install/thesis_bringup/share/thesis_bringup/launch
copying launch/run_full_peg_hole_insertion_validation_trial.launch.py -> /home/omar/code/robotics_project/ros2_ws/install/thesis_bringup/share/thesis_bringup/launch
copying launch/run_research_trial.launch.py -> /home/omar/code/robotics_project/ros2_ws/install/thesis_bringup/share/thesis_bringup/launch
copying launch/run_full_research_trial.launch.py -> /home/omar/code/robotics_project/ros2_ws/install/thesis_bringup/share/thesis_bringup/launch
copying launch/proposal_simulation_cell_v1_1_sensor_and_scene_validation.launch.py -> /home/omar/code/robotics_project/ros2_ws/install/thesis_bringup/share/thesis_bringup/launch
copying launch/run_minimal_contact_validation.launch.py -> /home/omar/code/robotics_project/ros2_ws/install/thesis_bringup/share/thesis_bringup/launch
copying config/contact_validation_bridge.yaml -> /home/omar/code/robotics_project/ros2_ws/install/thesis_bringup/share/thesis_bringup/config
copying config/research_baseline_v2_4_experiment_config.yaml -> /home/omar/code/robotics_project/ros2_ws/install/thesis_bringup/share/thesis_bringup/config
copying config/research_baseline.yaml -> /home/omar/code/robotics_project/ros2_ws/install/thesis_bringup/share/thesis_bringup/config
copying config/proposal_simulation_cell_v1_0.yaml -> /home/omar/code/robotics_project/ros2_ws/install/thesis_bringup/share/thesis_bringup/config
copying config/proposal_simulation_cell_v1_2.yaml -> /home/omar/code/robotics_project/ros2_ws/install/thesis_bringup/share/thesis_bringup/config
copying config/proposal_simulation_cell_v1_1.yaml -> /home/omar/code/robotics_project/ros2_ws/install/thesis_bringup/share/thesis_bringup/config
copying config/contact_bridge.yaml -> /home/omar/code/robotics_project/ros2_ws/install/thesis_bringup/share/thesis_bringup/config
running install_egg_info
Copying ../../build/thesis_bringup/thesis_bringup.egg-info to /home/omar/code/robotics_project/ros2_ws/install/thesis_bringup/lib/python3.12/site-packages/thesis_bringup-0.1.0-py3.12.egg-info
running install_scripts
Installing controller_readiness_gate script to /home/omar/code/robotics_project/ros2_ws/install/thesis_bringup/lib/thesis_bringup
Installing proposal_simulation_cell_monitor script to /home/omar/code/robotics_project/ros2_ws/install/thesis_bringup/lib/thesis_bringup
Installing proposal_simulation_cell_v1_1_validator script to /home/omar/code/robotics_project/ros2_ws/install/thesis_bringup/lib/thesis_bringup
Installing proposal_simulation_cell_v1_2_rgbd_validator script to /home/omar/code/robotics_project/ros2_ws/install/thesis_bringup/lib/thesis_bringup
writing list of installed files to '/home/omar/code/robotics_project/ros2_ws/build/thesis_bringup/install.log'
