[9.314s] Invoking command in '/home/omar/code/robotics_project/ros2_ws/src/safety_layer': PYTHONPATH=/home/omar/code/robotics_project/ros2_ws/build/safety_layer/prefix_override:/usr/lib/python3/dist-packages/colcon_core/task/python/colcon_distutils_commands:/home/omar/code/robotics_project/ros2_ws/install/safety_layer/lib/python3.12/site-packages:${PYTHONPATH} /usr/bin/python3 -W ignore:setup.py install is deprecated -W ignore:easy_install command is deprecated setup.py egg_info --egg-base ../../build/safety_layer build --build-base /home/omar/code/robotics_project/ros2_ws/build/safety_layer/build install --record /home/omar/code/robotics_project/ros2_ws/build/safety_layer/install.log --single-version-externally-managed install_data
[9.594s] running egg_info
[9.617s] writing ../../build/safety_layer/safety_layer.egg-info/PKG-INFO
[9.617s] writing dependency_links to ../../build/safety_layer/safety_layer.egg-info/dependency_links.txt
[9.617s] writing entry points to ../../build/safety_layer/safety_layer.egg-info/entry_points.txt
[9.617s] writing requirements to ../../build/safety_layer/safety_layer.egg-info/requires.txt
[9.617s] writing top-level names to ../../build/safety_layer/safety_layer.egg-info/top_level.txt
[9.674s] reading manifest file '../../build/safety_layer/safety_layer.egg-info/SOURCES.txt'
[9.726s] writing manifest file '../../build/safety_layer/safety_layer.egg-info/SOURCES.txt'
[9.726s] running build
[9.727s] running build_py
[9.727s] running install
[9.732s] running install_lib
[9.774s] running install_data
[9.775s] running install_egg_info
[9.797s] removing '/home/omar/code/robotics_project/ros2_ws/install/safety_layer/lib/python3.12/site-packages/safety_layer-0.1.0-py3.12.egg-info' (and everything under it)
[9.888s] Copying ../../build/safety_layer/safety_layer.egg-info to /home/omar/code/robotics_project/ros2_ws/install/safety_layer/lib/python3.12/site-packages/safety_layer-0.1.0-py3.12.egg-info
[9.899s] running install_scripts
[10.068s] Installing safety_monitor script to /home/omar/code/robotics_project/ros2_ws/install/safety_layer/lib/safety_layer
[10.068s] writing list of installed files to '/home/omar/code/robotics_project/ros2_ws/build/safety_layer/install.log'
[10.130s] Invoked command in '/home/omar/code/robotics_project/ros2_ws/src/safety_layer' returned '0': PYTHONPATH=/home/omar/code/robotics_project/ros2_ws/build/safety_layer/prefix_override:/usr/lib/python3/dist-packages/colcon_core/task/python/colcon_distutils_commands:/home/omar/code/robotics_project/ros2_ws/install/safety_layer/lib/python3.12/site-packages:${PYTHONPATH} /usr/bin/python3 -W ignore:setup.py install is deprecated -W ignore:easy_install command is deprecated setup.py egg_info --egg-base ../../build/safety_layer build --build-base /home/omar/code/robotics_project/ros2_ws/build/safety_layer/build install --record /home/omar/code/robotics_project/ros2_ws/build/safety_layer/install.log --single-version-externally-managed install_data
