[ 33%] Built target kuka_lbr_iisy_moveit_config_iisy3
[ 66%] Built target kuka_lbr_iisy_moveit_config_iisy15
[100%] Built target kuka_lbr_iisy_moveit_config_iisy11
-- Install configuration: ""
-- Up-to-date: /home/omar/code/robotics_project/ros2_ws/install/kuka_lbr_iisy_moveit_config/share/kuka_lbr_iisy_moveit_config/urdf/lbr_iisy3_r760.srdf
-- Up-to-date: /home/omar/code/robotics_project/ros2_ws/install/kuka_lbr_iisy_moveit_config/share/kuka_lbr_iisy_moveit_config/urdf/lbr_iisy11_r1300.srdf
-- Up-to-date: /home/omar/code/robotics_project/ros2_ws/install/kuka_lbr_iisy_moveit_config/share/kuka_lbr_iisy_moveit_config/urdf/lbr_iisy15_r930.srdf
-- Up-to-date: /home/omar/code/robotics_project/ros2_ws/install/kuka_lbr_iisy_moveit_config/share/kuka_lbr_iisy_moveit_config/config
-- Up-to-date: /home/omar/code/robotics_project/ros2_ws/install/kuka_lbr_iisy_moveit_config/share/kuka_lbr_iisy_moveit_config/config/chomp_planning.yaml
-- Up-to-date: /home/omar/code/robotics_project/ros2_ws/install/kuka_lbr_iisy_moveit_config/share/kuka_lbr_iisy_moveit_config/config/kinematics.yaml
-- Up-to-date: /home/omar/code/robotics_project/ros2_ws/install/kuka_lbr_iisy_moveit_config/share/kuka_lbr_iisy_moveit_config/config/pilz_cartesian_limits.yaml
-- Up-to-date: /home/omar/code/robotics_project/ros2_ws/install/kuka_lbr_iisy_moveit_config/share/kuka_lbr_iisy_moveit_config/config/ompl_planning.yaml
-- Up-to-date: /home/omar/code/robotics_project/ros2_ws/install/kuka_lbr_iisy_moveit_config/share/kuka_lbr_iisy_moveit_config/config/moveit_controllers.yaml
-- Up-to-date: /home/omar/code/robotics_project/ros2_ws/install/kuka_lbr_iisy_moveit_config/share/kuka_lbr_iisy_moveit_config/config/stomp_planning.yaml
-- Up-to-date: /home/omar/code/robotics_project/ros2_ws/install/kuka_lbr_iisy_moveit_config/share/kuka_lbr_iisy_moveit_config/launch
-- Up-to-date: /home/omar/code/robotics_project/ros2_ws/install/kuka_lbr_iisy_moveit_config/share/kuka_lbr_iisy_moveit_config/launch/moveit_planning_fake_hardware.launch.py
-- Up-to-date: /home/omar/code/robotics_project/ros2_ws/install/kuka_lbr_iisy_moveit_config/share/kuka_lbr_iisy_moveit_config/launch/moveit_server.launch.py
-- Up-to-date: /home/omar/code/robotics_project/ros2_ws/install/kuka_lbr_iisy_moveit_config/share/ament_index/resource_index/package_run_dependencies/kuka_lbr_iisy_moveit_config
-- Up-to-date: /home/omar/code/robotics_project/ros2_ws/install/kuka_lbr_iisy_moveit_config/share/ament_index/resource_index/parent_prefix_path/kuka_lbr_iisy_moveit_config
-- Up-to-date: /home/omar/code/robotics_project/ros2_ws/install/kuka_lbr_iisy_moveit_config/share/kuka_lbr_iisy_moveit_config/environment/ament_prefix_path.sh
-- Up-to-date: /home/omar/code/robotics_project/ros2_ws/install/kuka_lbr_iisy_moveit_config/share/kuka_lbr_iisy_moveit_config/environment/ament_prefix_path.dsv
-- Up-to-date: /home/omar/code/robotics_project/ros2_ws/install/kuka_lbr_iisy_moveit_config/share/kuka_lbr_iisy_moveit_config/environment/path.sh
-- Up-to-date: /home/omar/code/robotics_project/ros2_ws/install/kuka_lbr_iisy_moveit_config/share/kuka_lbr_iisy_moveit_config/environment/path.dsv
-- Up-to-date: /home/omar/code/robotics_project/ros2_ws/install/kuka_lbr_iisy_moveit_config/share/kuka_lbr_iisy_moveit_config/local_setup.bash
-- Up-to-date: /home/omar/code/robotics_project/ros2_ws/install/kuka_lbr_iisy_moveit_config/share/kuka_lbr_iisy_moveit_config/local_setup.sh
-- Up-to-date: /home/omar/code/robotics_project/ros2_ws/install/kuka_lbr_iisy_moveit_config/share/kuka_lbr_iisy_moveit_config/local_setup.zsh
-- Up-to-date: /home/omar/code/robotics_project/ros2_ws/install/kuka_lbr_iisy_moveit_config/share/kuka_lbr_iisy_moveit_config/local_setup.dsv
-- Installing: /home/omar/code/robotics_project/ros2_ws/install/kuka_lbr_iisy_moveit_config/share/kuka_lbr_iisy_moveit_config/package.dsv
-- Up-to-date: /home/omar/code/robotics_project/ros2_ws/install/kuka_lbr_iisy_moveit_config/share/ament_index/resource_index/packages/kuka_lbr_iisy_moveit_config
-- Up-to-date: /home/omar/code/robotics_project/ros2_ws/install/kuka_lbr_iisy_moveit_config/share/kuka_lbr_iisy_moveit_config/cmake/kuka_lbr_iisy_moveit_configConfig.cmake
-- Up-to-date: /home/omar/code/robotics_project/ros2_ws/install/kuka_lbr_iisy_moveit_config/share/kuka_lbr_iisy_moveit_config/cmake/kuka_lbr_iisy_moveit_configConfig-version.cmake
-- Up-to-date: /home/omar/code/robotics_project/ros2_ws/install/kuka_lbr_iisy_moveit_config/share/kuka_lbr_iisy_moveit_config/package.xml
