[0.107s] Invoking command in '/home/omar/code/robotics_project/ros2_ws/build/kuka_cybertech_support': CMAKE_PREFIX_PATH=/home/omar/code/robotics_project/ros2_ws/install/kuka_resources:/home/omar/code/robotics_project/ros2_ws/install/kuka_robot_descriptions:/home/omar/code/robotics_project/ros2_ws/install/kuka_quantec_support:/home/omar/code/robotics_project/ros2_ws/install/kuka_lbr_iiwa_support:/home/omar/code/robotics_project/ros2_ws/install/kuka_lbr_iiwa_moveit_config:/home/omar/code/robotics_project/ros2_ws/install/kuka_lbr_iisy_support:/home/omar/code/robotics_project/ros2_ws/install/kuka_lbr_iisy_moveit_config:/home/omar/code/robotics_project/ros2_ws/install/kuka_kr_moveit_config:/home/omar/code/robotics_project/ros2_ws/install/kuka_iontec_support:/home/omar/code/robotics_project/ros2_ws/install/kuka_fortec_support:/home/omar/code/robotics_project/ros2_ws/install/kuka_cybertech_support:/home/omar/code/robotics_project/ros2_ws/install/kuka_agilus_support:/home/omar/code/robotics_project/ros2_ws/install/kuka_mock_hardware_interface:/home/omar/code/robotics_project/ros2_ws/install/kuka_kl_support:/home/omar/code/robotics_project/ros2_ws/install/kuka_gazebo:/opt/ros/jazzy/opt/gz_sim_vendor:/opt/ros/jazzy/opt/gz_sensors_vendor:/opt/ros/jazzy/opt/gz_physics_vendor:/opt/ros/jazzy/opt/sdformat_vendor:/opt/ros/jazzy/opt/gz_gui_vendor:/opt/ros/jazzy/opt/gz_transport_vendor:/opt/ros/jazzy/opt/gz_rendering_vendor:/opt/ros/jazzy/opt/gz_plugin_vendor:/opt/ros/jazzy/opt/gz_fuel_tools_vendor:/opt/ros/jazzy/opt/gz_msgs_vendor:/opt/ros/jazzy/opt/gz_common_vendor:/opt/ros/jazzy/opt/gz_math_vendor:/opt/ros/jazzy/opt/gz_utils_vendor:/opt/ros/jazzy/opt/gz_tools_vendor:/opt/ros/jazzy/opt/gz_ogre_next_vendor:/opt/ros/jazzy/opt/gz_dartsim_vendor:/opt/ros/jazzy/opt/gz_cmake_vendor:/home/omar/code/robotics_project/ros2_ws/install/thesis_bringup:/home/omar/code/robotics_project/ros2_ws/install/safety_layer:/home/omar/code/robotics_project/ros2_ws/install/robot_simulation:/home/omar/code/robotics_project/ros2_ws/install/robot_description:/home/omar/code/robotics_project/ros2_ws/install/perception_pipeline:/home/omar/code/robotics_project/ros2_ws/install/peg_in_hole_description:/home/omar/code/robotics_project/ros2_ws/install/learning_interface:/home/omar/code/robotics_project/ros2_ws/install/kuka_task_control:/home/omar/code/robotics_project/ros2_ws/install/kuka_description:/home/omar/code/robotics_project/ros2_ws/install/first_robot_demo:/home/omar/code/robotics_project/ros2_ws/install/experiment_manager:/opt/ros/jazzy /usr/bin/cmake --build /home/omar/code/robotics_project/ros2_ws/build/kuka_cybertech_support -- -j8 -l8
[0.233s] Invoked command in '/home/omar/code/robotics_project/ros2_ws/build/kuka_cybertech_support' returned '0': CMAKE_PREFIX_PATH=/home/omar/code/robotics_project/ros2_ws/install/kuka_resources:/home/omar/code/robotics_project/ros2_ws/install/kuka_robot_descriptions:/home/omar/code/robotics_project/ros2_ws/install/kuka_quantec_support:/home/omar/code/robotics_project/ros2_ws/install/kuka_lbr_iiwa_support:/home/omar/code/robotics_project/ros2_ws/install/kuka_lbr_iiwa_moveit_config:/home/omar/code/robotics_project/ros2_ws/install/kuka_lbr_iisy_support:/home/omar/code/robotics_project/ros2_ws/install/kuka_lbr_iisy_moveit_config:/home/omar/code/robotics_project/ros2_ws/install/kuka_kr_moveit_config:/home/omar/code/robotics_project/ros2_ws/install/kuka_iontec_support:/home/omar/code/robotics_project/ros2_ws/install/kuka_fortec_support:/home/omar/code/robotics_project/ros2_ws/install/kuka_cybertech_support:/home/omar/code/robotics_project/ros2_ws/install/kuka_agilus_support:/home/omar/code/robotics_project/ros2_ws/install/kuka_mock_hardware_interface:/home/omar/code/robotics_project/ros2_ws/install/kuka_kl_support:/home/omar/code/robotics_project/ros2_ws/install/kuka_gazebo:/opt/ros/jazzy/opt/gz_sim_vendor:/opt/ros/jazzy/opt/gz_sensors_vendor:/opt/ros/jazzy/opt/gz_physics_vendor:/opt/ros/jazzy/opt/sdformat_vendor:/opt/ros/jazzy/opt/gz_gui_vendor:/opt/ros/jazzy/opt/gz_transport_vendor:/opt/ros/jazzy/opt/gz_rendering_vendor:/opt/ros/jazzy/opt/gz_plugin_vendor:/opt/ros/jazzy/opt/gz_fuel_tools_vendor:/opt/ros/jazzy/opt/gz_msgs_vendor:/opt/ros/jazzy/opt/gz_common_vendor:/opt/ros/jazzy/opt/gz_math_vendor:/opt/ros/jazzy/opt/gz_utils_vendor:/opt/ros/jazzy/opt/gz_tools_vendor:/opt/ros/jazzy/opt/gz_ogre_next_vendor:/opt/ros/jazzy/opt/gz_dartsim_vendor:/opt/ros/jazzy/opt/gz_cmake_vendor:/home/omar/code/robotics_project/ros2_ws/install/thesis_bringup:/home/omar/code/robotics_project/ros2_ws/install/safety_layer:/home/omar/code/robotics_project/ros2_ws/install/robot_simulation:/home/omar/code/robotics_project/ros2_ws/install/robot_description:/home/omar/code/robotics_project/ros2_ws/install/perception_pipeline:/home/omar/code/robotics_project/ros2_ws/install/peg_in_hole_description:/home/omar/code/robotics_project/ros2_ws/install/learning_interface:/home/omar/code/robotics_project/ros2_ws/install/kuka_task_control:/home/omar/code/robotics_project/ros2_ws/install/kuka_description:/home/omar/code/robotics_project/ros2_ws/install/first_robot_demo:/home/omar/code/robotics_project/ros2_ws/install/experiment_manager:/opt/ros/jazzy /usr/bin/cmake --build /home/omar/code/robotics_project/ros2_ws/build/kuka_cybertech_support -- -j8 -l8
[0.234s] Invoking command in '/home/omar/code/robotics_project/ros2_ws/build/kuka_cybertech_support': CMAKE_PREFIX_PATH=/home/omar/code/robotics_project/ros2_ws/install/kuka_resources:/home/omar/code/robotics_project/ros2_ws/install/kuka_robot_descriptions:/home/omar/code/robotics_project/ros2_ws/install/kuka_quantec_support:/home/omar/code/robotics_project/ros2_ws/install/kuka_lbr_iiwa_support:/home/omar/code/robotics_project/ros2_ws/install/kuka_lbr_iiwa_moveit_config:/home/omar/code/robotics_project/ros2_ws/install/kuka_lbr_iisy_support:/home/omar/code/robotics_project/ros2_ws/install/kuka_lbr_iisy_moveit_config:/home/omar/code/robotics_project/ros2_ws/install/kuka_kr_moveit_config:/home/omar/code/robotics_project/ros2_ws/install/kuka_iontec_support:/home/omar/code/robotics_project/ros2_ws/install/kuka_fortec_support:/home/omar/code/robotics_project/ros2_ws/install/kuka_cybertech_support:/home/omar/code/robotics_project/ros2_ws/install/kuka_agilus_support:/home/omar/code/robotics_project/ros2_ws/install/kuka_mock_hardware_interface:/home/omar/code/robotics_project/ros2_ws/install/kuka_kl_support:/home/omar/code/robotics_project/ros2_ws/install/kuka_gazebo:/opt/ros/jazzy/opt/gz_sim_vendor:/opt/ros/jazzy/opt/gz_sensors_vendor:/opt/ros/jazzy/opt/gz_physics_vendor:/opt/ros/jazzy/opt/sdformat_vendor:/opt/ros/jazzy/opt/gz_gui_vendor:/opt/ros/jazzy/opt/gz_transport_vendor:/opt/ros/jazzy/opt/gz_rendering_vendor:/opt/ros/jazzy/opt/gz_plugin_vendor:/opt/ros/jazzy/opt/gz_fuel_tools_vendor:/opt/ros/jazzy/opt/gz_msgs_vendor:/opt/ros/jazzy/opt/gz_common_vendor:/opt/ros/jazzy/opt/gz_math_vendor:/opt/ros/jazzy/opt/gz_utils_vendor:/opt/ros/jazzy/opt/gz_tools_vendor:/opt/ros/jazzy/opt/gz_ogre_next_vendor:/opt/ros/jazzy/opt/gz_dartsim_vendor:/opt/ros/jazzy/opt/gz_cmake_vendor:/home/omar/code/robotics_project/ros2_ws/install/thesis_bringup:/home/omar/code/robotics_project/ros2_ws/install/safety_layer:/home/omar/code/robotics_project/ros2_ws/install/robot_simulation:/home/omar/code/robotics_project/ros2_ws/install/robot_description:/home/omar/code/robotics_project/ros2_ws/install/perception_pipeline:/home/omar/code/robotics_project/ros2_ws/install/peg_in_hole_description:/home/omar/code/robotics_project/ros2_ws/install/learning_interface:/home/omar/code/robotics_project/ros2_ws/install/kuka_task_control:/home/omar/code/robotics_project/ros2_ws/install/kuka_description:/home/omar/code/robotics_project/ros2_ws/install/first_robot_demo:/home/omar/code/robotics_project/ros2_ws/install/experiment_manager:/opt/ros/jazzy /usr/bin/cmake --install /home/omar/code/robotics_project/ros2_ws/build/kuka_cybertech_support
[0.245s] -- Install configuration: ""
[0.246s] -- Up-to-date: /home/omar/code/robotics_project/ros2_ws/install/kuka_cybertech_support/share/kuka_cybertech_support/config
[0.246s] -- Up-to-date: /home/omar/code/robotics_project/ros2_ws/install/kuka_cybertech_support/share/kuka_cybertech_support/config/kr16_r1610_2_joint_limits.yaml
[0.246s] -- Up-to-date: /home/omar/code/robotics_project/ros2_ws/install/kuka_cybertech_support/share/kuka_cybertech_support/config/kr12_r1450_3_hw_joint_limits.yaml
[0.246s] -- Up-to-date: /home/omar/code/robotics_project/ros2_ws/install/kuka_cybertech_support/share/kuka_cybertech_support/config/kr8_r1440_2_arc_hw_joint_limits.yaml
[0.246s] -- Up-to-date: /home/omar/code/robotics_project/ros2_ws/install/kuka_cybertech_support/share/kuka_cybertech_support/config/kr16_r2010_2_joint_limits.yaml
[0.246s] -- Up-to-date: /home/omar/code/robotics_project/ros2_ws/install/kuka_cybertech_support/share/kuka_cybertech_support/config/kr8_r2100_2_arc_hw_joint_limits.yaml
[0.247s] -- Up-to-date: /home/omar/code/robotics_project/ros2_ws/install/kuka_cybertech_support/share/kuka_cybertech_support/config/kr20_r1810_2_joint_limits.yaml
[0.247s] -- Up-to-date: /home/omar/code/robotics_project/ros2_ws/install/kuka_cybertech_support/share/kuka_cybertech_support/launch
[0.247s] -- Up-to-date: /home/omar/code/robotics_project/ros2_ws/install/kuka_cybertech_support/share/kuka_cybertech_support/launch/test_kr8_r2100_2_arc_hw.launch.py
[0.247s] -- Up-to-date: /home/omar/code/robotics_project/ros2_ws/install/kuka_cybertech_support/share/kuka_cybertech_support/launch/test_kr12_r1450_3_hw.launch.py
[0.247s] -- Up-to-date: /home/omar/code/robotics_project/ros2_ws/install/kuka_cybertech_support/share/kuka_cybertech_support/launch/test_kr20_r1810_2.launch.py
[0.247s] -- Up-to-date: /home/omar/code/robotics_project/ros2_ws/install/kuka_cybertech_support/share/kuka_cybertech_support/launch/test_kr16_r2010_2.launch.py
[0.247s] -- Up-to-date: /home/omar/code/robotics_project/ros2_ws/install/kuka_cybertech_support/share/kuka_cybertech_support/launch/test_kr8_r1440_2_arc_hw.launch.py
[0.247s] -- Up-to-date: /home/omar/code/robotics_project/ros2_ws/install/kuka_cybertech_support/share/kuka_cybertech_support/launch/test_kr16_r1610_2.launch.py
[0.248s] -- Up-to-date: /home/omar/code/robotics_project/ros2_ws/install/kuka_cybertech_support/share/kuka_cybertech_support/meshes
[0.248s] -- Up-to-date: /home/omar/code/robotics_project/ros2_ws/install/kuka_cybertech_support/share/kuka_cybertech_support/meshes/kr20_r1810_2
[0.248s] -- Up-to-date: /home/omar/code/robotics_project/ros2_ws/install/kuka_cybertech_support/share/kuka_cybertech_support/meshes/kr20_r1810_2/visual
[0.248s] -- Up-to-date: /home/omar/code/robotics_project/ros2_ws/install/kuka_cybertech_support/share/kuka_cybertech_support/meshes/kr20_r1810_2/visual/link_5.dae
[0.248s] -- Up-to-date: /home/omar/code/robotics_project/ros2_ws/install/kuka_cybertech_support/share/kuka_cybertech_support/meshes/kr20_r1810_2/visual/link_1.dae
[0.249s] -- Up-to-date: /home/omar/code/robotics_project/ros2_ws/install/kuka_cybertech_support/share/kuka_cybertech_support/meshes/kr20_r1810_2/visual/link_4.dae
[0.249s] -- Up-to-date: /home/omar/code/robotics_project/ros2_ws/install/kuka_cybertech_support/share/kuka_cybertech_support/meshes/kr20_r1810_2/visual/base_link.dae
[0.249s] -- Up-to-date: /home/omar/code/robotics_project/ros2_ws/install/kuka_cybertech_support/share/kuka_cybertech_support/meshes/kr20_r1810_2/visual/link_3.dae
[0.249s] -- Up-to-date: /home/omar/code/robotics_project/ros2_ws/install/kuka_cybertech_support/share/kuka_cybertech_support/meshes/kr20_r1810_2/visual/link_2.dae
[0.249s] -- Up-to-date: /home/omar/code/robotics_project/ros2_ws/install/kuka_cybertech_support/share/kuka_cybertech_support/meshes/kr20_r1810_2/visual/link_6.dae
[0.249s] -- Up-to-date: /home/omar/code/robotics_project/ros2_ws/install/kuka_cybertech_support/share/kuka_cybertech_support/meshes/kr20_r1810_2/collision
[0.250s] -- Up-to-date: /home/omar/code/robotics_project/ros2_ws/install/kuka_cybertech_support/share/kuka_cybertech_support/meshes/kr20_r1810_2/collision/link_5.stl
[0.250s] -- Up-to-date: /home/omar/code/robotics_project/ros2_ws/install/kuka_cybertech_support/share/kuka_cybertech_support/meshes/kr20_r1810_2/collision/link_4.stl
[0.250s] -- Up-to-date: /home/omar/code/robotics_project/ros2_ws/install/kuka_cybertech_support/share/kuka_cybertech_support/meshes/kr20_r1810_2/collision/link_2.stl
[0.250s] -- Up-to-date: /home/omar/code/robotics_project/ros2_ws/install/kuka_cybertech_support/share/kuka_cybertech_support/meshes/kr20_r1810_2/collision/base_link.stl
[0.250s] -- Up-to-date: /home/omar/code/robotics_project/ros2_ws/install/kuka_cybertech_support/share/kuka_cybertech_support/meshes/kr20_r1810_2/collision/link_6.stl
[0.250s] -- Up-to-date: /home/omar/code/robotics_project/ros2_ws/install/kuka_cybertech_support/share/kuka_cybertech_support/meshes/kr20_r1810_2/collision/link_3.stl
[0.250s] -- Up-to-date: /home/omar/code/robotics_project/ros2_ws/install/kuka_cybertech_support/share/kuka_cybertech_support/meshes/kr20_r1810_2/collision/link_1.stl
[0.250s] -- Up-to-date: /home/omar/code/robotics_project/ros2_ws/install/kuka_cybertech_support/share/kuka_cybertech_support/meshes/kr16_r2010_2
[0.250s] -- Up-to-date: /home/omar/code/robotics_project/ros2_ws/install/kuka_cybertech_support/share/kuka_cybertech_support/meshes/kr16_r2010_2/visual
[0.250s] -- Up-to-date: /home/omar/code/robotics_project/ros2_ws/install/kuka_cybertech_support/share/kuka_cybertech_support/meshes/kr16_r2010_2/visual/link_5.stl
[0.250s] -- Up-to-date: /home/omar/code/robotics_project/ros2_ws/install/kuka_cybertech_support/share/kuka_cybertech_support/meshes/kr16_r2010_2/visual/link_4.stl
[0.250s] -- Up-to-date: /home/omar/code/robotics_project/ros2_ws/install/kuka_cybertech_support/share/kuka_cybertech_support/meshes/kr16_r2010_2/visual/link_2.stl
[0.251s] -- Up-to-date: /home/omar/code/robotics_project/ros2_ws/install/kuka_cybertech_support/share/kuka_cybertech_support/meshes/kr16_r2010_2/visual/base_link.stl
[0.251s] -- Up-to-date: /home/omar/code/robotics_project/ros2_ws/install/kuka_cybertech_support/share/kuka_cybertech_support/meshes/kr16_r2010_2/visual/link_6.stl
[0.251s] -- Up-to-date: /home/omar/code/robotics_project/ros2_ws/install/kuka_cybertech_support/share/kuka_cybertech_support/meshes/kr16_r2010_2/visual/link_3.stl
[0.251s] -- Up-to-date: /home/omar/code/robotics_project/ros2_ws/install/kuka_cybertech_support/share/kuka_cybertech_support/meshes/kr16_r2010_2/visual/link_1.stl
[0.251s] -- Up-to-date: /home/omar/code/robotics_project/ros2_ws/install/kuka_cybertech_support/share/kuka_cybertech_support/meshes/kr16_r2010_2/collision
[0.251s] -- Up-to-date: /home/omar/code/robotics_project/ros2_ws/install/kuka_cybertech_support/share/kuka_cybertech_support/meshes/kr16_r2010_2/collision/link_5.stl
[0.251s] -- Up-to-date: /home/omar/code/robotics_project/ros2_ws/install/kuka_cybertech_support/share/kuka_cybertech_support/meshes/kr16_r2010_2/collision/link_4.stl
[0.251s] -- Up-to-date: /home/omar/code/robotics_project/ros2_ws/install/kuka_cybertech_support/share/kuka_cybertech_support/meshes/kr16_r2010_2/collision/link_2.stl
[0.251s] -- Up-to-date: /home/omar/code/robotics_project/ros2_ws/install/kuka_cybertech_support/share/kuka_cybertech_support/meshes/kr16_r2010_2/collision/base_link.stl
[0.251s] -- Up-to-date: /home/omar/code/robotics_project/ros2_ws/install/kuka_cybertech_support/share/kuka_cybertech_support/meshes/kr16_r2010_2/collision/link_6.stl
[0.251s] -- Up-to-date: /home/omar/code/robotics_project/ros2_ws/install/kuka_cybertech_support/share/kuka_cybertech_support/meshes/kr16_r2010_2/collision/link_3.stl
[0.251s] -- Up-to-date: /home/omar/code/robotics_project/ros2_ws/install/kuka_cybertech_support/share/kuka_cybertech_support/meshes/kr16_r2010_2/collision/link_1.stl
[0.251s] -- Up-to-date: /home/omar/code/robotics_project/ros2_ws/install/kuka_cybertech_support/share/kuka_cybertech_support/meshes/kr8_r2100_2_arc_hw
[0.251s] -- Up-to-date: /home/omar/code/robotics_project/ros2_ws/install/kuka_cybertech_support/share/kuka_cybertech_support/meshes/kr8_r2100_2_arc_hw/visual
[0.252s] -- Up-to-date: /home/omar/code/robotics_project/ros2_ws/install/kuka_cybertech_support/share/kuka_cybertech_support/meshes/kr8_r2100_2_arc_hw/visual/link_5.dae
[0.252s] -- Up-to-date: /home/omar/code/robotics_project/ros2_ws/install/kuka_cybertech_support/share/kuka_cybertech_support/meshes/kr8_r2100_2_arc_hw/visual/link_1.dae
[0.252s] -- Up-to-date: /home/omar/code/robotics_project/ros2_ws/install/kuka_cybertech_support/share/kuka_cybertech_support/meshes/kr8_r2100_2_arc_hw/visual/link_4.dae
[0.252s] -- Up-to-date: /home/omar/code/robotics_project/ros2_ws/install/kuka_cybertech_support/share/kuka_cybertech_support/meshes/kr8_r2100_2_arc_hw/visual/base_link.dae
[0.252s] -- Up-to-date: /home/omar/code/robotics_project/ros2_ws/install/kuka_cybertech_support/share/kuka_cybertech_support/meshes/kr8_r2100_2_arc_hw/visual/link_3.dae
[0.252s] -- Up-to-date: /home/omar/code/robotics_project/ros2_ws/install/kuka_cybertech_support/share/kuka_cybertech_support/meshes/kr8_r2100_2_arc_hw/visual/link_2.dae
[0.252s] -- Up-to-date: /home/omar/code/robotics_project/ros2_ws/install/kuka_cybertech_support/share/kuka_cybertech_support/meshes/kr8_r2100_2_arc_hw/visual/link_6.dae
[0.252s] -- Up-to-date: /home/omar/code/robotics_project/ros2_ws/install/kuka_cybertech_support/share/kuka_cybertech_support/meshes/kr8_r2100_2_arc_hw/collision
[0.252s] -- Up-to-date: /home/omar/code/robotics_project/ros2_ws/install/kuka_cybertech_support/share/kuka_cybertech_support/meshes/kr8_r2100_2_arc_hw/collision/link_5.stl
[0.252s] -- Up-to-date: /home/omar/code/robotics_project/ros2_ws/install/kuka_cybertech_support/share/kuka_cybertech_support/meshes/kr8_r2100_2_arc_hw/collision/link_4.stl
[0.252s] -- Up-to-date: /home/omar/code/robotics_project/ros2_ws/install/kuka_cybertech_support/share/kuka_cybertech_support/meshes/kr8_r2100_2_arc_hw/collision/link_2.stl
[0.252s] -- Up-to-date: /home/omar/code/robotics_project/ros2_ws/install/kuka_cybertech_support/share/kuka_cybertech_support/meshes/kr8_r2100_2_arc_hw/collision/base_link.stl
[0.252s] -- Up-to-date: /home/omar/code/robotics_project/ros2_ws/install/kuka_cybertech_support/share/kuka_cybertech_support/meshes/kr8_r2100_2_arc_hw/collision/link_6.stl
[0.252s] -- Up-to-date: /home/omar/code/robotics_project/ros2_ws/install/kuka_cybertech_support/share/kuka_cybertech_support/meshes/kr8_r2100_2_arc_hw/collision/link_3.stl
[0.253s] -- Up-to-date: /home/omar/code/robotics_project/ros2_ws/install/kuka_cybertech_support/share/kuka_cybertech_support/meshes/kr8_r2100_2_arc_hw/collision/link_1.stl
[0.253s] -- Up-to-date: /home/omar/code/robotics_project/ros2_ws/install/kuka_cybertech_support/share/kuka_cybertech_support/meshes/kr8_r1440_2_arc_hw
[0.253s] -- Up-to-date: /home/omar/code/robotics_project/ros2_ws/install/kuka_cybertech_support/share/kuka_cybertech_support/meshes/kr8_r1440_2_arc_hw/visual
[0.253s] -- Up-to-date: /home/omar/code/robotics_project/ros2_ws/install/kuka_cybertech_support/share/kuka_cybertech_support/meshes/kr8_r1440_2_arc_hw/visual/link_5.dae
[0.253s] -- Up-to-date: /home/omar/code/robotics_project/ros2_ws/install/kuka_cybertech_support/share/kuka_cybertech_support/meshes/kr8_r1440_2_arc_hw/visual/link_1.dae
[0.253s] -- Up-to-date: /home/omar/code/robotics_project/ros2_ws/install/kuka_cybertech_support/share/kuka_cybertech_support/meshes/kr8_r1440_2_arc_hw/visual/link_4.dae
[0.253s] -- Up-to-date: /home/omar/code/robotics_project/ros2_ws/install/kuka_cybertech_support/share/kuka_cybertech_support/meshes/kr8_r1440_2_arc_hw/visual/base_link.dae
[0.253s] -- Up-to-date: /home/omar/code/robotics_project/ros2_ws/install/kuka_cybertech_support/share/kuka_cybertech_support/meshes/kr8_r1440_2_arc_hw/visual/link_3.dae
[0.253s] -- Up-to-date: /home/omar/code/robotics_project/ros2_ws/install/kuka_cybertech_support/share/kuka_cybertech_support/meshes/kr8_r1440_2_arc_hw/visual/link_2.dae
[0.253s] -- Up-to-date: /home/omar/code/robotics_project/ros2_ws/install/kuka_cybertech_support/share/kuka_cybertech_support/meshes/kr8_r1440_2_arc_hw/visual/link_6.dae
[0.253s] -- Up-to-date: /home/omar/code/robotics_project/ros2_ws/install/kuka_cybertech_support/share/kuka_cybertech_support/meshes/kr8_r1440_2_arc_hw/collision
[0.253s] -- Up-to-date: /home/omar/code/robotics_project/ros2_ws/install/kuka_cybertech_support/share/kuka_cybertech_support/meshes/kr8_r1440_2_arc_hw/collision/link_5.stl
[0.253s] -- Up-to-date: /home/omar/code/robotics_project/ros2_ws/install/kuka_cybertech_support/share/kuka_cybertech_support/meshes/kr8_r1440_2_arc_hw/collision/link_4.stl
[0.254s] -- Up-to-date: /home/omar/code/robotics_project/ros2_ws/install/kuka_cybertech_support/share/kuka_cybertech_support/meshes/kr8_r1440_2_arc_hw/collision/link_2.stl
[0.254s] -- Up-to-date: /home/omar/code/robotics_project/ros2_ws/install/kuka_cybertech_support/share/kuka_cybertech_support/meshes/kr8_r1440_2_arc_hw/collision/base_link.stl
[0.254s] -- Up-to-date: /home/omar/code/robotics_project/ros2_ws/install/kuka_cybertech_support/share/kuka_cybertech_support/meshes/kr8_r1440_2_arc_hw/collision/link_6.stl
[0.254s] -- Up-to-date: /home/omar/code/robotics_project/ros2_ws/install/kuka_cybertech_support/share/kuka_cybertech_support/meshes/kr8_r1440_2_arc_hw/collision/link_3.stl
[0.254s] -- Up-to-date: /home/omar/code/robotics_project/ros2_ws/install/kuka_cybertech_support/share/kuka_cybertech_support/meshes/kr8_r1440_2_arc_hw/collision/link_1.stl
[0.254s] -- Up-to-date: /home/omar/code/robotics_project/ros2_ws/install/kuka_cybertech_support/share/kuka_cybertech_support/meshes/kr12_r1450_3_hw
[0.254s] -- Up-to-date: /home/omar/code/robotics_project/ros2_ws/install/kuka_cybertech_support/share/kuka_cybertech_support/meshes/kr12_r1450_3_hw/visual
[0.254s] -- Up-to-date: /home/omar/code/robotics_project/ros2_ws/install/kuka_cybertech_support/share/kuka_cybertech_support/meshes/kr12_r1450_3_hw/visual/link_5.dae
[0.254s] -- Up-to-date: /home/omar/code/robotics_project/ros2_ws/install/kuka_cybertech_support/share/kuka_cybertech_support/meshes/kr12_r1450_3_hw/visual/link_1.dae
[0.254s] -- Up-to-date: /home/omar/code/robotics_project/ros2_ws/install/kuka_cybertech_support/share/kuka_cybertech_support/meshes/kr12_r1450_3_hw/visual/link_4.dae
[0.254s] -- Up-to-date: /home/omar/code/robotics_project/ros2_ws/install/kuka_cybertech_support/share/kuka_cybertech_support/meshes/kr12_r1450_3_hw/visual/base_link.dae
[0.254s] -- Up-to-date: /home/omar/code/robotics_project/ros2_ws/install/kuka_cybertech_support/share/kuka_cybertech_support/meshes/kr12_r1450_3_hw/visual/link_3.dae
[0.254s] -- Up-to-date: /home/omar/code/robotics_project/ros2_ws/install/kuka_cybertech_support/share/kuka_cybertech_support/meshes/kr12_r1450_3_hw/visual/link_2.dae
[0.255s] -- Up-to-date: /home/omar/code/robotics_project/ros2_ws/install/kuka_cybertech_support/share/kuka_cybertech_support/meshes/kr12_r1450_3_hw/visual/link_6.dae
[0.255s] -- Up-to-date: /home/omar/code/robotics_project/ros2_ws/install/kuka_cybertech_support/share/kuka_cybertech_support/meshes/kr12_r1450_3_hw/collision
[0.255s] -- Up-to-date: /home/omar/code/robotics_project/ros2_ws/install/kuka_cybertech_support/share/kuka_cybertech_support/meshes/kr12_r1450_3_hw/collision/link_5.stl
[0.255s] -- Up-to-date: /home/omar/code/robotics_project/ros2_ws/install/kuka_cybertech_support/share/kuka_cybertech_support/meshes/kr12_r1450_3_hw/collision/link_4.stl
[0.255s] -- Up-to-date: /home/omar/code/robotics_project/ros2_ws/install/kuka_cybertech_support/share/kuka_cybertech_support/meshes/kr12_r1450_3_hw/collision/link_2.stl
[0.255s] -- Up-to-date: /home/omar/code/robotics_project/ros2_ws/install/kuka_cybertech_support/share/kuka_cybertech_support/meshes/kr12_r1450_3_hw/collision/base_link.stl
[0.255s] -- Up-to-date: /home/omar/code/robotics_project/ros2_ws/install/kuka_cybertech_support/share/kuka_cybertech_support/meshes/kr12_r1450_3_hw/collision/link_6.stl
[0.255s] -- Up-to-date: /home/omar/code/robotics_project/ros2_ws/install/kuka_cybertech_support/share/kuka_cybertech_support/meshes/kr12_r1450_3_hw/collision/link_3.stl
[0.255s] -- Up-to-date: /home/omar/code/robotics_project/ros2_ws/install/kuka_cybertech_support/share/kuka_cybertech_support/meshes/kr12_r1450_3_hw/collision/link_1.stl
[0.255s] -- Up-to-date: /home/omar/code/robotics_project/ros2_ws/install/kuka_cybertech_support/share/kuka_cybertech_support/meshes/kr16_r1610_2
[0.255s] -- Up-to-date: /home/omar/code/robotics_project/ros2_ws/install/kuka_cybertech_support/share/kuka_cybertech_support/meshes/kr16_r1610_2/visual
[0.255s] -- Up-to-date: /home/omar/code/robotics_project/ros2_ws/install/kuka_cybertech_support/share/kuka_cybertech_support/meshes/kr16_r1610_2/visual/link_5.dae
[0.255s] -- Up-to-date: /home/omar/code/robotics_project/ros2_ws/install/kuka_cybertech_support/share/kuka_cybertech_support/meshes/kr16_r1610_2/visual/link_1.dae
[0.255s] -- Up-to-date: /home/omar/code/robotics_project/ros2_ws/install/kuka_cybertech_support/share/kuka_cybertech_support/meshes/kr16_r1610_2/visual/link_4.dae
[0.256s] -- Up-to-date: /home/omar/code/robotics_project/ros2_ws/install/kuka_cybertech_support/share/kuka_cybertech_support/meshes/kr16_r1610_2/visual/base_link.dae
[0.256s] -- Up-to-date: /home/omar/code/robotics_project/ros2_ws/install/kuka_cybertech_support/share/kuka_cybertech_support/meshes/kr16_r1610_2/visual/link_3.dae
[0.256s] -- Up-to-date: /home/omar/code/robotics_project/ros2_ws/install/kuka_cybertech_support/share/kuka_cybertech_support/meshes/kr16_r1610_2/visual/link_2.dae
[0.269s] -- Up-to-date: /home/omar/code/robotics_project/ros2_ws/install/kuka_cybertech_support/share/kuka_cybertech_support/meshes/kr16_r1610_2/visual/link_6.dae
[0.271s] -- Up-to-date: /home/omar/code/robotics_project/ros2_ws/install/kuka_cybertech_support/share/kuka_cybertech_support/meshes/kr16_r1610_2/collision
[0.271s] -- Up-to-date: /home/omar/code/robotics_project/ros2_ws/install/kuka_cybertech_support/share/kuka_cybertech_support/meshes/kr16_r1610_2/collision/link_5.stl
[0.271s] -- Up-to-date: /home/omar/code/robotics_project/ros2_ws/install/kuka_cybertech_support/share/kuka_cybertech_support/meshes/kr16_r1610_2/collision/link_4.stl
[0.271s] -- Up-to-date: /home/omar/code/robotics_project/ros2_ws/install/kuka_cybertech_support/share/kuka_cybertech_support/meshes/kr16_r1610_2/collision/link_2.stl
[0.271s] -- Up-to-date: /home/omar/code/robotics_project/ros2_ws/install/kuka_cybertech_support/share/kuka_cybertech_support/meshes/kr16_r1610_2/collision/base_link.stl
[0.271s] -- Up-to-date: /home/omar/code/robotics_project/ros2_ws/install/kuka_cybertech_support/share/kuka_cybertech_support/meshes/kr16_r1610_2/collision/link_6.stl
[0.271s] -- Up-to-date: /home/omar/code/robotics_project/ros2_ws/install/kuka_cybertech_support/share/kuka_cybertech_support/meshes/kr16_r1610_2/collision/link_3.stl
[0.271s] -- Up-to-date: /home/omar/code/robotics_project/ros2_ws/install/kuka_cybertech_support/share/kuka_cybertech_support/meshes/kr16_r1610_2/collision/link_1.stl
[0.271s] -- Up-to-date: /home/omar/code/robotics_project/ros2_ws/install/kuka_cybertech_support/share/kuka_cybertech_support/urdf
[0.271s] -- Up-to-date: /home/omar/code/robotics_project/ros2_ws/install/kuka_cybertech_support/share/kuka_cybertech_support/urdf/kr12_r1450_3_hw.urdf.xacro
[0.271s] -- Up-to-date: /home/omar/code/robotics_project/ros2_ws/install/kuka_cybertech_support/share/kuka_cybertech_support/urdf/kr8_r1440_2_arc_hw.urdf.xacro
[0.272s] -- Up-to-date: /home/omar/code/robotics_project/ros2_ws/install/kuka_cybertech_support/share/kuka_cybertech_support/urdf/kr_cybertech_ros2_control_macro.xacro
[0.272s] -- Up-to-date: /home/omar/code/robotics_project/ros2_ws/install/kuka_cybertech_support/share/kuka_cybertech_support/urdf/kr16_r1610_2_macro.xacro
[0.272s] -- Up-to-date: /home/omar/code/robotics_project/ros2_ws/install/kuka_cybertech_support/share/kuka_cybertech_support/urdf/kr8_r2100_2_arc_hw_macro.xacro
[0.272s] -- Up-to-date: /home/omar/code/robotics_project/ros2_ws/install/kuka_cybertech_support/share/kuka_cybertech_support/urdf/kr20_r1810_2.urdf.xacro
[0.272s] -- Up-to-date: /home/omar/code/robotics_project/ros2_ws/install/kuka_cybertech_support/share/kuka_cybertech_support/urdf/kr20_r1810_2_macro.xacro
[0.272s] -- Up-to-date: /home/omar/code/robotics_project/ros2_ws/install/kuka_cybertech_support/share/kuka_cybertech_support/urdf/kr16_r1610_2.urdf.xacro
[0.272s] -- Up-to-date: /home/omar/code/robotics_project/ros2_ws/install/kuka_cybertech_support/share/kuka_cybertech_support/urdf/kr8_r2100_2_arc_hw.urdf.xacro
[0.272s] -- Up-to-date: /home/omar/code/robotics_project/ros2_ws/install/kuka_cybertech_support/share/kuka_cybertech_support/urdf/kr12_r1450_3_hw_macro.xacro
[0.272s] -- Up-to-date: /home/omar/code/robotics_project/ros2_ws/install/kuka_cybertech_support/share/kuka_cybertech_support/urdf/kr8_r1440_2_arc_hw_macro.xacro
[0.272s] -- Up-to-date: /home/omar/code/robotics_project/ros2_ws/install/kuka_cybertech_support/share/kuka_cybertech_support/urdf/kr16_r2010_2_macro.xacro
[0.272s] -- Up-to-date: /home/omar/code/robotics_project/ros2_ws/install/kuka_cybertech_support/share/kuka_cybertech_support/urdf/kr16_r2010_2.urdf.xacro
[0.272s] -- Up-to-date: /home/omar/code/robotics_project/ros2_ws/install/kuka_cybertech_support/share/kuka_cybertech_support/environment/kuka_cybertech_support.dsv
[0.272s] -- Up-to-date: /home/omar/code/robotics_project/ros2_ws/install/kuka_cybertech_support/share/ament_index/resource_index/package_run_dependencies/kuka_cybertech_support
[0.272s] -- Up-to-date: /home/omar/code/robotics_project/ros2_ws/install/kuka_cybertech_support/share/ament_index/resource_index/parent_prefix_path/kuka_cybertech_support
[0.273s] -- Up-to-date: /home/omar/code/robotics_project/ros2_ws/install/kuka_cybertech_support/share/kuka_cybertech_support/environment/ament_prefix_path.sh
[0.273s] -- Up-to-date: /home/omar/code/robotics_project/ros2_ws/install/kuka_cybertech_support/share/kuka_cybertech_support/environment/ament_prefix_path.dsv
[0.273s] -- Up-to-date: /home/omar/code/robotics_project/ros2_ws/install/kuka_cybertech_support/share/kuka_cybertech_support/environment/path.sh
[0.273s] -- Up-to-date: /home/omar/code/robotics_project/ros2_ws/install/kuka_cybertech_support/share/kuka_cybertech_support/environment/path.dsv
[0.273s] -- Up-to-date: /home/omar/code/robotics_project/ros2_ws/install/kuka_cybertech_support/share/kuka_cybertech_support/local_setup.bash
[0.273s] -- Up-to-date: /home/omar/code/robotics_project/ros2_ws/install/kuka_cybertech_support/share/kuka_cybertech_support/local_setup.sh
[0.273s] -- Up-to-date: /home/omar/code/robotics_project/ros2_ws/install/kuka_cybertech_support/share/kuka_cybertech_support/local_setup.zsh
[0.273s] -- Up-to-date: /home/omar/code/robotics_project/ros2_ws/install/kuka_cybertech_support/share/kuka_cybertech_support/local_setup.dsv
[0.273s] -- Installing: /home/omar/code/robotics_project/ros2_ws/install/kuka_cybertech_support/share/kuka_cybertech_support/package.dsv
[0.273s] -- Up-to-date: /home/omar/code/robotics_project/ros2_ws/install/kuka_cybertech_support/share/ament_index/resource_index/packages/kuka_cybertech_support
[0.274s] -- Up-to-date: /home/omar/code/robotics_project/ros2_ws/install/kuka_cybertech_support/share/kuka_cybertech_support/cmake/kuka_cybertech_supportConfig.cmake
[0.274s] -- Up-to-date: /home/omar/code/robotics_project/ros2_ws/install/kuka_cybertech_support/share/kuka_cybertech_support/cmake/kuka_cybertech_supportConfig-version.cmake
[0.274s] -- Up-to-date: /home/omar/code/robotics_project/ros2_ws/install/kuka_cybertech_support/share/kuka_cybertech_support/package.xml
[0.284s] Invoked command in '/home/omar/code/robotics_project/ros2_ws/build/kuka_cybertech_support' returned '0': CMAKE_PREFIX_PATH=/home/omar/code/robotics_project/ros2_ws/install/kuka_resources:/home/omar/code/robotics_project/ros2_ws/install/kuka_robot_descriptions:/home/omar/code/robotics_project/ros2_ws/install/kuka_quantec_support:/home/omar/code/robotics_project/ros2_ws/install/kuka_lbr_iiwa_support:/home/omar/code/robotics_project/ros2_ws/install/kuka_lbr_iiwa_moveit_config:/home/omar/code/robotics_project/ros2_ws/install/kuka_lbr_iisy_support:/home/omar/code/robotics_project/ros2_ws/install/kuka_lbr_iisy_moveit_config:/home/omar/code/robotics_project/ros2_ws/install/kuka_kr_moveit_config:/home/omar/code/robotics_project/ros2_ws/install/kuka_iontec_support:/home/omar/code/robotics_project/ros2_ws/install/kuka_fortec_support:/home/omar/code/robotics_project/ros2_ws/install/kuka_cybertech_support:/home/omar/code/robotics_project/ros2_ws/install/kuka_agilus_support:/home/omar/code/robotics_project/ros2_ws/install/kuka_mock_hardware_interface:/home/omar/code/robotics_project/ros2_ws/install/kuka_kl_support:/home/omar/code/robotics_project/ros2_ws/install/kuka_gazebo:/opt/ros/jazzy/opt/gz_sim_vendor:/opt/ros/jazzy/opt/gz_sensors_vendor:/opt/ros/jazzy/opt/gz_physics_vendor:/opt/ros/jazzy/opt/sdformat_vendor:/opt/ros/jazzy/opt/gz_gui_vendor:/opt/ros/jazzy/opt/gz_transport_vendor:/opt/ros/jazzy/opt/gz_rendering_vendor:/opt/ros/jazzy/opt/gz_plugin_vendor:/opt/ros/jazzy/opt/gz_fuel_tools_vendor:/opt/ros/jazzy/opt/gz_msgs_vendor:/opt/ros/jazzy/opt/gz_common_vendor:/opt/ros/jazzy/opt/gz_math_vendor:/opt/ros/jazzy/opt/gz_utils_vendor:/opt/ros/jazzy/opt/gz_tools_vendor:/opt/ros/jazzy/opt/gz_ogre_next_vendor:/opt/ros/jazzy/opt/gz_dartsim_vendor:/opt/ros/jazzy/opt/gz_cmake_vendor:/home/omar/code/robotics_project/ros2_ws/install/thesis_bringup:/home/omar/code/robotics_project/ros2_ws/install/safety_layer:/home/omar/code/robotics_project/ros2_ws/install/robot_simulation:/home/omar/code/robotics_project/ros2_ws/install/robot_description:/home/omar/code/robotics_project/ros2_ws/install/perception_pipeline:/home/omar/code/robotics_project/ros2_ws/install/peg_in_hole_description:/home/omar/code/robotics_project/ros2_ws/install/learning_interface:/home/omar/code/robotics_project/ros2_ws/install/kuka_task_control:/home/omar/code/robotics_project/ros2_ws/install/kuka_description:/home/omar/code/robotics_project/ros2_ws/install/first_robot_demo:/home/omar/code/robotics_project/ros2_ws/install/experiment_manager:/opt/ros/jazzy /usr/bin/cmake --install /home/omar/code/robotics_project/ros2_ws/build/kuka_cybertech_support
